[INFO] [2020-10-29 08:05:25,758] [2015:140144857028416] - task_executor.py[line:121]: run 202010290805128735466 hetero_feature_selection_0 202010290805128735466_hetero_feature_selection_0 guest 9999 task
[INFO] [2020-10-29 08:05:25,758] [2015:140144857028416] - task_executor.py[line:122]: {'FeatureSelectionParam': {'select_col_indexes': -1, 'select_names': [], 'filter_methods': ['unique_value'], 'unique_param': {'eps': 1e-05}, 'iv_value_param': {'value_threshold': 0.0, 'host_thresholds': None, 'local_only': False}, 'iv_percentile_param': {'percentile_threshold': 1.0, 'local_only': False}, 'iv_top_k_param': {'k': 10, 'local_only': False}, 'variance_coe_param': {'value_threshold': 1.0}, 'outlier_param': {'percentile': 1.0, 'upper_threshold': 1.0}, 'manually_param': {'filter_out_indexes': None, 'filter_out_names': None, 'left_col_indexes': None, 'left_col_names': None}, 'percentage_value_param': {'upper_pct': 1.0}, 'need_run': True}, 'initiator': {'role': 'guest', 'party_id': 9999}, 'job_parameters': {'work_mode': 0, 'processors_per_node': 1, 'align_task_input_data_partition': True, 'model_id': 'arbiter-10000#guest-9999#host-10000#model', 'model_version': '202010290805128735466'}, 'role': {'guest': [9999], 'host': [10000], 'arbiter': [10000]}, 'local': {'role': 'guest', 'party_id': 9999}, 'CodePath': 'federatedml/feature/hetero_feature_selection/feature_selection_guest.py/HeteroFeatureSelectionGuest', 'module': 'HeteroFeatureSelection'}
[INFO] [2020-10-29 08:05:25,759] [2015:140144857028416] - task_executor.py[line:123]: {'data': {'data': ['hetero_feature_binning_0.train']}, 'isometric_model': ['hetero_feature_binning_0.hetero_feature_binning']}
[DEBUG] [2020-10-29 08:05:25,760] [2015:140144857028416] - profile_util.py[line:34]: tracking_manager.py:232 call table, takes 0.0010385513305664062s
[DEBUG] [2020-10-29 08:05:25,761] [2015:140144857028416] - profile_util.py[line:34]: tracking_manager.py:236 call table, takes 0.0006985664367675781s
[DEBUG] [2020-10-29 08:05:25,762] [2015:140144857028416] - profile_util.py[line:34]: session.py:178 call collect, takes 0.0008904933929443359s
[INFO] [2020-10-29 08:05:25,763] [2015:140144857028416] - task_executor.py[line:202]: start save as task 202010290805128735466_hetero_feature_selection_0 input data table output_data_202010290805128735466_hetero_feature_binning_0 7f3b6daa-19bd-11eb-bb6f-0242ac120002
[DEBUG] [2020-10-29 08:05:25,763] [2015:140144857028416] - profile_util.py[line:34]: session.py:178 call collect, takes 0.00043392181396484375s
[DEBUG] [2020-10-29 08:05:25,794] [2015:140144857028416] - profile_util.py[line:34]: task_executor.py:212 call save_as, takes 0.029954910278320312s
[INFO] [2020-10-29 08:05:25,797] [2015:140144857028416] - task_executor.py[line:218]: save as task 202010290805128735466_hetero_feature_selection_0 input data table to 202010290805128735466_hetero_feature_selection_0_guest_9999 7f3b6daa-19bd-11eb-bb6f-0242ac120002 done
[INFO] [2020-10-29 08:05:25,809] [2015:140144857028416] - pipelined_model.py[line:177]: parse FeatureBinningMeta proto object normal
[INFO] [2020-10-29 08:05:25,810] [2015:140144857028416] - pipelined_model.py[line:177]: parse FeatureBinningParam proto object normal
[DEBUG] [2020-10-29 08:05:29,424] [2015:140144857028416] - base_transfer_variable.py[line:63]: create variable with name=HeteroFeatureSelectionTransferVariable.host_select_cols, src=('host',), dst=('guest',)
[DEBUG] [2020-10-29 08:05:29,424] [2015:140144857028416] - base_transfer_variable.py[line:63]: create variable with name=HeteroFeatureSelectionTransferVariable.result_left_cols, src=('guest',), dst=('host',)
[DEBUG] [2020-10-29 08:05:29,425] [2015:140144857028416] - component_properties.py[line:67]: {'FeatureSelectionParam': {'select_col_indexes': -1, 'select_names': [], 'filter_methods': ['unique_value'], 'unique_param': {'eps': 1e-05}, 'iv_value_param': {'value_threshold': 0.0, 'host_thresholds': None, 'local_only': False}, 'iv_percentile_param': {'percentile_threshold': 1.0, 'local_only': False}, 'iv_top_k_param': {'k': 10, 'local_only': False}, 'variance_coe_param': {'value_threshold': 1.0}, 'outlier_param': {'percentile': 1.0, 'upper_threshold': 1.0}, 'manually_param': {'filter_out_indexes': None, 'filter_out_names': None, 'left_col_indexes': None, 'left_col_names': None}, 'percentage_value_param': {'upper_pct': 1.0}, 'need_run': True}, 'initiator': {'role': 'guest', 'party_id': 9999}, 'job_parameters': {'work_mode': 0, 'processors_per_node': 1, 'align_task_input_data_partition': True, 'model_id': 'arbiter-10000#guest-9999#host-10000#model', 'model_version': '202010290805128735466'}, 'role': {'guest': [9999], 'host': [10000], 'arbiter': [10000]}, 'local': {'role': 'guest', 'party_id': 9999}, 'CodePath': 'federatedml/feature/hetero_feature_selection/feature_selection_guest.py/HeteroFeatureSelectionGuest', 'module': 'HeteroFeatureSelection'}
[DEBUG] [2020-10-29 08:05:29,425] [2015:140144857028416] - component_properties.py[line:74]: need_run: True, need_cv: False
[DEBUG] [2020-10-29 08:05:29,425] [2015:140144857028416] - component_properties.py[line:118]: has_train_data: False, has_eval_data: False, has_normal_data: True
[DEBUG] [2020-10-29 08:05:29,426] [2015:140144857028416] - profile_util.py[line:34]: component_properties.py:155 call count, takes 0.0007112026214599609s
[DEBUG] [2020-10-29 08:05:29,428] [2015:140144857028416] - base_feature_selection.py[line:180]: Has isometric_model, model_dict: {'data': {'hetero_feature_binning_0': {'data': <arch.api.impl.based_1x.table.DTable object at 0x7f70ea458160>}}, 'isometric_model': {'hetero_feature_binning_0': {'FeatureBinningMeta': need_run: true
compress_thres: 10000
head_size: 10000
error: 0.001
bin_num: 10
cols: "x0"
cols: "x1"
cols: "x2"
cols: "x3"
cols: "x4"
cols: "x5"
cols: "x6"
cols: "x7"
cols: "x8"
cols: "x9"
adjustment_factor: 0.5
transform_param {
  transform_cols: 0
  transform_cols: 1
  transform_cols: 2
  transform_cols: 3
  transform_cols: 4
  transform_cols: 5
  transform_cols: 6
  transform_cols: 7
  transform_cols: 8
  transform_cols: 9
  transform_type: "bin_num"
}
method: "quantile"
, 'FeatureBinningParam': binning_result {
  binning_result {
    key: "x0"
    value {
      woe_array: 4.223782621255624
      woe_array: 4.223782621255624
      woe_array: 2.793036497564899
      woe_array: 2.793036497564899
      woe_array: 2.8110550030675774
      woe_array: 0.4198338373568999
      woe_array: -0.3060381274906811
      woe_array: -2.8629553132549534
      woe_array: -5.266081635470877
      woe_array: -5.248537325819967
      iv_array: 0.6703393710059184
      iv_array: 0.6703393710059184
      iv_array: 0.40395033960077936
      iv_array: 0.40395033960077936
      iv_array: 0.414430417581365
      iv_array: 0.01653063838226787
      iv_array: 0.009514662464795369
      iv_array: 0.6621369087682298
      iv_array: 1.4209249791074536
      iv_array: 1.391433819220902
      event_count_array: 57
      event_count_array: 57
      event_count_array: 55
      event_count_array: 55
      event_count_array: 56
      event_count_array: 41
      event_count_array: 31
      event_count_array: 5
      event_count_array: 0
      event_count_array: 0
      non_event_count_array: 0
      non_event_count_array: 0
      non_event_count_array: 2
      non_event_count_array: 2
      non_event_count_array: 2
      non_event_count_array: 16
      non_event_count_array: 25
      non_event_count_array: 52
      non_event_count_array: 57
      non_event_count_array: 56
      event_rate_array: 0.16106442577030813
      event_rate_array: 0.16106442577030813
      event_rate_array: 0.15406162464985995
      event_rate_array: 0.15406162464985995
      event_rate_array: 0.1568627450980392
      event_rate_array: 0.11484593837535013
      event_rate_array: 0.08683473389355742
      event_rate_array: 0.014005602240896359
      event_rate_array: 0.0014005602240896359
      event_rate_array: 0.0014005602240896359
      non_event_rate_array: 0.0023584905660377358
      non_event_rate_array: 0.0023584905660377358
      non_event_rate_array: 0.009433962264150943
      non_event_rate_array: 0.009433962264150943
      non_event_rate_array: 0.009433962264150943
      non_event_rate_array: 0.07547169811320754
      non_event_rate_array: 0.1179245283018868
      non_event_rate_array: 0.24528301886792453
      non_event_rate_array: 0.27122641509433965
      non_event_rate_array: 0.2665094339622642
      split_points: -1.04767
      split_points: -0.784675
      split_points: -0.612797
      split_points: -0.46991
      split_points: -0.26904
      split_points: -0.053674
      split_points: 0.2321
      split_points: 0.840923
      split_points: 1.53672
      split_points: 4.094189
      iv: 6.0635508467384085
      bin_nums: 10
      bin_anonymous: "bin_0"
      bin_anonymous: "bin_1"
      bin_anonymous: "bin_2"
      bin_anonymous: "bin_3"
      bin_anonymous: "bin_4"
      bin_anonymous: "bin_5"
      bin_anonymous: "bin_6"
      bin_anonymous: "bin_7"
      bin_anonymous: "bin_8"
      bin_anonymous: "bin_9"
    }
  }
  binning_result {
    key: "x1"
    value {
      woe_array: 2.369222250788538
      woe_array: 1.8206562990397004
      woe_array: 1.444963349265206
      woe_array: 0.9095966165830978
      woe_array: -0.13028319842061503
      woe_array: -0.13028319842061503
      woe_array: -0.626510022765453
      woe_array: -0.9854551152387244
      woe_array: -1.13633514619786
      woe_array: -1.2683639089378476
      iv_array: 0.32484302225612627
      iv_array: 0.22225362754119488
      iv_array: 0.1546647652396469
      iv_array: 0.07000687452561365
      iv_array: 0.0017265742827529856
      iv_array: 0.0017265742827529856
      iv_array: 0.041273967727770054
      iv_array: 0.10196473504881415
      iv_array: 0.13466241116020036
      iv_array: 0.16339712636943093
      event_count_array: 54
      event_count_array: 52
      event_count_array: 50
      event_count_array: 46
      event_count_array: 34
      event_count_array: 34
      event_count_array: 27
      event_count_array: 22
      event_count_array: 20
      event_count_array: 18
      non_event_count_array: 3
      non_event_count_array: 5
      non_event_count_array: 7
      non_event_count_array: 11
      non_event_count_array: 23
      non_event_count_array: 23
      non_event_count_array: 30
      non_event_count_array: 35
      non_event_count_array: 37
      non_event_count_array: 38
      event_rate_array: 0.15126050420168066
      event_rate_array: 0.14565826330532214
      event_rate_array: 0.1400560224089636
      event_rate_array: 0.12885154061624648
      event_rate_array: 0.09523809523809523
      event_rate_array: 0.09523809523809523
      event_rate_array: 0.07563025210084033
      event_rate_array: 0.06162464985994398
      event_rate_array: 0.056022408963585436
      event_rate_array: 0.05042016806722689
      non_event_rate_array: 0.014150943396226415
      non_event_rate_array: 0.02358490566037736
      non_event_rate_array: 0.0330188679245283
      non_event_rate_array: 0.05188679245283019
      non_event_rate_array: 0.10849056603773585
      non_event_rate_array: 0.10849056603773585
      non_event_rate_array: 0.14150943396226415
      non_event_rate_array: 0.1650943396226415
      non_event_rate_array: 0.17452830188679244
      non_event_rate_array: 0.1792452830188679
      split_points: -1.289271
      split_points: -0.901702
      split_points: -0.60207
      split_points: -0.34152
      split_points: -0.043516
      split_points: 0.176323
      split_points: 0.453158
      split_points: 0.853754
      split_points: 1.314602
      split_points: 3.885905
      iv: 1.216519678434303
      is_woe_monotonic: true
      bin_nums: 10
      bin_anonymous: "bin_0"
      bin_anonymous: "bin_1"
      bin_anonymous: "bin_2"
      bin_anonymous: "bin_3"
      bin_anonymous: "bin_4"
      bin_anonymous: "bin_5"
      bin_anonymous: "bin_6"
      bin_anonymous: "bin_7"
      bin_anonymous: "bin_8"
      bin_anonymous: "bin_9"
    }
  }
  binning_result {
    key: "x2"
    value {
      woe_array: 4.223782621255624
      woe_array: 4.223782621255624
      woe_array: 3.504202183627523
      woe_array: 3.504202183627523
      woe_array: 1.8206562990397004
      woe_array: 1.0264130016083863
      woe_array: -0.4860581872963565
      woe_array: -3.4115212650037914
      woe_array: -5.266081635470877
      woe_array: -5.248537325819967
      iv_array: 0.6703393710059184
      iv_array: 0.6703393710059184
      iv_array: 0.5331495183192079
      iv_array: 0.5331495183192079
      iv_array: 0.22225362754119488
      iv_array: 0.0867142953898317
      iv_array: 0.02471264606411368
      iv_array: 0.8403041517652434
      iv_array: 1.4209249791074536
      iv_array: 1.391433819220902
      event_count_array: 57
      event_count_array: 57
      event_count_array: 56
      event_count_array: 56
      event_count_array: 52
      event_count_array: 47
      event_count_array: 29
      event_count_array: 3
      event_count_array: 0
      event_count_array: 0
      non_event_count_array: 0
      non_event_count_array: 0
      non_event_count_array: 1
      non_event_count_array: 1
      non_event_count_array: 5
      non_event_count_array: 10
      non_event_count_array: 28
      non_event_count_array: 54
      non_event_count_array: 57
      non_event_count_array: 56
      event_rate_array: 0.16106442577030813
      event_rate_array: 0.16106442577030813
      event_rate_array: 0.1568627450980392
      event_rate_array: 0.1568627450980392
      event_rate_array: 0.14565826330532214
      event_rate_array: 0.13165266106442577
      event_rate_array: 0.08123249299719888
      event_rate_array: 0.008403361344537815
      event_rate_array: 0.0014005602240896359
      event_rate_array: 0.0014005602240896359
      non_event_rate_array: 0.0023584905660377358
      non_event_rate_array: 0.0023584905660377358
      non_event_rate_array: 0.0047169811320754715
      non_event_rate_array: 0.0047169811320754715
      non_event_rate_array: 0.02358490566037736
      non_event_rate_array: 0.04716981132075472
      non_event_rate_array: 0.1320754716981132
      non_event_rate_array: 0.25471698113207547
      non_event_rate_array: 0.27122641509433965
      non_event_rate_array: 0.2665094339622642
      split_points: -1.049987
      split_points: -0.770596
      split_points: -0.625539
      split_points: -0.475716
      split_points: -0.28598
      split_points: -0.043523
      split_points: 0.257314
      split_points: 0.781544
      split_points: 1.520233
      split_points: 4.287337
      iv: 6.393321297738993
      bin_nums: 10
      bin_anonymous: "bin_0"
      bin_anonymous: "bin_1"
      bin_anonymous: "bin_2"
      bin_anonymous: "bin_3"
      bin_anonymous: "bin_4"
      bin_anonymous: "bin_5"
      bin_anonymous: "bin_6"
      bin_anonymous: "bin_7"
      bin_anonymous: "bin_8"
      bin_anonymous: "bin_9"
    }
  }
  binning_result {
    key: "x3"
    value {
      woe_array: 4.223782621255624
      woe_array: 4.223782621255624
      woe_array: 2.793036497564899
      woe_array: 2.369222250788538
      woe_array: 3.504202183627523
      woe_array: 0.6009932789706772
      woe_array: -0.41578899144980025
      woe_array: -2.8629553132549534
      woe_array: -5.266081635470877
      woe_array: -5.248537325819967
      iv_array: 0.6703393710059184
      iv_array: 0.6703393710059184
      iv_array: 0.40395033960077936
      iv_array: 0.32484302225612627
      iv_array: 0.5331495183192079
      iv_array: 0.032700310802828196
      iv_array: 0.018014006962685573
      iv_array: 0.6621369087682298
      iv_array: 1.4209249791074536
      iv_array: 1.391433819220902
      event_count_array: 57
      event_count_array: 57
      event_count_array: 55
      event_count_array: 54
      event_count_array: 56
      event_count_array: 43
      event_count_array: 30
      event_count_array: 5
      event_count_array: 0
      event_count_array: 0
      non_event_count_array: 0
      non_event_count_array: 0
      non_event_count_array: 2
      non_event_count_array: 3
      non_event_count_array: 1
      non_event_count_array: 14
      non_event_count_array: 27
      non_event_count_array: 52
      non_event_count_array: 57
      non_event_count_array: 56
      event_rate_array: 0.16106442577030813
      event_rate_array: 0.16106442577030813
      event_rate_array: 0.15406162464985995
      event_rate_array: 0.15126050420168066
      event_rate_array: 0.1568627450980392
      event_rate_array: 0.12044817927170869
      event_rate_array: 0.08403361344537816
      event_rate_array: 0.014005602240896359
      event_rate_array: 0.0014005602240896359
      event_rate_array: 0.0014005602240896359
      non_event_rate_array: 0.0023584905660377358
      non_event_rate_array: 0.0023584905660377358
      non_event_rate_array: 0.009433962264150943
      non_event_rate_array: 0.014150943396226415
      non_event_rate_array: 0.0047169811320754715
      non_event_rate_array: 0.0660377358490566
      non_event_rate_array: 0.12735849056603774
      non_event_rate_array: 0.24528301886792453
      non_event_rate_array: 0.27122641509433965
      non_event_rate_array: 0.2665094339622642
      split_points: -0.87295
      split_points: -0.711573
      split_points: -0.591508
      split_points: -0.49412
      split_points: -0.341181
      split_points: -0.173125
      split_points: 0.083706
      split_points: 0.682803
      split_points: 1.407063
      split_points: 5.930172
      iv: 6.12783164705005
      bin_nums: 10
      bin_anonymous: "bin_0"
      bin_anonymous: "bin_1"
      bin_anonymous: "bin_2"
      bin_anonymous: "bin_3"
      bin_anonymous: "bin_4"
      bin_anonymous: "bin_5"
      bin_anonymous: "bin_6"
      bin_anonymous: "bin_7"
      bin_anonymous: "bin_8"
      bin_anonymous: "bin_9"
    }
  }
  binning_result {
    key: "x4"
    value {
      woe_array: 2.0628480453246048
      woe_array: 1.291229249323164
      woe_array: 0.5084699100735317
      woe_array: 0.3345166029500936
      woe_array: 0.8006063328746928
      woe_array: 0.2773581891101451
      woe_array: -0.626510022765453
      woe_array: -0.5926084710897717
      woe_array: -1.13633514619786
      woe_array: -1.6197617957757364
      iv_array: 0.26732748835346604
      iv_array: 0.1285019119748173
      iv_array: 0.02384334483974108
      iv_array: 0.010656407294972199
      iv_array: 0.055599425051389796
      iv_array: 0.007527267591990886
      iv_array: 0.041273967727770054
      iv_array: 0.03624523826270484
      iv_array: 0.13466241116020036
      iv_array: 0.25737613440091706
      event_count_array: 53
      event_count_array: 49
      event_count_array: 42
      event_count_array: 40
      event_count_array: 45
      event_count_array: 40
      event_count_array: 27
      event_count_array: 27
      event_count_array: 20
      event_count_array: 14
      non_event_count_array: 4
      non_event_count_array: 8
      non_event_count_array: 15
      non_event_count_array: 17
      non_event_count_array: 12
      non_event_count_array: 18
      non_event_count_array: 30
      non_event_count_array: 29
      non_event_count_array: 37
      non_event_count_array: 42
      event_rate_array: 0.1484593837535014
      event_rate_array: 0.13725490196078433
      event_rate_array: 0.11764705882352941
      event_rate_array: 0.11204481792717087
      event_rate_array: 0.12605042016806722
      event_rate_array: 0.11204481792717087
      event_rate_array: 0.07563025210084033
      event_rate_array: 0.07563025210084033
      event_rate_array: 0.056022408963585436
      event_rate_array: 0.0392156862745098
      non_event_rate_array: 0.018867924528301886
      non_event_rate_array: 0.03773584905660377
      non_event_rate_array: 0.07075471698113207
      non_event_rate_array: 0.08018867924528301
      non_event_rate_array: 0.05660377358490566
      non_event_rate_array: 0.08490566037735849
      non_event_rate_array: 0.14150943396226415
      non_event_rate_array: 0.13679245283018868
      non_event_rate_array: 0.17452830188679244
      non_event_rate_array: 0.19811320754716982
      split_points: -1.296166
      split_points: -0.875341
      split_points: -0.511503
      split_points: -0.266022
      split_points: -0.046843
      split_points: 0.233707
      split_points: 0.448503
      split_points: 0.781656
      split_points: 1.307686
      split_points: 3.955374
      iv: 0.9630135966579698
      bin_nums: 10
      bin_anonymous: "bin_0"
      bin_anonymous: "bin_1"
      bin_anonymous: "bin_2"
      bin_anonymous: "bin_3"
      bin_anonymous: "bin_4"
      bin_anonymous: "bin_5"
      bin_anonymous: "bin_6"
      bin_anonymous: "bin_7"
      bin_anonymous: "bin_8"
      bin_anonymous: "bin_9"
    }
  }
  binning_result {
    key: "x5"
    value {
      woe_array: 2.793036497564899
      woe_array: 2.369222250788538
      woe_array: 1.291229249323164
      woe_array: 1.8206562990397004
      woe_array: 0.09403613198260691
      woe_array: 0.4198338373568999
      woe_array: -0.20269577598909203
      woe_array: -0.9854551152387244
      woe_array: -2.0897654250214717
      woe_array: -3.066680778712062
      iv_array: 0.40395033960077936
      iv_array: 0.32484302225612627
      iv_array: 0.1285019119748173
      iv_array: 0.22225362754119488
      iv_array: 0.0008747084841677932
      iv_array: 0.01653063838226787
      iv_array: 0.00421010728628049
      iv_array: 0.10196473504881415
      iv_array: 0.4146175892146612
      iv_array: 0.7033786749862941
      event_count_array: 55
      event_count_array: 54
      event_count_array: 49
      event_count_array: 52
      event_count_array: 37
      event_count_array: 41
      event_count_array: 33
      event_count_array: 22
      event_count_array: 10
      event_count_array: 4
      non_event_count_array: 2
      non_event_count_array: 3
      non_event_count_array: 8
      non_event_count_array: 5
      non_event_count_array: 20
      non_event_count_array: 16
      non_event_count_array: 24
      non_event_count_array: 35
      non_event_count_array: 48
      non_event_count_array: 51
      event_rate_array: 0.15406162464985995
      event_rate_array: 0.15126050420168066
      event_rate_array: 0.13725490196078433
      event_rate_array: 0.14565826330532214
      event_rate_array: 0.10364145658263306
      event_rate_array: 0.11484593837535013
      event_rate_array: 0.09243697478991597
      event_rate_array: 0.06162464985994398
      event_rate_array: 0.028011204481792718
      event_rate_array: 0.011204481792717087
      non_event_rate_array: 0.009433962264150943
      non_event_rate_array: 0.014150943396226415
      non_event_rate_array: 0.03773584905660377
      non_event_rate_array: 0.02358490566037736
      non_event_rate_array: 0.09433962264150944
      non_event_rate_array: 0.07547169811320754
      non_event_rate_array: 0.11320754716981132
      non_event_rate_array: 0.1650943396226415
      non_event_rate_array: 0.22641509433962265
      non_event_rate_array: 0.24056603773584906
      split_points: -1.022181
      split_points: -0.818489
      split_points: -0.593296
      split_points: -0.443803
      split_points: -0.269501
      split_points: -0.01759
      split_points: 0.320201
      split_points: 0.724786
      split_points: 1.232425
      split_points: 5.112877
      iv: 2.3211253547754036
      bin_nums: 10
      bin_anonymous: "bin_0"
      bin_anonymous: "bin_1"
      bin_anonymous: "bin_2"
      bin_anonymous: "bin_3"
      bin_anonymous: "bin_4"
      bin_anonymous: "bin_5"
      bin_anonymous: "bin_6"
      bin_anonymous: "bin_7"
      bin_anonymous: "bin_8"
      bin_anonymous: "bin_9"
    }
  }
  binning_result {
    key: "x6"
    value {
      woe_array: 3.504202183627523
      woe_array: 3.504202183627523
      woe_array: 3.504202183627523
      woe_array: 2.793036497564899
      woe_array: 1.291229249323164
      woe_array: -0.27428942917610083
      woe_array: -0.4860581872963565
      woe_array: -2.0687120158236394
      woe_array: -2.4872623634804594
      woe_array: -2.46705965616294
      iv_array: 0.5331495183192079
      iv_array: 0.5331495183192079
      iv_array: 0.5331495183192079
      iv_array: 0.40395033960077936
      iv_array: 0.1285019119748173
      iv_array: 0.007759284232678398
      iv_array: 0.02471264606411368
      iv_array: 0.40068243538870474
      iv_array: 0.5378486316886159
      iv_array: 0.5218428998931414
      event_count_array: 56
      event_count_array: 56
      event_count_array: 56
      event_count_array: 55
      event_count_array: 49
      event_count_array: 32
      event_count_array: 29
      event_count_array: 10
      event_count_array: 7
      event_count_array: 7
      non_event_count_array: 1
      non_event_count_array: 1
      non_event_count_array: 1
      non_event_count_array: 2
      non_event_count_array: 8
      non_event_count_array: 25
      non_event_count_array: 28
      non_event_count_array: 47
      non_event_count_array: 50
      non_event_count_array: 49
      event_rate_array: 0.1568627450980392
      event_rate_array: 0.1568627450980392
      event_rate_array: 0.1568627450980392
      event_rate_array: 0.15406162464985995
      event_rate_array: 0.13725490196078433
      event_rate_array: 0.0896358543417367
      event_rate_array: 0.08123249299719888
      event_rate_array: 0.028011204481792718
      event_rate_array: 0.0196078431372549
      event_rate_array: 0.0196078431372549
      non_event_rate_array: 0.0047169811320754715
      non_event_rate_array: 0.0047169811320754715
      non_event_rate_array: 0.0047169811320754715
      non_event_rate_array: 0.009433962264150943
      non_event_rate_array: 0.03773584905660377
      non_event_rate_array: 0.1179245283018868
      non_event_rate_array: 0.1320754716981132
      non_event_rate_array: 0.22169811320754718
      non_event_rate_array: 0.2358490566037736
      non_event_rate_array: 0.23113207547169812
      split_points: -1.089654
      split_points: -0.864986
      split_points: -0.650489
      split_points: -0.457149
      split_points: -0.218232
      split_points: 0.06914
      split_points: 0.377141
      split_points: 0.714407
      split_points: 1.454664
      split_points: 4.700669
      iv: 3.624746703800475
      bin_nums: 10
      bin_anonymous: "bin_0"
      bin_anonymous: "bin_1"
      bin_anonymous: "bin_2"
      bin_anonymous: "bin_3"
      bin_anonymous: "bin_4"
      bin_anonymous: "bin_5"
      bin_anonymous: "bin_6"
      bin_anonymous: "bin_7"
      bin_anonymous: "bin_8"
      bin_anonymous: "bin_9"
    }
  }
  binning_result {
    key: "x7"
    value {
      woe_array: 3.5219017607269234
      woe_array: 4.206238311604714
      woe_array: 2.793036497564899
      woe_array: 3.504202183627523
      woe_array: 1.8206562990397004
      woe_array: 0.8225852395934681
      woe_array: -0.4496905431254817
      woe_array: -2.661215670603897
      woe_array: -5.266081635470877
      woe_array: -5.248537325819967
      iv_array: 0.5457077050373214
      iv_array: 0.6557728047907064
      iv_array: 0.40395033960077936
      iv_array: 0.5331495183192079
      iv_array: 0.22225362754119488
      iv_array: 0.05942994675356855
      iv_array: 0.020742424898935793
      iv_array: 0.5954717956460679
      iv_array: 1.4209249791074536
      iv_array: 1.391433819220902
      event_count_array: 57
      event_count_array: 56
      event_count_array: 55
      event_count_array: 56
      event_count_array: 52
      event_count_array: 46
      event_count_array: 29
      event_count_array: 6
      event_count_array: 0
      event_count_array: 0
      non_event_count_array: 1
      non_event_count_array: 0
      non_event_count_array: 2
      non_event_count_array: 1
      non_event_count_array: 5
      non_event_count_array: 12
      non_event_count_array: 27
      non_event_count_array: 51
      non_event_count_array: 57
      non_event_count_array: 56
      event_rate_array: 0.15966386554621848
      event_rate_array: 0.15826330532212884
      event_rate_array: 0.15406162464985995
      event_rate_array: 0.1568627450980392
      event_rate_array: 0.14565826330532214
      event_rate_array: 0.12885154061624648
      event_rate_array: 0.08123249299719888
      event_rate_array: 0.01680672268907563
      event_rate_array: 0.0014005602240896359
      event_rate_array: 0.0014005602240896359
      non_event_rate_array: 0.0047169811320754715
      non_event_rate_array: 0.0023584905660377358
      non_event_rate_array: 0.009433962264150943
      non_event_rate_array: 0.0047169811320754715
      non_event_rate_array: 0.02358490566037736
      non_event_rate_array: 0.05660377358490566
      non_event_rate_array: 0.12735849056603774
      non_event_rate_array: 0.24056603773584906
      non_event_rate_array: 0.27122641509433965
      non_event_rate_array: 0.2665094339622642
      split_points: -1.159448
      split_points: -0.861616
      split_points: -0.654838
      split_points: -0.467856
      split_points: -0.223469
      split_points: 0.109537
      split_points: 0.554153
      split_points: 0.959181
      split_points: 1.438819
      split_points: 2.685877
      iv: 5.848836960916138
      bin_nums: 10
      bin_anonymous: "bin_0"
      bin_anonymous: "bin_1"
      bin_anonymous: "bin_2"
      bin_anonymous: "bin_3"
      bin_anonymous: "bin_4"
      bin_anonymous: "bin_5"
      bin_anonymous: "bin_6"
      bin_anonymous: "bin_7"
      bin_anonymous: "bin_8"
      bin_anonymous: "bin_9"
    }
  }
  binning_result {
    key: "x8"
    value {
      woe_array: 1.291229249323164
      woe_array: 1.152826926464045
      woe_array: 0.6980907693490978
      woe_array: 0.623982797195376
      woe_array: 0.2260648947225945
      woe_array: 0.09403613198260691
      woe_array: -0.24351777050934703
      woe_array: -0.27428942917610083
      woe_array: -0.5211495071076266
      woe_array: -3.0860988645691636
      iv_array: 0.1285019119748173
      iv_array: 0.10606117394652959
      iv_array: 0.043231745625749454
      iv_array: 0.03569903165604326
      iv_array: 0.004868740795912333
      iv_array: 0.0008747084841677932
      iv_array: 0.006206672206972813
      iv_array: 0.007759284232678398
      iv_array: 0.027956595830782784
      iv_array: 0.7223895074878086
      event_count_array: 49
      event_count_array: 48
      event_count_array: 44
      event_count_array: 44
      event_count_array: 38
      event_count_array: 37
      event_count_array: 33
      event_count_array: 32
      event_count_array: 28
      event_count_array: 4
      non_event_count_array: 8
      non_event_count_array: 9
      non_event_count_array: 13
      non_event_count_array: 14
      non_event_count_array: 18
      non_event_count_array: 20
      non_event_count_array: 25
      non_event_count_array: 25
      non_event_count_array: 28
      non_event_count_array: 52
      event_rate_array: 0.13725490196078433
      event_rate_array: 0.13445378151260504
      event_rate_array: 0.12324929971988796
      event_rate_array: 0.12324929971988796
      event_rate_array: 0.10644257703081232
      event_rate_array: 0.10364145658263306
      event_rate_array: 0.09243697478991597
      event_rate_array: 0.0896358543417367
      event_rate_array: 0.0784313725490196
      event_rate_array: 0.011204481792717087
      non_event_rate_array: 0.03773584905660377
      non_event_rate_array: 0.04245283018867924
      non_event_rate_array: 0.06132075471698113
      non_event_rate_array: 0.0660377358490566
      non_event_rate_array: 0.08490566037735849
      non_event_rate_array: 0.09433962264150944
      non_event_rate_array: 0.1179245283018868
      non_event_rate_array: 0.1179245283018868
      non_event_rate_array: 0.1320754716981132
      non_event_rate_array: 0.24528301886792453
      split_points: -1.039838
      split_points: -0.753491
      split_points: -0.544797
      split_points: -0.334485
      split_points: -0.127409
      split_points: 0.103933
      split_points: 0.327187
      split_points: 0.577943
      split_points: 1.137695
      split_points: 6.046041
      iv: 1.0835493722414624
      is_woe_monotonic: true
      bin_nums: 10
      bin_anonymous: "bin_0"
      bin_anonymous: "bin_1"
      bin_anonymous: "bin_2"
      bin_anonymous: "bin_3"
      bin_anonymous: "bin_4"
      bin_anonymous: "bin_5"
      bin_anonymous: "bin_6"
      bin_anonymous: "bin_7"
      bin_anonymous: "bin_8"
      bin_anonymous: "bin_9"
    }
  }
  binning_result {
    key: "x9"
    value {
      woe_array: 0.3345166029500936
      woe_array: 0.9095966165830978
      woe_array: 1.444963349265206
      woe_array: 0.09403613198260691
      woe_array: 0.3345166029500936
      woe_array: 0.4198338373568999
      woe_array: -0.056843898976528834
      woe_array: -0.27428942917610083
      woe_array: -1.214296687667572
      woe_array: -1.3514978091810568
      iv_array: 0.010656407294972199
      iv_array: 0.07000687452561365
      iv_array: 0.1546647652396469
      iv_array: 0.0008747084841677932
      iv_array: 0.010656407294972199
      iv_array: 0.01653063838226787
      iv_array: 0.0003259639046008871
      iv_array: 0.007759284232678398
      iv_array: 0.1530305190921899
      iv_array: 0.18426755843955556
      event_count_array: 40
      event_count_array: 46
      event_count_array: 50
      event_count_array: 37
      event_count_array: 40
      event_count_array: 41
      event_count_array: 35
      event_count_array: 32
      event_count_array: 19
      event_count_array: 17
      non_event_count_array: 17
      non_event_count_array: 11
      non_event_count_array: 7
      non_event_count_array: 20
      non_event_count_array: 17
      non_event_count_array: 16
      non_event_count_array: 22
      non_event_count_array: 25
      non_event_count_array: 38
      non_event_count_array: 39
      event_rate_array: 0.11204481792717087
      event_rate_array: 0.12885154061624648
      event_rate_array: 0.1400560224089636
      event_rate_array: 0.10364145658263306
      event_rate_array: 0.11204481792717087
      event_rate_array: 0.11484593837535013
      event_rate_array: 0.09803921568627451
      event_rate_array: 0.0896358543417367
      event_rate_array: 0.05322128851540616
      event_rate_array: 0.047619047619047616
      non_event_rate_array: 0.08018867924528301
      non_event_rate_array: 0.05188679245283019
      non_event_rate_array: 0.0330188679245283
      non_event_rate_array: 0.09433962264150944
      non_event_rate_array: 0.08018867924528301
      non_event_rate_array: 0.07547169811320754
      non_event_rate_array: 0.10377358490566038
      non_event_rate_array: 0.1179245283018868
      non_event_rate_array: 0.1792452830188679
      non_event_rate_array: 0.18396226415094338
      split_points: -1.007782
      split_points: -0.794985
      split_points: -0.582743
      split_points: -0.393221
      split_points: -0.216444
      split_points: -0.040776
      split_points: 0.28119
      split_points: 0.671317
      split_points: 1.244317
      split_points: 6.846856
      iv: 0.6087731268906653
      bin_nums: 10
      bin_anonymous: "bin_0"
      bin_anonymous: "bin_1"
      bin_anonymous: "bin_2"
      bin_anonymous: "bin_3"
      bin_anonymous: "bin_4"
      bin_anonymous: "bin_5"
      bin_anonymous: "bin_6"
      bin_anonymous: "bin_7"
      bin_anonymous: "bin_8"
      bin_anonymous: "bin_9"
    }
  }
  role: "guest"
  party_id: "9999"
}
host_results {
  binning_result {
    key: "host.0"
    value {
      woe_array: 4.24102442769013
      woe_array: 2.7746873588967023
      woe_array: 2.0628480453246048
      woe_array: 2.0628480453246048
      woe_array: 1.444963349265206
      woe_array: 0.5084699100735317
      woe_array: 0.01784699362506035
      woe_array: -2.0687120158236394
      woe_array: -4.546501197842776
      woe_array: -5.248537325819967
      iv_array: 0.6849553682663483
      iv_array: 0.3935243130700967
      iv_array: 0.26732748835346604
      iv_array: 0.26732748835346604
      iv_array: 0.1546647652396469
      iv_array: 0.02384334483974108
      iv_array: 3.183426007324062e-05
      iv_array: 0.40068243538870474
      iv_array: 1.1882272830892937
      iv_array: 1.391433819220902
      event_count_array: 58
      event_count_array: 54
      event_count_array: 53
      event_count_array: 53
      event_count_array: 50
      event_count_array: 42
      event_count_array: 36
      event_count_array: 10
      event_count_array: 1
      event_count_array: 0
      non_event_count_array: 0
      non_event_count_array: 2
      non_event_count_array: 4
      non_event_count_array: 4
      non_event_count_array: 7
      non_event_count_array: 15
      non_event_count_array: 21
      non_event_count_array: 47
      non_event_count_array: 56
      non_event_count_array: 56
      event_rate_array: 0.1638655462184874
      event_rate_array: 0.15126050420168066
      event_rate_array: 0.1484593837535014
      event_rate_array: 0.1484593837535014
      event_rate_array: 0.1400560224089636
      event_rate_array: 0.11764705882352941
      event_rate_array: 0.10084033613445378
      event_rate_array: 0.028011204481792718
      event_rate_array: 0.0028011204481792717
      event_rate_array: 0.0014005602240896359
      non_event_rate_array: 0.0023584905660377358
      non_event_rate_array: 0.009433962264150943
      non_event_rate_array: 0.018867924528301886
      non_event_rate_array: 0.018867924528301886
      non_event_rate_array: 0.0330188679245283
      non_event_rate_array: 0.07075471698113207
      non_event_rate_array: 0.09905660377358491
      non_event_rate_array: 0.22169811320754718
      non_event_rate_array: 0.2641509433962264
      non_event_rate_array: 0.2665094339622642
      iv: 4.772018140081738
      is_woe_monotonic: true
      bin_nums: 10
    }
  }
  binning_result {
    key: "host.1"
    value {
      woe_array: 2.793036497564899
      woe_array: 1.6189166563886441
      woe_array: 1.3114319566406836
      woe_array: 0.48437235849447113
      woe_array: 0.5084699100735317
      woe_array: -0.056843898976528834
      woe_array: -0.8396032382261612
      woe_array: -1.13633514619786
      woe_array: -1.5507689242887848
      woe_array: -0.8088315795594077
      iv_array: 0.40395033960077936
      iv_array: 0.18545541211999292
      iv_array: 0.13418594514329918
      iv_array: 0.021356568895619286
      iv_array: 0.02384334483974108
      iv_array: 0.0003259639046008871
      iv_array: 0.07424904171882693
      iv_array: 0.13466241116020036
      iv_array: 0.24206944759193097
      iv_array: 0.06771255335458494
      event_count_array: 55
      event_count_array: 51
      event_count_array: 50
      event_count_array: 41
      event_count_array: 42
      event_count_array: 35
      event_count_array: 24
      event_count_array: 20
      event_count_array: 15
      event_count_array: 24
      non_event_count_array: 2
      non_event_count_array: 6
      non_event_count_array: 8
      non_event_count_array: 15
      non_event_count_array: 15
      non_event_count_array: 22
      non_event_count_array: 33
      non_event_count_array: 37
      non_event_count_array: 42
      non_event_count_array: 32
      event_rate_array: 0.15406162464985995
      event_rate_array: 0.14285714285714285
      event_rate_array: 0.1400560224089636
      event_rate_array: 0.11484593837535013
      event_rate_array: 0.11764705882352941
      event_rate_array: 0.09803921568627451
      event_rate_array: 0.06722689075630252
      event_rate_array: 0.056022408963585436
      event_rate_array: 0.04201680672268908
      event_rate_array: 0.06722689075630252
      non_event_rate_array: 0.009433962264150943
      non_event_rate_array: 0.02830188679245283
      non_event_rate_array: 0.03773584905660377
      non_event_rate_array: 0.07075471698113207
      non_event_rate_array: 0.07075471698113207
      non_event_rate_array: 0.10377358490566038
      non_event_rate_array: 0.15566037735849056
      non_event_rate_array: 0.17452830188679244
      non_event_rate_array: 0.19811320754716982
      non_event_rate_array: 0.1509433962264151
      iv: 1.287811028329576
      bin_nums: 10
    }
  }
  binning_result {
    key: "host.10"
    value {
      woe_array: 4.223782621255624
      woe_array: 1.444963349265206
      woe_array: 1.444963349265206
      woe_array: 1.152826926464045
      woe_array: 0.4198338373568999
      woe_array: 1.152826926464045
      woe_array: -0.20269577598909203
      woe_array: -0.9120158157946384
      woe_array: -2.8629553132549534
      woe_array: -3.8169863731119555
      iv_array: 0.6703393710059184
      iv_array: 0.1546647652396469
      iv_array: 0.1546647652396469
      iv_array: 0.10606117394652959
      iv_array: 0.01653063838226787
      iv_array: 0.10606117394652959
      iv_array: 0.00421010728628049
      iv_array: 0.08750936597300174
      iv_array: 0.6621369087682298
      iv_array: 0.950867568821056
      event_count_array: 57
      event_count_array: 50
      event_count_array: 50
      event_count_array: 48
      event_count_array: 41
      event_count_array: 48
      event_count_array: 33
      event_count_array: 23
      event_count_array: 5
      event_count_array: 2
      non_event_count_array: 0
      non_event_count_array: 7
      non_event_count_array: 7
      non_event_count_array: 9
      non_event_count_array: 16
      non_event_count_array: 9
      non_event_count_array: 24
      non_event_count_array: 34
      non_event_count_array: 52
      non_event_count_array: 54
      event_rate_array: 0.16106442577030813
      event_rate_array: 0.1400560224089636
      event_rate_array: 0.1400560224089636
      event_rate_array: 0.13445378151260504
      event_rate_array: 0.11484593837535013
      event_rate_array: 0.13445378151260504
      event_rate_array: 0.09243697478991597
      event_rate_array: 0.06442577030812324
      event_rate_array: 0.014005602240896359
      event_rate_array: 0.0056022408963585435
      non_event_rate_array: 0.0023584905660377358
      non_event_rate_array: 0.0330188679245283
      non_event_rate_array: 0.0330188679245283
      non_event_rate_array: 0.04245283018867924
      non_event_rate_array: 0.07547169811320754
      non_event_rate_array: 0.04245283018867924
      non_event_rate_array: 0.11320754716981132
      non_event_rate_array: 0.16037735849056603
      non_event_rate_array: 0.24528301886792453
      non_event_rate_array: 0.25471698113207547
      iv: 2.9130458386091074
      bin_nums: 10
    }
  }
  binning_result {
    key: "host.11"
    value {
      woe_array: 0.6980907693490978
      woe_array: 0.2520403811258552
      woe_array: -0.27428942917610083
      woe_array: -0.3452588406439625
      woe_array: -0.20269577598909203
      woe_array: -0.13028319842061503
      woe_array: -0.13028319842061503
      woe_array: -0.10129566154736266
      woe_array: -0.010323883341636015
      woe_array: 0.39514122476652846
      iv_array: 0.043231745625749454
      iv_array: 0.006134168146950813
      iv_array: 0.007759284232678398
      iv_array: 0.012362605810278772
      iv_array: 0.00421010728628049
      iv_array: 0.0017265742827529856
      iv_array: 0.0017265742827529856
      iv_array: 0.001058676447914538
      iv_array: 1.0503395926562797e-05
      iv_array: 0.014451547356822459
      event_count_array: 44
      event_count_array: 39
      event_count_array: 32
      event_count_array: 31
      event_count_array: 33
      event_count_array: 34
      event_count_array: 34
      event_count_array: 35
      event_count_array: 35
      event_count_array: 40
      non_event_count_array: 13
      non_event_count_array: 18
      non_event_count_array: 25
      non_event_count_array: 26
      non_event_count_array: 24
      non_event_count_array: 23
      non_event_count_array: 23
      non_event_count_array: 23
      non_event_count_array: 21
      non_event_count_array: 16
      event_rate_array: 0.12324929971988796
      event_rate_array: 0.1092436974789916
      event_rate_array: 0.0896358543417367
      event_rate_array: 0.08683473389355742
      event_rate_array: 0.09243697478991597
      event_rate_array: 0.09523809523809523
      event_rate_array: 0.09523809523809523
      event_rate_array: 0.09803921568627451
      event_rate_array: 0.09803921568627451
      event_rate_array: 0.11204481792717087
      non_event_rate_array: 0.06132075471698113
      non_event_rate_array: 0.08490566037735849
      non_event_rate_array: 0.1179245283018868
      non_event_rate_array: 0.12264150943396226
      non_event_rate_array: 0.11320754716981132
      non_event_rate_array: 0.10849056603773585
      non_event_rate_array: 0.10849056603773585
      non_event_rate_array: 0.10849056603773585
      non_event_rate_array: 0.09905660377358491
      non_event_rate_array: 0.07547169811320754
      iv: 0.09267178686810744
      bin_nums: 10
    }
  }
  binning_result {
    key: "host.12"
    value {
      woe_array: 4.223782621255624
      woe_array: 2.0628480453246048
      woe_array: 1.8206562990397004
      woe_array: 0.8006063328746928
      woe_array: 0.8006063328746928
      woe_array: 0.4198338373568999
      woe_array: -0.4860581872963565
      woe_array: -0.9120158157946384
      woe_array: -1.8429053470899461
      woe_array: -5.248537325819967
      iv_array: 0.6703393710059184
      iv_array: 0.26732748835346604
      iv_array: 0.22225362754119488
      iv_array: 0.055599425051389796
      iv_array: 0.055599425051389796
      iv_array: 0.01653063838226787
      iv_array: 0.02471264606411368
      iv_array: 0.08750936597300174
      iv_array: 0.32923634054758155
      iv_array: 1.391433819220902
      event_count_array: 57
      event_count_array: 53
      event_count_array: 52
      event_count_array: 45
      event_count_array: 45
      event_count_array: 41
      event_count_array: 29
      event_count_array: 23
      event_count_array: 12
      event_count_array: 0
      non_event_count_array: 0
      non_event_count_array: 4
      non_event_count_array: 5
      non_event_count_array: 12
      non_event_count_array: 12
      non_event_count_array: 16
      non_event_count_array: 28
      non_event_count_array: 34
      non_event_count_array: 45
      non_event_count_array: 56
      event_rate_array: 0.16106442577030813
      event_rate_array: 0.1484593837535014
      event_rate_array: 0.14565826330532214
      event_rate_array: 0.12605042016806722
      event_rate_array: 0.12605042016806722
      event_rate_array: 0.11484593837535013
      event_rate_array: 0.08123249299719888
      event_rate_array: 0.06442577030812324
      event_rate_array: 0.03361344537815126
      event_rate_array: 0.0014005602240896359
      non_event_rate_array: 0.0023584905660377358
      non_event_rate_array: 0.018867924528301886
      non_event_rate_array: 0.02358490566037736
      non_event_rate_array: 0.05660377358490566
      non_event_rate_array: 0.05660377358490566
      non_event_rate_array: 0.07547169811320754
      non_event_rate_array: 0.1320754716981132
      non_event_rate_array: 0.16037735849056603
      non_event_rate_array: 0.21226415094339623
      non_event_rate_array: 0.2665094339622642
      iv: 3.120542147191226
      is_woe_monotonic: true
      bin_nums: 10
    }
  }
  binning_result {
    key: "host.13"
    value {
      woe_array: 4.223782621255624
      woe_array: 2.8110550030675774
      woe_array: 2.0437998503539103
      woe_array: 1.444963349265206
      woe_array: 1.0264130016083863
      woe_array: 1.0264130016083863
      woe_array: -0.27428942917610083
      woe_array: -1.5507689242887848
      woe_array: -4.546501197842776
      woe_array: -5.248537325819967
      iv_array: 0.6703393710059184
      iv_array: 0.414430417581365
      iv_array: 0.2591340754187956
      iv_array: 0.1546647652396469
      iv_array: 0.0867142953898317
      iv_array: 0.0867142953898317
      iv_array: 0.007759284232678398
      iv_array: 0.24206944759193097
      iv_array: 1.1882272830892937
      iv_array: 1.391433819220902
      event_count_array: 57
      event_count_array: 56
      event_count_array: 52
      event_count_array: 50
      event_count_array: 47
      event_count_array: 47
      event_count_array: 32
      event_count_array: 15
      event_count_array: 1
      event_count_array: 0
      non_event_count_array: 0
      non_event_count_array: 2
      non_event_count_array: 4
      non_event_count_array: 7
      non_event_count_array: 10
      non_event_count_array: 10
      non_event_count_array: 25
      non_event_count_array: 42
      non_event_count_array: 56
      non_event_count_array: 56
      event_rate_array: 0.16106442577030813
      event_rate_array: 0.1568627450980392
      event_rate_array: 0.14565826330532214
      event_rate_array: 0.1400560224089636
      event_rate_array: 0.13165266106442577
      event_rate_array: 0.13165266106442577
      event_rate_array: 0.0896358543417367
      event_rate_array: 0.04201680672268908
      event_rate_array: 0.0028011204481792717
      event_rate_array: 0.0014005602240896359
      non_event_rate_array: 0.0023584905660377358
      non_event_rate_array: 0.009433962264150943
      non_event_rate_array: 0.018867924528301886
      non_event_rate_array: 0.0330188679245283
      non_event_rate_array: 0.04716981132075472
      non_event_rate_array: 0.04716981132075472
      non_event_rate_array: 0.1179245283018868
      non_event_rate_array: 0.19811320754716982
      non_event_rate_array: 0.2641509433962264
      non_event_rate_array: 0.2665094339622642
      iv: 4.501487054160195
      is_woe_monotonic: true
      bin_nums: 10
    }
  }
  binning_result {
    key: "host.14"
    value {
      woe_array: 0.2520403811258552
      woe_array: -0.20269577598909203
      woe_array: -0.056843898976528834
      woe_array: -0.3452588406439625
      woe_array: -0.20269577598909203
      woe_array: -0.13028319842061503
      woe_array: 0.2520403811258552
      woe_array: -0.20269577598909203
      woe_array: 0.17199767345231867
      woe_array: 0.577462781560483
      iv_array: 0.006134168146950813
      iv_array: 0.00421010728628049
      iv_array: 0.0003259639046008871
      iv_array: 0.012362605810278772
      iv_array: 0.00421010728628049
      iv_array: 0.0017265742827529856
      iv_array: 0.006134168146950813
      iv_array: 0.00421010728628049
      iv_array: 0.0028929897772950915
      iv_array: 0.02980246319929241
      event_count_array: 39
      event_count_array: 33
      event_count_array: 35
      event_count_array: 31
      event_count_array: 33
      event_count_array: 34
      event_count_array: 39
      event_count_array: 33
      event_count_array: 38
      event_count_array: 42
      non_event_count_array: 18
      non_event_count_array: 24
      non_event_count_array: 22
      non_event_count_array: 26
      non_event_count_array: 24
      non_event_count_array: 23
      non_event_count_array: 18
      non_event_count_array: 24
      non_event_count_array: 19
      non_event_count_array: 14
      event_rate_array: 0.1092436974789916
      event_rate_array: 0.09243697478991597
      event_rate_array: 0.09803921568627451
      event_rate_array: 0.08683473389355742
      event_rate_array: 0.09243697478991597
      event_rate_array: 0.09523809523809523
      event_rate_array: 0.1092436974789916
      event_rate_array: 0.09243697478991597
      event_rate_array: 0.10644257703081232
      event_rate_array: 0.11764705882352941
      non_event_rate_array: 0.08490566037735849
      non_event_rate_array: 0.11320754716981132
      non_event_rate_array: 0.10377358490566038
      non_event_rate_array: 0.12264150943396226
      non_event_rate_array: 0.11320754716981132
      non_event_rate_array: 0.10849056603773585
      non_event_rate_array: 0.08490566037735849
      non_event_rate_array: 0.11320754716981132
      non_event_rate_array: 0.08962264150943396
      non_event_rate_array: 0.0660377358490566
      iv: 0.07200925512696324
      bin_nums: 10
    }
  }
  binning_result {
    key: "host.15"
    value {
      woe_array: 2.8110550030675774
      woe_array: 0.6980907693490978
      woe_array: 1.1317735172662127
      woe_array: 0.6009932789706772
      woe_array: 0.2520403811258552
      woe_array: -0.20269577598909203
      woe_array: -0.9854551152387244
      woe_array: -0.6970401735712908
      woe_array: -0.8396032382261612
      woe_array: -0.8821628526449572
      iv_array: 0.414430417581365
      iv_array: 0.043231745625749454
      iv_array: 0.10095400632979498
      iv_array: 0.032700310802828196
      iv_array: 0.006134168146950813
      iv_array: 0.00421010728628049
      iv_array: 0.10196473504881415
      iv_array: 0.05116085518984884
      iv_array: 0.07424904171882693
      iv_array: 0.08048378121549375
      event_count_array: 56
      event_count_array: 44
      event_count_array: 47
      event_count_array: 43
      event_count_array: 39
      event_count_array: 33
      event_count_array: 22
      event_count_array: 26
      event_count_array: 24
      event_count_array: 23
      non_event_count_array: 2
      non_event_count_array: 13
      non_event_count_array: 9
      non_event_count_array: 14
      non_event_count_array: 18
      non_event_count_array: 24
      non_event_count_array: 35
      non_event_count_array: 31
      non_event_count_array: 33
      non_event_count_array: 33
      event_rate_array: 0.1568627450980392
      event_rate_array: 0.12324929971988796
      event_rate_array: 0.13165266106442577
      event_rate_array: 0.12044817927170869
      event_rate_array: 0.1092436974789916
      event_rate_array: 0.09243697478991597
      event_rate_array: 0.06162464985994398
      event_rate_array: 0.07282913165266107
      event_rate_array: 0.06722689075630252
      event_rate_array: 0.06442577030812324
      non_event_rate_array: 0.009433962264150943
      non_event_rate_array: 0.06132075471698113
      non_event_rate_array: 0.04245283018867924
      non_event_rate_array: 0.0660377358490566
      non_event_rate_array: 0.08490566037735849
      non_event_rate_array: 0.11320754716981132
      non_event_rate_array: 0.1650943396226415
      non_event_rate_array: 0.14622641509433962
      non_event_rate_array: 0.15566037735849056
      non_event_rate_array: 0.15566037735849056
      iv: 0.9095191689459524
      bin_nums: 10
    }
  }
  binning_result {
    key: "host.16"
    value {
      woe_array: 4.223782621255624
      woe_array: 2.0628480453246048
      woe_array: 1.6383347422457457
      woe_array: 0.8876177098643224
      woe_array: -0.056843898976528834
      woe_array: -0.7680095850391524
      woe_array: -0.9120158157946384
      woe_array: -0.8396032382261612
      woe_array: -1.214296687667572
      woe_array: -0.8088315795594077
      iv_array: 0.6703393710059184
      iv_array: 0.26732748835346604
      iv_array: 0.19226902886510644
      iv_array: 0.06582894938782889
      iv_array: 0.0003259639046008871
      iv_array: 0.06214379127397824
      iv_array: 0.08750936597300174
      iv_array: 0.07424904171882693
      iv_array: 0.1530305190921899
      iv_array: 0.06771255335458494
      event_count_array: 57
      event_count_array: 53
      event_count_array: 52
      event_count_array: 45
      event_count_array: 35
      event_count_array: 25
      event_count_array: 23
      event_count_array: 24
      event_count_array: 19
      event_count_array: 24
      non_event_count_array: 0
      non_event_count_array: 4
      non_event_count_array: 6
      non_event_count_array: 11
      non_event_count_array: 22
      non_event_count_array: 32
      non_event_count_array: 34
      non_event_count_array: 33
      non_event_count_array: 38
      non_event_count_array: 32
      event_rate_array: 0.16106442577030813
      event_rate_array: 0.1484593837535014
      event_rate_array: 0.14565826330532214
      event_rate_array: 0.12605042016806722
      event_rate_array: 0.09803921568627451
      event_rate_array: 0.0700280112044818
      event_rate_array: 0.06442577030812324
      event_rate_array: 0.06722689075630252
      event_rate_array: 0.05322128851540616
      event_rate_array: 0.06722689075630252
      non_event_rate_array: 0.0023584905660377358
      non_event_rate_array: 0.018867924528301886
      non_event_rate_array: 0.02830188679245283
      non_event_rate_array: 0.05188679245283019
      non_event_rate_array: 0.10377358490566038
      non_event_rate_array: 0.1509433962264151
      non_event_rate_array: 0.16037735849056603
      non_event_rate_array: 0.15566037735849056
      non_event_rate_array: 0.1792452830188679
      non_event_rate_array: 0.1509433962264151
      iv: 1.6407360729295024
      bin_nums: 10
    }
  }
  binning_result {
    key: "host.17"
    value {
      woe_array: 2.793036497564899
      woe_array: 1.8206562990397004
      woe_array: 1.8206562990397004
      woe_array: 0.5084699100735317
      woe_array: 0.17199767345231867
      woe_array: -0.20269577598909203
      woe_array: -0.5562408269188968
      woe_array: -1.0601460078403138
      woe_array: -1.2943393953411082
      woe_array: -1.2683639089378476
      iv_array: 0.40395033960077936
      iv_array: 0.22225362754119488
      iv_array: 0.22225362754119488
      iv_array: 0.02384334483974108
      iv_array: 0.0028929897772950915
      iv_array: 0.00421010728628049
      iv_array: 0.0324628155554776
      iv_array: 0.11766326391124458
      iv_array: 0.17284879589758176
      iv_array: 0.16339712636943093
      event_count_array: 55
      event_count_array: 52
      event_count_array: 52
      event_count_array: 42
      event_count_array: 38
      event_count_array: 33
      event_count_array: 28
      event_count_array: 21
      event_count_array: 18
      event_count_array: 18
      non_event_count_array: 2
      non_event_count_array: 5
      non_event_count_array: 5
      non_event_count_array: 15
      non_event_count_array: 19
      non_event_count_array: 24
      non_event_count_array: 29
      non_event_count_array: 36
      non_event_count_array: 39
      non_event_count_array: 38
      event_rate_array: 0.15406162464985995
      event_rate_array: 0.14565826330532214
      event_rate_array: 0.14565826330532214
      event_rate_array: 0.11764705882352941
      event_rate_array: 0.10644257703081232
      event_rate_array: 0.09243697478991597
      event_rate_array: 0.0784313725490196
      event_rate_array: 0.058823529411764705
      event_rate_array: 0.05042016806722689
      event_rate_array: 0.05042016806722689
      non_event_rate_array: 0.009433962264150943
      non_event_rate_array: 0.02358490566037736
      non_event_rate_array: 0.02358490566037736
      non_event_rate_array: 0.07075471698113207
      non_event_rate_array: 0.08962264150943396
      non_event_rate_array: 0.11320754716981132
      non_event_rate_array: 0.13679245283018868
      non_event_rate_array: 0.16981132075471697
      non_event_rate_array: 0.18396226415094338
      non_event_rate_array: 0.1792452830188679
      iv: 1.3657760383202207
      bin_nums: 10
    }
  }
  binning_result {
    key: "host.18"
    value {
      woe_array: -0.41578899144980025
      woe_array: -0.21366480735966603
      woe_array: -0.26521613297042607
      woe_array: -0.17284281283941097
      woe_array: 0.39514122476652846
      woe_array: 0.09403613198260691
      woe_array: -0.13028319842061503
      woe_array: 0.3345166029500936
      woe_array: 0.6009932789706772
      woe_array: -0.0858314358497812
      iv_array: 0.018014006962685573
      iv_array: 0.004847292350252982
      iv_array: 0.006994495552679173
      iv_array: 0.0031058906170603963
      iv_array: 0.014451547356822459
      iv_array: 0.0008747084841677932
      iv_array: 0.0017265742827529856
      iv_array: 0.010656407294972199
      iv_array: 0.032700310802828196
      iv_array: 0.0007326133338480884
      event_count_array: 30
      event_count_array: 34
      event_count_array: 31
      event_count_array: 34
      event_count_array: 40
      event_count_array: 37
      event_count_array: 34
      event_count_array: 40
      event_count_array: 43
      event_count_array: 34
      non_event_count_array: 27
      non_event_count_array: 25
      non_event_count_array: 24
      non_event_count_array: 24
      non_event_count_array: 16
      non_event_count_array: 20
      non_event_count_array: 23
      non_event_count_array: 17
      non_event_count_array: 14
      non_event_count_array: 22
      event_rate_array: 0.08403361344537816
      event_rate_array: 0.09523809523809523
      event_rate_array: 0.08683473389355742
      event_rate_array: 0.09523809523809523
      event_rate_array: 0.11204481792717087
      event_rate_array: 0.10364145658263306
      event_rate_array: 0.09523809523809523
      event_rate_array: 0.11204481792717087
      event_rate_array: 0.12044817927170869
      event_rate_array: 0.09523809523809523
      non_event_rate_array: 0.12735849056603774
      non_event_rate_array: 0.1179245283018868
      non_event_rate_array: 0.11320754716981132
      non_event_rate_array: 0.11320754716981132
      non_event_rate_array: 0.07547169811320754
      non_event_rate_array: 0.09433962264150944
      non_event_rate_array: 0.10849056603773585
      non_event_rate_array: 0.08018867924528301
      non_event_rate_array: 0.0660377358490566
      non_event_rate_array: 0.10377358490566038
      iv: 0.09410384703806984
      bin_nums: 10
    }
  }
  binning_result {
    key: "host.19"
    value {
      woe_array: 0.9095966165830978
      woe_array: 0.4198338373568999
      woe_array: 0.8006063328746928
      woe_array: 0.09403613198260691
      woe_array: 0.09403613198260691
      woe_array: -0.056843898976528834
      woe_array: -0.626510022765453
      woe_array: -0.41578899144980025
      woe_array: -0.7680095850391524
      woe_array: -0.0858314358497812
      iv_array: 0.07000687452561365
      iv_array: 0.01653063838226787
      iv_array: 0.055599425051389796
      iv_array: 0.0008747084841677932
      iv_array: 0.0008747084841677932
      iv_array: 0.0003259639046008871
      iv_array: 0.041273967727770054
      iv_array: 0.018014006962685573
      iv_array: 0.06214379127397824
      iv_array: 0.0007326133338480884
      event_count_array: 46
      event_count_array: 41
      event_count_array: 45
      event_count_array: 37
      event_count_array: 37
      event_count_array: 35
      event_count_array: 27
      event_count_array: 30
      event_count_array: 25
      event_count_array: 34
      non_event_count_array: 11
      non_event_count_array: 16
      non_event_count_array: 12
      non_event_count_array: 20
      non_event_count_array: 20
      non_event_count_array: 22
      non_event_count_array: 30
      non_event_count_array: 27
      non_event_count_array: 32
      non_event_count_array: 22
      event_rate_array: 0.12885154061624648
      event_rate_array: 0.11484593837535013
      event_rate_array: 0.12605042016806722
      event_rate_array: 0.10364145658263306
      event_rate_array: 0.10364145658263306
      event_rate_array: 0.09803921568627451
      event_rate_array: 0.07563025210084033
      event_rate_array: 0.08403361344537816
      event_rate_array: 0.0700280112044818
      event_rate_array: 0.09523809523809523
      non_event_rate_array: 0.05188679245283019
      non_event_rate_array: 0.07547169811320754
      non_event_rate_array: 0.05660377358490566
      non_event_rate_array: 0.09433962264150944
      non_event_rate_array: 0.09433962264150944
      non_event_rate_array: 0.10377358490566038
      non_event_rate_array: 0.14150943396226415
      non_event_rate_array: 0.12735849056603774
      non_event_rate_array: 0.1509433962264151
      non_event_rate_array: 0.10377358490566038
      iv: 0.26637669813048975
      bin_nums: 10
    }
  }
  binning_result {
    key: "host.2"
    value {
      woe_array: 4.223782621255624
      woe_array: 3.504202183627523
      woe_array: 2.793036497564899
      woe_array: 1.8206562990397004
      woe_array: 1.291229249323164
      woe_array: 0.6980907693490978
      woe_array: -0.13028319842061503
      woe_array: -2.195125940679298
      woe_array: -4.546501197842776
      woe_array: -5.248537325819967
      iv_array: 0.6703393710059184
      iv_array: 0.5331495183192079
      iv_array: 0.40395033960077936
      iv_array: 0.22225362754119488
      iv_array: 0.1285019119748173
      iv_array: 0.043231745625749454
      iv_array: 0.0017265742827529856
      iv_array: 0.4416703375173663
      iv_array: 1.1882272830892937
      iv_array: 1.391433819220902
      event_count_array: 57
      event_count_array: 56
      event_count_array: 55
      event_count_array: 52
      event_count_array: 49
      event_count_array: 44
      event_count_array: 34
      event_count_array: 9
      event_count_array: 1
      event_count_array: 0
      non_event_count_array: 0
      non_event_count_array: 1
      non_event_count_array: 2
      non_event_count_array: 5
      non_event_count_array: 8
      non_event_count_array: 13
      non_event_count_array: 23
      non_event_count_array: 48
      non_event_count_array: 56
      non_event_count_array: 56
      event_rate_array: 0.16106442577030813
      event_rate_array: 0.1568627450980392
      event_rate_array: 0.15406162464985995
      event_rate_array: 0.14565826330532214
      event_rate_array: 0.13725490196078433
      event_rate_array: 0.12324929971988796
      event_rate_array: 0.09523809523809523
      event_rate_array: 0.025210084033613446
      event_rate_array: 0.0028011204481792717
      event_rate_array: 0.0014005602240896359
      non_event_rate_array: 0.0023584905660377358
      non_event_rate_array: 0.0047169811320754715
      non_event_rate_array: 0.009433962264150943
      non_event_rate_array: 0.02358490566037736
      non_event_rate_array: 0.03773584905660377
      non_event_rate_array: 0.06132075471698113
      non_event_rate_array: 0.10849056603773585
      non_event_rate_array: 0.22641509433962265
      non_event_rate_array: 0.2641509433962264
      non_event_rate_array: 0.2665094339622642
      iv: 5.024484528177982
      is_woe_monotonic: true
      bin_nums: 10
    }
  }
  binning_result {
    key: "host.3"
    value {
      woe_array: 4.24102442769013
      woe_array: 2.3505301177763855
      woe_array: 2.369222250788538
      woe_array: 2.369222250788538
      woe_array: 1.291229249323164
      woe_array: 0.4198338373568999
      woe_array: 0.17199767345231867
      woe_array: -2.195125940679298
      woe_array: -4.546501197842776
      woe_array: -5.248537325819967
      iv_array: 0.6849553682663483
      iv_array: 0.3156960341313482
      iv_array: 0.32484302225612627
      iv_array: 0.32484302225612627
      iv_array: 0.1285019119748173
      iv_array: 0.01653063838226787
      iv_array: 0.0028929897772950915
      iv_array: 0.4416703375173663
      iv_array: 1.1882272830892937
      iv_array: 1.391433819220902
      event_count_array: 58
      event_count_array: 53
      event_count_array: 54
      event_count_array: 54
      event_count_array: 49
      event_count_array: 41
      event_count_array: 38
      event_count_array: 9
      event_count_array: 1
      event_count_array: 0
      non_event_count_array: 0
      non_event_count_array: 3
      non_event_count_array: 3
      non_event_count_array: 3
      non_event_count_array: 8
      non_event_count_array: 16
      non_event_count_array: 19
      non_event_count_array: 48
      non_event_count_array: 56
      non_event_count_array: 56
      event_rate_array: 0.1638655462184874
      event_rate_array: 0.1484593837535014
      event_rate_array: 0.15126050420168066
      event_rate_array: 0.15126050420168066
      event_rate_array: 0.13725490196078433
      event_rate_array: 0.11484593837535013
      event_rate_array: 0.10644257703081232
      event_rate_array: 0.025210084033613446
      event_rate_array: 0.0028011204481792717
      event_rate_array: 0.0014005602240896359
      non_event_rate_array: 0.0023584905660377358
      non_event_rate_array: 0.014150943396226415
      non_event_rate_array: 0.014150943396226415
      non_event_rate_array: 0.014150943396226415
      non_event_rate_array: 0.03773584905660377
      non_event_rate_array: 0.07547169811320754
      non_event_rate_array: 0.08962264150943396
      non_event_rate_array: 0.22641509433962265
      non_event_rate_array: 0.2641509433962264
      non_event_rate_array: 0.2665094339622642
      iv: 4.819594426871891
      bin_nums: 10
    }
  }
  binning_result {
    key: "host.4"
    value {
      woe_array: 2.369222250788538
      woe_array: 1.0264130016083863
      woe_array: 1.152826926464045
      woe_array: 0.01784699362506035
      woe_array: -0.056843898976528834
      woe_array: -0.13028319842061503
      woe_array: -0.27428942917610083
      woe_array: -0.5550510587833078
      woe_array: -0.9266146152157909
      woe_array: -1.1089361720097455
      iv_array: 0.32484302225612627
      iv_array: 0.0867142953898317
      iv_array: 0.10606117394652959
      iv_array: 3.183426007324062e-05
      iv_array: 0.0003259639046008871
      iv_array: 0.0017265742827529856
      iv_array: 0.007759284232678398
      iv_array: 0.03345677990287842
      iv_array: 0.0871348794526027
      iv_array: 0.12618464025881201
      event_count_array: 54
      event_count_array: 47
      event_count_array: 48
      event_count_array: 36
      event_count_array: 35
      event_count_array: 34
      event_count_array: 32
      event_count_array: 29
      event_count_array: 22
      event_count_array: 20
      non_event_count_array: 3
      non_event_count_array: 10
      non_event_count_array: 9
      non_event_count_array: 21
      non_event_count_array: 22
      non_event_count_array: 23
      non_event_count_array: 25
      non_event_count_array: 30
      non_event_count_array: 33
      non_event_count_array: 36
      event_rate_array: 0.15126050420168066
      event_rate_array: 0.13165266106442577
      event_rate_array: 0.13445378151260504
      event_rate_array: 0.10084033613445378
      event_rate_array: 0.09803921568627451
      event_rate_array: 0.09523809523809523
      event_rate_array: 0.0896358543417367
      event_rate_array: 0.08123249299719888
      event_rate_array: 0.06162464985994398
      event_rate_array: 0.056022408963585436
      non_event_rate_array: 0.014150943396226415
      non_event_rate_array: 0.04716981132075472
      non_event_rate_array: 0.04245283018867924
      non_event_rate_array: 0.09905660377358491
      non_event_rate_array: 0.10377358490566038
      non_event_rate_array: 0.10849056603773585
      non_event_rate_array: 0.1179245283018868
      non_event_rate_array: 0.14150943396226415
      non_event_rate_array: 0.15566037735849056
      non_event_rate_array: 0.16981132075471697
      iv: 0.7742384478868862
      bin_nums: 10
    }
  }
  binning_result {
    key: "host.5"
    value {
      woe_array: 3.504202183627523
      woe_array: 1.8206562990397004
      woe_array: 1.444963349265206
      woe_array: 1.6189166563886441
      woe_array: 0.8006063328746928
      woe_array: 0.01784699362506035
      woe_array: -0.3452588406439625
      woe_array: -1.214296687667572
      woe_array: -1.951895630798351
      woe_array: -2.641413043307718
      iv_array: 0.5331495183192079
      iv_array: 0.22225362754119488
      iv_array: 0.1546647652396469
      iv_array: 0.18545541211999292
      iv_array: 0.055599425051389796
      iv_array: 3.183426007324062e-05
      iv_array: 0.012362605810278772
      iv_array: 0.1530305190921899
      iv_array: 0.36338208125824173
      iv_array: 0.5785812778388477
      event_count_array: 56
      event_count_array: 52
      event_count_array: 50
      event_count_array: 51
      event_count_array: 45
      event_count_array: 36
      event_count_array: 31
      event_count_array: 19
      event_count_array: 11
      event_count_array: 6
      non_event_count_array: 1
      non_event_count_array: 5
      non_event_count_array: 7
      non_event_count_array: 6
      non_event_count_array: 12
      non_event_count_array: 21
      non_event_count_array: 26
      non_event_count_array: 38
      non_event_count_array: 46
      non_event_count_array: 50
      event_rate_array: 0.1568627450980392
      event_rate_array: 0.14565826330532214
      event_rate_array: 0.1400560224089636
      event_rate_array: 0.14285714285714285
      event_rate_array: 0.12605042016806722
      event_rate_array: 0.10084033613445378
      event_rate_array: 0.08683473389355742
      event_rate_array: 0.05322128851540616
      event_rate_array: 0.03081232492997199
      event_rate_array: 0.01680672268907563
      non_event_rate_array: 0.0047169811320754715
      non_event_rate_array: 0.02358490566037736
      non_event_rate_array: 0.0330188679245283
      non_event_rate_array: 0.02830188679245283
      non_event_rate_array: 0.05660377358490566
      non_event_rate_array: 0.09905660377358491
      non_event_rate_array: 0.12264150943396226
      non_event_rate_array: 0.1792452830188679
      non_event_rate_array: 0.2169811320754717
      non_event_rate_array: 0.2358490566037736
      iv: 2.2585110665310637
      bin_nums: 10
    }
  }
  binning_result {
    key: "host.6"
    value {
      woe_array: 4.223782621255624
      woe_array: 3.504202183627523
      woe_array: 2.0628480453246048
      woe_array: 2.793036497564899
      woe_array: 1.444963349265206
      woe_array: 0.6980907693490978
      woe_array: -0.6970401735712908
      woe_array: -2.195125940679298
      woe_array: -3.4115212650037914
      woe_array: -3.0860988645691636
      iv_array: 0.6703393710059184
      iv_array: 0.5331495183192079
      iv_array: 0.26732748835346604
      iv_array: 0.40395033960077936
      iv_array: 0.1546647652396469
      iv_array: 0.043231745625749454
      iv_array: 0.05116085518984884
      iv_array: 0.4416703375173663
      iv_array: 0.8403041517652434
      iv_array: 0.7223895074878086
      event_count_array: 57
      event_count_array: 56
      event_count_array: 53
      event_count_array: 55
      event_count_array: 50
      event_count_array: 44
      event_count_array: 26
      event_count_array: 9
      event_count_array: 3
      event_count_array: 4
      non_event_count_array: 0
      non_event_count_array: 1
      non_event_count_array: 4
      non_event_count_array: 2
      non_event_count_array: 7
      non_event_count_array: 13
      non_event_count_array: 31
      non_event_count_array: 48
      non_event_count_array: 54
      non_event_count_array: 52
      event_rate_array: 0.16106442577030813
      event_rate_array: 0.1568627450980392
      event_rate_array: 0.1484593837535014
      event_rate_array: 0.15406162464985995
      event_rate_array: 0.1400560224089636
      event_rate_array: 0.12324929971988796
      event_rate_array: 0.07282913165266107
      event_rate_array: 0.025210084033613446
      event_rate_array: 0.008403361344537815
      event_rate_array: 0.011204481792717087
      non_event_rate_array: 0.0023584905660377358
      non_event_rate_array: 0.0047169811320754715
      non_event_rate_array: 0.018867924528301886
      non_event_rate_array: 0.009433962264150943
      non_event_rate_array: 0.0330188679245283
      non_event_rate_array: 0.06132075471698113
      non_event_rate_array: 0.14622641509433962
      non_event_rate_array: 0.22641509433962265
      non_event_rate_array: 0.25471698113207547
      non_event_rate_array: 0.24528301886792453
      iv: 4.128188080105035
      bin_nums: 10
    }
  }
  binning_result {
    key: "host.7"
    value {
      woe_array: 4.223782621255624
      woe_array: 4.223782621255624
      woe_array: 3.504202183627523
      woe_array: 2.369222250788538
      woe_array: 1.444963349265206
      woe_array: 1.444963349265206
      woe_array: -1.0136259922054207
      woe_array: -2.047205810602676
      woe_array: -4.546501197842776
      woe_array: -5.248537325819967
      iv_array: 0.6703393710059184
      iv_array: 0.6703393710059184
      iv_array: 0.5331495183192079
      iv_array: 0.32484302225612627
      iv_array: 0.1546647652396469
      iv_array: 0.1546647652396469
      iv_array: 0.10966082162911558
      iv_array: 0.3868603337989466
      iv_array: 1.1882272830892937
      iv_array: 1.391433819220902
      event_count_array: 57
      event_count_array: 57
      event_count_array: 56
      event_count_array: 54
      event_count_array: 50
      event_count_array: 50
      event_count_array: 22
      event_count_array: 10
      event_count_array: 1
      event_count_array: 0
      non_event_count_array: 0
      non_event_count_array: 0
      non_event_count_array: 1
      non_event_count_array: 3
      non_event_count_array: 7
      non_event_count_array: 7
      non_event_count_array: 36
      non_event_count_array: 46
      non_event_count_array: 56
      non_event_count_array: 56
      event_rate_array: 0.16106442577030813
      event_rate_array: 0.16106442577030813
      event_rate_array: 0.1568627450980392
      event_rate_array: 0.15126050420168066
      event_rate_array: 0.1400560224089636
      event_rate_array: 0.1400560224089636
      event_rate_array: 0.06162464985994398
      event_rate_array: 0.028011204481792718
      event_rate_array: 0.0028011204481792717
      event_rate_array: 0.0014005602240896359
      non_event_rate_array: 0.0023584905660377358
      non_event_rate_array: 0.0023584905660377358
      non_event_rate_array: 0.0047169811320754715
      non_event_rate_array: 0.014150943396226415
      non_event_rate_array: 0.0330188679245283
      non_event_rate_array: 0.0330188679245283
      non_event_rate_array: 0.16981132075471697
      non_event_rate_array: 0.2169811320754717
      non_event_rate_array: 0.2641509433962264
      non_event_rate_array: 0.2665094339622642
      iv: 5.584183070804723
      is_woe_monotonic: true
      bin_nums: 10
    }
  }
  binning_result {
    key: "host.8"
    value {
      woe_array: 1.8206562990397004
      woe_array: 0.4198338373568999
      woe_array: 0.6980907693490978
      woe_array: 0.9311028218040615
      woe_array: -0.010323883341636015
      woe_array: -0.41578899144980025
      woe_array: -0.20269577598909203
      woe_array: -0.27428942917610083
      woe_array: -0.6970401735712908
      woe_array: -1.3514978091810568
      iv_array: 0.22225362754119488
      iv_array: 0.01653063838226787
      iv_array: 0.043231745625749454
      iv_array: 0.07427022534790866
      iv_array: 1.0503395926562797e-05
      iv_array: 0.018014006962685573
      iv_array: 0.00421010728628049
      iv_array: 0.007759284232678398
      iv_array: 0.05116085518984884
      iv_array: 0.18426755843955556
      event_count_array: 52
      event_count_array: 41
      event_count_array: 44
      event_count_array: 47
      event_count_array: 35
      event_count_array: 30
      event_count_array: 33
      event_count_array: 32
      event_count_array: 26
      event_count_array: 17
      non_event_count_array: 5
      non_event_count_array: 16
      non_event_count_array: 13
      non_event_count_array: 11
      non_event_count_array: 21
      non_event_count_array: 27
      non_event_count_array: 24
      non_event_count_array: 25
      non_event_count_array: 31
      non_event_count_array: 39
      event_rate_array: 0.14565826330532214
      event_rate_array: 0.11484593837535013
      event_rate_array: 0.12324929971988796
      event_rate_array: 0.13165266106442577
      event_rate_array: 0.09803921568627451
      event_rate_array: 0.08403361344537816
      event_rate_array: 0.09243697478991597
      event_rate_array: 0.0896358543417367
      event_rate_array: 0.07282913165266107
      event_rate_array: 0.047619047619047616
      non_event_rate_array: 0.02358490566037736
      non_event_rate_array: 0.07547169811320754
      non_event_rate_array: 0.06132075471698113
      non_event_rate_array: 0.05188679245283019
      non_event_rate_array: 0.09905660377358491
      non_event_rate_array: 0.12735849056603774
      non_event_rate_array: 0.11320754716981132
      non_event_rate_array: 0.1179245283018868
      non_event_rate_array: 0.14622641509433962
      non_event_rate_array: 0.18396226415094338
      iv: 0.6217085524040963
      bin_nums: 10
    }
  }
  binning_result {
    key: "host.9"
    value {
      woe_array: -0.9854551152387244
      woe_array: -0.20269577598909203
      woe_array: 0.8225852395934681
      woe_array: 0.48437235849447113
      woe_array: 0.09403613198260691
      woe_array: -0.13028319842061503
      woe_array: 0.6980907693490978
      woe_array: 0.09403613198260691
      woe_array: -0.13028319842061503
      woe_array: -0.4496905431254817
      iv_array: 0.10196473504881415
      iv_array: 0.00421010728628049
      iv_array: 0.05942994675356855
      iv_array: 0.021356568895619286
      iv_array: 0.0008747084841677932
      iv_array: 0.0017265742827529856
      iv_array: 0.043231745625749454
      iv_array: 0.0008747084841677932
      iv_array: 0.0017265742827529856
      iv_array: 0.020742424898935793
      event_count_array: 22
      event_count_array: 33
      event_count_array: 46
      event_count_array: 41
      event_count_array: 37
      event_count_array: 34
      event_count_array: 44
      event_count_array: 37
      event_count_array: 34
      event_count_array: 29
      non_event_count_array: 35
      non_event_count_array: 24
      non_event_count_array: 12
      non_event_count_array: 15
      non_event_count_array: 20
      non_event_count_array: 23
      non_event_count_array: 13
      non_event_count_array: 20
      non_event_count_array: 23
      non_event_count_array: 27
      event_rate_array: 0.06162464985994398
      event_rate_array: 0.09243697478991597
      event_rate_array: 0.12885154061624648
      event_rate_array: 0.11484593837535013
      event_rate_array: 0.10364145658263306
      event_rate_array: 0.09523809523809523
      event_rate_array: 0.12324929971988796
      event_rate_array: 0.10364145658263306
      event_rate_array: 0.09523809523809523
      event_rate_array: 0.08123249299719888
      non_event_rate_array: 0.1650943396226415
      non_event_rate_array: 0.11320754716981132
      non_event_rate_array: 0.05660377358490566
      non_event_rate_array: 0.07075471698113207
      non_event_rate_array: 0.09433962264150944
      non_event_rate_array: 0.10849056603773585
      non_event_rate_array: 0.06132075471698113
      non_event_rate_array: 0.09433962264150944
      non_event_rate_array: 0.10849056603773585
      non_event_rate_array: 0.12735849056603774
      iv: 0.2561380940428093
      bin_nums: 10
    }
  }
  role: "host"
  party_id: "10000"
}
header: "x0"
header: "x1"
header: "x2"
header: "x3"
header: "x4"
header: "x5"
header: "x6"
header: "x7"
header: "x8"
header: "x9"
}}}
[DEBUG] [2020-10-29 08:05:29,429] [2015:140144857028416] - base_transfer_variable.py[line:63]: create variable with name=HeteroFeatureBinningTransferVariable.bucket_idx, src=('guest',), dst=('host',)
[DEBUG] [2020-10-29 08:05:29,429] [2015:140144857028416] - base_transfer_variable.py[line:63]: create variable with name=HeteroFeatureBinningTransferVariable.encrypted_bin_sum, src=('host',), dst=('guest',)
[DEBUG] [2020-10-29 08:05:29,429] [2015:140144857028416] - base_transfer_variable.py[line:63]: create variable with name=HeteroFeatureBinningTransferVariable.encrypted_label, src=('guest',), dst=('host',)
[DEBUG] [2020-10-29 08:05:29,430] [2015:140144857028416] - base_transfer_variable.py[line:63]: create variable with name=HeteroFeatureBinningTransferVariable.paillier_pubkey, src=('guest',), dst=('host',)
[DEBUG] [2020-10-29 08:05:29,432] [2015:140144857028416] - model_base.py[line:210]: In extract_data, data input: {'hetero_feature_binning_0.data': <arch.api.impl.based_1x.table.DTable object at 0x7f70ea458160>}
[DEBUG] [2020-10-29 08:05:29,433] [2015:140144857028416] - model_base.py[line:152]: set flowid to transfer_variable, flowid: fit
[DEBUG] [2020-10-29 08:05:29,433] [2015:140144857028416] - model_base.py[line:87]: func: <bound method BaseHeteroFeatureSelection.fit of <federatedml.feature.hetero_feature_selection.feature_selection_guest.HeteroFeatureSelectionGuest object at 0x7f70ea41efd0>>
[INFO] [2020-10-29 08:05:29,433] [2015:140144857028416] - base_feature_selection.py[line:266]: Start Hetero Selection Fit and transform.
[DEBUG] [2020-10-29 08:05:29,434] [2015:140144857028416] - profile_util.py[line:34]: abnormal_detection.py:23 call count, takes 0.0007288455963134766s
[DEBUG] [2020-10-29 08:05:29,492] [2015:140144857028416] - profile_util.py[line:34]: statics.py:153 call mapPartitions, takes 0.05752134323120117s
[DEBUG] [2020-10-29 08:05:29,498] [2015:140144857028416] - profile_util.py[line:34]: statics.py:154 call reduce, takes 0.005663871765136719s
[DEBUG] [2020-10-29 08:05:29,498] [2015:140144857028416] - base_feature_selection.py[line:253]: method: unique_value, host_select_properties: None
[DEBUG] [2020-10-29 08:05:29,499] [2015:140144857028416] - base_feature_selection.py[line:259]: method: unique_value, selection_cols: ['x0', 'x1', 'x2', 'x3', 'x4', 'x5', 'x6', 'x7', 'x8', 'x9'], left_cols: ['x0', 'x1', 'x2', 'x3', 'x4', 'x5', 'x6', 'x7', 'x8', 'x9']
[DEBUG] [2020-10-29 08:05:29,499] [2015:140144857028416] - base_feature_selection.py[line:240]: In update_curt_select_param, header: ['x0', 'x1', 'x2', 'x3', 'x4', 'x5', 'x6', 'x7', 'x8', 'x9'], cols_map: {'x0': 0, 'x1': 1, 'x2': 2, 'x3': 3, 'x4': 4, 'x5': 5, 'x6': 6, 'x7': 7, 'x8': 8, 'x9': 9},last_left_col_indexes: [0, 1, 2, 3, 4, 5, 6, 7, 8, 9], select_col_names: ['x0', 'x1', 'x2', 'x3', 'x4', 'x5', 'x6', 'x7', 'x8', 'x9']
[DEBUG] [2020-10-29 08:05:29,499] [2015:140144857028416] - base_feature_selection.py[line:262]: After updated, method: unique_value, selection_cols: ['x0', 'x1', 'x2', 'x3', 'x4', 'x5', 'x6', 'x7', 'x8', 'x9'], left_cols: []
[DEBUG] [2020-10-29 08:05:29,530] [2015:140144857028416] - profile_util.py[line:34]: base_feature_selection.py:200 call mapValues, takes 0.029852628707885742s
[DEBUG] [2020-10-29 08:05:29,530] [2015:140144857028416] - base_feature_selection.py[line:203]: When transfering, all left_col_names: ['x0', 'x1', 'x2', 'x3', 'x4', 'x5', 'x6', 'x7', 'x8', 'x9']
[DEBUG] [2020-10-29 08:05:29,532] [2015:140144857028416] - base_feature_selection.py[line:211]: In feature selection transform, Before transform: [9. 0. 9. 9. 8. 9. 9. 9. 9. 9.], length: 10 After transform: [9. 0. 9. 9. 8. 9. 9. 9. 9. 9.], length: 10
[INFO] [2020-10-29 08:05:29,532] [2015:140144857028416] - base_feature_selection.py[line:277]: Finish Hetero Selection Fit and transform.
[DEBUG] [2020-10-29 08:05:29,532] [2015:140144857028416] - model_base.py[line:99]: saved_result is : [<arch.api.impl.based_1x.table.DTable object at 0x7f5018862d68>], data_output: <arch.api.impl.based_1x.table.DTable object at 0x7f5018862d68>
[DEBUG] [2020-10-29 08:05:29,564] [2015:140144857028416] - profile_util.py[line:34]: tracking_manager.py:201 call save_as, takes 0.03125715255737305s
[DEBUG] [2020-10-29 08:05:29,566] [2015:140144857028416] - profile_util.py[line:34]: session.py:178 call collect, takes 0.0009050369262695312s
[DEBUG] [2020-10-29 08:05:29,583] [2015:140144857028416] - profile_util.py[line:34]: tracking_manager.py:221 call count, takes 0.0005743503570556641s
[DEBUG] [2020-10-29 08:05:29,590] [2015:140144857028416] - base_feature_selection.py[line:131]: Model output is : None
[DEBUG] [2020-10-29 08:05:29,590] [2015:140144857028416] - base_feature_selection.py[line:97]: curt_select_properties.left_col_name: [], completed_selection_result: ['x0', 'x1', 'x2', 'x3', 'x4', 'x5', 'x6', 'x7', 'x8', 'x9']
[DEBUG] [2020-10-29 08:05:29,590] [2015:140144857028416] - base_feature_selection.py[line:99]: Length of left cols: 10
[DEBUG] [2020-10-29 08:05:29,591] [2015:140144857028416] - base_feature_selection.py[line:124]: json_result: {
  "results": [
    {
      "featureValues": {
        "x0": 9.0,
        "x1": 9.0,
        "x2": 9.0,
        "x3": 9.0,
        "x4": 9.0,
        "x5": 9.0,
        "x6": 9.0,
        "x7": 9.0,
        "x8": 9.0,
        "x9": 9.0
      },
      "leftCols": {
        "originalCols": [
          "x0",
          "x1",
          "x2",
          "x3",
          "x4",
          "x5",
          "x6",
          "x7",
          "x8",
          "x9"
        ],
        "leftCols": {
          "x2": true,
          "x3": true,
          "x4": true,
          "x5": true,
          "x6": true,
          "x7": true,
          "x8": true,
          "x9": true,
          "x0": true,
          "x1": true
        }
      },
      "filterName": "unique_value"
    }
  ],
  "finalLeftCols": {
    "originalCols": [
      "x0",
      "x1",
      "x2",
      "x3",
      "x4",
      "x5",
      "x6",
      "x7",
      "x8",
      "x9"
    ],
    "leftCols": {
      "x0": true,
      "x1": true,
      "x2": true,
      "x3": true,
      "x4": true,
      "x5": true,
      "x6": true,
      "x7": true,
      "x8": true,
      "x9": true
    }
  },
  "colNames": [
    "x0",
    "x1",
    "x2",
    "x3",
    "x4",
    "x5",
    "x6",
    "x7",
    "x8",
    "x9"
  ],
  "header": [
    "x0",
    "x1",
    "x2",
    "x3",
    "x4",
    "x5",
    "x6",
    "x7",
    "x8",
    "x9"
  ]
}
[INFO] [2020-10-29 08:05:29,592] [2015:140144857028416] - pipelined_model.py[line:72]: Save hetero_feature_selection_0 selected FeatureSelectionMeta buffer
[INFO] [2020-10-29 08:05:29,592] [2015:140144857028416] - pipelined_model.py[line:72]: Save hetero_feature_selection_0 selected FeatureSelectionParam buffer
[INFO] [2020-10-29 08:05:29,599] [2015:140144857028416] - pipelined_model.py[line:77]: Save hetero_feature_selection_0 selected successfully
[INFO] [2020-10-29 08:05:29,621] [2015:140144857028416] - task_executor.py[line:160]: task 202010290805128735466_hetero_feature_selection_0 guest 9999 start time: 2020-10-29 08:05:25
[INFO] [2020-10-29 08:05:29,622] [2015:140144857028416] - task_executor.py[line:161]: task 202010290805128735466_hetero_feature_selection_0 guest 9999 end time: 2020-10-29 08:05:29
[INFO] [2020-10-29 08:05:29,622] [2015:140144857028416] - task_executor.py[line:162]: task 202010290805128735466_hetero_feature_selection_0 guest 9999 takes 4.133s
[INFO] [2020-10-29 08:05:29,622] [2015:140144857028416] - task_executor.py[line:164]: finish 202010290805128735466 hetero_feature_selection_0 202010290805128735466_hetero_feature_selection_0 guest 9999 success task
