[INFO] [2020-10-29 08:26:06,099] [2750:140391119148864] - task_executor.py[line:121]: run 2020102908260459230210 dataio_0 2020102908260459230210_dataio_0 guest 10000 task
[INFO] [2020-10-29 08:26:06,100] [2750:140391119148864] - task_executor.py[line:122]: {'DataIOParam': {'input_format': 'dense', 'delimitor': ',', 'data_type': 'float64', 'exclusive_data_type': None, 'tag_with_value': False, 'tag_value_delimitor': ':', 'missing_fill': False, 'default_value': 0, 'missing_fill_method': None, 'missing_impute': None, 'outlier_replace': False, 'outlier_replace_method': None, 'outlier_impute': None, 'outlier_replace_value': 0, 'with_label': True, 'label_name': 'y', 'label_type': 'int', 'output_format': 'dense'}, 'initiator': {'role': 'guest', 'party_id': 10000}, 'job_parameters': {'work_mode': 0, 'model_id': 'arbiter-10000#guest-10000#host-10000#model', 'model_version': '202010290812019279649'}, 'role': {'guest': [10000], 'host': [10000], 'arbiter': [10000]}, 'config': '/fate/examples/federatedml-1.x-examples/homo_logistic_regression/test_homolr_evaluate_job_conf.json', 'dsl': 'examples/federatedml-1.x-examples/homo_logistic_regression/test_homolr_evaluate_job_dsl.json', 'function': 'submit_job', 'local': {'role': 'guest', 'party_id': 10000}, 'CodePath': 'federatedml/util/data_io.py/DataIO', 'module': 'DataIO'}
[INFO] [2020-10-29 08:26:06,100] [2750:140391119148864] - task_executor.py[line:123]: {'model': ['pipeline.dataio_0.dataio'], 'data': {'data': ['args.eval_data']}}
[INFO] [2020-10-29 08:26:06,116] [2750:140391119148864] - pipelined_model.py[line:177]: parse DataIOMeta proto object normal
[INFO] [2020-10-29 08:26:06,118] [2750:140391119148864] - pipelined_model.py[line:177]: parse DataIOParam proto object normal
[DEBUG] [2020-10-29 08:26:06,119] [2750:140391119148864] - profile_util.py[line:34]: task_executor.py:187 call table, takes 0.0008230209350585938s
[INFO] [2020-10-29 08:26:06,119] [2750:140391119148864] - task_executor.py[line:202]: start save as task 2020102908260459230210_dataio_0 input data table experiment breast_homo_guest
[DEBUG] [2020-10-29 08:26:06,120] [2750:140391119148864] - profile_util.py[line:34]: session.py:178 call collect, takes 0.0008394718170166016s
[DEBUG] [2020-10-29 08:26:06,145] [2750:140391119148864] - profile_util.py[line:34]: task_executor.py:212 call save_as, takes 0.024346590042114258s
[INFO] [2020-10-29 08:26:06,149] [2750:140391119148864] - task_executor.py[line:218]: save as task 2020102908260459230210_dataio_0 input data table to 2020102908260459230210_dataio_0_guest_10000 breast_homo_guest done
[DEBUG] [2020-10-29 08:26:06,390] [2750:140391119148864] - component_properties.py[line:67]: {'DataIOParam': {'input_format': 'dense', 'delimitor': ',', 'data_type': 'float64', 'exclusive_data_type': None, 'tag_with_value': False, 'tag_value_delimitor': ':', 'missing_fill': False, 'default_value': 0, 'missing_fill_method': None, 'missing_impute': None, 'outlier_replace': False, 'outlier_replace_method': None, 'outlier_impute': None, 'outlier_replace_value': 0, 'with_label': True, 'label_name': 'y', 'label_type': 'int', 'output_format': 'dense'}, 'initiator': {'role': 'guest', 'party_id': 10000}, 'job_parameters': {'work_mode': 0, 'model_id': 'arbiter-10000#guest-10000#host-10000#model', 'model_version': '202010290812019279649'}, 'role': {'guest': [10000], 'host': [10000], 'arbiter': [10000]}, 'config': '/fate/examples/federatedml-1.x-examples/homo_logistic_regression/test_homolr_evaluate_job_conf.json', 'dsl': 'examples/federatedml-1.x-examples/homo_logistic_regression/test_homolr_evaluate_job_dsl.json', 'function': 'submit_job', 'local': {'role': 'guest', 'party_id': 10000}, 'CodePath': 'federatedml/util/data_io.py/DataIO', 'module': 'DataIO'}
[DEBUG] [2020-10-29 08:26:06,391] [2750:140391119148864] - component_properties.py[line:74]: need_run: True, need_cv: False
[DEBUG] [2020-10-29 08:26:06,391] [2750:140391119148864] - component_properties.py[line:118]: has_train_data: False, has_eval_data: False, has_normal_data: True
[DEBUG] [2020-10-29 08:26:06,393] [2750:140391119148864] - profile_util.py[line:34]: component_properties.py:155 call count, takes 0.0017688274383544922s
[DEBUG] [2020-10-29 08:26:06,393] [2750:140391119148864] - model_base.py[line:210]: In extract_data, data input: {'args.data': <arch.api.impl.based_1x.table.DTable object at 0x7faa40a07b70>}
[DEBUG] [2020-10-29 08:26:06,393] [2750:140391119148864] - model_base.py[line:87]: func: <bound method DataIO.transform of <federatedml.util.data_io.DataIO object at 0x7faa40a07668>>
[INFO] [2020-10-29 08:26:06,393] [2750:140391119148864] - data_io.py[line:141]: start to read dense data and change data to instance
[DEBUG] [2020-10-29 08:26:06,394] [2750:140391119148864] - profile_util.py[line:34]: abnormal_detection.py:23 call count, takes 0.0007340908050537109s
[DEBUG] [2020-10-29 08:26:06,395] [2750:140391119148864] - data_io.py[line:95]: header is y,x0,x1,x2,x3,x4,x5,x6,x7,x8,x9,x10,x11,x12,x13,x14,x15,x16,x17,x18,x19,x20,x21,x22,x23,x24,x25,x26,x27,x28,x29
[DEBUG] [2020-10-29 08:26:06,395] [2750:140391119148864] - data_io.py[line:96]: sid_name is id
[DEBUG] [2020-10-29 08:26:06,440] [2750:140391119148864] - profile_util.py[line:34]: data_io.py:155 call mapValues, takes 0.04513239860534668s
[DEBUG] [2020-10-29 08:26:06,459] [2750:140391119148864] - profile_util.py[line:34]: data_io.py:158 call mapValues, takes 0.01770615577697754s
[DEBUG] [2020-10-29 08:26:06,464] [2750:140391119148864] - profile_util.py[line:34]: io_check.py:29 call count, takes 0.004812479019165039s
[DEBUG] [2020-10-29 08:26:06,489] [2750:140391119148864] - profile_util.py[line:34]: data_io.py:241 call join, takes 0.025113582611083984s
[DEBUG] [2020-10-29 08:26:06,495] [2750:140391119148864] - profile_util.py[line:34]: io_check.py:35 call count, takes 0.005267620086669922s
[DEBUG] [2020-10-29 08:26:06,495] [2750:140391119148864] - io_check.py[line:36]: num row of input: 227 -> num row of output: 227
[DEBUG] [2020-10-29 08:26:06,495] [2750:140391119148864] - model_base.py[line:99]: saved_result is : [<arch.api.impl.based_1x.table.DTable object at 0x7f41389e9748>], data_output: <arch.api.impl.based_1x.table.DTable object at 0x7f41389e9748>
[DEBUG] [2020-10-29 08:26:06,530] [2750:140391119148864] - profile_util.py[line:34]: tracking_manager.py:201 call save_as, takes 0.03481125831604004s
[DEBUG] [2020-10-29 08:26:06,535] [2750:140391119148864] - profile_util.py[line:34]: session.py:178 call collect, takes 0.0014030933380126953s
[DEBUG] [2020-10-29 08:26:06,627] [2750:140391119148864] - profile_util.py[line:34]: tracking_manager.py:221 call count, takes 0.021712064743041992s
[INFO] [2020-10-29 08:26:06,636] [2750:140391119148864] - pipelined_model.py[line:72]: Save dataio_0 default DataIOMeta buffer
[INFO] [2020-10-29 08:26:06,636] [2750:140391119148864] - pipelined_model.py[line:72]: Save dataio_0 default DataIOParam buffer
[INFO] [2020-10-29 08:26:06,648] [2750:140391119148864] - pipelined_model.py[line:77]: Save dataio_0 default successfully
[INFO] [2020-10-29 08:26:06,675] [2750:140391119148864] - task_executor.py[line:160]: task 2020102908260459230210_dataio_0 guest 10000 start time: 2020-10-29 08:26:05
[INFO] [2020-10-29 08:26:06,675] [2750:140391119148864] - task_executor.py[line:161]: task 2020102908260459230210_dataio_0 guest 10000 end time: 2020-10-29 08:26:06
[INFO] [2020-10-29 08:26:06,675] [2750:140391119148864] - task_executor.py[line:162]: task 2020102908260459230210_dataio_0 guest 10000 takes 0.813s
[INFO] [2020-10-29 08:26:06,676] [2750:140391119148864] - task_executor.py[line:164]: finish 2020102908260459230210 dataio_0 2020102908260459230210_dataio_0 guest 10000 success task
[INFO] [2020-10-29 08:26:08,960] [2811:139638674577216] - task_executor.py[line:121]: run 2020102908260459230210 homo_lr_0 2020102908260459230210_homo_lr_0 guest 10000 task
[INFO] [2020-10-29 08:26:08,960] [2811:139638674577216] - task_executor.py[line:122]: {'HomoLogisticParam': {'penalty': 'L2', 'tol': 1e-05, 'alpha': 0.01, 'optimizer': 'sgd', 'batch_size': 320, 'learning_rate': 0.15, 'init_param': {'init_method': 'zeros', 'init_const': 1, 'fit_intercept': True, 'random_seed': None}, 'max_iter': 3, 'early_stop': 'diff', 'encrypt_param': {'method': 'Paillier', 'key_length': 1024}, 'predict_param': {'threshold': 0.5}, 'cv_param': {'n_splits': 4, 'mode': 'hetero', 'role': 'guest', 'shuffle': True, 'random_seed': 33, 'need_cv': False}, 'decay': 1, 'decay_sqrt': True, 'multi_class': 'ovr', 'validation_freqs': None, 'stepwise_param': {'score_name': 'AIC', 'mode': 'hetero', 'role': 'guest', 'direction': 'both', 'max_step': 10, 'nvmin': 2, 'nvmax': None, 'need_stepwise': False}, 'early_stopping_rounds': None, 'metrics': ['auc', 'ks'], 'use_first_metric_only': False, 're_encrypt_batches': 2, 'aggregate_iters': 1}, 'initiator': {'role': 'guest', 'party_id': 10000}, 'job_parameters': {'work_mode': 0, 'model_id': 'arbiter-10000#guest-10000#host-10000#model', 'model_version': '202010290812019279649'}, 'role': {'guest': [10000], 'host': [10000], 'arbiter': [10000]}, 'config': '/fate/examples/federatedml-1.x-examples/homo_logistic_regression/test_homolr_evaluate_job_conf.json', 'dsl': 'examples/federatedml-1.x-examples/homo_logistic_regression/test_homolr_evaluate_job_dsl.json', 'function': 'submit_job', 'local': {'role': 'guest', 'party_id': 10000}, 'CodePath': 'federatedml/linear_model/logistic_regression/homo_logsitic_regression/homo_lr_guest.py/HomoLRGuest', 'module': 'HomoLR'}
[INFO] [2020-10-29 08:26:08,961] [2811:139638674577216] - task_executor.py[line:123]: {'model': ['pipeline.homo_lr_0.homolr'], 'data': {'eval_data': ['dataio_0.train']}}
[DEBUG] [2020-10-29 08:26:08,973] [2811:139638674577216] - profile_util.py[line:34]: tracking_manager.py:232 call table, takes 0.0013720989227294922s
[DEBUG] [2020-10-29 08:26:08,974] [2811:139638674577216] - profile_util.py[line:34]: tracking_manager.py:236 call table, takes 0.0008683204650878906s
[DEBUG] [2020-10-29 08:26:08,976] [2811:139638674577216] - profile_util.py[line:34]: session.py:178 call collect, takes 0.0012309551239013672s
[INFO] [2020-10-29 08:26:08,977] [2811:139638674577216] - task_executor.py[line:202]: start save as task 2020102908260459230210_homo_lr_0 input data table output_data_2020102908260459230210_dataio_0 63db4122-19c0-11eb-b063-0242ac120002
[DEBUG] [2020-10-29 08:26:08,977] [2811:139638674577216] - profile_util.py[line:34]: session.py:178 call collect, takes 0.0005376338958740234s
[DEBUG] [2020-10-29 08:26:09,013] [2811:139638674577216] - profile_util.py[line:34]: task_executor.py:212 call save_as, takes 0.03485822677612305s
[INFO] [2020-10-29 08:26:09,016] [2811:139638674577216] - task_executor.py[line:218]: save as task 2020102908260459230210_homo_lr_0 input data table to 2020102908260459230210_homo_lr_0_guest_10000 63db4122-19c0-11eb-b063-0242ac120002 done
[DEBUG] [2020-10-29 08:26:09,194] [2811:139638674577216] - base_transfer_variable.py[line:63]: create variable with name=HasConvergedTransVar.has_converged, src=('arbiter',), dst=('guest', 'host')
[DEBUG] [2020-10-29 08:26:09,195] [2811:139638674577216] - base_transfer_variable.py[line:63]: create variable with name=LossScatterTransVar.loss, src=('guest', 'host'), dst=('arbiter',)
[DEBUG] [2020-10-29 08:26:09,195] [2811:139638674577216] - base_transfer_variable.py[line:63]: create variable with name=ModelScatterTransVar.client_model, src=('guest', 'host'), dst=('arbiter',)
[DEBUG] [2020-10-29 08:26:09,196] [2811:139638674577216] - base_transfer_variable.py[line:63]: create variable with name=ModelBroadcasterTransVar.server_model, src=('arbiter',), dst=('guest', 'host')
[DEBUG] [2020-10-29 08:26:09,196] [2811:139638674577216] - base_transfer_variable.py[line:63]: create variable with name=UUIDTransVar.uuid, src=('arbiter',), dst=('guest', 'host')
[DEBUG] [2020-10-29 08:26:10,010] [2811:139638674577216] - base_transfer_variable.py[line:63]: create variable with name=DHTransVar.p_power_r, src=('guest', 'host'), dst=('arbiter',)
[DEBUG] [2020-10-29 08:26:10,010] [2811:139638674577216] - base_transfer_variable.py[line:63]: create variable with name=DHTransVar.p_power_r_bc, src=('arbiter',), dst=('guest', 'host')
[DEBUG] [2020-10-29 08:26:10,010] [2811:139638674577216] - base_transfer_variable.py[line:63]: create variable with name=DHTransVar.pubkey, src=('arbiter',), dst=('guest', 'host')
[DEBUG] [2020-10-29 08:26:10,261] [2811:139638674577216] - base_transfer_variable.py[line:63]: create variable with name=RandomPaddingCipherTransVar.UUIDTransVar.uuid, src=('arbiter',), dst=('guest', 'host')
[DEBUG] [2020-10-29 08:26:10,261] [2811:139638674577216] - base_transfer_variable.py[line:63]: create variable with name=RandomPaddingCipherTransVar.DHTransVar.p_power_r, src=('guest', 'host'), dst=('arbiter',)
[DEBUG] [2020-10-29 08:26:10,261] [2811:139638674577216] - base_transfer_variable.py[line:63]: create variable with name=RandomPaddingCipherTransVar.DHTransVar.p_power_r_bc, src=('arbiter',), dst=('guest', 'host')
[DEBUG] [2020-10-29 08:26:10,261] [2811:139638674577216] - base_transfer_variable.py[line:63]: create variable with name=RandomPaddingCipherTransVar.DHTransVar.pubkey, src=('arbiter',), dst=('guest', 'host')
[DEBUG] [2020-10-29 08:26:10,526] [2811:139638674577216] - base_transfer_variable.py[line:63]: create variable with name=LegacyAggregatorTransVar.LossScatterTransVar.loss, src=('guest', 'host'), dst=('arbiter',)
[DEBUG] [2020-10-29 08:26:10,526] [2811:139638674577216] - base_transfer_variable.py[line:63]: create variable with name=LegacyAggregatorTransVar.HasConvergedTransVar.has_converged, src=('arbiter',), dst=('guest', 'host')
[DEBUG] [2020-10-29 08:26:10,526] [2811:139638674577216] - base_transfer_variable.py[line:63]: create variable with name=LegacyAggregatorTransVar.ModelScatterTransVar.client_model, src=('guest', 'host'), dst=('arbiter',)
[DEBUG] [2020-10-29 08:26:10,526] [2811:139638674577216] - base_transfer_variable.py[line:63]: create variable with name=LegacyAggregatorTransVar.ModelBroadcasterTransVar.server_model, src=('arbiter',), dst=('guest', 'host')
[DEBUG] [2020-10-29 08:26:10,526] [2811:139638674577216] - base_transfer_variable.py[line:63]: create variable with name=LegacyAggregatorTransVar.RandomPaddingCipherTransVar.UUIDTransVar.uuid, src=('arbiter',), dst=('guest', 'host')
[DEBUG] [2020-10-29 08:26:10,526] [2811:139638674577216] - base_transfer_variable.py[line:63]: create variable with name=LegacyAggregatorTransVar.RandomPaddingCipherTransVar.DHTransVar.p_power_r, src=('guest', 'host'), dst=('arbiter',)
[DEBUG] [2020-10-29 08:26:10,527] [2811:139638674577216] - base_transfer_variable.py[line:63]: create variable with name=LegacyAggregatorTransVar.RandomPaddingCipherTransVar.DHTransVar.p_power_r_bc, src=('arbiter',), dst=('guest', 'host')
[DEBUG] [2020-10-29 08:26:10,527] [2811:139638674577216] - base_transfer_variable.py[line:63]: create variable with name=LegacyAggregatorTransVar.RandomPaddingCipherTransVar.DHTransVar.pubkey, src=('arbiter',), dst=('guest', 'host')
[DEBUG] [2020-10-29 08:26:24,539] [2811:139638674577216] - encrypt_param.py[line:71]: Finish encrypt parameter check!
[DEBUG] [2020-10-29 08:26:24,539] [2811:139638674577216] - predict_param.py[line:46]: Finish predict parameter check!
[DEBUG] [2020-10-29 08:26:24,539] [2811:139638674577216] - component_properties.py[line:67]: {'HomoLogisticParam': {'penalty': 'L2', 'tol': 1e-05, 'alpha': 0.01, 'optimizer': 'sgd', 'batch_size': 320, 'learning_rate': 0.15, 'init_param': {'init_method': 'zeros', 'init_const': 1, 'fit_intercept': True, 'random_seed': None}, 'max_iter': 3, 'early_stop': 'diff', 'encrypt_param': {'method': 'Paillier', 'key_length': 1024}, 'predict_param': {'threshold': 0.5}, 'cv_param': {'n_splits': 4, 'mode': 'hetero', 'role': 'guest', 'shuffle': True, 'random_seed': 33, 'need_cv': False}, 'decay': 1, 'decay_sqrt': True, 'multi_class': 'ovr', 'validation_freqs': None, 'stepwise_param': {'score_name': 'AIC', 'mode': 'hetero', 'role': 'guest', 'direction': 'both', 'max_step': 10, 'nvmin': 2, 'nvmax': None, 'need_stepwise': False}, 'early_stopping_rounds': None, 'metrics': ['auc', 'ks'], 'use_first_metric_only': False, 're_encrypt_batches': 2, 'aggregate_iters': 1}, 'initiator': {'role': 'guest', 'party_id': 10000}, 'job_parameters': {'work_mode': 0, 'model_id': 'arbiter-10000#guest-10000#host-10000#model', 'model_version': '202010290812019279649'}, 'role': {'guest': [10000], 'host': [10000], 'arbiter': [10000]}, 'config': '/fate/examples/federatedml-1.x-examples/homo_logistic_regression/test_homolr_evaluate_job_conf.json', 'dsl': 'examples/federatedml-1.x-examples/homo_logistic_regression/test_homolr_evaluate_job_dsl.json', 'function': 'submit_job', 'local': {'role': 'guest', 'party_id': 10000}, 'CodePath': 'federatedml/linear_model/logistic_regression/homo_logsitic_regression/homo_lr_guest.py/HomoLRGuest', 'module': 'HomoLR'}
[DEBUG] [2020-10-29 08:26:24,539] [2811:139638674577216] - component_properties.py[line:74]: need_run: True, need_cv: False
[DEBUG] [2020-10-29 08:26:24,539] [2811:139638674577216] - optimizer.py[line:273]: in optimizer_factory, optimizer_type: sgd, learning_rate: 0.15, alpha: 0.01, penalty: L2,decay: 1, decay_sqrt: True
[INFO] [2020-10-29 08:26:24,539] [2811:139638674577216] - one_vs_rest.py[line:287]: Create one_vs_rest object, role: guest, mode: homo
[DEBUG] [2020-10-29 08:26:24,539] [2811:139638674577216] - base_transfer_variable.py[line:63]: create variable with name=OneVsRestTransferVariable.aggregate_classes, src=('guest',), dst=('host', 'arbiter')
[DEBUG] [2020-10-29 08:26:24,540] [2811:139638674577216] - base_transfer_variable.py[line:63]: create variable with name=OneVsRestTransferVariable.host_classes, src=('host',), dst=('guest',)
[DEBUG] [2020-10-29 08:26:24,540] [2811:139638674577216] - base_transfer_variable.py[line:63]: create variable with name=HomoLRTransferVariable.aggregated_model, src=('arbiter',), dst=('guest', 'host')
[DEBUG] [2020-10-29 08:26:24,541] [2811:139638674577216] - base_transfer_variable.py[line:63]: create variable with name=HomoLRTransferVariable.dh_ciphertext_bc, src=('arbiter',), dst=('guest', 'host')
[DEBUG] [2020-10-29 08:26:24,541] [2811:139638674577216] - base_transfer_variable.py[line:63]: create variable with name=HomoLRTransferVariable.dh_ciphertext_guest, src=('guest',), dst=('arbiter',)
[DEBUG] [2020-10-29 08:26:24,541] [2811:139638674577216] - base_transfer_variable.py[line:63]: create variable with name=HomoLRTransferVariable.dh_ciphertext_host, src=('host',), dst=('arbiter',)
[DEBUG] [2020-10-29 08:26:24,541] [2811:139638674577216] - base_transfer_variable.py[line:63]: create variable with name=HomoLRTransferVariable.dh_pubkey, src=('arbiter',), dst=('guest', 'host')
[DEBUG] [2020-10-29 08:26:24,541] [2811:139638674577216] - base_transfer_variable.py[line:63]: create variable with name=HomoLRTransferVariable.guest_loss, src=('guest',), dst=('arbiter',)
[DEBUG] [2020-10-29 08:26:24,541] [2811:139638674577216] - base_transfer_variable.py[line:63]: create variable with name=HomoLRTransferVariable.guest_model, src=('guest',), dst=('arbiter',)
[DEBUG] [2020-10-29 08:26:24,541] [2811:139638674577216] - base_transfer_variable.py[line:63]: create variable with name=HomoLRTransferVariable.guest_party_weight, src=('guest',), dst=('arbiter',)
[DEBUG] [2020-10-29 08:26:24,542] [2811:139638674577216] - base_transfer_variable.py[line:63]: create variable with name=HomoLRTransferVariable.guest_uuid, src=('guest',), dst=('arbiter',)
[DEBUG] [2020-10-29 08:26:24,542] [2811:139638674577216] - base_transfer_variable.py[line:63]: create variable with name=HomoLRTransferVariable.host_loss, src=('host',), dst=('arbiter',)
[DEBUG] [2020-10-29 08:26:24,542] [2811:139638674577216] - base_transfer_variable.py[line:63]: create variable with name=HomoLRTransferVariable.host_model, src=('host',), dst=('arbiter',)
[DEBUG] [2020-10-29 08:26:24,542] [2811:139638674577216] - base_transfer_variable.py[line:63]: create variable with name=HomoLRTransferVariable.host_party_weight, src=('host',), dst=('arbiter',)
[DEBUG] [2020-10-29 08:26:24,542] [2811:139638674577216] - base_transfer_variable.py[line:63]: create variable with name=HomoLRTransferVariable.host_uuid, src=('host',), dst=('arbiter',)
[DEBUG] [2020-10-29 08:26:24,542] [2811:139638674577216] - base_transfer_variable.py[line:63]: create variable with name=HomoLRTransferVariable.is_converge, src=('arbiter',), dst=('guest', 'host')
[DEBUG] [2020-10-29 08:26:24,542] [2811:139638674577216] - base_transfer_variable.py[line:63]: create variable with name=HomoLRTransferVariable.paillier_pubkey, src=('arbiter',), dst=('host',)
[DEBUG] [2020-10-29 08:26:24,542] [2811:139638674577216] - base_transfer_variable.py[line:63]: create variable with name=HomoLRTransferVariable.predict_result, src=('arbiter',), dst=('host',)
[DEBUG] [2020-10-29 08:26:24,542] [2811:139638674577216] - base_transfer_variable.py[line:63]: create variable with name=HomoLRTransferVariable.predict_wx, src=('host',), dst=('arbiter',)
[DEBUG] [2020-10-29 08:26:24,543] [2811:139638674577216] - base_transfer_variable.py[line:63]: create variable with name=HomoLRTransferVariable.re_encrypt_times, src=('host',), dst=('arbiter',)
[DEBUG] [2020-10-29 08:26:24,543] [2811:139638674577216] - base_transfer_variable.py[line:63]: create variable with name=HomoLRTransferVariable.re_encrypted_model, src=('arbiter',), dst=('host',)
[DEBUG] [2020-10-29 08:26:24,543] [2811:139638674577216] - base_transfer_variable.py[line:63]: create variable with name=HomoLRTransferVariable.to_encrypt_model, src=('host',), dst=('arbiter',)
[DEBUG] [2020-10-29 08:26:24,543] [2811:139638674577216] - base_transfer_variable.py[line:63]: create variable with name=HomoLRTransferVariable.use_encrypt, src=('host',), dst=('arbiter',)
[DEBUG] [2020-10-29 08:26:24,543] [2811:139638674577216] - base_transfer_variable.py[line:63]: create variable with name=HomoLRTransferVariable.uuid_conflict_flag, src=('arbiter',), dst=('guest', 'host')
[INFO] [2020-10-29 08:26:24,543] [2811:139638674577216] - random_padding_cipher.py[line:56]: synchronizing uuid
[DEBUG] [2020-10-29 08:26:24,544] [2811:139638674577216] - federation_standalone.py[line:105]: [GET] Party(role=guest, party_id=10000) getting LegacyAggregatorTransVar.RandomPaddingCipherTransVar.UUIDTransVar.uuid.default from [Party(role=arbiter, party_id=10000)]
[DEBUG] [2020-10-29 08:26:24,544] [2811:139638674577216] - federation_standalone.py[line:40]: [GET] Got 2020102908260459230210_homo_lr_0-LegacyAggregatorTransVar.RandomPaddingCipherTransVar.UUIDTransVar.uuid-default-arbiter-10000-guest-10000 type Object
[DEBUG] [2020-10-29 08:26:24,545] [2811:139638674577216] - federation_standalone.py[line:117]: [GET] Party(role=guest, party_id=10000) getting 2020102908260459230210_homo_lr_0-LegacyAggregatorTransVar.RandomPaddingCipherTransVar.UUIDTransVar.uuid-default-arbiter-10000-guest-10000 from [Party(role=arbiter, party_id=10000)]
[INFO] [2020-10-29 08:26:24,545] [2811:139638674577216] - random_padding_cipher.py[line:58]: local uuid=cfcd208495d565ef66e7dff9f98764da
[INFO] [2020-10-29 08:26:24,545] [2811:139638674577216] - random_padding_cipher.py[line:60]: Diffie-Hellman keys exchanging
[DEBUG] [2020-10-29 08:26:24,545] [2811:139638674577216] - federation_standalone.py[line:105]: [GET] Party(role=guest, party_id=10000) getting LegacyAggregatorTransVar.RandomPaddingCipherTransVar.DHTransVar.pubkey.default from [Party(role=arbiter, party_id=10000)]
[DEBUG] [2020-10-29 08:26:24,546] [2811:139638674577216] - federation_standalone.py[line:40]: [GET] Got 2020102908260459230210_homo_lr_0-LegacyAggregatorTransVar.RandomPaddingCipherTransVar.DHTransVar.pubkey-default-arbiter-10000-guest-10000 type Object
[DEBUG] [2020-10-29 08:26:24,546] [2811:139638674577216] - federation_standalone.py[line:117]: [GET] Party(role=guest, party_id=10000) getting 2020102908260459230210_homo_lr_0-LegacyAggregatorTransVar.RandomPaddingCipherTransVar.DHTransVar.pubkey-default-arbiter-10000-guest-10000 from [Party(role=arbiter, party_id=10000)]
[DEBUG] [2020-10-29 08:26:24,550] [2811:139638674577216] - federation_standalone.py[line:90]: [REMOTE] Sent 2020102908260459230210_homo_lr_0-LegacyAggregatorTransVar.RandomPaddingCipherTransVar.DHTransVar.p_power_r-default-guest-10000-arbiter-10000
[DEBUG] [2020-10-29 08:26:24,550] [2811:139638674577216] - federation_standalone.py[line:105]: [GET] Party(role=guest, party_id=10000) getting LegacyAggregatorTransVar.RandomPaddingCipherTransVar.DHTransVar.p_power_r_bc.default from [Party(role=arbiter, party_id=10000)]
[DEBUG] [2020-10-29 08:26:24,754] [2811:139638674577216] - federation_standalone.py[line:40]: [GET] Got 2020102908260459230210_homo_lr_0-LegacyAggregatorTransVar.RandomPaddingCipherTransVar.DHTransVar.p_power_r_bc-default-arbiter-10000-guest-10000 type Object
[DEBUG] [2020-10-29 08:26:24,754] [2811:139638674577216] - federation_standalone.py[line:117]: [GET] Party(role=guest, party_id=10000) getting 2020102908260459230210_homo_lr_0-LegacyAggregatorTransVar.RandomPaddingCipherTransVar.DHTransVar.p_power_r_bc-default-arbiter-10000-guest-10000 from [Party(role=arbiter, party_id=10000)]
[INFO] [2020-10-29 08:26:24,755] [2811:139638674577216] - random_padding_cipher.py[line:62]: Diffie-Hellman exchanged keys {'c4ca4238a0b923820dcc509a6f75849b': mpz(77655039093400513164206379020365150409144985741022247774818088233416075657482966533625322605735982914895657756650501310083531006234431481255218374803697812790331400085259528658444392799418290193686726362864993505607310302082396229867754681574824986485714448151720263944760875992884343777900305269055474654494)}
[DEBUG] [2020-10-29 08:26:24,757] [2811:139638674577216] - optimizer.py[line:273]: in optimizer_factory, optimizer_type: sgd, learning_rate: 0.15, alpha: 0.01, penalty: L2,decay: 1, decay_sqrt: True
[DEBUG] [2020-10-29 08:26:24,757] [2811:139638674577216] - component_properties.py[line:118]: has_train_data: False, has_eval_data: True, has_normal_data: False
[DEBUG] [2020-10-29 08:26:24,762] [2811:139638674577216] - profile_util.py[line:34]: component_properties.py:137 call count, takes 0.00437474250793457s
[DEBUG] [2020-10-29 08:26:24,762] [2811:139638674577216] - base_logistic_regression.py[line:97]: Start Loading model
[ERROR] [2020-10-29 08:26:24,762] [2811:139638674577216] - task_executor.py[line:144]: 'NoneType' object has no attribute 'fit_intercept'
Traceback (most recent call last):
  File "/fate/fate_flow/driver/task_executor.py", line 135, in run_task
    run_object.run(component_parameters, task_run_args)
  File "/fate/federatedml/model_base.py", line 91, in run
    this_data_output = func(*params)
  File "/fate/federatedml/linear_model/logistic_regression/base_logistic_regression.py", line 103, in load_model
    self.init_param_obj.fit_intercept = meta_obj.fit_intercept
AttributeError: 'NoneType' object has no attribute 'fit_intercept'
[INFO] [2020-10-29 08:26:24,776] [2811:139638674577216] - task_executor.py[line:160]: task 2020102908260459230210_homo_lr_0 guest 10000 start time: 2020-10-29 08:26:08
[INFO] [2020-10-29 08:26:24,776] [2811:139638674577216] - task_executor.py[line:161]: task 2020102908260459230210_homo_lr_0 guest 10000 end time: 2020-10-29 08:26:24
[INFO] [2020-10-29 08:26:24,776] [2811:139638674577216] - task_executor.py[line:162]: task 2020102908260459230210_homo_lr_0 guest 10000 takes 16.129s
[INFO] [2020-10-29 08:26:24,777] [2811:139638674577216] - task_executor.py[line:164]: finish 2020102908260459230210 homo_lr_0 2020102908260459230210_homo_lr_0 guest 10000 failed task
