[DEBUG] [2020-10-29 08:03:28,250] [775:139710357473088] - profile_util.py[line:34]: hetero_lr_gradient_test.py:37 call parallelize, takes 0.02661728858947754s
[DEBUG] [2020-10-29 08:03:28,299] [775:139710357473088] - profile_util.py[line:34]: hetero_lr_gradient_test.py:41 call parallelize, takes 0.03181123733520508s
[DEBUG] [2020-10-29 08:03:28,345] [775:139710357473088] - profile_util.py[line:34]: hetero_lr_gradient_test.py:46 call parallelize, takes 0.04557204246520996s
[DEBUG] [2020-10-29 08:03:28,449] [775:139710357473088] - profile_util.py[line:34]: hetero_lr_gradient_test.py:57 call join, takes 0.10364937782287598s
[DEBUG] [2020-10-29 08:03:28,503] [775:139710357473088] - profile_util.py[line:34]: hetero_lr_gradient_test.py:79 call mapValues, takes 0.05294346809387207s
[DEBUG] [2020-10-29 08:03:28,565] [775:139710357473088] - profile_util.py[line:34]: hetero_linear_model_gradient.py:112 call join, takes 0.06217360496520996s
[DEBUG] [2020-10-29 08:03:28,696] [775:139710357473088] - profile_util.py[line:34]: hetero_linear_model_gradient.py:117 call mapPartitions, takes 0.06964373588562012s
[DEBUG] [2020-10-29 08:03:28,751] [775:139710357473088] - profile_util.py[line:34]: hetero_linear_model_gradient.py:118 call reduce, takes 0.05495643615722656s
[DEBUG] [2020-10-29 08:03:28,753] [775:139710357473088] - profile_util.py[line:34]: hetero_linear_model_gradient.py:120 call count, takes 0.002039194107055664s
[DEBUG] [2020-10-29 08:03:28,849] [775:139710357473088] - profile_util.py[line:34]: hetero_linear_model_gradient.py:112 call join, takes 0.08392596244812012s
[DEBUG] [2020-10-29 08:03:28,965] [775:139710357473088] - profile_util.py[line:34]: hetero_linear_model_gradient.py:117 call mapPartitions, takes 0.0674734115600586s
[DEBUG] [2020-10-29 08:03:29,018] [775:139710357473088] - profile_util.py[line:34]: hetero_linear_model_gradient.py:118 call reduce, takes 0.052637338638305664s
[DEBUG] [2020-10-29 08:03:29,020] [775:139710357473088] - profile_util.py[line:34]: hetero_linear_model_gradient.py:120 call count, takes 0.002115011215209961s
[DEBUG] [2020-10-29 08:03:29,096] [775:139710357473088] - profile_util.py[line:34]: hetero_linear_model_gradient.py:112 call join, takes 0.07078289985656738s
[DEBUG] [2020-10-29 08:03:29,167] [775:139710357473088] - profile_util.py[line:34]: hetero_linear_model_gradient.py:117 call mapPartitions, takes 0.04871249198913574s
[DEBUG] [2020-10-29 08:03:29,208] [775:139710357473088] - profile_util.py[line:34]: hetero_linear_model_gradient.py:118 call reduce, takes 0.04165005683898926s
[DEBUG] [2020-10-29 08:03:29,211] [775:139710357473088] - profile_util.py[line:34]: hetero_linear_model_gradient.py:120 call count, takes 0.002124786376953125s
[DEBUG] [2020-10-29 08:03:29,277] [775:139710357473088] - profile_util.py[line:34]: hetero_linear_model_gradient.py:112 call join, takes 0.06104850769042969s
[DEBUG] [2020-10-29 08:03:29,349] [775:139710357473088] - profile_util.py[line:34]: hetero_linear_model_gradient.py:117 call mapPartitions, takes 0.049881696701049805s
[DEBUG] [2020-10-29 08:03:29,384] [775:139710357473088] - profile_util.py[line:34]: hetero_linear_model_gradient.py:118 call reduce, takes 0.034986257553100586s
[DEBUG] [2020-10-29 08:03:29,386] [775:139710357473088] - profile_util.py[line:34]: hetero_linear_model_gradient.py:120 call count, takes 0.0016887187957763672s
