[INFO] [2020-10-29 08:05:14,246] [1861:139779035903808] - task_executor.py[line:121]: run 202010290805128735466 dataio_0 202010290805128735466_dataio_0 guest 9999 task
[INFO] [2020-10-29 08:05:14,246] [1861:139779035903808] - task_executor.py[line:122]: {'DataIOParam': {'input_format': 'dense', 'delimitor': ',', 'data_type': 'float64', 'exclusive_data_type': None, 'tag_with_value': False, 'tag_value_delimitor': ':', 'missing_fill': False, 'default_value': 0, 'missing_fill_method': None, 'missing_impute': None, 'outlier_replace': False, 'outlier_replace_method': None, 'outlier_impute': None, 'outlier_replace_value': 0, 'with_label': True, 'label_name': 'y', 'label_type': 'int', 'output_format': 'dense'}, 'initiator': {'role': 'guest', 'party_id': 9999}, 'job_parameters': {'work_mode': 0, 'processors_per_node': 1, 'align_task_input_data_partition': True, 'model_id': 'arbiter-10000#guest-9999#host-10000#model', 'model_version': '202010290805128735466'}, 'role': {'guest': [9999], 'host': [10000], 'arbiter': [10000]}, 'local': {'role': 'guest', 'party_id': 9999}, 'CodePath': 'federatedml/util/data_io.py/DataIO', 'module': 'DataIO'}
[INFO] [2020-10-29 08:05:14,246] [1861:139779035903808] - task_executor.py[line:123]: {'data': {'data': ['args.train_data']}}
[DEBUG] [2020-10-29 08:05:14,247] [1861:139779035903808] - profile_util.py[line:34]: task_executor.py:187 call table, takes 0.0007483959197998047s
[INFO] [2020-10-29 08:05:14,248] [1861:139779035903808] - task_executor.py[line:202]: start save as task 202010290805128735466_dataio_0 input data table fate_flow_test_breast_hetero breast_hetero_guest
[DEBUG] [2020-10-29 08:05:14,249] [1861:139779035903808] - profile_util.py[line:34]: session.py:178 call collect, takes 0.0007598400115966797s
[DEBUG] [2020-10-29 08:05:14,259] [1861:139779035903808] - profile_util.py[line:34]: task_executor.py:212 call save_as, takes 0.009809017181396484s
[INFO] [2020-10-29 08:05:14,262] [1861:139779035903808] - task_executor.py[line:218]: save as task 202010290805128735466_dataio_0 input data table to 202010290805128735466_dataio_0_guest_9999 breast_hetero_guest done
[DEBUG] [2020-10-29 08:05:14,515] [1861:139779035903808] - component_properties.py[line:67]: {'DataIOParam': {'input_format': 'dense', 'delimitor': ',', 'data_type': 'float64', 'exclusive_data_type': None, 'tag_with_value': False, 'tag_value_delimitor': ':', 'missing_fill': False, 'default_value': 0, 'missing_fill_method': None, 'missing_impute': None, 'outlier_replace': False, 'outlier_replace_method': None, 'outlier_impute': None, 'outlier_replace_value': 0, 'with_label': True, 'label_name': 'y', 'label_type': 'int', 'output_format': 'dense'}, 'initiator': {'role': 'guest', 'party_id': 9999}, 'job_parameters': {'work_mode': 0, 'processors_per_node': 1, 'align_task_input_data_partition': True, 'model_id': 'arbiter-10000#guest-9999#host-10000#model', 'model_version': '202010290805128735466'}, 'role': {'guest': [9999], 'host': [10000], 'arbiter': [10000]}, 'local': {'role': 'guest', 'party_id': 9999}, 'CodePath': 'federatedml/util/data_io.py/DataIO', 'module': 'DataIO'}
[DEBUG] [2020-10-29 08:05:14,515] [1861:139779035903808] - component_properties.py[line:74]: need_run: True, need_cv: False
[DEBUG] [2020-10-29 08:05:14,515] [1861:139779035903808] - component_properties.py[line:118]: has_train_data: False, has_eval_data: False, has_normal_data: True
[DEBUG] [2020-10-29 08:05:14,516] [1861:139779035903808] - profile_util.py[line:34]: component_properties.py:155 call count, takes 0.0004439353942871094s
[DEBUG] [2020-10-29 08:05:14,516] [1861:139779035903808] - model_base.py[line:210]: In extract_data, data input: {'args.data': <arch.api.impl.based_1x.table.DTable object at 0x7f1bbd9ffa90>}
[DEBUG] [2020-10-29 08:05:14,516] [1861:139779035903808] - model_base.py[line:87]: func: <bound method DataIO.fit of <federatedml.util.data_io.DataIO object at 0x7f1bbd9ff0f0>>
[INFO] [2020-10-29 08:05:14,516] [1861:139779035903808] - data_io.py[line:141]: start to read dense data and change data to instance
[DEBUG] [2020-10-29 08:05:14,517] [1861:139779035903808] - profile_util.py[line:34]: abnormal_detection.py:23 call count, takes 0.0003693103790283203s
[DEBUG] [2020-10-29 08:05:14,517] [1861:139779035903808] - data_io.py[line:95]: header is y,x0,x1,x2,x3,x4,x5,x6,x7,x8,x9
[DEBUG] [2020-10-29 08:05:14,517] [1861:139779035903808] - data_io.py[line:96]: sid_name is id
[DEBUG] [2020-10-29 08:05:14,547] [1861:139779035903808] - profile_util.py[line:34]: data_io.py:155 call mapValues, takes 0.029987812042236328s
[DEBUG] [2020-10-29 08:05:14,558] [1861:139779035903808] - profile_util.py[line:34]: data_io.py:158 call mapValues, takes 0.01012420654296875s
[DEBUG] [2020-10-29 08:05:14,591] [1861:139779035903808] - profile_util.py[line:34]: data_io.py:241 call join, takes 0.03309369087219238s
[DEBUG] [2020-10-29 08:05:14,592] [1861:139779035903808] - model_base.py[line:99]: saved_result is : [<arch.api.impl.based_1x.table.DTable object at 0x7f02bbb05b00>], data_output: <arch.api.impl.based_1x.table.DTable object at 0x7f02bbb05b00>
[DEBUG] [2020-10-29 08:05:14,616] [1861:139779035903808] - profile_util.py[line:34]: tracking_manager.py:201 call save_as, takes 0.02423262596130371s
[DEBUG] [2020-10-29 08:05:14,619] [1861:139779035903808] - profile_util.py[line:34]: session.py:178 call collect, takes 0.0011951923370361328s
[DEBUG] [2020-10-29 08:05:14,649] [1861:139779035903808] - profile_util.py[line:34]: tracking_manager.py:221 call count, takes 0.0006003379821777344s
[INFO] [2020-10-29 08:05:14,660] [1861:139779035903808] - pipelined_model.py[line:72]: Save dataio_0 dataio DataIOMeta buffer
[INFO] [2020-10-29 08:05:14,660] [1861:139779035903808] - pipelined_model.py[line:72]: Save dataio_0 dataio DataIOParam buffer
[INFO] [2020-10-29 08:05:14,665] [1861:139779035903808] - pipelined_model.py[line:77]: Save dataio_0 dataio successfully
[INFO] [2020-10-29 08:05:14,689] [1861:139779035903808] - task_executor.py[line:160]: task 202010290805128735466_dataio_0 guest 9999 start time: 2020-10-29 08:05:14
[INFO] [2020-10-29 08:05:14,689] [1861:139779035903808] - task_executor.py[line:161]: task 202010290805128735466_dataio_0 guest 9999 end time: 2020-10-29 08:05:14
[INFO] [2020-10-29 08:05:14,689] [1861:139779035903808] - task_executor.py[line:162]: task 202010290805128735466_dataio_0 guest 9999 takes 0.641s
[INFO] [2020-10-29 08:05:14,690] [1861:139779035903808] - task_executor.py[line:164]: finish 202010290805128735466 dataio_0 202010290805128735466_dataio_0 guest 9999 success task
