[DEBUG] [2020-10-29 08:05:47,647] [2102:140586892126016] - encrypt_param.py[line:71]: Finish encrypt parameter check!
[DEBUG] [2020-10-29 08:05:47,648] [2102:140586892126016] - predict_param.py[line:46]: Finish predict parameter check!
[DEBUG] [2020-10-29 08:05:47,648] [2102:140586892126016] - component_properties.py[line:67]: {'HeteroLogisticParam': {'penalty': 'L2', 'tol': 1e-05, 'alpha': 0.01, 'optimizer': 'rmsprop', 'batch_size': 320, 'learning_rate': 0.15, 'init_param': {'init_method': 'random_uniform', 'init_const': 1, 'fit_intercept': True, 'random_seed': None}, 'max_iter': 3, 'early_stop': 'diff', 'encrypt_param': {'method': 'Paillier', 'key_length': 1024}, 'predict_param': {'threshold': 0.5}, 'cv_param': {'n_splits': 5, 'mode': 'hetero', 'role': 'guest', 'shuffle': True, 'random_seed': 1, 'need_cv': False}, 'decay': 1, 'decay_sqrt': True, 'multi_class': 'ovr', 'validation_freqs': None, 'stepwise_param': {'score_name': 'AIC', 'mode': 'hetero', 'role': 'guest', 'direction': 'both', 'max_step': 10, 'nvmin': 2, 'nvmax': None, 'need_stepwise': False}, 'early_stopping_rounds': None, 'metrics': ['auc', 'ks'], 'use_first_metric_only': False, 'encrypted_mode_calculator_param': {'mode': 'strict', 're_encrypted_rate': 1}, 'sqn_param': {'update_interval_L': 3, 'memory_M': 5, 'sample_size': 5000, 'random_seed': None}}, 'initiator': {'role': 'guest', 'party_id': 9999}, 'job_parameters': {'work_mode': 0, 'processors_per_node': 1, 'align_task_input_data_partition': True, 'model_id': 'arbiter-10000#guest-9999#host-10000#model', 'model_version': '202010290805128735466'}, 'role': {'guest': [9999], 'host': [10000], 'arbiter': [10000]}, 'local': {'role': 'arbiter', 'party_id': 10000}, 'CodePath': 'federatedml/linear_model/logistic_regression/hetero_logistic_regression/hetero_lr_arbiter.py/HeteroLRArbiter', 'module': 'HeteroLR'}
[DEBUG] [2020-10-29 08:05:47,648] [2102:140586892126016] - component_properties.py[line:74]: need_run: True, need_cv: False
[DEBUG] [2020-10-29 08:05:47,648] [2102:140586892126016] - optimizer.py[line:273]: in optimizer_factory, optimizer_type: rmsprop, learning_rate: 0.15, alpha: 0.01, penalty: L2,decay: 1, decay_sqrt: True
[INFO] [2020-10-29 08:05:47,648] [2102:140586892126016] - one_vs_rest.py[line:287]: Create one_vs_rest object, role: arbiter, mode: hetero
[DEBUG] [2020-10-29 08:05:47,649] [2102:140586892126016] - base_transfer_variable.py[line:63]: create variable with name=OneVsRestTransferVariable.aggregate_classes, src=('guest',), dst=('host', 'arbiter')
[DEBUG] [2020-10-29 08:05:47,649] [2102:140586892126016] - base_transfer_variable.py[line:63]: create variable with name=OneVsRestTransferVariable.host_classes, src=('host',), dst=('guest',)
[DEBUG] [2020-10-29 08:05:47,649] [2102:140586892126016] - base_transfer_variable.py[line:63]: create variable with name=HeteroLRTransferVariable.batch_data_index, src=('guest',), dst=('host',)
[DEBUG] [2020-10-29 08:05:47,649] [2102:140586892126016] - base_transfer_variable.py[line:63]: create variable with name=HeteroLRTransferVariable.batch_info, src=('guest',), dst=('host', 'arbiter')
[DEBUG] [2020-10-29 08:05:47,649] [2102:140586892126016] - base_transfer_variable.py[line:63]: create variable with name=HeteroLRTransferVariable.converge_flag, src=('arbiter',), dst=('host', 'guest')
[DEBUG] [2020-10-29 08:05:47,649] [2102:140586892126016] - base_transfer_variable.py[line:63]: create variable with name=HeteroLRTransferVariable.fore_gradient, src=('guest',), dst=('host',)
[DEBUG] [2020-10-29 08:05:47,649] [2102:140586892126016] - base_transfer_variable.py[line:63]: create variable with name=HeteroLRTransferVariable.forward_hess, src=('guest',), dst=('host',)
[DEBUG] [2020-10-29 08:05:47,649] [2102:140586892126016] - base_transfer_variable.py[line:63]: create variable with name=HeteroLRTransferVariable.guest_gradient, src=('guest',), dst=('arbiter',)
[DEBUG] [2020-10-29 08:05:47,650] [2102:140586892126016] - base_transfer_variable.py[line:63]: create variable with name=HeteroLRTransferVariable.guest_hess_vector, src=('guest',), dst=('arbiter',)
[DEBUG] [2020-10-29 08:05:47,650] [2102:140586892126016] - base_transfer_variable.py[line:63]: create variable with name=HeteroLRTransferVariable.guest_optim_gradient, src=('arbiter',), dst=('guest',)
[DEBUG] [2020-10-29 08:05:47,650] [2102:140586892126016] - base_transfer_variable.py[line:63]: create variable with name=HeteroLRTransferVariable.host_forward_dict, src=('host',), dst=('guest',)
[DEBUG] [2020-10-29 08:05:47,650] [2102:140586892126016] - base_transfer_variable.py[line:63]: create variable with name=HeteroLRTransferVariable.host_gradient, src=('host',), dst=('arbiter',)
[DEBUG] [2020-10-29 08:05:47,650] [2102:140586892126016] - base_transfer_variable.py[line:63]: create variable with name=HeteroLRTransferVariable.host_hess_vector, src=('host',), dst=('arbiter',)
[DEBUG] [2020-10-29 08:05:47,650] [2102:140586892126016] - base_transfer_variable.py[line:63]: create variable with name=HeteroLRTransferVariable.host_loss_regular, src=('host',), dst=('guest',)
[DEBUG] [2020-10-29 08:05:47,650] [2102:140586892126016] - base_transfer_variable.py[line:63]: create variable with name=HeteroLRTransferVariable.host_optim_gradient, src=('arbiter',), dst=('host',)
[DEBUG] [2020-10-29 08:05:47,650] [2102:140586892126016] - base_transfer_variable.py[line:63]: create variable with name=HeteroLRTransferVariable.host_prob, src=('host',), dst=('guest',)
[DEBUG] [2020-10-29 08:05:47,650] [2102:140586892126016] - base_transfer_variable.py[line:63]: create variable with name=HeteroLRTransferVariable.host_sqn_forwards, src=('host',), dst=('guest',)
[DEBUG] [2020-10-29 08:05:47,650] [2102:140586892126016] - base_transfer_variable.py[line:63]: create variable with name=HeteroLRTransferVariable.loss, src=('guest',), dst=('arbiter',)
[DEBUG] [2020-10-29 08:05:47,650] [2102:140586892126016] - base_transfer_variable.py[line:63]: create variable with name=HeteroLRTransferVariable.loss_intermediate, src=('host',), dst=('guest',)
[DEBUG] [2020-10-29 08:05:47,651] [2102:140586892126016] - base_transfer_variable.py[line:63]: create variable with name=HeteroLRTransferVariable.paillier_pubkey, src=('arbiter',), dst=('host', 'guest')
[DEBUG] [2020-10-29 08:05:47,651] [2102:140586892126016] - base_transfer_variable.py[line:63]: create variable with name=HeteroLRTransferVariable.sqn_sample_index, src=('guest',), dst=('host',)
[DEBUG] [2020-10-29 08:05:47,651] [2102:140586892126016] - component_properties.py[line:118]: has_train_data: True, has_eval_data: False, has_normal_data: False
[DEBUG] [2020-10-29 08:05:47,651] [2102:140586892126016] - model_base.py[line:152]: set flowid to transfer_variable, flowid: fit
[DEBUG] [2020-10-29 08:05:47,651] [2102:140586892126016] - hetero_lr_arbiter.py[line:44]: Has loss_history: True
[DEBUG] [2020-10-29 08:05:47,651] [2102:140586892126016] - hetero_lr_arbiter.py[line:45]: Need one_vs_rest: None
[DEBUG] [2020-10-29 08:05:47,651] [2102:140586892126016] - federation_standalone.py[line:105]: [GET] Party(role=arbiter, party_id=10000) getting OneVsRestTransferVariable.aggregate_classes.fit from [Party(role=guest, party_id=9999)]
[DEBUG] [2020-10-29 08:05:47,955] [2102:140586892126016] - federation_standalone.py[line:40]: [GET] Got 202010290805128735466_hetero_lr_0-OneVsRestTransferVariable.aggregate_classes-fit-guest-9999-arbiter-10000 type Object
[DEBUG] [2020-10-29 08:05:47,956] [2102:140586892126016] - federation_standalone.py[line:117]: [GET] Party(role=arbiter, party_id=10000) getting 202010290805128735466_hetero_lr_0-OneVsRestTransferVariable.aggregate_classes-fit-guest-9999-arbiter-10000 from [Party(role=guest, party_id=9999)]
[INFO] [2020-10-29 08:05:47,957] [2102:140586892126016] - base_linear_model_arbiter.py[line:70]: Enter hetero linear model arbiter fit
[DEBUG] [2020-10-29 08:05:47,975] [2102:140586892126016] - federation_standalone.py[line:90]: [REMOTE] Sent 202010290805128735466_hetero_lr_0-HeteroLRTransferVariable.paillier_pubkey-fit-arbiter-10000-host-10000
[DEBUG] [2020-10-29 08:05:47,980] [2102:140586892126016] - federation_standalone.py[line:90]: [REMOTE] Sent 202010290805128735466_hetero_lr_0-HeteroLRTransferVariable.paillier_pubkey-fit-arbiter-10000-guest-9999
[DEBUG] [2020-10-29 08:05:47,981] [2102:140586892126016] - federation_standalone.py[line:105]: [GET] Party(role=arbiter, party_id=10000) getting HeteroLRTransferVariable.batch_info.fit from [Party(role=guest, party_id=9999)]
[DEBUG] [2020-10-29 08:05:48,083] [2102:140586892126016] - federation_standalone.py[line:40]: [GET] Got 202010290805128735466_hetero_lr_0-HeteroLRTransferVariable.batch_info-fit-guest-9999-arbiter-10000 type Object
[DEBUG] [2020-10-29 08:05:48,084] [2102:140586892126016] - federation_standalone.py[line:117]: [GET] Party(role=arbiter, party_id=10000) getting 202010290805128735466_hetero_lr_0-HeteroLRTransferVariable.batch_info-fit-guest-9999-arbiter-10000 from [Party(role=guest, party_id=9999)]
[DEBUG] [2020-10-29 08:05:48,085] [2102:140586892126016] - base_transfer_variable.py[line:63]: create variable with name=ValidationStrategyVariable.validation_status, src=('guest',), dst=('host', 'arbiter')
[DEBUG] [2020-10-29 08:05:48,085] [2102:140586892126016] - validation_strategy.py[line:86]: end to init validation_strategy, freqs is None
[DEBUG] [2020-10-29 08:05:48,086] [2102:140586892126016] - federation_standalone.py[line:105]: [GET] Party(role=arbiter, party_id=10000) getting HeteroLRTransferVariable.host_gradient.fit.0.0 from [Party(role=host, party_id=10000)]
[DEBUG] [2020-10-29 08:05:50,207] [2102:140586892126016] - federation_standalone.py[line:40]: [GET] Got 202010290805128735466_hetero_lr_0-HeteroLRTransferVariable.host_gradient-fit.0.0-host-10000-arbiter-10000 type Object
[DEBUG] [2020-10-29 08:05:50,208] [2102:140586892126016] - federation_standalone.py[line:117]: [GET] Party(role=arbiter, party_id=10000) getting 202010290805128735466_hetero_lr_0-HeteroLRTransferVariable.host_gradient-fit.0.0-host-10000-arbiter-10000 from [Party(role=host, party_id=10000)]
[INFO] [2020-10-29 08:05:50,208] [2102:140586892126016] - hetero_linear_model_gradient.py[line:365]: Get host_gradient from Host
[DEBUG] [2020-10-29 08:05:50,208] [2102:140586892126016] - federation_standalone.py[line:105]: [GET] Party(role=arbiter, party_id=10000) getting HeteroLRTransferVariable.guest_gradient.fit.0.0 from [Party(role=guest, party_id=9999)]
[DEBUG] [2020-10-29 08:05:50,209] [2102:140586892126016] - federation_standalone.py[line:40]: [GET] Got 202010290805128735466_hetero_lr_0-HeteroLRTransferVariable.guest_gradient-fit.0.0-guest-9999-arbiter-10000 type Object
[DEBUG] [2020-10-29 08:05:50,209] [2102:140586892126016] - federation_standalone.py[line:117]: [GET] Party(role=arbiter, party_id=10000) getting 202010290805128735466_hetero_lr_0-HeteroLRTransferVariable.guest_gradient-fit.0.0-guest-9999-arbiter-10000 from [Party(role=guest, party_id=9999)]
[INFO] [2020-10-29 08:05:50,209] [2102:140586892126016] - hetero_linear_model_gradient.py[line:368]: Get guest_gradient from Guest
[DEBUG] [2020-10-29 08:05:50,224] [2102:140586892126016] - federation_standalone.py[line:90]: [REMOTE] Sent 202010290805128735466_hetero_lr_0-HeteroLRTransferVariable.host_optim_gradient-fit.0.0-arbiter-10000-host-10000
[DEBUG] [2020-10-29 08:05:50,228] [2102:140586892126016] - federation_standalone.py[line:90]: [REMOTE] Sent 202010290805128735466_hetero_lr_0-HeteroLRTransferVariable.guest_optim_gradient-fit.0.0-arbiter-10000-guest-9999
[DEBUG] [2020-10-29 08:05:50,229] [2102:140586892126016] - federation_standalone.py[line:105]: [GET] Party(role=arbiter, party_id=10000) getting HeteroLRTransferVariable.loss.fit.0.0 from [Party(role=guest, party_id=9999)]
[DEBUG] [2020-10-29 08:05:50,532] [2102:140586892126016] - federation_standalone.py[line:40]: [GET] Got 202010290805128735466_hetero_lr_0-HeteroLRTransferVariable.loss-fit.0.0-guest-9999-arbiter-10000 type Object
[DEBUG] [2020-10-29 08:05:50,532] [2102:140586892126016] - federation_standalone.py[line:117]: [GET] Party(role=arbiter, party_id=10000) getting 202010290805128735466_hetero_lr_0-HeteroLRTransferVariable.loss-fit.0.0-guest-9999-arbiter-10000 from [Party(role=guest, party_id=9999)]
[DEBUG] [2020-10-29 08:05:50,533] [2102:140586892126016] - federation_standalone.py[line:105]: [GET] Party(role=arbiter, party_id=10000) getting HeteroLRTransferVariable.host_gradient.fit.0.1 from [Party(role=host, party_id=10000)]
[DEBUG] [2020-10-29 08:05:51,846] [2102:140586892126016] - federation_standalone.py[line:40]: [GET] Got 202010290805128735466_hetero_lr_0-HeteroLRTransferVariable.host_gradient-fit.0.1-host-10000-arbiter-10000 type Object
[DEBUG] [2020-10-29 08:05:51,847] [2102:140586892126016] - federation_standalone.py[line:117]: [GET] Party(role=arbiter, party_id=10000) getting 202010290805128735466_hetero_lr_0-HeteroLRTransferVariable.host_gradient-fit.0.1-host-10000-arbiter-10000 from [Party(role=host, party_id=10000)]
[INFO] [2020-10-29 08:05:51,848] [2102:140586892126016] - hetero_linear_model_gradient.py[line:365]: Get host_gradient from Host
[DEBUG] [2020-10-29 08:05:51,849] [2102:140586892126016] - federation_standalone.py[line:105]: [GET] Party(role=arbiter, party_id=10000) getting HeteroLRTransferVariable.guest_gradient.fit.0.1 from [Party(role=guest, party_id=9999)]
[DEBUG] [2020-10-29 08:05:51,849] [2102:140586892126016] - federation_standalone.py[line:40]: [GET] Got 202010290805128735466_hetero_lr_0-HeteroLRTransferVariable.guest_gradient-fit.0.1-guest-9999-arbiter-10000 type Object
[DEBUG] [2020-10-29 08:05:51,850] [2102:140586892126016] - federation_standalone.py[line:117]: [GET] Party(role=arbiter, party_id=10000) getting 202010290805128735466_hetero_lr_0-HeteroLRTransferVariable.guest_gradient-fit.0.1-guest-9999-arbiter-10000 from [Party(role=guest, party_id=9999)]
[INFO] [2020-10-29 08:05:51,851] [2102:140586892126016] - hetero_linear_model_gradient.py[line:368]: Get guest_gradient from Guest
[DEBUG] [2020-10-29 08:05:51,868] [2102:140586892126016] - federation_standalone.py[line:90]: [REMOTE] Sent 202010290805128735466_hetero_lr_0-HeteroLRTransferVariable.host_optim_gradient-fit.0.1-arbiter-10000-host-10000
[DEBUG] [2020-10-29 08:05:51,873] [2102:140586892126016] - federation_standalone.py[line:90]: [REMOTE] Sent 202010290805128735466_hetero_lr_0-HeteroLRTransferVariable.guest_optim_gradient-fit.0.1-arbiter-10000-guest-9999
[DEBUG] [2020-10-29 08:05:51,874] [2102:140586892126016] - federation_standalone.py[line:105]: [GET] Party(role=arbiter, party_id=10000) getting HeteroLRTransferVariable.loss.fit.0.1 from [Party(role=guest, party_id=9999)]
[DEBUG] [2020-10-29 08:05:52,076] [2102:140586892126016] - federation_standalone.py[line:40]: [GET] Got 202010290805128735466_hetero_lr_0-HeteroLRTransferVariable.loss-fit.0.1-guest-9999-arbiter-10000 type Object
[DEBUG] [2020-10-29 08:05:52,077] [2102:140586892126016] - federation_standalone.py[line:117]: [GET] Party(role=arbiter, party_id=10000) getting 202010290805128735466_hetero_lr_0-HeteroLRTransferVariable.loss-fit.0.1-guest-9999-arbiter-10000 from [Party(role=guest, party_id=9999)]
[DEBUG] [2020-10-29 08:05:52,104] [2102:140586892126016] - convergence.py[line:43]: In diff converge function, pre_loss: None, current_loss: 733.9502170962883
[INFO] [2020-10-29 08:05:52,104] [2102:140586892126016] - base_linear_model_arbiter.py[line:124]: iter: 0,  loss:733.9502170962883, is_converged: False
[DEBUG] [2020-10-29 08:05:52,109] [2102:140586892126016] - federation_standalone.py[line:90]: [REMOTE] Sent 202010290805128735466_hetero_lr_0-HeteroLRTransferVariable.converge_flag-fit.0-arbiter-10000-host-10000
[DEBUG] [2020-10-29 08:05:52,113] [2102:140586892126016] - federation_standalone.py[line:90]: [REMOTE] Sent 202010290805128735466_hetero_lr_0-HeteroLRTransferVariable.converge_flag-fit.0-arbiter-10000-guest-9999
[DEBUG] [2020-10-29 08:05:52,113] [2102:140586892126016] - base_linear_model_arbiter.py[line:129]: Linear Arbiter running validation
[DEBUG] [2020-10-29 08:05:52,114] [2102:140586892126016] - validation_strategy.py[line:100]: validation_freqs is None
[DEBUG] [2020-10-29 08:05:52,114] [2102:140586892126016] - validation_strategy.py[line:228]: begin to check validate status, need_run_validation is False
[DEBUG] [2020-10-29 08:05:52,114] [2102:140586892126016] - validation_strategy.py[line:100]: validation_freqs is None
[DEBUG] [2020-10-29 08:05:52,115] [2102:140586892126016] - clean.py[line:66]: [CLEAN] HeteroLRTransferVariable.host_gradient cleaning rubbishes tagged by fit.0.0
[DEBUG] [2020-10-29 08:05:52,115] [2102:140586892126016] - clean.py[line:77]: [CLEAN] try delete object with key=202010290805128735466_hetero_lr_0-HeteroLRTransferVariable.host_gradient-fit.0.0-host-10000-arbiter-10000 from table=storage_type: LMDB, namespace: 202010290805128735466_hetero_lr_0, name: __federation__, partitions: 10, in_place_computing: False
[DEBUG] [2020-10-29 08:05:52,117] [2102:140586892126016] - clean.py[line:77]: [CLEAN] try delete object with key=202010290805128735466_hetero_lr_0-HeteroLRTransferVariable.host_gradient-fit.0.0-host-10000-arbiter-10000 from table=storage_type: LMDB, namespace: 202010290805128735466_hetero_lr_0, name: __status__, partitions: 10, in_place_computing: False
[DEBUG] [2020-10-29 08:05:52,118] [2102:140586892126016] - federation_standalone.py[line:105]: [GET] Party(role=arbiter, party_id=10000) getting HeteroLRTransferVariable.host_gradient.fit.1.0 from [Party(role=host, party_id=10000)]
[DEBUG] [2020-10-29 08:05:54,036] [2102:140586892126016] - federation_standalone.py[line:40]: [GET] Got 202010290805128735466_hetero_lr_0-HeteroLRTransferVariable.host_gradient-fit.1.0-host-10000-arbiter-10000 type Object
[DEBUG] [2020-10-29 08:05:54,037] [2102:140586892126016] - federation_standalone.py[line:117]: [GET] Party(role=arbiter, party_id=10000) getting 202010290805128735466_hetero_lr_0-HeteroLRTransferVariable.host_gradient-fit.1.0-host-10000-arbiter-10000 from [Party(role=host, party_id=10000)]
[INFO] [2020-10-29 08:05:54,038] [2102:140586892126016] - hetero_linear_model_gradient.py[line:365]: Get host_gradient from Host
[DEBUG] [2020-10-29 08:05:54,038] [2102:140586892126016] - clean.py[line:66]: [CLEAN] HeteroLRTransferVariable.guest_gradient cleaning rubbishes tagged by fit.0.0
[DEBUG] [2020-10-29 08:05:54,038] [2102:140586892126016] - clean.py[line:77]: [CLEAN] try delete object with key=202010290805128735466_hetero_lr_0-HeteroLRTransferVariable.guest_gradient-fit.0.0-guest-9999-arbiter-10000 from table=storage_type: LMDB, namespace: 202010290805128735466_hetero_lr_0, name: __federation__, partitions: 10, in_place_computing: False
[DEBUG] [2020-10-29 08:05:54,039] [2102:140586892126016] - clean.py[line:77]: [CLEAN] try delete object with key=202010290805128735466_hetero_lr_0-HeteroLRTransferVariable.guest_gradient-fit.0.0-guest-9999-arbiter-10000 from table=storage_type: LMDB, namespace: 202010290805128735466_hetero_lr_0, name: __status__, partitions: 10, in_place_computing: False
[DEBUG] [2020-10-29 08:05:54,039] [2102:140586892126016] - federation_standalone.py[line:105]: [GET] Party(role=arbiter, party_id=10000) getting HeteroLRTransferVariable.guest_gradient.fit.1.0 from [Party(role=guest, party_id=9999)]
[DEBUG] [2020-10-29 08:05:54,040] [2102:140586892126016] - federation_standalone.py[line:40]: [GET] Got 202010290805128735466_hetero_lr_0-HeteroLRTransferVariable.guest_gradient-fit.1.0-guest-9999-arbiter-10000 type Object
[DEBUG] [2020-10-29 08:05:54,041] [2102:140586892126016] - federation_standalone.py[line:117]: [GET] Party(role=arbiter, party_id=10000) getting 202010290805128735466_hetero_lr_0-HeteroLRTransferVariable.guest_gradient-fit.1.0-guest-9999-arbiter-10000 from [Party(role=guest, party_id=9999)]
[INFO] [2020-10-29 08:05:54,041] [2102:140586892126016] - hetero_linear_model_gradient.py[line:368]: Get guest_gradient from Guest
[DEBUG] [2020-10-29 08:05:54,056] [2102:140586892126016] - federation_standalone.py[line:90]: [REMOTE] Sent 202010290805128735466_hetero_lr_0-HeteroLRTransferVariable.host_optim_gradient-fit.1.0-arbiter-10000-host-10000
[DEBUG] [2020-10-29 08:05:54,057] [2102:140586892126016] - clean.py[line:66]: [CLEAN] HeteroLRTransferVariable.host_optim_gradient cleaning rubbishes tagged by fit.0.0
[DEBUG] [2020-10-29 08:05:54,057] [2102:140586892126016] - clean.py[line:77]: [CLEAN] try delete object with key=202010290805128735466_hetero_lr_0-HeteroLRTransferVariable.host_optim_gradient-fit.0.0-arbiter-10000-host-10000 from table=storage_type: LMDB, namespace: 202010290805128735466_hetero_lr_0, name: __federation__, partitions: 10, in_place_computing: False
[DEBUG] [2020-10-29 08:05:54,057] [2102:140586892126016] - clean.py[line:77]: [CLEAN] try delete object with key=202010290805128735466_hetero_lr_0-HeteroLRTransferVariable.host_optim_gradient-fit.0.0-arbiter-10000-host-10000 from table=storage_type: LMDB, namespace: 202010290805128735466_hetero_lr_0, name: __status__, partitions: 10, in_place_computing: False
[DEBUG] [2020-10-29 08:05:54,060] [2102:140586892126016] - federation_standalone.py[line:90]: [REMOTE] Sent 202010290805128735466_hetero_lr_0-HeteroLRTransferVariable.guest_optim_gradient-fit.1.0-arbiter-10000-guest-9999
[DEBUG] [2020-10-29 08:05:54,060] [2102:140586892126016] - clean.py[line:66]: [CLEAN] HeteroLRTransferVariable.guest_optim_gradient cleaning rubbishes tagged by fit.0.0
[DEBUG] [2020-10-29 08:05:54,061] [2102:140586892126016] - clean.py[line:77]: [CLEAN] try delete object with key=202010290805128735466_hetero_lr_0-HeteroLRTransferVariable.guest_optim_gradient-fit.0.0-arbiter-10000-guest-9999 from table=storage_type: LMDB, namespace: 202010290805128735466_hetero_lr_0, name: __federation__, partitions: 10, in_place_computing: False
[DEBUG] [2020-10-29 08:05:54,061] [2102:140586892126016] - clean.py[line:77]: [CLEAN] try delete object with key=202010290805128735466_hetero_lr_0-HeteroLRTransferVariable.guest_optim_gradient-fit.0.0-arbiter-10000-guest-9999 from table=storage_type: LMDB, namespace: 202010290805128735466_hetero_lr_0, name: __status__, partitions: 10, in_place_computing: False
[DEBUG] [2020-10-29 08:05:54,062] [2102:140586892126016] - clean.py[line:66]: [CLEAN] HeteroLRTransferVariable.loss cleaning rubbishes tagged by fit.0.0
[DEBUG] [2020-10-29 08:05:54,062] [2102:140586892126016] - clean.py[line:77]: [CLEAN] try delete object with key=202010290805128735466_hetero_lr_0-HeteroLRTransferVariable.loss-fit.0.0-guest-9999-arbiter-10000 from table=storage_type: LMDB, namespace: 202010290805128735466_hetero_lr_0, name: __federation__, partitions: 10, in_place_computing: False
[DEBUG] [2020-10-29 08:05:54,065] [2102:140586892126016] - clean.py[line:77]: [CLEAN] try delete object with key=202010290805128735466_hetero_lr_0-HeteroLRTransferVariable.loss-fit.0.0-guest-9999-arbiter-10000 from table=storage_type: LMDB, namespace: 202010290805128735466_hetero_lr_0, name: __status__, partitions: 10, in_place_computing: False
[DEBUG] [2020-10-29 08:05:54,067] [2102:140586892126016] - federation_standalone.py[line:105]: [GET] Party(role=arbiter, party_id=10000) getting HeteroLRTransferVariable.loss.fit.1.0 from [Party(role=guest, party_id=9999)]
[DEBUG] [2020-10-29 08:05:54,371] [2102:140586892126016] - federation_standalone.py[line:40]: [GET] Got 202010290805128735466_hetero_lr_0-HeteroLRTransferVariable.loss-fit.1.0-guest-9999-arbiter-10000 type Object
[DEBUG] [2020-10-29 08:05:54,372] [2102:140586892126016] - federation_standalone.py[line:117]: [GET] Party(role=arbiter, party_id=10000) getting 202010290805128735466_hetero_lr_0-HeteroLRTransferVariable.loss-fit.1.0-guest-9999-arbiter-10000 from [Party(role=guest, party_id=9999)]
[DEBUG] [2020-10-29 08:05:54,373] [2102:140586892126016] - clean.py[line:66]: [CLEAN] HeteroLRTransferVariable.host_gradient cleaning rubbishes tagged by fit.0.1
[DEBUG] [2020-10-29 08:05:54,373] [2102:140586892126016] - clean.py[line:77]: [CLEAN] try delete object with key=202010290805128735466_hetero_lr_0-HeteroLRTransferVariable.host_gradient-fit.0.1-host-10000-arbiter-10000 from table=storage_type: LMDB, namespace: 202010290805128735466_hetero_lr_0, name: __federation__, partitions: 10, in_place_computing: False
[DEBUG] [2020-10-29 08:05:54,374] [2102:140586892126016] - clean.py[line:77]: [CLEAN] try delete object with key=202010290805128735466_hetero_lr_0-HeteroLRTransferVariable.host_gradient-fit.0.1-host-10000-arbiter-10000 from table=storage_type: LMDB, namespace: 202010290805128735466_hetero_lr_0, name: __status__, partitions: 10, in_place_computing: False
[DEBUG] [2020-10-29 08:05:54,375] [2102:140586892126016] - federation_standalone.py[line:105]: [GET] Party(role=arbiter, party_id=10000) getting HeteroLRTransferVariable.host_gradient.fit.1.1 from [Party(role=host, party_id=10000)]
[DEBUG] [2020-10-29 08:05:55,687] [2102:140586892126016] - federation_standalone.py[line:40]: [GET] Got 202010290805128735466_hetero_lr_0-HeteroLRTransferVariable.host_gradient-fit.1.1-host-10000-arbiter-10000 type Object
[DEBUG] [2020-10-29 08:05:55,687] [2102:140586892126016] - federation_standalone.py[line:117]: [GET] Party(role=arbiter, party_id=10000) getting 202010290805128735466_hetero_lr_0-HeteroLRTransferVariable.host_gradient-fit.1.1-host-10000-arbiter-10000 from [Party(role=host, party_id=10000)]
[INFO] [2020-10-29 08:05:55,687] [2102:140586892126016] - hetero_linear_model_gradient.py[line:365]: Get host_gradient from Host
[DEBUG] [2020-10-29 08:05:55,688] [2102:140586892126016] - clean.py[line:66]: [CLEAN] HeteroLRTransferVariable.guest_gradient cleaning rubbishes tagged by fit.0.1
[DEBUG] [2020-10-29 08:05:55,688] [2102:140586892126016] - clean.py[line:77]: [CLEAN] try delete object with key=202010290805128735466_hetero_lr_0-HeteroLRTransferVariable.guest_gradient-fit.0.1-guest-9999-arbiter-10000 from table=storage_type: LMDB, namespace: 202010290805128735466_hetero_lr_0, name: __federation__, partitions: 10, in_place_computing: False
[DEBUG] [2020-10-29 08:05:55,688] [2102:140586892126016] - clean.py[line:77]: [CLEAN] try delete object with key=202010290805128735466_hetero_lr_0-HeteroLRTransferVariable.guest_gradient-fit.0.1-guest-9999-arbiter-10000 from table=storage_type: LMDB, namespace: 202010290805128735466_hetero_lr_0, name: __status__, partitions: 10, in_place_computing: False
[DEBUG] [2020-10-29 08:05:55,688] [2102:140586892126016] - federation_standalone.py[line:105]: [GET] Party(role=arbiter, party_id=10000) getting HeteroLRTransferVariable.guest_gradient.fit.1.1 from [Party(role=guest, party_id=9999)]
[DEBUG] [2020-10-29 08:05:55,688] [2102:140586892126016] - federation_standalone.py[line:40]: [GET] Got 202010290805128735466_hetero_lr_0-HeteroLRTransferVariable.guest_gradient-fit.1.1-guest-9999-arbiter-10000 type Object
[DEBUG] [2020-10-29 08:05:55,689] [2102:140586892126016] - federation_standalone.py[line:117]: [GET] Party(role=arbiter, party_id=10000) getting 202010290805128735466_hetero_lr_0-HeteroLRTransferVariable.guest_gradient-fit.1.1-guest-9999-arbiter-10000 from [Party(role=guest, party_id=9999)]
[INFO] [2020-10-29 08:05:55,689] [2102:140586892126016] - hetero_linear_model_gradient.py[line:368]: Get guest_gradient from Guest
[DEBUG] [2020-10-29 08:05:55,704] [2102:140586892126016] - federation_standalone.py[line:90]: [REMOTE] Sent 202010290805128735466_hetero_lr_0-HeteroLRTransferVariable.host_optim_gradient-fit.1.1-arbiter-10000-host-10000
[DEBUG] [2020-10-29 08:05:55,704] [2102:140586892126016] - clean.py[line:66]: [CLEAN] HeteroLRTransferVariable.host_optim_gradient cleaning rubbishes tagged by fit.0.1
[DEBUG] [2020-10-29 08:05:55,705] [2102:140586892126016] - clean.py[line:77]: [CLEAN] try delete object with key=202010290805128735466_hetero_lr_0-HeteroLRTransferVariable.host_optim_gradient-fit.0.1-arbiter-10000-host-10000 from table=storage_type: LMDB, namespace: 202010290805128735466_hetero_lr_0, name: __federation__, partitions: 10, in_place_computing: False
[DEBUG] [2020-10-29 08:05:55,705] [2102:140586892126016] - clean.py[line:77]: [CLEAN] try delete object with key=202010290805128735466_hetero_lr_0-HeteroLRTransferVariable.host_optim_gradient-fit.0.1-arbiter-10000-host-10000 from table=storage_type: LMDB, namespace: 202010290805128735466_hetero_lr_0, name: __status__, partitions: 10, in_place_computing: False
[DEBUG] [2020-10-29 08:05:55,706] [2102:140586892126016] - federation_standalone.py[line:90]: [REMOTE] Sent 202010290805128735466_hetero_lr_0-HeteroLRTransferVariable.guest_optim_gradient-fit.1.1-arbiter-10000-guest-9999
[DEBUG] [2020-10-29 08:05:55,706] [2102:140586892126016] - clean.py[line:66]: [CLEAN] HeteroLRTransferVariable.guest_optim_gradient cleaning rubbishes tagged by fit.0.1
[DEBUG] [2020-10-29 08:05:55,706] [2102:140586892126016] - clean.py[line:77]: [CLEAN] try delete object with key=202010290805128735466_hetero_lr_0-HeteroLRTransferVariable.guest_optim_gradient-fit.0.1-arbiter-10000-guest-9999 from table=storage_type: LMDB, namespace: 202010290805128735466_hetero_lr_0, name: __federation__, partitions: 10, in_place_computing: False
[DEBUG] [2020-10-29 08:05:55,707] [2102:140586892126016] - clean.py[line:77]: [CLEAN] try delete object with key=202010290805128735466_hetero_lr_0-HeteroLRTransferVariable.guest_optim_gradient-fit.0.1-arbiter-10000-guest-9999 from table=storage_type: LMDB, namespace: 202010290805128735466_hetero_lr_0, name: __status__, partitions: 10, in_place_computing: False
[DEBUG] [2020-10-29 08:05:55,707] [2102:140586892126016] - clean.py[line:66]: [CLEAN] HeteroLRTransferVariable.loss cleaning rubbishes tagged by fit.0.1
[DEBUG] [2020-10-29 08:05:55,707] [2102:140586892126016] - clean.py[line:77]: [CLEAN] try delete object with key=202010290805128735466_hetero_lr_0-HeteroLRTransferVariable.loss-fit.0.1-guest-9999-arbiter-10000 from table=storage_type: LMDB, namespace: 202010290805128735466_hetero_lr_0, name: __federation__, partitions: 10, in_place_computing: False
[DEBUG] [2020-10-29 08:05:55,707] [2102:140586892126016] - clean.py[line:77]: [CLEAN] try delete object with key=202010290805128735466_hetero_lr_0-HeteroLRTransferVariable.loss-fit.0.1-guest-9999-arbiter-10000 from table=storage_type: LMDB, namespace: 202010290805128735466_hetero_lr_0, name: __status__, partitions: 10, in_place_computing: False
[DEBUG] [2020-10-29 08:05:55,708] [2102:140586892126016] - federation_standalone.py[line:105]: [GET] Party(role=arbiter, party_id=10000) getting HeteroLRTransferVariable.loss.fit.1.1 from [Party(role=guest, party_id=9999)]
[DEBUG] [2020-10-29 08:05:56,012] [2102:140586892126016] - federation_standalone.py[line:40]: [GET] Got 202010290805128735466_hetero_lr_0-HeteroLRTransferVariable.loss-fit.1.1-guest-9999-arbiter-10000 type Object
[DEBUG] [2020-10-29 08:05:56,013] [2102:140586892126016] - federation_standalone.py[line:117]: [GET] Party(role=arbiter, party_id=10000) getting 202010290805128735466_hetero_lr_0-HeteroLRTransferVariable.loss-fit.1.1-guest-9999-arbiter-10000 from [Party(role=guest, party_id=9999)]
[DEBUG] [2020-10-29 08:05:56,044] [2102:140586892126016] - convergence.py[line:43]: In diff converge function, pre_loss: 733.9502170962883, current_loss: 67.25922766194087
[INFO] [2020-10-29 08:05:56,044] [2102:140586892126016] - base_linear_model_arbiter.py[line:124]: iter: 1,  loss:67.25922766194087, is_converged: False
[DEBUG] [2020-10-29 08:05:56,047] [2102:140586892126016] - federation_standalone.py[line:90]: [REMOTE] Sent 202010290805128735466_hetero_lr_0-HeteroLRTransferVariable.converge_flag-fit.1-arbiter-10000-host-10000
[DEBUG] [2020-10-29 08:05:56,049] [2102:140586892126016] - federation_standalone.py[line:90]: [REMOTE] Sent 202010290805128735466_hetero_lr_0-HeteroLRTransferVariable.converge_flag-fit.1-arbiter-10000-guest-9999
[DEBUG] [2020-10-29 08:05:56,049] [2102:140586892126016] - base_linear_model_arbiter.py[line:129]: Linear Arbiter running validation
[DEBUG] [2020-10-29 08:05:56,049] [2102:140586892126016] - validation_strategy.py[line:100]: validation_freqs is None
[DEBUG] [2020-10-29 08:05:56,049] [2102:140586892126016] - validation_strategy.py[line:228]: begin to check validate status, need_run_validation is False
[DEBUG] [2020-10-29 08:05:56,049] [2102:140586892126016] - validation_strategy.py[line:100]: validation_freqs is None
[DEBUG] [2020-10-29 08:05:56,049] [2102:140586892126016] - clean.py[line:66]: [CLEAN] HeteroLRTransferVariable.host_gradient cleaning rubbishes tagged by fit.1.0
[DEBUG] [2020-10-29 08:05:56,049] [2102:140586892126016] - clean.py[line:77]: [CLEAN] try delete object with key=202010290805128735466_hetero_lr_0-HeteroLRTransferVariable.host_gradient-fit.1.0-host-10000-arbiter-10000 from table=storage_type: LMDB, namespace: 202010290805128735466_hetero_lr_0, name: __federation__, partitions: 10, in_place_computing: False
[DEBUG] [2020-10-29 08:05:56,050] [2102:140586892126016] - clean.py[line:77]: [CLEAN] try delete object with key=202010290805128735466_hetero_lr_0-HeteroLRTransferVariable.host_gradient-fit.1.0-host-10000-arbiter-10000 from table=storage_type: LMDB, namespace: 202010290805128735466_hetero_lr_0, name: __status__, partitions: 10, in_place_computing: False
[DEBUG] [2020-10-29 08:05:56,052] [2102:140586892126016] - federation_standalone.py[line:105]: [GET] Party(role=arbiter, party_id=10000) getting HeteroLRTransferVariable.host_gradient.fit.2.0 from [Party(role=host, party_id=10000)]
[DEBUG] [2020-10-29 08:05:58,175] [2102:140586892126016] - federation_standalone.py[line:40]: [GET] Got 202010290805128735466_hetero_lr_0-HeteroLRTransferVariable.host_gradient-fit.2.0-host-10000-arbiter-10000 type Object
[DEBUG] [2020-10-29 08:05:58,176] [2102:140586892126016] - federation_standalone.py[line:117]: [GET] Party(role=arbiter, party_id=10000) getting 202010290805128735466_hetero_lr_0-HeteroLRTransferVariable.host_gradient-fit.2.0-host-10000-arbiter-10000 from [Party(role=host, party_id=10000)]
[INFO] [2020-10-29 08:05:58,177] [2102:140586892126016] - hetero_linear_model_gradient.py[line:365]: Get host_gradient from Host
[DEBUG] [2020-10-29 08:05:58,177] [2102:140586892126016] - clean.py[line:66]: [CLEAN] HeteroLRTransferVariable.guest_gradient cleaning rubbishes tagged by fit.1.0
[DEBUG] [2020-10-29 08:05:58,178] [2102:140586892126016] - clean.py[line:77]: [CLEAN] try delete object with key=202010290805128735466_hetero_lr_0-HeteroLRTransferVariable.guest_gradient-fit.1.0-guest-9999-arbiter-10000 from table=storage_type: LMDB, namespace: 202010290805128735466_hetero_lr_0, name: __federation__, partitions: 10, in_place_computing: False
[DEBUG] [2020-10-29 08:05:58,178] [2102:140586892126016] - clean.py[line:77]: [CLEAN] try delete object with key=202010290805128735466_hetero_lr_0-HeteroLRTransferVariable.guest_gradient-fit.1.0-guest-9999-arbiter-10000 from table=storage_type: LMDB, namespace: 202010290805128735466_hetero_lr_0, name: __status__, partitions: 10, in_place_computing: False
[DEBUG] [2020-10-29 08:05:58,178] [2102:140586892126016] - federation_standalone.py[line:105]: [GET] Party(role=arbiter, party_id=10000) getting HeteroLRTransferVariable.guest_gradient.fit.2.0 from [Party(role=guest, party_id=9999)]
[DEBUG] [2020-10-29 08:05:58,179] [2102:140586892126016] - federation_standalone.py[line:40]: [GET] Got 202010290805128735466_hetero_lr_0-HeteroLRTransferVariable.guest_gradient-fit.2.0-guest-9999-arbiter-10000 type Object
[DEBUG] [2020-10-29 08:05:58,180] [2102:140586892126016] - federation_standalone.py[line:117]: [GET] Party(role=arbiter, party_id=10000) getting 202010290805128735466_hetero_lr_0-HeteroLRTransferVariable.guest_gradient-fit.2.0-guest-9999-arbiter-10000 from [Party(role=guest, party_id=9999)]
[INFO] [2020-10-29 08:05:58,180] [2102:140586892126016] - hetero_linear_model_gradient.py[line:368]: Get guest_gradient from Guest
[DEBUG] [2020-10-29 08:05:58,201] [2102:140586892126016] - federation_standalone.py[line:90]: [REMOTE] Sent 202010290805128735466_hetero_lr_0-HeteroLRTransferVariable.host_optim_gradient-fit.2.0-arbiter-10000-host-10000
[DEBUG] [2020-10-29 08:05:58,202] [2102:140586892126016] - clean.py[line:66]: [CLEAN] HeteroLRTransferVariable.host_optim_gradient cleaning rubbishes tagged by fit.1.0
[DEBUG] [2020-10-29 08:05:58,202] [2102:140586892126016] - clean.py[line:77]: [CLEAN] try delete object with key=202010290805128735466_hetero_lr_0-HeteroLRTransferVariable.host_optim_gradient-fit.1.0-arbiter-10000-host-10000 from table=storage_type: LMDB, namespace: 202010290805128735466_hetero_lr_0, name: __federation__, partitions: 10, in_place_computing: False
[DEBUG] [2020-10-29 08:05:58,202] [2102:140586892126016] - clean.py[line:77]: [CLEAN] try delete object with key=202010290805128735466_hetero_lr_0-HeteroLRTransferVariable.host_optim_gradient-fit.1.0-arbiter-10000-host-10000 from table=storage_type: LMDB, namespace: 202010290805128735466_hetero_lr_0, name: __status__, partitions: 10, in_place_computing: False
[DEBUG] [2020-10-29 08:05:58,204] [2102:140586892126016] - federation_standalone.py[line:90]: [REMOTE] Sent 202010290805128735466_hetero_lr_0-HeteroLRTransferVariable.guest_optim_gradient-fit.2.0-arbiter-10000-guest-9999
[DEBUG] [2020-10-29 08:05:58,204] [2102:140586892126016] - clean.py[line:66]: [CLEAN] HeteroLRTransferVariable.guest_optim_gradient cleaning rubbishes tagged by fit.1.0
[DEBUG] [2020-10-29 08:05:58,204] [2102:140586892126016] - clean.py[line:77]: [CLEAN] try delete object with key=202010290805128735466_hetero_lr_0-HeteroLRTransferVariable.guest_optim_gradient-fit.1.0-arbiter-10000-guest-9999 from table=storage_type: LMDB, namespace: 202010290805128735466_hetero_lr_0, name: __federation__, partitions: 10, in_place_computing: False
[DEBUG] [2020-10-29 08:05:58,204] [2102:140586892126016] - clean.py[line:77]: [CLEAN] try delete object with key=202010290805128735466_hetero_lr_0-HeteroLRTransferVariable.guest_optim_gradient-fit.1.0-arbiter-10000-guest-9999 from table=storage_type: LMDB, namespace: 202010290805128735466_hetero_lr_0, name: __status__, partitions: 10, in_place_computing: False
[DEBUG] [2020-10-29 08:05:58,204] [2102:140586892126016] - clean.py[line:66]: [CLEAN] HeteroLRTransferVariable.loss cleaning rubbishes tagged by fit.1.0
[DEBUG] [2020-10-29 08:05:58,204] [2102:140586892126016] - clean.py[line:77]: [CLEAN] try delete object with key=202010290805128735466_hetero_lr_0-HeteroLRTransferVariable.loss-fit.1.0-guest-9999-arbiter-10000 from table=storage_type: LMDB, namespace: 202010290805128735466_hetero_lr_0, name: __federation__, partitions: 10, in_place_computing: False
[DEBUG] [2020-10-29 08:05:58,205] [2102:140586892126016] - clean.py[line:77]: [CLEAN] try delete object with key=202010290805128735466_hetero_lr_0-HeteroLRTransferVariable.loss-fit.1.0-guest-9999-arbiter-10000 from table=storage_type: LMDB, namespace: 202010290805128735466_hetero_lr_0, name: __status__, partitions: 10, in_place_computing: False
[DEBUG] [2020-10-29 08:05:58,206] [2102:140586892126016] - federation_standalone.py[line:105]: [GET] Party(role=arbiter, party_id=10000) getting HeteroLRTransferVariable.loss.fit.2.0 from [Party(role=guest, party_id=9999)]
[DEBUG] [2020-10-29 08:05:58,510] [2102:140586892126016] - federation_standalone.py[line:40]: [GET] Got 202010290805128735466_hetero_lr_0-HeteroLRTransferVariable.loss-fit.2.0-guest-9999-arbiter-10000 type Object
[DEBUG] [2020-10-29 08:05:58,511] [2102:140586892126016] - federation_standalone.py[line:117]: [GET] Party(role=arbiter, party_id=10000) getting 202010290805128735466_hetero_lr_0-HeteroLRTransferVariable.loss-fit.2.0-guest-9999-arbiter-10000 from [Party(role=guest, party_id=9999)]
[DEBUG] [2020-10-29 08:05:58,512] [2102:140586892126016] - clean.py[line:66]: [CLEAN] HeteroLRTransferVariable.host_gradient cleaning rubbishes tagged by fit.1.1
[DEBUG] [2020-10-29 08:05:58,512] [2102:140586892126016] - clean.py[line:77]: [CLEAN] try delete object with key=202010290805128735466_hetero_lr_0-HeteroLRTransferVariable.host_gradient-fit.1.1-host-10000-arbiter-10000 from table=storage_type: LMDB, namespace: 202010290805128735466_hetero_lr_0, name: __federation__, partitions: 10, in_place_computing: False
[DEBUG] [2020-10-29 08:05:58,513] [2102:140586892126016] - clean.py[line:77]: [CLEAN] try delete object with key=202010290805128735466_hetero_lr_0-HeteroLRTransferVariable.host_gradient-fit.1.1-host-10000-arbiter-10000 from table=storage_type: LMDB, namespace: 202010290805128735466_hetero_lr_0, name: __status__, partitions: 10, in_place_computing: False
[DEBUG] [2020-10-29 08:05:58,514] [2102:140586892126016] - federation_standalone.py[line:105]: [GET] Party(role=arbiter, party_id=10000) getting HeteroLRTransferVariable.host_gradient.fit.2.1 from [Party(role=host, party_id=10000)]
[DEBUG] [2020-10-29 08:05:59,930] [2102:140586892126016] - federation_standalone.py[line:40]: [GET] Got 202010290805128735466_hetero_lr_0-HeteroLRTransferVariable.host_gradient-fit.2.1-host-10000-arbiter-10000 type Object
[DEBUG] [2020-10-29 08:05:59,931] [2102:140586892126016] - federation_standalone.py[line:117]: [GET] Party(role=arbiter, party_id=10000) getting 202010290805128735466_hetero_lr_0-HeteroLRTransferVariable.host_gradient-fit.2.1-host-10000-arbiter-10000 from [Party(role=host, party_id=10000)]
[INFO] [2020-10-29 08:05:59,931] [2102:140586892126016] - hetero_linear_model_gradient.py[line:365]: Get host_gradient from Host
[DEBUG] [2020-10-29 08:05:59,931] [2102:140586892126016] - clean.py[line:66]: [CLEAN] HeteroLRTransferVariable.guest_gradient cleaning rubbishes tagged by fit.1.1
[DEBUG] [2020-10-29 08:05:59,931] [2102:140586892126016] - clean.py[line:77]: [CLEAN] try delete object with key=202010290805128735466_hetero_lr_0-HeteroLRTransferVariable.guest_gradient-fit.1.1-guest-9999-arbiter-10000 from table=storage_type: LMDB, namespace: 202010290805128735466_hetero_lr_0, name: __federation__, partitions: 10, in_place_computing: False
[DEBUG] [2020-10-29 08:05:59,931] [2102:140586892126016] - clean.py[line:77]: [CLEAN] try delete object with key=202010290805128735466_hetero_lr_0-HeteroLRTransferVariable.guest_gradient-fit.1.1-guest-9999-arbiter-10000 from table=storage_type: LMDB, namespace: 202010290805128735466_hetero_lr_0, name: __status__, partitions: 10, in_place_computing: False
[DEBUG] [2020-10-29 08:05:59,932] [2102:140586892126016] - federation_standalone.py[line:105]: [GET] Party(role=arbiter, party_id=10000) getting HeteroLRTransferVariable.guest_gradient.fit.2.1 from [Party(role=guest, party_id=9999)]
[DEBUG] [2020-10-29 08:05:59,932] [2102:140586892126016] - federation_standalone.py[line:40]: [GET] Got 202010290805128735466_hetero_lr_0-HeteroLRTransferVariable.guest_gradient-fit.2.1-guest-9999-arbiter-10000 type Object
[DEBUG] [2020-10-29 08:05:59,932] [2102:140586892126016] - federation_standalone.py[line:117]: [GET] Party(role=arbiter, party_id=10000) getting 202010290805128735466_hetero_lr_0-HeteroLRTransferVariable.guest_gradient-fit.2.1-guest-9999-arbiter-10000 from [Party(role=guest, party_id=9999)]
[INFO] [2020-10-29 08:05:59,932] [2102:140586892126016] - hetero_linear_model_gradient.py[line:368]: Get guest_gradient from Guest
[DEBUG] [2020-10-29 08:05:59,946] [2102:140586892126016] - federation_standalone.py[line:90]: [REMOTE] Sent 202010290805128735466_hetero_lr_0-HeteroLRTransferVariable.host_optim_gradient-fit.2.1-arbiter-10000-host-10000
[DEBUG] [2020-10-29 08:05:59,946] [2102:140586892126016] - clean.py[line:66]: [CLEAN] HeteroLRTransferVariable.host_optim_gradient cleaning rubbishes tagged by fit.1.1
[DEBUG] [2020-10-29 08:05:59,946] [2102:140586892126016] - clean.py[line:77]: [CLEAN] try delete object with key=202010290805128735466_hetero_lr_0-HeteroLRTransferVariable.host_optim_gradient-fit.1.1-arbiter-10000-host-10000 from table=storage_type: LMDB, namespace: 202010290805128735466_hetero_lr_0, name: __federation__, partitions: 10, in_place_computing: False
[DEBUG] [2020-10-29 08:05:59,947] [2102:140586892126016] - clean.py[line:77]: [CLEAN] try delete object with key=202010290805128735466_hetero_lr_0-HeteroLRTransferVariable.host_optim_gradient-fit.1.1-arbiter-10000-host-10000 from table=storage_type: LMDB, namespace: 202010290805128735466_hetero_lr_0, name: __status__, partitions: 10, in_place_computing: False
[DEBUG] [2020-10-29 08:05:59,949] [2102:140586892126016] - federation_standalone.py[line:90]: [REMOTE] Sent 202010290805128735466_hetero_lr_0-HeteroLRTransferVariable.guest_optim_gradient-fit.2.1-arbiter-10000-guest-9999
[DEBUG] [2020-10-29 08:05:59,949] [2102:140586892126016] - clean.py[line:66]: [CLEAN] HeteroLRTransferVariable.guest_optim_gradient cleaning rubbishes tagged by fit.1.1
[DEBUG] [2020-10-29 08:05:59,949] [2102:140586892126016] - clean.py[line:77]: [CLEAN] try delete object with key=202010290805128735466_hetero_lr_0-HeteroLRTransferVariable.guest_optim_gradient-fit.1.1-arbiter-10000-guest-9999 from table=storage_type: LMDB, namespace: 202010290805128735466_hetero_lr_0, name: __federation__, partitions: 10, in_place_computing: False
[DEBUG] [2020-10-29 08:05:59,949] [2102:140586892126016] - clean.py[line:77]: [CLEAN] try delete object with key=202010290805128735466_hetero_lr_0-HeteroLRTransferVariable.guest_optim_gradient-fit.1.1-arbiter-10000-guest-9999 from table=storage_type: LMDB, namespace: 202010290805128735466_hetero_lr_0, name: __status__, partitions: 10, in_place_computing: False
[DEBUG] [2020-10-29 08:05:59,949] [2102:140586892126016] - clean.py[line:66]: [CLEAN] HeteroLRTransferVariable.loss cleaning rubbishes tagged by fit.1.1
[DEBUG] [2020-10-29 08:05:59,949] [2102:140586892126016] - clean.py[line:77]: [CLEAN] try delete object with key=202010290805128735466_hetero_lr_0-HeteroLRTransferVariable.loss-fit.1.1-guest-9999-arbiter-10000 from table=storage_type: LMDB, namespace: 202010290805128735466_hetero_lr_0, name: __federation__, partitions: 10, in_place_computing: False
[DEBUG] [2020-10-29 08:05:59,950] [2102:140586892126016] - clean.py[line:77]: [CLEAN] try delete object with key=202010290805128735466_hetero_lr_0-HeteroLRTransferVariable.loss-fit.1.1-guest-9999-arbiter-10000 from table=storage_type: LMDB, namespace: 202010290805128735466_hetero_lr_0, name: __status__, partitions: 10, in_place_computing: False
[DEBUG] [2020-10-29 08:05:59,952] [2102:140586892126016] - federation_standalone.py[line:105]: [GET] Party(role=arbiter, party_id=10000) getting HeteroLRTransferVariable.loss.fit.2.1 from [Party(role=guest, party_id=9999)]
[DEBUG] [2020-10-29 08:06:00,254] [2102:140586892126016] - federation_standalone.py[line:40]: [GET] Got 202010290805128735466_hetero_lr_0-HeteroLRTransferVariable.loss-fit.2.1-guest-9999-arbiter-10000 type Object
[DEBUG] [2020-10-29 08:06:00,255] [2102:140586892126016] - federation_standalone.py[line:117]: [GET] Party(role=arbiter, party_id=10000) getting 202010290805128735466_hetero_lr_0-HeteroLRTransferVariable.loss-fit.2.1-guest-9999-arbiter-10000 from [Party(role=guest, party_id=9999)]
[DEBUG] [2020-10-29 08:06:00,280] [2102:140586892126016] - convergence.py[line:43]: In diff converge function, pre_loss: 67.25922766194087, current_loss: 0.7454064765134994
[INFO] [2020-10-29 08:06:00,280] [2102:140586892126016] - base_linear_model_arbiter.py[line:124]: iter: 2,  loss:0.7454064765134994, is_converged: False
[DEBUG] [2020-10-29 08:06:00,282] [2102:140586892126016] - federation_standalone.py[line:90]: [REMOTE] Sent 202010290805128735466_hetero_lr_0-HeteroLRTransferVariable.converge_flag-fit.2-arbiter-10000-host-10000
[DEBUG] [2020-10-29 08:06:00,282] [2102:140586892126016] - clean.py[line:66]: [CLEAN] HeteroLRTransferVariable.converge_flag cleaning rubbishes tagged by fit.0
[DEBUG] [2020-10-29 08:06:00,282] [2102:140586892126016] - clean.py[line:77]: [CLEAN] try delete object with key=202010290805128735466_hetero_lr_0-HeteroLRTransferVariable.converge_flag-fit.0-arbiter-10000-host-10000 from table=storage_type: LMDB, namespace: 202010290805128735466_hetero_lr_0, name: __federation__, partitions: 10, in_place_computing: False
[DEBUG] [2020-10-29 08:06:00,283] [2102:140586892126016] - clean.py[line:77]: [CLEAN] try delete object with key=202010290805128735466_hetero_lr_0-HeteroLRTransferVariable.converge_flag-fit.0-arbiter-10000-guest-9999 from table=storage_type: LMDB, namespace: 202010290805128735466_hetero_lr_0, name: __federation__, partitions: 10, in_place_computing: False
[DEBUG] [2020-10-29 08:06:00,283] [2102:140586892126016] - clean.py[line:77]: [CLEAN] try delete object with key=202010290805128735466_hetero_lr_0-HeteroLRTransferVariable.converge_flag-fit.0-arbiter-10000-host-10000 from table=storage_type: LMDB, namespace: 202010290805128735466_hetero_lr_0, name: __status__, partitions: 10, in_place_computing: False
[DEBUG] [2020-10-29 08:06:00,283] [2102:140586892126016] - clean.py[line:77]: [CLEAN] try delete object with key=202010290805128735466_hetero_lr_0-HeteroLRTransferVariable.converge_flag-fit.0-arbiter-10000-guest-9999 from table=storage_type: LMDB, namespace: 202010290805128735466_hetero_lr_0, name: __status__, partitions: 10, in_place_computing: False
[DEBUG] [2020-10-29 08:06:00,284] [2102:140586892126016] - federation_standalone.py[line:90]: [REMOTE] Sent 202010290805128735466_hetero_lr_0-HeteroLRTransferVariable.converge_flag-fit.2-arbiter-10000-guest-9999
[DEBUG] [2020-10-29 08:06:00,284] [2102:140586892126016] - base_linear_model_arbiter.py[line:129]: Linear Arbiter running validation
[DEBUG] [2020-10-29 08:06:00,285] [2102:140586892126016] - validation_strategy.py[line:100]: validation_freqs is None
[DEBUG] [2020-10-29 08:06:00,285] [2102:140586892126016] - validation_strategy.py[line:228]: begin to check validate status, need_run_validation is False
[DEBUG] [2020-10-29 08:06:00,285] [2102:140586892126016] - validation_strategy.py[line:100]: validation_freqs is None
[DEBUG] [2020-10-29 08:06:00,285] [2102:140586892126016] - base_linear_model_arbiter.py[line:140]: finish running linear model arbiter
[DEBUG] [2020-10-29 08:06:00,285] [2102:140586892126016] - model_base.py[line:152]: set flowid to transfer_variable, flowid: validate
[DEBUG] [2020-10-29 08:06:00,285] [2102:140586892126016] - model_base.py[line:87]: func: <function ComponentProperties.union_data at 0x7fcfe9abcae8>
[DEBUG] [2020-10-29 08:06:00,285] [2102:140586892126016] - model_base.py[line:87]: func: <bound method ModelBase.set_predict_data_schema of <federatedml.linear_model.logistic_regression.hetero_logistic_regression.hetero_lr_arbiter.HeteroLRArbiter object at 0x7fd7d59a3f60>>
[DEBUG] [2020-10-29 08:06:00,286] [2102:140586892126016] - model_base.py[line:99]: saved_result is : [None], data_output: None
[DEBUG] [2020-10-29 08:06:00,308] [2102:140586892126016] - base_logistic_regression.py[line:77]: In get_param, header: None
