[DEBUG] [2020-10-29 08:02:22,408] [156:140459832788800] - profile_util.py[line:34]: standard_scale_test.py:44 call parallelize, takes 0.01225590705871582s
[DEBUG] [2020-10-29 08:02:22,444] [156:140459832788800] - profile_util.py[line:34]: statics.py:153 call mapPartitions, takes 0.03411269187927246s
[DEBUG] [2020-10-29 08:02:22,454] [156:140459832788800] - profile_util.py[line:34]: statics.py:154 call reduce, takes 0.00952458381652832s
[DEBUG] [2020-10-29 08:02:22,467] [156:140459832788800] - profile_util.py[line:34]: statics.py:153 call mapPartitions, takes 0.011706113815307617s
[DEBUG] [2020-10-29 08:02:22,477] [156:140459832788800] - profile_util.py[line:34]: statics.py:154 call reduce, takes 0.009902238845825195s
[DEBUG] [2020-10-29 08:02:22,496] [156:140459832788800] - profile_util.py[line:34]: standard_scale.py:117 call mapValues, takes 0.018372058868408203s
[DEBUG] [2020-10-29 08:02:22,499] [156:140459832788800] - profile_util.py[line:34]: standard_scale_test.py:49 call collect, takes 0.0023412704467773438s
[DEBUG] [2020-10-29 08:02:22,514] [156:140459832788800] - profile_util.py[line:34]: standard_scale.py:135 call mapValues, takes 0.013589859008789062s
[DEBUG] [2020-10-29 08:02:22,516] [156:140459832788800] - profile_util.py[line:34]: standard_scale_test.py:49 call collect, takes 0.002565622329711914s
[DEBUG] [2020-10-29 08:02:22,528] [156:140459832788800] - profile_util.py[line:34]: standard_scale_test.py:44 call parallelize, takes 0.0102081298828125s
[DEBUG] [2020-10-29 08:02:22,541] [156:140459832788800] - profile_util.py[line:34]: statics.py:153 call mapPartitions, takes 0.01160430908203125s
[DEBUG] [2020-10-29 08:02:22,553] [156:140459832788800] - profile_util.py[line:34]: statics.py:154 call reduce, takes 0.010919332504272461s
[DEBUG] [2020-10-29 08:02:22,567] [156:140459832788800] - profile_util.py[line:34]: statics.py:153 call mapPartitions, takes 0.014110565185546875s
[DEBUG] [2020-10-29 08:02:22,577] [156:140459832788800] - profile_util.py[line:34]: statics.py:154 call reduce, takes 0.009221076965332031s
[DEBUG] [2020-10-29 08:02:22,594] [156:140459832788800] - profile_util.py[line:34]: standard_scale.py:117 call mapValues, takes 0.01709890365600586s
[DEBUG] [2020-10-29 08:02:22,598] [156:140459832788800] - profile_util.py[line:34]: standard_scale_test.py:49 call collect, takes 0.0031938552856445312s
[DEBUG] [2020-10-29 08:02:22,611] [156:140459832788800] - profile_util.py[line:34]: standard_scale.py:135 call mapValues, takes 0.012159109115600586s
[DEBUG] [2020-10-29 08:02:22,614] [156:140459832788800] - profile_util.py[line:34]: standard_scale_test.py:49 call collect, takes 0.003156900405883789s
[DEBUG] [2020-10-29 08:02:22,628] [156:140459832788800] - profile_util.py[line:34]: standard_scale_test.py:44 call parallelize, takes 0.012704849243164062s
[DEBUG] [2020-10-29 08:02:22,644] [156:140459832788800] - profile_util.py[line:34]: statics.py:153 call mapPartitions, takes 0.013699769973754883s
[DEBUG] [2020-10-29 08:02:22,655] [156:140459832788800] - profile_util.py[line:34]: statics.py:154 call reduce, takes 0.011079788208007812s
[DEBUG] [2020-10-29 08:02:22,669] [156:140459832788800] - profile_util.py[line:34]: statics.py:153 call mapPartitions, takes 0.01328134536743164s
[DEBUG] [2020-10-29 08:02:22,681] [156:140459832788800] - profile_util.py[line:34]: statics.py:154 call reduce, takes 0.011208057403564453s
[DEBUG] [2020-10-29 08:02:22,692] [156:140459832788800] - profile_util.py[line:34]: standard_scale.py:117 call mapValues, takes 0.01129293441772461s
[DEBUG] [2020-10-29 08:02:22,699] [156:140459832788800] - profile_util.py[line:34]: standard_scale_test.py:49 call collect, takes 0.0064890384674072266s
[DEBUG] [2020-10-29 08:02:22,717] [156:140459832788800] - profile_util.py[line:34]: standard_scale_test.py:44 call parallelize, takes 0.01663041114807129s
[DEBUG] [2020-10-29 08:02:22,749] [156:140459832788800] - profile_util.py[line:34]: statics.py:168 call mapPartitions, takes 0.02359461784362793s
[DEBUG] [2020-10-29 08:02:22,759] [156:140459832788800] - profile_util.py[line:34]: statics.py:169 call reduce, takes 0.010065078735351562s
[DEBUG] [2020-10-29 08:02:22,774] [156:140459832788800] - profile_util.py[line:34]: base_scale.py:229 call mapValues, takes 0.014661073684692383s
[DEBUG] [2020-10-29 08:02:22,787] [156:140459832788800] - profile_util.py[line:34]: statics.py:153 call mapPartitions, takes 0.012826919555664062s
[DEBUG] [2020-10-29 08:02:22,797] [156:140459832788800] - profile_util.py[line:34]: statics.py:154 call reduce, takes 0.009625911712646484s
[DEBUG] [2020-10-29 08:02:22,812] [156:140459832788800] - profile_util.py[line:34]: standard_scale.py:117 call mapValues, takes 0.014128684997558594s
[DEBUG] [2020-10-29 08:02:22,821] [156:140459832788800] - profile_util.py[line:34]: standard_scale_test.py:49 call collect, takes 0.008681535720825195s
[DEBUG] [2020-10-29 08:02:22,835] [156:140459832788800] - profile_util.py[line:34]: standard_scale.py:135 call mapValues, takes 0.013088226318359375s
[DEBUG] [2020-10-29 08:02:22,837] [156:140459832788800] - profile_util.py[line:34]: standard_scale_test.py:49 call collect, takes 0.001310586929321289s
[DEBUG] [2020-10-29 08:02:22,846] [156:140459832788800] - profile_util.py[line:34]: standard_scale_test.py:49 call collect, takes 0.009081363677978516s
[DEBUG] [2020-10-29 08:02:22,868] [156:140459832788800] - profile_util.py[line:34]: standard_scale_test.py:44 call parallelize, takes 0.020766496658325195s
[DEBUG] [2020-10-29 08:02:22,894] [156:140459832788800] - profile_util.py[line:34]: statics.py:153 call mapPartitions, takes 0.017640352249145508s
[DEBUG] [2020-10-29 08:02:22,905] [156:140459832788800] - profile_util.py[line:34]: statics.py:154 call reduce, takes 0.011421918869018555s
[DEBUG] [2020-10-29 08:02:22,919] [156:140459832788800] - profile_util.py[line:34]: statics.py:153 call mapPartitions, takes 0.012806892395019531s
[DEBUG] [2020-10-29 08:02:22,928] [156:140459832788800] - profile_util.py[line:34]: statics.py:154 call reduce, takes 0.00937652587890625s
[DEBUG] [2020-10-29 08:02:22,942] [156:140459832788800] - profile_util.py[line:34]: standard_scale.py:117 call mapValues, takes 0.013522148132324219s
[DEBUG] [2020-10-29 08:02:22,951] [156:140459832788800] - profile_util.py[line:34]: standard_scale_test.py:49 call collect, takes 0.007733583450317383s
[DEBUG] [2020-10-29 08:02:22,969] [156:140459832788800] - profile_util.py[line:34]: standard_scale_test.py:44 call parallelize, takes 0.01768636703491211s
[DEBUG] [2020-10-29 08:02:22,986] [156:140459832788800] - profile_util.py[line:34]: statics.py:153 call mapPartitions, takes 0.012026071548461914s
[DEBUG] [2020-10-29 08:02:22,997] [156:140459832788800] - profile_util.py[line:34]: statics.py:154 call reduce, takes 0.0100555419921875s
[DEBUG] [2020-10-29 08:02:23,009] [156:140459832788800] - profile_util.py[line:34]: statics.py:153 call mapPartitions, takes 0.01198267936706543s
[DEBUG] [2020-10-29 08:02:23,019] [156:140459832788800] - profile_util.py[line:34]: statics.py:154 call reduce, takes 0.010014057159423828s
[DEBUG] [2020-10-29 08:02:23,036] [156:140459832788800] - profile_util.py[line:34]: standard_scale.py:117 call mapValues, takes 0.016564369201660156s
[DEBUG] [2020-10-29 08:02:23,042] [156:140459832788800] - profile_util.py[line:34]: standard_scale_test.py:49 call collect, takes 0.0056264400482177734s
[DEBUG] [2020-10-29 08:02:23,061] [156:140459832788800] - profile_util.py[line:34]: standard_scale_test.py:44 call parallelize, takes 0.01755976676940918s
[DEBUG] [2020-10-29 08:02:23,081] [156:140459832788800] - profile_util.py[line:34]: statics.py:153 call mapPartitions, takes 0.015327215194702148s
[DEBUG] [2020-10-29 08:02:23,092] [156:140459832788800] - profile_util.py[line:34]: statics.py:154 call reduce, takes 0.010504961013793945s
[DEBUG] [2020-10-29 08:02:23,104] [156:140459832788800] - profile_util.py[line:34]: standard_scale.py:117 call mapValues, takes 0.011625051498413086s
[DEBUG] [2020-10-29 08:02:23,111] [156:140459832788800] - profile_util.py[line:34]: standard_scale_test.py:49 call collect, takes 0.006319761276245117s
[DEBUG] [2020-10-29 08:02:23,127] [156:140459832788800] - profile_util.py[line:34]: standard_scale_test.py:44 call parallelize, takes 0.014329910278320312s
[DEBUG] [2020-10-29 08:02:23,145] [156:140459832788800] - profile_util.py[line:34]: statics.py:153 call mapPartitions, takes 0.012432336807250977s
[DEBUG] [2020-10-29 08:02:23,155] [156:140459832788800] - profile_util.py[line:34]: statics.py:154 call reduce, takes 0.009553194046020508s
[DEBUG] [2020-10-29 08:02:23,170] [156:140459832788800] - profile_util.py[line:34]: statics.py:153 call mapPartitions, takes 0.014492034912109375s
[DEBUG] [2020-10-29 08:02:23,185] [156:140459832788800] - profile_util.py[line:34]: statics.py:154 call reduce, takes 0.01516866683959961s
[DEBUG] [2020-10-29 08:02:23,199] [156:140459832788800] - profile_util.py[line:34]: standard_scale.py:117 call mapValues, takes 0.013618946075439453s
[DEBUG] [2020-10-29 08:02:23,205] [156:140459832788800] - profile_util.py[line:34]: standard_scale_test.py:49 call collect, takes 0.005794525146484375s
[DEBUG] [2020-10-29 08:02:23,222] [156:140459832788800] - profile_util.py[line:34]: standard_scale_test.py:44 call parallelize, takes 0.01599264144897461s
[DEBUG] [2020-10-29 08:02:23,242] [156:140459832788800] - profile_util.py[line:34]: statics.py:153 call mapPartitions, takes 0.014126062393188477s
[DEBUG] [2020-10-29 08:02:23,252] [156:140459832788800] - profile_util.py[line:34]: statics.py:154 call reduce, takes 0.009407281875610352s
[DEBUG] [2020-10-29 08:02:23,277] [156:140459832788800] - profile_util.py[line:34]: statics.py:153 call mapPartitions, takes 0.024618148803710938s
[DEBUG] [2020-10-29 08:02:23,288] [156:140459832788800] - profile_util.py[line:34]: statics.py:154 call reduce, takes 0.010985136032104492s
[DEBUG] [2020-10-29 08:02:23,302] [156:140459832788800] - profile_util.py[line:34]: standard_scale.py:117 call mapValues, takes 0.013416290283203125s
[DEBUG] [2020-10-29 08:02:23,308] [156:140459832788800] - profile_util.py[line:34]: standard_scale_test.py:49 call collect, takes 0.005574226379394531s
[DEBUG] [2020-10-29 08:02:23,324] [156:140459832788800] - profile_util.py[line:34]: standard_scale_test.py:44 call parallelize, takes 0.015388011932373047s
[DEBUG] [2020-10-29 08:02:23,344] [156:140459832788800] - profile_util.py[line:34]: statics.py:153 call mapPartitions, takes 0.014665603637695312s
[DEBUG] [2020-10-29 08:02:23,357] [156:140459832788800] - profile_util.py[line:34]: statics.py:154 call reduce, takes 0.013407468795776367s
[DEBUG] [2020-10-29 08:02:23,372] [156:140459832788800] - profile_util.py[line:34]: base_scale.py:229 call mapValues, takes 0.014362812042236328s
[DEBUG] [2020-10-29 08:02:23,387] [156:140459832788800] - profile_util.py[line:34]: standard_scale.py:117 call mapValues, takes 0.014722347259521484s
[DEBUG] [2020-10-29 08:02:23,393] [156:140459832788800] - profile_util.py[line:34]: standard_scale_test.py:49 call collect, takes 0.005524396896362305s
[DEBUG] [2020-10-29 08:02:23,408] [156:140459832788800] - profile_util.py[line:34]: standard_scale_test.py:44 call parallelize, takes 0.014546394348144531s
[DEBUG] [2020-10-29 08:02:23,427] [156:140459832788800] - profile_util.py[line:34]: statics.py:153 call mapPartitions, takes 0.013679027557373047s
[DEBUG] [2020-10-29 08:02:23,438] [156:140459832788800] - profile_util.py[line:34]: statics.py:154 call reduce, takes 0.010579586029052734s
[DEBUG] [2020-10-29 08:02:23,451] [156:140459832788800] - profile_util.py[line:34]: base_scale.py:229 call mapValues, takes 0.012790203094482422s
[DEBUG] [2020-10-29 08:02:23,467] [156:140459832788800] - profile_util.py[line:34]: standard_scale.py:117 call mapValues, takes 0.016194820404052734s
[DEBUG] [2020-10-29 08:02:23,473] [156:140459832788800] - profile_util.py[line:34]: standard_scale_test.py:49 call collect, takes 0.005164384841918945s
[DEBUG] [2020-10-29 08:02:23,491] [156:140459832788800] - profile_util.py[line:34]: standard_scale_test.py:44 call parallelize, takes 0.016887187957763672s
[DEBUG] [2020-10-29 08:02:23,513] [156:140459832788800] - profile_util.py[line:34]: statics.py:153 call mapPartitions, takes 0.01692986488342285s
[DEBUG] [2020-10-29 08:02:23,524] [156:140459832788800] - profile_util.py[line:34]: statics.py:154 call reduce, takes 0.010319709777832031s
[DEBUG] [2020-10-29 08:02:23,540] [156:140459832788800] - profile_util.py[line:34]: base_scale.py:229 call mapValues, takes 0.015882253646850586s
[DEBUG] [2020-10-29 08:02:23,558] [156:140459832788800] - profile_util.py[line:34]: statics.py:153 call mapPartitions, takes 0.01776266098022461s
[DEBUG] [2020-10-29 08:02:23,569] [156:140459832788800] - profile_util.py[line:34]: statics.py:154 call reduce, takes 0.010258674621582031s
[DEBUG] [2020-10-29 08:02:23,587] [156:140459832788800] - profile_util.py[line:34]: standard_scale.py:117 call mapValues, takes 0.017542123794555664s
[DEBUG] [2020-10-29 08:02:23,594] [156:140459832788800] - profile_util.py[line:34]: standard_scale_test.py:49 call collect, takes 0.006048679351806641s
[DEBUG] [2020-10-29 08:02:23,613] [156:140459832788800] - profile_util.py[line:34]: standard_scale.py:135 call mapValues, takes 0.017976760864257812s
[DEBUG] [2020-10-29 08:02:23,614] [156:140459832788800] - profile_util.py[line:34]: standard_scale_test.py:49 call collect, takes 0.0012943744659423828s
[DEBUG] [2020-10-29 08:02:23,621] [156:140459832788800] - profile_util.py[line:34]: standard_scale_test.py:49 call collect, takes 0.005777835845947266s
[DEBUG] [2020-10-29 08:02:23,637] [156:140459832788800] - profile_util.py[line:34]: standard_scale_test.py:44 call parallelize, takes 0.015831708908081055s
[DEBUG] [2020-10-29 08:02:23,660] [156:140459832788800] - profile_util.py[line:34]: statics.py:153 call mapPartitions, takes 0.018008708953857422s
[DEBUG] [2020-10-29 08:02:23,674] [156:140459832788800] - profile_util.py[line:34]: statics.py:154 call reduce, takes 0.013044357299804688s
[DEBUG] [2020-10-29 08:02:23,693] [156:140459832788800] - profile_util.py[line:34]: statics.py:153 call mapPartitions, takes 0.018586158752441406s
[DEBUG] [2020-10-29 08:02:23,704] [156:140459832788800] - profile_util.py[line:34]: statics.py:154 call reduce, takes 0.011412858963012695s
[DEBUG] [2020-10-29 08:02:23,724] [156:140459832788800] - profile_util.py[line:34]: standard_scale.py:117 call mapValues, takes 0.019419431686401367s
[DEBUG] [2020-10-29 08:02:23,742] [156:140459832788800] - profile_util.py[line:34]: standard_scale.py:135 call mapValues, takes 0.0176241397857666s
[DEBUG] [2020-10-29 08:02:23,749] [156:140459832788800] - profile_util.py[line:34]: standard_scale_test.py:49 call collect, takes 0.006186008453369141s
[DEBUG] [2020-10-29 08:02:23,755] [156:140459832788800] - profile_util.py[line:34]: standard_scale_test.py:49 call collect, takes 0.005880832672119141s
[DEBUG] [2020-10-29 08:02:23,774] [156:140459832788800] - profile_util.py[line:34]: standard_scale_test.py:44 call parallelize, takes 0.017721891403198242s
[DEBUG] [2020-10-29 08:02:23,799] [156:140459832788800] - profile_util.py[line:34]: statics.py:153 call mapPartitions, takes 0.019893169403076172s
[DEBUG] [2020-10-29 08:02:23,810] [156:140459832788800] - profile_util.py[line:34]: statics.py:154 call reduce, takes 0.010580778121948242s
[DEBUG] [2020-10-29 08:02:23,827] [156:140459832788800] - profile_util.py[line:34]: statics.py:153 call mapPartitions, takes 0.016701459884643555s
[DEBUG] [2020-10-29 08:02:23,837] [156:140459832788800] - profile_util.py[line:34]: statics.py:154 call reduce, takes 0.009724617004394531s
[DEBUG] [2020-10-29 08:02:23,856] [156:140459832788800] - profile_util.py[line:34]: standard_scale.py:117 call mapValues, takes 0.019150257110595703s
[DEBUG] [2020-10-29 08:02:23,873] [156:140459832788800] - profile_util.py[line:34]: standard_scale.py:135 call mapValues, takes 0.016097307205200195s
[DEBUG] [2020-10-29 08:02:23,878] [156:140459832788800] - profile_util.py[line:34]: standard_scale_test.py:49 call collect, takes 0.0053174495697021484s
[DEBUG] [2020-10-29 08:02:23,884] [156:140459832788800] - profile_util.py[line:34]: standard_scale_test.py:49 call collect, takes 0.0050506591796875s
[DEBUG] [2020-10-29 08:02:23,904] [156:140459832788800] - profile_util.py[line:34]: standard_scale_test.py:44 call parallelize, takes 0.01952528953552246s
[DEBUG] [2020-10-29 08:02:23,928] [156:140459832788800] - profile_util.py[line:34]: statics.py:153 call mapPartitions, takes 0.019036531448364258s
[DEBUG] [2020-10-29 08:02:23,940] [156:140459832788800] - profile_util.py[line:34]: statics.py:154 call reduce, takes 0.011657953262329102s
[DEBUG] [2020-10-29 08:02:23,957] [156:140459832788800] - profile_util.py[line:34]: statics.py:153 call mapPartitions, takes 0.0170748233795166s
[DEBUG] [2020-10-29 08:02:23,971] [156:140459832788800] - profile_util.py[line:34]: statics.py:154 call reduce, takes 0.01311349868774414s
[DEBUG] [2020-10-29 08:02:23,988] [156:140459832788800] - profile_util.py[line:34]: standard_scale.py:117 call mapValues, takes 0.01699090003967285s
[DEBUG] [2020-10-29 08:02:24,005] [156:140459832788800] - profile_util.py[line:34]: standard_scale.py:135 call mapValues, takes 0.016884326934814453s
[DEBUG] [2020-10-29 08:02:24,011] [156:140459832788800] - profile_util.py[line:34]: standard_scale_test.py:49 call collect, takes 0.005304574966430664s
[DEBUG] [2020-10-29 08:02:24,017] [156:140459832788800] - profile_util.py[line:34]: standard_scale_test.py:49 call collect, takes 0.005382061004638672s
[DEBUG] [2020-10-29 08:02:24,038] [156:140459832788800] - profile_util.py[line:34]: standard_scale_test.py:44 call parallelize, takes 0.019941091537475586s
[DEBUG] [2020-10-29 08:02:24,061] [156:140459832788800] - profile_util.py[line:34]: statics.py:153 call mapPartitions, takes 0.01809382438659668s
[DEBUG] [2020-10-29 08:02:24,075] [156:140459832788800] - profile_util.py[line:34]: statics.py:154 call reduce, takes 0.01298666000366211s
[DEBUG] [2020-10-29 08:02:24,092] [156:140459832788800] - profile_util.py[line:34]: standard_scale.py:117 call mapValues, takes 0.01699066162109375s
[DEBUG] [2020-10-29 08:02:24,110] [156:140459832788800] - profile_util.py[line:34]: standard_scale.py:135 call mapValues, takes 0.017397403717041016s
[DEBUG] [2020-10-29 08:02:24,115] [156:140459832788800] - profile_util.py[line:34]: standard_scale_test.py:49 call collect, takes 0.005047798156738281s
[DEBUG] [2020-10-29 08:02:24,120] [156:140459832788800] - profile_util.py[line:34]: standard_scale_test.py:49 call collect, takes 0.00475764274597168s
[DEBUG] [2020-10-29 08:02:24,137] [156:140459832788800] - profile_util.py[line:34]: standard_scale_test.py:44 call parallelize, takes 0.015705585479736328s
[DEBUG] [2020-10-29 08:02:24,159] [156:140459832788800] - profile_util.py[line:34]: statics.py:153 call mapPartitions, takes 0.01692485809326172s
[DEBUG] [2020-10-29 08:02:24,168] [156:140459832788800] - profile_util.py[line:34]: statics.py:154 call reduce, takes 0.009560108184814453s
[DEBUG] [2020-10-29 08:02:24,189] [156:140459832788800] - profile_util.py[line:34]: standard_scale.py:117 call mapValues, takes 0.019804954528808594s
[DEBUG] [2020-10-29 08:02:24,208] [156:140459832788800] - profile_util.py[line:34]: standard_scale.py:135 call mapValues, takes 0.018892765045166016s
[DEBUG] [2020-10-29 08:02:24,214] [156:140459832788800] - profile_util.py[line:34]: standard_scale_test.py:49 call collect, takes 0.005696535110473633s
[DEBUG] [2020-10-29 08:02:24,220] [156:140459832788800] - profile_util.py[line:34]: standard_scale_test.py:49 call collect, takes 0.0056231021881103516s
[DEBUG] [2020-10-29 08:02:24,241] [156:140459832788800] - profile_util.py[line:34]: standard_scale_test.py:44 call parallelize, takes 0.015119791030883789s
[DEBUG] [2020-10-29 08:02:24,266] [156:140459832788800] - profile_util.py[line:34]: statics.py:153 call mapPartitions, takes 0.019300222396850586s
[DEBUG] [2020-10-29 08:02:24,277] [156:140459832788800] - profile_util.py[line:34]: statics.py:154 call reduce, takes 0.010682821273803711s
[DEBUG] [2020-10-29 08:02:24,295] [156:140459832788800] - profile_util.py[line:34]: standard_scale.py:117 call mapValues, takes 0.01781630516052246s
[DEBUG] [2020-10-29 08:02:24,314] [156:140459832788800] - profile_util.py[line:34]: standard_scale.py:135 call mapValues, takes 0.01841568946838379s
[DEBUG] [2020-10-29 08:02:24,321] [156:140459832788800] - profile_util.py[line:34]: standard_scale_test.py:49 call collect, takes 0.007068157196044922s
[DEBUG] [2020-10-29 08:02:24,328] [156:140459832788800] - profile_util.py[line:34]: standard_scale_test.py:49 call collect, takes 0.006186485290527344s
