[INFO] [2020-10-29 08:02:44,317] [383:139918825469760] - tracking_manager.py[line:75]: request save job jobid component pipeline on guest 9999 sample_count random metric data
[INFO] [2020-10-29 08:02:44,337] [6:140638279530240] - tracking_manager.py[line:96]: save job jobid component pipeline on guest 9999 sample_count random metric data
[INFO] [2020-10-29 08:02:44,358] [383:139918825469760] - tracking_manager.py[line:127]: request save job jobid component pipeline on guest 9999 sample_count random metric meta
[INFO] [2020-10-29 08:02:44,361] [6:140638279530240] - tracking_manager.py[line:149]: save job jobid component pipeline on guest 9999 sample_count random metric meta
[INFO] [2020-10-29 08:02:44,415] [383:139918825469760] - tracking_manager.py[line:75]: request save job jobid component pipeline on guest 9999 sample_count random metric data
[INFO] [2020-10-29 08:02:44,418] [6:140638279530240] - tracking_manager.py[line:96]: save job jobid component pipeline on guest 9999 sample_count random metric data
[INFO] [2020-10-29 08:02:44,425] [383:139918825469760] - tracking_manager.py[line:127]: request save job jobid component pipeline on guest 9999 sample_count random metric meta
[INFO] [2020-10-29 08:02:44,429] [6:140638279530240] - tracking_manager.py[line:149]: save job jobid component pipeline on guest 9999 sample_count random metric meta
[INFO] [2020-10-29 08:02:44,569] [383:139918825469760] - tracking_manager.py[line:75]: request save job jobid component pipeline on guest 9999 sample_count random metric data
[INFO] [2020-10-29 08:02:44,572] [6:140638279530240] - tracking_manager.py[line:96]: save job jobid component pipeline on guest 9999 sample_count random metric data
[INFO] [2020-10-29 08:02:44,580] [383:139918825469760] - tracking_manager.py[line:127]: request save job jobid component pipeline on guest 9999 sample_count random metric meta
[INFO] [2020-10-29 08:02:44,584] [6:140638279530240] - tracking_manager.py[line:149]: save job jobid component pipeline on guest 9999 sample_count random metric meta
[INFO] [2020-10-29 08:02:44,651] [383:139918825469760] - tracking_manager.py[line:75]: request save job jobid component pipeline on guest 9999 sample_count random metric data
[INFO] [2020-10-29 08:02:44,654] [6:140638279530240] - tracking_manager.py[line:96]: save job jobid component pipeline on guest 9999 sample_count random metric data
[INFO] [2020-10-29 08:02:44,661] [383:139918825469760] - tracking_manager.py[line:127]: request save job jobid component pipeline on guest 9999 sample_count random metric meta
[INFO] [2020-10-29 08:02:44,665] [6:140638279530240] - tracking_manager.py[line:149]: save job jobid component pipeline on guest 9999 sample_count random metric meta
[INFO] [2020-10-29 08:02:44,791] [383:139918825469760] - tracking_manager.py[line:75]: request save job jobid component pipeline on guest 9999 sample_count stratified metric data
[INFO] [2020-10-29 08:02:44,795] [6:140638279530240] - tracking_manager.py[line:96]: save job jobid component pipeline on guest 9999 sample_count stratified metric data
[INFO] [2020-10-29 08:02:44,803] [383:139918825469760] - tracking_manager.py[line:127]: request save job jobid component pipeline on guest 9999 sample_count stratified metric meta
[INFO] [2020-10-29 08:02:44,806] [6:140638279530240] - tracking_manager.py[line:149]: save job jobid component pipeline on guest 9999 sample_count stratified metric meta
[INFO] [2020-10-29 08:02:44,814] [383:139918825469760] - tracking_manager.py[line:75]: request save job jobid component pipeline on guest 9999 original_count stratified metric data
[INFO] [2020-10-29 08:02:44,817] [6:140638279530240] - tracking_manager.py[line:96]: save job jobid component pipeline on guest 9999 original_count stratified metric data
[INFO] [2020-10-29 08:02:44,825] [383:139918825469760] - tracking_manager.py[line:127]: request save job jobid component pipeline on guest 9999 original_count stratified metric meta
[INFO] [2020-10-29 08:02:44,829] [6:140638279530240] - tracking_manager.py[line:149]: save job jobid component pipeline on guest 9999 original_count stratified metric meta
[INFO] [2020-10-29 08:02:45,084] [383:139918825469760] - tracking_manager.py[line:75]: request save job jobid component pipeline on guest 9999 sample_count stratified metric data
[INFO] [2020-10-29 08:02:45,088] [6:140638279530240] - tracking_manager.py[line:96]: save job jobid component pipeline on guest 9999 sample_count stratified metric data
[INFO] [2020-10-29 08:02:45,097] [383:139918825469760] - tracking_manager.py[line:127]: request save job jobid component pipeline on guest 9999 sample_count stratified metric meta
[INFO] [2020-10-29 08:02:45,101] [6:140638279530240] - tracking_manager.py[line:149]: save job jobid component pipeline on guest 9999 sample_count stratified metric meta
[INFO] [2020-10-29 08:02:45,109] [383:139918825469760] - tracking_manager.py[line:75]: request save job jobid component pipeline on guest 9999 original_count stratified metric data
[INFO] [2020-10-29 08:02:45,114] [6:140638279530240] - tracking_manager.py[line:96]: save job jobid component pipeline on guest 9999 original_count stratified metric data
[INFO] [2020-10-29 08:02:45,122] [383:139918825469760] - tracking_manager.py[line:127]: request save job jobid component pipeline on guest 9999 original_count stratified metric meta
[INFO] [2020-10-29 08:02:45,125] [6:140638279530240] - tracking_manager.py[line:149]: save job jobid component pipeline on guest 9999 original_count stratified metric meta
