[DEBUG] [2020-10-29 08:02:19,648] [125:140216875951936] - profile_util.py[line:34]: min_max_scale_test.py:45 call parallelize, takes 0.005435466766357422s
[DEBUG] [2020-10-29 08:02:19,687] [125:140216875951936] - profile_util.py[line:34]: statics.py:153 call mapPartitions, takes 0.03757452964782715s
[DEBUG] [2020-10-29 08:02:19,697] [125:140216875951936] - profile_util.py[line:34]: statics.py:154 call reduce, takes 0.009497404098510742s
[DEBUG] [2020-10-29 08:02:19,710] [125:140216875951936] - profile_util.py[line:34]: min_max_scale.py:86 call mapValues, takes 0.01209568977355957s
[DEBUG] [2020-10-29 08:02:19,713] [125:140216875951936] - profile_util.py[line:34]: min_max_scale_test.py:58 call collect, takes 0.00191497802734375s
[DEBUG] [2020-10-29 08:02:19,723] [125:140216875951936] - profile_util.py[line:34]: min_max_scale.py:114 call mapValues, takes 0.009619712829589844s
[DEBUG] [2020-10-29 08:02:19,724] [125:140216875951936] - profile_util.py[line:34]: min_max_scale_test.py:58 call collect, takes 0.0011234283447265625s
[DEBUG] [2020-10-29 08:02:19,726] [125:140216875951936] - profile_util.py[line:34]: min_max_scale_test.py:58 call collect, takes 0.0014834403991699219s
[DEBUG] [2020-10-29 08:02:19,733] [125:140216875951936] - profile_util.py[line:34]: min_max_scale_test.py:45 call parallelize, takes 0.005503177642822266s
[DEBUG] [2020-10-29 08:02:19,749] [125:140216875951936] - profile_util.py[line:34]: statics.py:153 call mapPartitions, takes 0.014943361282348633s
[DEBUG] [2020-10-29 08:02:19,755] [125:140216875951936] - profile_util.py[line:34]: statics.py:154 call reduce, takes 0.005580425262451172s
[DEBUG] [2020-10-29 08:02:19,767] [125:140216875951936] - profile_util.py[line:34]: min_max_scale.py:86 call mapValues, takes 0.011849164962768555s
[DEBUG] [2020-10-29 08:02:19,769] [125:140216875951936] - profile_util.py[line:34]: min_max_scale_test.py:58 call collect, takes 0.0012776851654052734s
[DEBUG] [2020-10-29 08:02:19,780] [125:140216875951936] - profile_util.py[line:34]: min_max_scale.py:114 call mapValues, takes 0.01088857650756836s
[DEBUG] [2020-10-29 08:02:19,782] [125:140216875951936] - profile_util.py[line:34]: min_max_scale_test.py:58 call collect, takes 0.001325368881225586s
[DEBUG] [2020-10-29 08:02:19,783] [125:140216875951936] - profile_util.py[line:34]: min_max_scale_test.py:58 call collect, takes 0.0013318061828613281s
[DEBUG] [2020-10-29 08:02:19,789] [125:140216875951936] - profile_util.py[line:34]: min_max_scale_test.py:45 call parallelize, takes 0.005174875259399414s
[DEBUG] [2020-10-29 08:02:19,803] [125:140216875951936] - profile_util.py[line:34]: statics.py:153 call mapPartitions, takes 0.013480424880981445s
[DEBUG] [2020-10-29 08:02:19,809] [125:140216875951936] - profile_util.py[line:34]: statics.py:154 call reduce, takes 0.004744052886962891s
[DEBUG] [2020-10-29 08:02:19,818] [125:140216875951936] - profile_util.py[line:34]: min_max_scale.py:86 call mapValues, takes 0.008595705032348633s
[DEBUG] [2020-10-29 08:02:19,820] [125:140216875951936] - profile_util.py[line:34]: min_max_scale_test.py:58 call collect, takes 0.0013816356658935547s
[DEBUG] [2020-10-29 08:02:19,832] [125:140216875951936] - profile_util.py[line:34]: min_max_scale.py:114 call mapValues, takes 0.008571863174438477s
[DEBUG] [2020-10-29 08:02:19,833] [125:140216875951936] - profile_util.py[line:34]: min_max_scale_test.py:58 call collect, takes 0.0012059211730957031s
[DEBUG] [2020-10-29 08:02:19,835] [125:140216875951936] - profile_util.py[line:34]: min_max_scale_test.py:58 call collect, takes 0.0014712810516357422s
[DEBUG] [2020-10-29 08:02:19,840] [125:140216875951936] - profile_util.py[line:34]: min_max_scale_test.py:45 call parallelize, takes 0.004876613616943359s
[DEBUG] [2020-10-29 08:02:19,853] [125:140216875951936] - profile_util.py[line:34]: statics.py:153 call mapPartitions, takes 0.012223958969116211s
[DEBUG] [2020-10-29 08:02:19,858] [125:140216875951936] - profile_util.py[line:34]: statics.py:154 call reduce, takes 0.0045473575592041016s
[DEBUG] [2020-10-29 08:02:19,868] [125:140216875951936] - profile_util.py[line:34]: min_max_scale.py:86 call mapValues, takes 0.008774995803833008s
[DEBUG] [2020-10-29 08:02:19,870] [125:140216875951936] - profile_util.py[line:34]: min_max_scale_test.py:58 call collect, takes 0.001378774642944336s
[DEBUG] [2020-10-29 08:02:19,881] [125:140216875951936] - profile_util.py[line:34]: min_max_scale.py:114 call mapValues, takes 0.009727239608764648s
[DEBUG] [2020-10-29 08:02:19,882] [125:140216875951936] - profile_util.py[line:34]: min_max_scale_test.py:58 call collect, takes 0.0012428760528564453s
[DEBUG] [2020-10-29 08:02:19,884] [125:140216875951936] - profile_util.py[line:34]: min_max_scale_test.py:58 call collect, takes 0.0012905597686767578s
[DEBUG] [2020-10-29 08:02:19,889] [125:140216875951936] - profile_util.py[line:34]: min_max_scale_test.py:45 call parallelize, takes 0.004935264587402344s
[DEBUG] [2020-10-29 08:02:19,910] [125:140216875951936] - profile_util.py[line:34]: statics.py:168 call mapPartitions, takes 0.02016139030456543s
[DEBUG] [2020-10-29 08:02:19,914] [125:140216875951936] - profile_util.py[line:34]: statics.py:169 call reduce, takes 0.0039517879486083984s
[DEBUG] [2020-10-29 08:02:19,924] [125:140216875951936] - profile_util.py[line:34]: min_max_scale.py:86 call mapValues, takes 0.008698701858520508s
[DEBUG] [2020-10-29 08:02:19,926] [125:140216875951936] - profile_util.py[line:34]: min_max_scale_test.py:58 call collect, takes 0.0013358592987060547s
[DEBUG] [2020-10-29 08:02:19,936] [125:140216875951936] - profile_util.py[line:34]: min_max_scale.py:114 call mapValues, takes 0.008980274200439453s
[DEBUG] [2020-10-29 08:02:19,937] [125:140216875951936] - profile_util.py[line:34]: min_max_scale_test.py:58 call collect, takes 0.0011665821075439453s
[DEBUG] [2020-10-29 08:02:19,939] [125:140216875951936] - profile_util.py[line:34]: min_max_scale_test.py:58 call collect, takes 0.0012845993041992188s
[DEBUG] [2020-10-29 08:02:19,944] [125:140216875951936] - profile_util.py[line:34]: min_max_scale_test.py:45 call parallelize, takes 0.004726886749267578s
[DEBUG] [2020-10-29 08:02:19,957] [125:140216875951936] - profile_util.py[line:34]: statics.py:153 call mapPartitions, takes 0.012422561645507812s
[DEBUG] [2020-10-29 08:02:19,962] [125:140216875951936] - profile_util.py[line:34]: statics.py:154 call reduce, takes 0.004918813705444336s
[DEBUG] [2020-10-29 08:02:19,971] [125:140216875951936] - profile_util.py[line:34]: min_max_scale.py:86 call mapValues, takes 0.008299827575683594s
[DEBUG] [2020-10-29 08:02:19,984] [125:140216875951936] - profile_util.py[line:34]: min_max_scale_test.py:58 call collect, takes 0.01191401481628418s
[DEBUG] [2020-10-29 08:02:19,994] [125:140216875951936] - profile_util.py[line:34]: min_max_scale.py:114 call mapValues, takes 0.009118795394897461s
[DEBUG] [2020-10-29 08:02:19,995] [125:140216875951936] - profile_util.py[line:34]: min_max_scale_test.py:58 call collect, takes 0.0011875629425048828s
[DEBUG] [2020-10-29 08:02:19,997] [125:140216875951936] - profile_util.py[line:34]: min_max_scale_test.py:58 call collect, takes 0.0013036727905273438s
