[INFO] [2020-10-29 08:04:52,443] [1490:139678130571072] - task_executor.py[line:121]: run 202010290804483462984 hetero_feature_binning_0 202010290804483462984_hetero_feature_binning_0 guest 9999 task
[INFO] [2020-10-29 08:04:52,443] [1490:139678130571072] - task_executor.py[line:122]: {'FeatureBinningParam': {'method': 'quantile', 'compress_thres': 10000, 'head_size': 10000, 'error': 0.001, 'adjustment_factor': 0.5, 'bin_num': 10, 'bin_indexes': -1, 'bin_names': None, 'category_indexes': None, 'category_names': None, 'local_only': False, 'transform_param': {'transform_cols': -1, 'transform_names': None, 'transform_type': 'bin_num'}, 'optimal_binning_param': {'init_bucket_method': 'quantile', 'metric_method': 'iv', 'max_bin': None, 'mixture': True, 'max_bin_pct': 1.0, 'min_bin_pct': 0.05, 'init_bin_nums': 1000, 'adjustment_factor': None}, 'need_run': True}, 'initiator': {'role': 'guest', 'party_id': 9999}, 'job_parameters': {'work_mode': 0, 'processors_per_node': 1, 'align_task_input_data_partition': True, 'model_id': 'arbiter-10000#guest-9999#host-10000#model', 'model_version': '202010290804483462984'}, 'role': {'guest': [9999], 'host': [10000], 'arbiter': [10000]}, 'local': {'role': 'guest', 'party_id': 9999}, 'CodePath': 'federatedml/feature/hetero_feature_binning/hetero_binning_guest.py/HeteroFeatureBinningGuest', 'module': 'HeteroFeatureBinning'}
[INFO] [2020-10-29 08:04:52,444] [1490:139678130571072] - task_executor.py[line:123]: {'data': {'data': ['dataio_0.train']}}
[DEBUG] [2020-10-29 08:04:52,445] [1490:139678130571072] - profile_util.py[line:34]: tracking_manager.py:232 call table, takes 0.0009627342224121094s
[DEBUG] [2020-10-29 08:04:52,446] [1490:139678130571072] - profile_util.py[line:34]: tracking_manager.py:236 call table, takes 0.0006327629089355469s
[DEBUG] [2020-10-29 08:04:52,447] [1490:139678130571072] - profile_util.py[line:34]: session.py:178 call collect, takes 0.000827789306640625s
[INFO] [2020-10-29 08:04:52,447] [1490:139678130571072] - task_executor.py[line:202]: start save as task 202010290804483462984_hetero_feature_binning_0 input data table output_data_202010290804483462984_dataio_0 6b36d54c-19bd-11eb-86e6-0242ac120002
[DEBUG] [2020-10-29 08:04:52,448] [1490:139678130571072] - profile_util.py[line:34]: session.py:178 call collect, takes 0.00041556358337402344s
[DEBUG] [2020-10-29 08:04:52,478] [1490:139678130571072] - profile_util.py[line:34]: task_executor.py:212 call save_as, takes 0.03030705451965332s
[INFO] [2020-10-29 08:04:52,481] [1490:139678130571072] - task_executor.py[line:218]: save as task 202010290804483462984_hetero_feature_binning_0 input data table to 202010290804483462984_hetero_feature_binning_0_guest_9999 6b36d54c-19bd-11eb-86e6-0242ac120002 done
[DEBUG] [2020-10-29 08:04:54,089] [1490:139678130571072] - base_transfer_variable.py[line:63]: create variable with name=HeteroFeatureBinningTransferVariable.bucket_idx, src=('guest',), dst=('host',)
[DEBUG] [2020-10-29 08:04:54,090] [1490:139678130571072] - base_transfer_variable.py[line:63]: create variable with name=HeteroFeatureBinningTransferVariable.encrypted_bin_sum, src=('host',), dst=('guest',)
[DEBUG] [2020-10-29 08:04:54,090] [1490:139678130571072] - base_transfer_variable.py[line:63]: create variable with name=HeteroFeatureBinningTransferVariable.encrypted_label, src=('guest',), dst=('host',)
[DEBUG] [2020-10-29 08:04:54,090] [1490:139678130571072] - base_transfer_variable.py[line:63]: create variable with name=HeteroFeatureBinningTransferVariable.paillier_pubkey, src=('guest',), dst=('host',)
[DEBUG] [2020-10-29 08:04:54,090] [1490:139678130571072] - component_properties.py[line:67]: {'FeatureBinningParam': {'method': 'quantile', 'compress_thres': 10000, 'head_size': 10000, 'error': 0.001, 'adjustment_factor': 0.5, 'bin_num': 10, 'bin_indexes': -1, 'bin_names': None, 'category_indexes': None, 'category_names': None, 'local_only': False, 'transform_param': {'transform_cols': -1, 'transform_names': None, 'transform_type': 'bin_num'}, 'optimal_binning_param': {'init_bucket_method': 'quantile', 'metric_method': 'iv', 'max_bin': None, 'mixture': True, 'max_bin_pct': 1.0, 'min_bin_pct': 0.05, 'init_bin_nums': 1000, 'adjustment_factor': None}, 'need_run': True}, 'initiator': {'role': 'guest', 'party_id': 9999}, 'job_parameters': {'work_mode': 0, 'processors_per_node': 1, 'align_task_input_data_partition': True, 'model_id': 'arbiter-10000#guest-9999#host-10000#model', 'model_version': '202010290804483462984'}, 'role': {'guest': [9999], 'host': [10000], 'arbiter': [10000]}, 'local': {'role': 'guest', 'party_id': 9999}, 'CodePath': 'federatedml/feature/hetero_feature_binning/hetero_binning_guest.py/HeteroFeatureBinningGuest', 'module': 'HeteroFeatureBinning'}
[DEBUG] [2020-10-29 08:04:54,090] [1490:139678130571072] - component_properties.py[line:74]: need_run: True, need_cv: False
[DEBUG] [2020-10-29 08:04:54,090] [1490:139678130571072] - base_feature_binning.py[line:77]: in _init_model, role: guest, local_partyid: <federatedml.util.component_properties.ComponentProperties object at 0x7f043f34d6a0>
[DEBUG] [2020-10-29 08:04:54,090] [1490:139678130571072] - component_properties.py[line:118]: has_train_data: False, has_eval_data: False, has_normal_data: True
[DEBUG] [2020-10-29 08:04:54,091] [1490:139678130571072] - profile_util.py[line:34]: component_properties.py:155 call count, takes 0.0005090236663818359s
[DEBUG] [2020-10-29 08:04:54,091] [1490:139678130571072] - model_base.py[line:210]: In extract_data, data input: {'dataio_0.data': <arch.api.impl.based_1x.table.DTable object at 0x7f043f34d198>}
[DEBUG] [2020-10-29 08:04:54,091] [1490:139678130571072] - model_base.py[line:152]: set flowid to transfer_variable, flowid: fit
[DEBUG] [2020-10-29 08:04:54,091] [1490:139678130571072] - model_base.py[line:87]: func: <bound method HeteroFeatureBinningGuest.fit of <federatedml.feature.hetero_feature_binning.hetero_binning_guest.HeteroFeatureBinningGuest object at 0x7f043f327fd0>>
[INFO] [2020-10-29 08:04:54,091] [1490:139678130571072] - hetero_binning_guest.py[line:39]: Start feature binning fit and transform
[DEBUG] [2020-10-29 08:04:54,092] [1490:139678130571072] - profile_util.py[line:34]: abnormal_detection.py:23 call count, takes 0.0003902912139892578s
[DEBUG] [2020-10-29 08:04:54,092] [1490:139678130571072] - base_feature_binning.py[line:85]: _setup_bin_inner_param, get header: ['x0', 'x1', 'x2', 'x3', 'x4', 'x5', 'x6', 'x7', 'x8', 'x9']
[DEBUG] [2020-10-29 08:04:54,092] [1490:139678130571072] - base_feature_binning.py[line:105]: After _setup_bin_inner_param, header: ['x0', 'x1', 'x2', 'x3', 'x4', 'x5', 'x6', 'x7', 'x8', 'x9']
[DEBUG] [2020-10-29 08:04:54,202] [1490:139678130571072] - profile_util.py[line:34]: quantile_binning.py:132 call mapPartitions2, takes 0.10998845100402832s
[DEBUG] [2020-10-29 08:04:54,212] [1490:139678130571072] - profile_util.py[line:34]: quantile_binning.py:133 call reduce, takes 0.009645462036132812s
[DEBUG] [2020-10-29 08:04:54,252] [1490:139678130571072] - profile_util.py[line:34]: data_overview.py:129 call mapPartitions, takes 0.0133514404296875s
[DEBUG] [2020-10-29 08:04:54,255] [1490:139678130571072] - profile_util.py[line:34]: data_overview.py:130 call reduce, takes 0.0035805702209472656s
[DEBUG] [2020-10-29 08:04:54,281] [1490:139678130571072] - profile_util.py[line:34]: hetero_binning_guest.py:51 call mapValues, takes 0.02565622329711914s
[DEBUG] [2020-10-29 08:04:54,282] [1490:139678130571072] - base_feature_binning.py[line:200]: After Binning, when setting schema, schema is : {'header': ['x0', 'x1', 'x2', 'x3', 'x4', 'x5', 'x6', 'x7', 'x8', 'x9'], 'sid_name': 'id', 'label_name': 'y'}
[DEBUG] [2020-10-29 08:04:54,295] [1490:139678130571072] - profile_util.py[line:34]: hetero_binning_guest.py:53 call mapValues, takes 0.013445377349853516s
[DEBUG] [2020-10-29 08:04:55,937] [1490:139678130571072] - profile_util.py[line:34]: hetero_binning_guest.py:65 call mapValues, takes 1.6281933784484863s
[DEBUG] [2020-10-29 08:04:55,939] [1490:139678130571072] - federation_standalone.py[line:90]: [REMOTE] Sent 202010290804483462984_hetero_feature_binning_0-HeteroFeatureBinningTransferVariable.encrypted_label-fit-guest-9999-host-10000
[INFO] [2020-10-29 08:04:55,940] [1490:139678130571072] - hetero_binning_guest.py[line:70]: Sent encrypted_label_table to host
[DEBUG] [2020-10-29 08:04:55,981] [1490:139678130571072] - profile_util.py[line:34]: base_binning.py:162 call mapValues, takes 0.0402827262878418s
[DEBUG] [2020-10-29 08:04:55,989] [1490:139678130571072] - profile_util.py[line:34]: base_binning.py:329 call mapValues, takes 0.007642984390258789s
[DEBUG] [2020-10-29 08:04:56,000] [1490:139678130571072] - profile_util.py[line:34]: base_binning.py:330 call join, takes 0.010892391204833984s
[DEBUG] [2020-10-29 08:04:56,019] [1490:139678130571072] - profile_util.py[line:34]: base_binning.py:335 call mapPartitions, takes 0.018577098846435547s
[DEBUG] [2020-10-29 08:04:56,022] [1490:139678130571072] - profile_util.py[line:34]: base_binning.py:336 call reduce, takes 0.0030808448791503906s
[DEBUG] [2020-10-29 08:04:56,023] [1490:139678130571072] - federation_standalone.py[line:105]: [GET] Party(role=guest, party_id=9999) getting HeteroFeatureBinningTransferVariable.encrypted_bin_sum.fit from [Party(role=host, party_id=10000)]
