[INFO] [2020-10-29 08:12:01,928] [6:140637848127232] - job_controller.py[line:47]: submit job, job_id 202010290812019279649, body {'job_dsl': {'components': {'dataio_0': {'module': 'DataIO', 'input': {'data': {'data': ['args.train_data']}}, 'output': {'data': ['train'], 'model': ['dataio']}}, 'dataio_1': {'module': 'DataIO', 'input': {'data': {'data': ['args.eval_data']}, 'model': ['dataio_0.dataio']}, 'output': {'data': ['eval_data']}}, 'homo_lr_0': {'module': 'HomoLR', 'input': {'data': {'train_data': ['dataio_0.train']}}, 'output': {'data': ['train'], 'model': ['homolr']}}, 'homo_lr_1': {'module': 'HomoLR', 'input': {'data': {'eval_data': ['dataio_1.eval_data']}, 'model': ['homo_lr_0.homolr']}, 'output': {'data': ['predict'], 'model': ['homolr']}}, 'evaluation_0': {'module': 'Evaluation', 'input': {'data': {'data': ['homo_lr_0.train']}}}, 'evaluation_1': {'module': 'Evaluation', 'input': {'data': {'data': ['homo_lr_1.predict']}}}}}, 'job_runtime_conf': {'initiator': {'role': 'guest', 'party_id': 10000}, 'job_parameters': {'work_mode': 0}, 'role': {'guest': [10000], 'host': [10000], 'arbiter': [10000]}, 'role_parameters': {'guest': {'args': {'data': {'train_data': [{'name': 'breast_homo_guest', 'namespace': 'experiment'}], 'eval_data': [{'name': 'homo_breast_test', 'namespace': 'experiment'}]}}, 'dataio_0': {'with_label': [True], 'label_name': ['y'], 'label_type': ['int'], 'output_format': ['dense']}}, 'host': {'args': {'data': {'train_data': [{'name': 'breast_homo_host', 'namespace': 'experiment'}], 'eval_data': [{'name': 'homo_breast_test', 'namespace': 'experiment'}]}}, 'dataio_0': {'with_label': [True], 'label_name': ['y'], 'label_type': ['int'], 'output_format': ['dense']}, 'evaluation_0': {'need_run': [False]}, 'evaluation_1': {'need_run': [False]}}}, 'algorithm_parameters': {'homo_lr_0': {'penalty': 'L2', 'optimizer': 'sgd', 'eps': 1e-05, 'alpha': 0.01, 'max_iter': 3, 'converge_func': 'diff', 'batch_size': 320, 'learning_rate': 0.15, 'init_param': {'init_method': 'zeros'}, 'cv_param': {'n_splits': 4, 'shuffle': True, 'random_seed': 33, 'need_cv': False}}, 'evaluation_0': {'eval_type': 'binary'}}, 'config': '/fate/examples/federatedml-1.x-examples/homo_logistic_regression/test_homolr_evaluate_job_conf.json', 'dsl': 'examples/federatedml-1.x-examples/homo_logistic_regression/test_homolr_evaluate_job_dsl.json', 'function': 'submit_job'}}
[INFO] [2020-10-29 08:12:01,972] [6:140229272925952] - tracking_manager.py[line:329]: save guest 10000 job: {'f_name': '', 'f_description': '', 'f_tag': '', 'f_initiator_party_id': 10000, 'f_is_initiator': 1, 'f_progress': 0, 'f_job_id': '202010290812019279649', 'f_roles': '{"guest": [10000], "host": [10000], "arbiter": [10000]}', 'f_work_mode': 0, 'f_dsl': '{"components": {"dataio_0": {"module": "DataIO", "input": {"data": {"data": ["args.train_data"]}}, "output": {"data": ["train"], "model": ["dataio"]}}, "dataio_1": {"module": "DataIO", "input": {"data": {"data": ["args.eval_data"]}, "model": ["dataio_0.dataio"]}, "output": {"data": ["eval_data"]}}, "homo_lr_0": {"module": "HomoLR", "input": {"data": {"train_data": ["dataio_0.train"]}}, "output": {"data": ["train"], "model": ["homolr"]}}, "homo_lr_1": {"module": "HomoLR", "input": {"data": {"eval_data": ["dataio_1.eval_data"]}, "model": ["homo_lr_0.homolr"]}, "output": {"data": ["predict"], "model": ["homolr"]}}, "evaluation_0": {"module": "Evaluation", "input": {"data": {"data": ["homo_lr_0.train"]}}}, "evaluation_1": {"module": "Evaluation", "input": {"data": {"data": ["homo_lr_1.predict"]}}}}}', 'f_runtime_conf': '{"initiator": {"role": "guest", "party_id": 10000}, "job_parameters": {"work_mode": 0, "model_id": "arbiter-10000#guest-10000#host-10000#model", "model_version": "202010290812019279649"}, "role": {"guest": [10000], "host": [10000], "arbiter": [10000]}, "role_parameters": {"guest": {"args": {"data": {"train_data": [{"name": "breast_homo_guest", "namespace": "experiment"}], "eval_data": [{"name": "homo_breast_test", "namespace": "experiment"}]}}, "dataio_0": {"with_label": [true], "label_name": ["y"], "label_type": ["int"], "output_format": ["dense"]}}, "host": {"args": {"data": {"train_data": [{"name": "breast_homo_host", "namespace": "experiment"}], "eval_data": [{"name": "homo_breast_test", "namespace": "experiment"}]}}, "dataio_0": {"with_label": [true], "label_name": ["y"], "label_type": ["int"], "output_format": ["dense"]}, "evaluation_0": {"need_run": [false]}, "evaluation_1": {"need_run": [false]}}}, "algorithm_parameters": {"homo_lr_0": {"penalty": "L2", "optimizer": "sgd", "eps": 1e-05, "alpha": 0.01, "max_iter": 3, "converge_func": "diff", "batch_size": 320, "learning_rate": 0.15, "init_param": {"init_method": "zeros"}, "cv_param": {"n_splits": 4, "shuffle": true, "random_seed": 33, "need_cv": false}}, "evaluation_0": {"eval_type": "binary"}}, "config": "/fate/examples/federatedml-1.x-examples/homo_logistic_regression/test_homolr_evaluate_job_conf.json", "dsl": "examples/federatedml-1.x-examples/homo_logistic_regression/test_homolr_evaluate_job_dsl.json", "function": "submit_job"}', 'f_train_runtime_conf': '{}', 'f_run_ip': '172.18.0.2:9380', 'f_status': 'waiting', 'f_create_time': 1603959121930, 'f_role': 'guest', 'f_party_id': 10000}
[INFO] [2020-10-29 08:12:02,001] [6:140229272925952] - tracking_manager.py[line:329]: save host 10000 job: {'f_name': '', 'f_description': '', 'f_tag': '', 'f_initiator_party_id': 10000, 'f_is_initiator': 0, 'f_progress': 0, 'f_job_id': '202010290812019279649', 'f_roles': '{"guest": [10000], "host": [10000], "arbiter": [10000]}', 'f_work_mode': 0, 'f_dsl': '{"components": {"dataio_0": {"module": "DataIO", "input": {"data": {"data": ["args.train_data"]}}, "output": {"data": ["train"], "model": ["dataio"]}}, "dataio_1": {"module": "DataIO", "input": {"data": {"data": ["args.eval_data"]}, "model": ["dataio_0.dataio"]}, "output": {"data": ["eval_data"]}}, "homo_lr_0": {"module": "HomoLR", "input": {"data": {"train_data": ["dataio_0.train"]}}, "output": {"data": ["train"], "model": ["homolr"]}}, "homo_lr_1": {"module": "HomoLR", "input": {"data": {"eval_data": ["dataio_1.eval_data"]}, "model": ["homo_lr_0.homolr"]}, "output": {"data": ["predict"], "model": ["homolr"]}}, "evaluation_0": {"module": "Evaluation", "input": {"data": {"data": ["homo_lr_0.train"]}}}, "evaluation_1": {"module": "Evaluation", "input": {"data": {"data": ["homo_lr_1.predict"]}}}}}', 'f_runtime_conf': '{"initiator": {"role": "guest", "party_id": 10000}, "job_parameters": {"work_mode": 0, "model_id": "arbiter-10000#guest-10000#host-10000#model", "model_version": "202010290812019279649"}, "role": {"guest": [10000], "host": [10000], "arbiter": [10000]}, "role_parameters": {"guest": {"args": {"data": {"train_data": [{"name": "breast_homo_guest", "namespace": "experiment"}], "eval_data": [{"name": "homo_breast_test", "namespace": "experiment"}]}}, "dataio_0": {"with_label": [true], "label_name": ["y"], "label_type": ["int"], "output_format": ["dense"]}}, "host": {"args": {"data": {"train_data": [{"name": "breast_homo_host", "namespace": "experiment"}], "eval_data": [{"name": "homo_breast_test", "namespace": "experiment"}]}}, "dataio_0": {"with_label": [true], "label_name": ["y"], "label_type": ["int"], "output_format": ["dense"]}, "evaluation_0": {"need_run": [false]}, "evaluation_1": {"need_run": [false]}}}, "algorithm_parameters": {"homo_lr_0": {"penalty": "L2", "optimizer": "sgd", "eps": 1e-05, "alpha": 0.01, "max_iter": 3, "converge_func": "diff", "batch_size": 320, "learning_rate": 0.15, "init_param": {"init_method": "zeros"}, "cv_param": {"n_splits": 4, "shuffle": true, "random_seed": 33, "need_cv": false}}, "evaluation_0": {"eval_type": "binary"}}, "config": "/fate/examples/federatedml-1.x-examples/homo_logistic_regression/test_homolr_evaluate_job_conf.json", "dsl": "examples/federatedml-1.x-examples/homo_logistic_regression/test_homolr_evaluate_job_dsl.json", "function": "submit_job"}', 'f_train_runtime_conf': '{}', 'f_run_ip': '172.18.0.2:9380', 'f_status': 'waiting', 'f_create_time': 1603959121930, 'f_role': 'host', 'f_party_id': 10000}
[INFO] [2020-10-29 08:12:02,038] [6:140229272925952] - tracking_manager.py[line:329]: save arbiter 10000 job: {'f_name': '', 'f_description': '', 'f_tag': '', 'f_initiator_party_id': 10000, 'f_is_initiator': 0, 'f_progress': 0, 'f_job_id': '202010290812019279649', 'f_roles': '{"guest": [10000], "host": [10000], "arbiter": [10000]}', 'f_work_mode': 0, 'f_dsl': '{"components": {"dataio_0": {"module": "DataIO", "input": {"data": {"data": ["args.train_data"]}}, "output": {"data": ["train"], "model": ["dataio"]}}, "dataio_1": {"module": "DataIO", "input": {"data": {"data": ["args.eval_data"]}, "model": ["dataio_0.dataio"]}, "output": {"data": ["eval_data"]}}, "homo_lr_0": {"module": "HomoLR", "input": {"data": {"train_data": ["dataio_0.train"]}}, "output": {"data": ["train"], "model": ["homolr"]}}, "homo_lr_1": {"module": "HomoLR", "input": {"data": {"eval_data": ["dataio_1.eval_data"]}, "model": ["homo_lr_0.homolr"]}, "output": {"data": ["predict"], "model": ["homolr"]}}, "evaluation_0": {"module": "Evaluation", "input": {"data": {"data": ["homo_lr_0.train"]}}}, "evaluation_1": {"module": "Evaluation", "input": {"data": {"data": ["homo_lr_1.predict"]}}}}}', 'f_runtime_conf': '{"initiator": {"role": "guest", "party_id": 10000}, "job_parameters": {"work_mode": 0, "model_id": "arbiter-10000#guest-10000#host-10000#model", "model_version": "202010290812019279649"}, "role": {"guest": [10000], "host": [10000], "arbiter": [10000]}, "role_parameters": {"guest": {"args": {"data": {"train_data": [{"name": "breast_homo_guest", "namespace": "experiment"}], "eval_data": [{"name": "homo_breast_test", "namespace": "experiment"}]}}, "dataio_0": {"with_label": [true], "label_name": ["y"], "label_type": ["int"], "output_format": ["dense"]}}, "host": {"args": {"data": {"train_data": [{"name": "breast_homo_host", "namespace": "experiment"}], "eval_data": [{"name": "homo_breast_test", "namespace": "experiment"}]}}, "dataio_0": {"with_label": [true], "label_name": ["y"], "label_type": ["int"], "output_format": ["dense"]}, "evaluation_0": {"need_run": [false]}, "evaluation_1": {"need_run": [false]}}}, "algorithm_parameters": {"homo_lr_0": {"penalty": "L2", "optimizer": "sgd", "eps": 1e-05, "alpha": 0.01, "max_iter": 3, "converge_func": "diff", "batch_size": 320, "learning_rate": 0.15, "init_param": {"init_method": "zeros"}, "cv_param": {"n_splits": 4, "shuffle": true, "random_seed": 33, "need_cv": false}}, "evaluation_0": {"eval_type": "binary"}}, "config": "/fate/examples/federatedml-1.x-examples/homo_logistic_regression/test_homolr_evaluate_job_conf.json", "dsl": "examples/federatedml-1.x-examples/homo_logistic_regression/test_homolr_evaluate_job_dsl.json", "function": "submit_job"}', 'f_train_runtime_conf': '{}', 'f_run_ip': '172.18.0.2:9380', 'f_status': 'waiting', 'f_create_time': 1603959121930, 'f_role': 'arbiter', 'f_party_id': 10000}
[INFO] [2020-10-29 08:12:02,046] [6:140637848127232] - job_controller.py[line:106]: submit job successfully, job id is 202010290812019279649, model id is arbiter-10000#guest-10000#host-10000#model
[INFO] [2020-10-29 08:12:02,046] [6:140638262744832] - dag_scheduler.py[line:58]: start check all role status
[INFO] [2020-10-29 08:12:02,046] [6:140638262744832] - dag_scheduler.py[line:60]: check all role status success, status is True
[INFO] [2020-10-29 08:12:02,046] [6:140638262744832] - dag_scheduler.py[line:71]: schedule job {'job_id': '202010290812019279649', 'initiator_role': 'guest', 'initiator_party_id': 10000}
[INFO] [2020-10-29 08:12:02,084] [6:140540993599232] - job_utils.py[line:569]: setting job 202010290812019279649 timeout None is incorrect, using the default timeout 604800
[INFO] [2020-10-29 08:12:02,092] [6:140229272925952] - tracking_manager.py[line:329]: save guest 10000 job: {'f_name': '', 'f_description': '', 'f_tag': 'end_waiting', 'f_initiator_party_id': -1, 'f_is_initiator': -1, 'f_progress': 0, 'f_job_id': '202010290812019279649', 'f_start_time': 1603959122084, 'f_status': 'running', 'f_update_time': 1603959122085, 'f_role': 'guest', 'f_party_id': 10000, 'f_run_ip': '172.18.0.2:9380'}
[INFO] [2020-10-29 08:12:02,106] [6:140229272925952] - tracking_manager.py[line:329]: save host 10000 job: {'f_name': '', 'f_description': '', 'f_tag': 'end_waiting', 'f_initiator_party_id': -1, 'f_is_initiator': -1, 'f_progress': 0, 'f_job_id': '202010290812019279649', 'f_start_time': 1603959122084, 'f_status': 'running', 'f_update_time': 1603959122085, 'f_role': 'host', 'f_party_id': 10000, 'f_run_ip': '172.18.0.2:9380'}
[INFO] [2020-10-29 08:12:02,118] [6:140229272925952] - tracking_manager.py[line:329]: save arbiter 10000 job: {'f_name': '', 'f_description': '', 'f_tag': 'end_waiting', 'f_initiator_party_id': -1, 'f_is_initiator': -1, 'f_progress': 0, 'f_job_id': '202010290812019279649', 'f_start_time': 1603959122084, 'f_status': 'running', 'f_update_time': 1603959122085, 'f_role': 'arbiter', 'f_party_id': 10000, 'f_run_ip': '172.18.0.2:9380'}
[INFO] [2020-10-29 08:12:02,127] [6:140540993599232] - task_scheduler.py[line:167]: job 202010290812019279649 root components is ['dataio_0']
[INFO] [2020-10-29 08:12:02,127] [6:140540993599232] - task_scheduler.py[line:219]: job 202010290812019279649 run component dataio_0
[INFO] [2020-10-29 08:12:02,147] [6:140229272925952] - task_scheduler.py[line:420]: job 202010290812019279649 dataio_0 guest 10000 task subprocess is ready
[WARNING] [2020-10-29 08:12:02,148] [6:140229272925952] - task_scheduler.py[line:433]: failed to get backend, set as 0
[INFO] [2020-10-29 08:12:02,148] [6:140229272925952] - task_scheduler.py[line:486]: job 202010290812019279649 dataio_0 guest 10000 task subprocess start
[INFO] [2020-10-29 08:12:02,159] [6:140229272925952] - task_scheduler.py[line:495]: job 202010290812019279649 component dataio_0 on guest 10000 start task subprocess success
[INFO] [2020-10-29 08:12:02,167] [6:140229272925952] - task_scheduler.py[line:420]: job 202010290812019279649 dataio_0 host 10000 task subprocess is ready
[WARNING] [2020-10-29 08:12:02,169] [6:140229272925952] - task_scheduler.py[line:433]: failed to get backend, set as 0
[INFO] [2020-10-29 08:12:02,169] [6:140229272925952] - task_scheduler.py[line:486]: job 202010290812019279649 dataio_0 host 10000 task subprocess start
[INFO] [2020-10-29 08:12:02,179] [6:140229272925952] - task_scheduler.py[line:495]: job 202010290812019279649 component dataio_0 on host 10000 start task subprocess success
[INFO] [2020-10-29 08:12:02,185] [6:140540993599232] - task_scheduler.py[line:394]: job 202010290812019279649 component dataio_0 run on guest 10000 status is notRunning
[INFO] [2020-10-29 08:12:02,187] [6:140540993599232] - task_scheduler.py[line:394]: job 202010290812019279649 component dataio_0 run on host 10000 status is notRunning
[INFO] [2020-10-29 08:12:02,693] [6:140540993599232] - task_scheduler.py[line:394]: job 202010290812019279649 component dataio_0 run on guest 10000 status is notRunning
[INFO] [2020-10-29 08:12:02,695] [6:140540993599232] - task_scheduler.py[line:394]: job 202010290812019279649 component dataio_0 run on host 10000 status is notRunning
[INFO] [2020-10-29 08:12:02,959] [2468:140422157502272] - task_executor.py[line:52]: enter task process
[INFO] [2020-10-29 08:12:02,960] [2468:140422157502272] - task_executor.py[line:53]: Namespace(component_name='dataio_0', config='/fate/jobs/202010290812019279649/guest/10000/dataio_0/task_config.json', job_id='202010290812019279649', job_server='172.18.0.2:9380', party_id='10000', processors_per_node=0, role='guest', task_id='202010290812019279649_dataio_0')
[INFO] [2020-10-29 08:12:02,988] [2470:140117390411584] - task_executor.py[line:52]: enter task process
[INFO] [2020-10-29 08:12:02,988] [2470:140117390411584] - task_executor.py[line:53]: Namespace(component_name='dataio_0', config='/fate/jobs/202010290812019279649/host/10000/dataio_0/task_config.json', job_id='202010290812019279649', job_server='172.18.0.2:9380', party_id='10000', processors_per_node=0, role='host', task_id='202010290812019279649_dataio_0')
[INFO] [2020-10-29 08:12:03,148] [6:140229272925952] - job_controller.py[line:158]: job 202010290812019279649 component dataio_0 guest 10000 status running
[INFO] [2020-10-29 08:12:03,199] [6:140540993599232] - task_scheduler.py[line:394]: job 202010290812019279649 component dataio_0 run on guest 10000 status is running
[INFO] [2020-10-29 08:12:03,201] [6:140540993599232] - task_scheduler.py[line:394]: job 202010290812019279649 component dataio_0 run on host 10000 status is notRunning
[INFO] [2020-10-29 08:12:03,259] [6:140229272925952] - job_controller.py[line:158]: job 202010290812019279649 component dataio_0 host 10000 status running
[INFO] [2020-10-29 08:12:03,645] [2468:140422157502272] - tracking_manager.py[line:198]: persisting the component output temporary table: 202010290812019279649_dataio_0_guest_10000 6d7b9314-19be-11eb-b845-0242ac120002 to output_data_202010290812019279649_dataio_0 6d7b9314-19be-11eb-b845-0242ac120002
[INFO] [2020-10-29 08:12:03,706] [6:140540993599232] - task_scheduler.py[line:394]: job 202010290812019279649 component dataio_0 run on guest 10000 status is running
[INFO] [2020-10-29 08:12:03,709] [6:140540993599232] - task_scheduler.py[line:394]: job 202010290812019279649 component dataio_0 run on host 10000 status is running
[INFO] [2020-10-29 08:12:03,771] [6:140229272925952] - job_controller.py[line:158]: job 202010290812019279649 component dataio_0 guest 10000 status success
[INFO] [2020-10-29 08:12:03,885] [2470:140117390411584] - tracking_manager.py[line:198]: persisting the component output temporary table: 202010290812019279649_dataio_0_host_10000 6da06644-19be-11eb-8589-0242ac120002 to output_data_202010290812019279649_dataio_0 6da06644-19be-11eb-8589-0242ac120002
[INFO] [2020-10-29 08:12:04,011] [6:140229272925952] - job_controller.py[line:158]: job 202010290812019279649 component dataio_0 host 10000 status success
[INFO] [2020-10-29 08:12:04,212] [6:140540993599232] - task_scheduler.py[line:394]: job 202010290812019279649 component dataio_0 run on guest 10000 status is success
[INFO] [2020-10-29 08:12:04,214] [6:140540993599232] - task_scheduler.py[line:394]: job 202010290812019279649 component dataio_0 run on host 10000 status is success
[INFO] [2020-10-29 08:12:04,216] [6:140540993599232] - task_scheduler.py[line:264]: job 202010290812019279649 component dataio_0 run success
[INFO] [2020-10-29 08:12:04,223] [6:140229272925952] - tracking_manager.py[line:329]: save guest 10000 job: {'f_name': '', 'f_description': '', 'f_tag': '', 'f_initiator_party_id': -1, 'f_is_initiator': -1, 'f_progress': 16.666666666666664, 'f_update_time': 1603959124220, 'f_current_tasks': '["202010290812019279649_dataio_0"]', 'f_role': 'guest', 'f_party_id': 10000, 'f_run_ip': '172.18.0.2:9380'}
[INFO] [2020-10-29 08:12:04,236] [6:140229272925952] - tracking_manager.py[line:329]: save host 10000 job: {'f_name': '', 'f_description': '', 'f_tag': '', 'f_initiator_party_id': -1, 'f_is_initiator': -1, 'f_progress': 16.666666666666664, 'f_update_time': 1603959124220, 'f_current_tasks': '["202010290812019279649_dataio_0"]', 'f_role': 'host', 'f_party_id': 10000, 'f_run_ip': '172.18.0.2:9380'}
[INFO] [2020-10-29 08:12:04,248] [6:140229272925952] - tracking_manager.py[line:329]: save arbiter 10000 job: {'f_name': '', 'f_description': '', 'f_tag': '', 'f_initiator_party_id': -1, 'f_is_initiator': -1, 'f_progress': 16.666666666666664, 'f_update_time': 1603959124220, 'f_current_tasks': '["202010290812019279649_dataio_0"]', 'f_role': 'arbiter', 'f_party_id': 10000, 'f_run_ip': '172.18.0.2:9380'}
[INFO] [2020-10-29 08:12:04,254] [6:140540993599232] - task_scheduler.py[line:596]: get stop job 202010290812019279649 dataio_0 command
[INFO] [2020-10-29 08:12:04,260] [6:140229272925952] - job_controller.py[line:117]: guest 10000 get kill job 202010290812019279649 dataio_0 command
[INFO] [2020-10-29 08:12:04,265] [6:140229272925952] - job_utils.py[line:396]: try to stop job 202010290812019279649 task 202010290812019279649_dataio_0 guest 10000 process pid:2468
[INFO] [2020-10-29 08:12:04,266] [6:140229272925952] - job_utils.py[line:502]: start run subprocess to stop component dataio_0 session
[INFO] [2020-10-29 08:12:04,275] [6:140229272925952] - job_controller.py[line:139]: job 202010290812019279649 component dataio_0 on guest 10000 process 2468 kill success
[INFO] [2020-10-29 08:12:04,286] [6:140540940003072] - job_controller.py[line:158]: job 202010290812019279649 component dataio_0 guest 10000 status success
[INFO] [2020-10-29 08:12:04,297] [6:140540940003072] - job_controller.py[line:158]: job 202010290812019279649 component dataio_0 guest 10000 status success
[INFO] [2020-10-29 08:12:04,303] [6:140540993599232] - task_scheduler.py[line:639]: send guest 10000 kill job 202010290812019279649 dataio_0 command successfully
[INFO] [2020-10-29 08:12:04,306] [6:140229272925952] - job_controller.py[line:117]: host 10000 get kill job 202010290812019279649 dataio_0 command
[INFO] [2020-10-29 08:12:04,311] [6:140229272925952] - job_utils.py[line:396]: try to stop job 202010290812019279649 task 202010290812019279649_dataio_0 host 10000 process pid:2470
[INFO] [2020-10-29 08:12:04,312] [6:140229272925952] - job_utils.py[line:502]: start run subprocess to stop component dataio_0 session
[INFO] [2020-10-29 08:12:04,322] [6:140229272925952] - job_controller.py[line:139]: job 202010290812019279649 component dataio_0 on host 10000 process 2470 kill success
[INFO] [2020-10-29 08:12:04,333] [6:140540940003072] - job_controller.py[line:158]: job 202010290812019279649 component dataio_0 host 10000 status success
[INFO] [2020-10-29 08:12:04,345] [6:140540940003072] - job_controller.py[line:158]: job 202010290812019279649 component dataio_0 host 10000 status success
[INFO] [2020-10-29 08:12:04,351] [6:140540993599232] - task_scheduler.py[line:639]: send host 10000 kill job 202010290812019279649 dataio_0 command successfully
[INFO] [2020-10-29 08:12:04,354] [6:140229272925952] - job_controller.py[line:117]: arbiter 10000 get kill job 202010290812019279649 dataio_0 command
[INFO] [2020-10-29 08:12:04,363] [6:140540993599232] - task_scheduler.py[line:639]: send arbiter 10000 kill job 202010290812019279649 dataio_0 command successfully
[INFO] [2020-10-29 08:12:04,363] [6:140540993599232] - task_scheduler.py[line:278]: job 202010290812019279649 component dataio_0 next components is ['dataio_1', 'homo_lr_0']
[INFO] [2020-10-29 08:12:04,363] [6:140540993599232] - task_scheduler.py[line:282]: job 202010290812019279649 check component dataio_1 dependencies status
[INFO] [2020-10-29 08:12:04,365] [6:140540993599232] - task_scheduler.py[line:363]: job 202010290812019279649 component dataio_1 all dependent component: [{'component_name': 'dataio_0', 'type': 'model'}]
[INFO] [2020-10-29 08:12:04,368] [6:140540993599232] - task_scheduler.py[line:394]: job 202010290812019279649 component dataio_0 run on guest 10000 status is success
[INFO] [2020-10-29 08:12:04,370] [6:140540993599232] - task_scheduler.py[line:394]: job 202010290812019279649 component dataio_0 run on host 10000 status is success
[INFO] [2020-10-29 08:12:04,370] [6:140540993599232] - task_scheduler.py[line:370]: job 202010290812019279649 component dataio_1 dependency dataio_0 status is True
[INFO] [2020-10-29 08:12:04,372] [6:140540993599232] - task_scheduler.py[line:290]: job 202010290812019279649 component dataio_1 dependencies status is True, job status is True
[INFO] [2020-10-29 08:12:04,373] [6:140540993599232] - task_scheduler.py[line:219]: job 202010290812019279649 run component dataio_1
[INFO] [2020-10-29 08:12:04,392] [6:140229272925952] - task_scheduler.py[line:420]: job 202010290812019279649 dataio_1 guest 10000 task subprocess is ready
[WARNING] [2020-10-29 08:12:04,393] [6:140229272925952] - task_scheduler.py[line:433]: failed to get backend, set as 0
[INFO] [2020-10-29 08:12:04,393] [6:140229272925952] - task_scheduler.py[line:486]: job 202010290812019279649 dataio_1 guest 10000 task subprocess start
[INFO] [2020-10-29 08:12:04,404] [6:140229272925952] - task_scheduler.py[line:495]: job 202010290812019279649 component dataio_1 on guest 10000 start task subprocess success
[INFO] [2020-10-29 08:12:04,411] [6:140229272925952] - task_scheduler.py[line:420]: job 202010290812019279649 dataio_1 host 10000 task subprocess is ready
[WARNING] [2020-10-29 08:12:04,412] [6:140229272925952] - task_scheduler.py[line:433]: failed to get backend, set as 0
[INFO] [2020-10-29 08:12:04,412] [6:140229272925952] - task_scheduler.py[line:486]: job 202010290812019279649 dataio_1 host 10000 task subprocess start
[INFO] [2020-10-29 08:12:04,422] [6:140229272925952] - task_scheduler.py[line:495]: job 202010290812019279649 component dataio_1 on host 10000 start task subprocess success
[INFO] [2020-10-29 08:12:04,430] [6:140540993599232] - task_scheduler.py[line:394]: job 202010290812019279649 component dataio_1 run on guest 10000 status is notRunning
[INFO] [2020-10-29 08:12:04,433] [6:140540993599232] - task_scheduler.py[line:394]: job 202010290812019279649 component dataio_1 run on host 10000 status is notRunning
[INFO] [2020-10-29 08:12:04,925] [2515:140381856147264] - session_utils.py[line:43]: start stop session 202010290812019279649_dataio_0_guest_10000
[INFO] [2020-10-29 08:12:04,936] [6:140540993599232] - task_scheduler.py[line:394]: job 202010290812019279649 component dataio_1 run on guest 10000 status is notRunning
[INFO] [2020-10-29 08:12:04,938] [2515:140381856147264] - session_utils.py[line:50]: stop session 202010290812019279649_dataio_0_guest_10000 success
[INFO] [2020-10-29 08:12:04,939] [6:140540993599232] - task_scheduler.py[line:394]: job 202010290812019279649 component dataio_1 run on host 10000 status is notRunning
[INFO] [2020-10-29 08:12:05,071] [2519:140509105678144] - session_utils.py[line:43]: start stop session 202010290812019279649_dataio_0_host_10000
[INFO] [2020-10-29 08:12:05,080] [2519:140509105678144] - session_utils.py[line:50]: stop session 202010290812019279649_dataio_0_host_10000 success
[INFO] [2020-10-29 08:12:05,320] [2526:140319692928832] - task_executor.py[line:52]: enter task process
[INFO] [2020-10-29 08:12:05,320] [2526:140319692928832] - task_executor.py[line:53]: Namespace(component_name='dataio_1', config='/fate/jobs/202010290812019279649/guest/10000/dataio_1/task_config.json', job_id='202010290812019279649', job_server='172.18.0.2:9380', party_id='10000', processors_per_node=0, role='guest', task_id='202010290812019279649_dataio_1')
[INFO] [2020-10-29 08:12:05,436] [2528:140639642666816] - task_executor.py[line:52]: enter task process
[INFO] [2020-10-29 08:12:05,436] [2528:140639642666816] - task_executor.py[line:53]: Namespace(component_name='dataio_1', config='/fate/jobs/202010290812019279649/host/10000/dataio_1/task_config.json', job_id='202010290812019279649', job_server='172.18.0.2:9380', party_id='10000', processors_per_node=0, role='host', task_id='202010290812019279649_dataio_1')
[INFO] [2020-10-29 08:12:05,443] [6:140540993599232] - task_scheduler.py[line:394]: job 202010290812019279649 component dataio_1 run on guest 10000 status is notRunning
[INFO] [2020-10-29 08:12:05,446] [6:140540993599232] - task_scheduler.py[line:394]: job 202010290812019279649 component dataio_1 run on host 10000 status is notRunning
[INFO] [2020-10-29 08:12:05,481] [6:140229272925952] - job_controller.py[line:158]: job 202010290812019279649 component dataio_1 guest 10000 status running
[INFO] [2020-10-29 08:12:05,708] [6:140229272925952] - job_controller.py[line:158]: job 202010290812019279649 component dataio_1 host 10000 status running
[INFO] [2020-10-29 08:12:05,949] [6:140540993599232] - task_scheduler.py[line:394]: job 202010290812019279649 component dataio_1 run on guest 10000 status is running
[INFO] [2020-10-29 08:12:05,951] [6:140540993599232] - task_scheduler.py[line:394]: job 202010290812019279649 component dataio_1 run on host 10000 status is running
[INFO] [2020-10-29 08:12:05,982] [6:140229272925952] - job_controller.py[line:158]: job 202010290812019279649 component dataio_1 guest 10000 status failed
[INFO] [2020-10-29 08:12:06,102] [6:140229272925952] - job_controller.py[line:158]: job 202010290812019279649 component dataio_1 host 10000 status failed
[INFO] [2020-10-29 08:12:06,454] [6:140540993599232] - task_scheduler.py[line:394]: job 202010290812019279649 component dataio_1 run on guest 10000 status is failed
[INFO] [2020-10-29 08:12:06,456] [6:140540993599232] - task_scheduler.py[line:394]: job 202010290812019279649 component dataio_1 run on host 10000 status is failed
[INFO] [2020-10-29 08:12:06,459] [6:140540993599232] - task_scheduler.py[line:264]: job 202010290812019279649 component dataio_1 run failed
[INFO] [2020-10-29 08:12:06,468] [6:140229272925952] - tracking_manager.py[line:329]: save guest 10000 job: {'f_name': '', 'f_description': '', 'f_tag': '', 'f_initiator_party_id': -1, 'f_is_initiator': -1, 'f_progress': 16.666666666666664, 'f_update_time': 1603959126463, 'f_current_tasks': '["202010290812019279649_dataio_1"]', 'f_role': 'guest', 'f_party_id': 10000, 'f_run_ip': '172.18.0.2:9380'}
[INFO] [2020-10-29 08:12:06,488] [6:140229272925952] - tracking_manager.py[line:329]: save host 10000 job: {'f_name': '', 'f_description': '', 'f_tag': '', 'f_initiator_party_id': -1, 'f_is_initiator': -1, 'f_progress': 16.666666666666664, 'f_update_time': 1603959126463, 'f_current_tasks': '["202010290812019279649_dataio_1"]', 'f_role': 'host', 'f_party_id': 10000, 'f_run_ip': '172.18.0.2:9380'}
[INFO] [2020-10-29 08:12:06,500] [6:140229272925952] - tracking_manager.py[line:329]: save arbiter 10000 job: {'f_name': '', 'f_description': '', 'f_tag': '', 'f_initiator_party_id': -1, 'f_is_initiator': -1, 'f_progress': 16.666666666666664, 'f_update_time': 1603959126463, 'f_current_tasks': '["202010290812019279649_dataio_1"]', 'f_role': 'arbiter', 'f_party_id': 10000, 'f_run_ip': '172.18.0.2:9380'}
[INFO] [2020-10-29 08:12:06,509] [6:140540993599232] - task_scheduler.py[line:596]: get stop job 202010290812019279649 dataio_1 command
[INFO] [2020-10-29 08:12:06,514] [6:140229272925952] - job_controller.py[line:117]: guest 10000 get kill job 202010290812019279649 dataio_1 command
[INFO] [2020-10-29 08:12:06,519] [6:140229272925952] - job_utils.py[line:396]: try to stop job 202010290812019279649 task 202010290812019279649_dataio_1 guest 10000 process pid:2526
[INFO] [2020-10-29 08:12:06,519] [6:140229272925952] - job_utils.py[line:502]: start run subprocess to stop component dataio_1 session
[INFO] [2020-10-29 08:12:06,529] [6:140229272925952] - job_controller.py[line:139]: job 202010290812019279649 component dataio_1 on guest 10000 process 2526 kill success
[INFO] [2020-10-29 08:12:06,539] [6:140540940003072] - job_controller.py[line:158]: job 202010290812019279649 component dataio_1 guest 10000 status failed
[INFO] [2020-10-29 08:12:06,551] [6:140540940003072] - job_controller.py[line:158]: job 202010290812019279649 component dataio_1 guest 10000 status failed
[INFO] [2020-10-29 08:12:06,557] [6:140540993599232] - task_scheduler.py[line:639]: send guest 10000 kill job 202010290812019279649 dataio_1 command successfully
[INFO] [2020-10-29 08:12:06,560] [6:140229272925952] - job_controller.py[line:117]: host 10000 get kill job 202010290812019279649 dataio_1 command
[INFO] [2020-10-29 08:12:06,565] [6:140229272925952] - job_utils.py[line:396]: try to stop job 202010290812019279649 task 202010290812019279649_dataio_1 host 10000 process pid:2528
[INFO] [2020-10-29 08:12:06,565] [6:140229272925952] - job_utils.py[line:502]: start run subprocess to stop component dataio_1 session
[INFO] [2020-10-29 08:12:06,575] [6:140229272925952] - job_controller.py[line:139]: job 202010290812019279649 component dataio_1 on host 10000 process 2528 kill success
[INFO] [2020-10-29 08:12:06,586] [6:140540940003072] - job_controller.py[line:158]: job 202010290812019279649 component dataio_1 host 10000 status failed
[INFO] [2020-10-29 08:12:06,600] [6:140540940003072] - job_controller.py[line:158]: job 202010290812019279649 component dataio_1 host 10000 status failed
[INFO] [2020-10-29 08:12:06,606] [6:140540993599232] - task_scheduler.py[line:639]: send host 10000 kill job 202010290812019279649 dataio_1 command successfully
[INFO] [2020-10-29 08:12:06,611] [6:140229272925952] - job_controller.py[line:117]: arbiter 10000 get kill job 202010290812019279649 dataio_1 command
[INFO] [2020-10-29 08:12:06,618] [6:140540993599232] - task_scheduler.py[line:639]: send arbiter 10000 kill job 202010290812019279649 dataio_1 command successfully
[INFO] [2020-10-29 08:12:06,618] [6:140540993599232] - task_scheduler.py[line:596]: get stop job 202010290812019279649  command
[INFO] [2020-10-29 08:12:06,625] [6:140229272925952] - tracking_manager.py[line:329]: save guest 10000 job: {'f_job_id': '202010290812019279649', 'f_status': 'failed', 'f_role': 'guest', 'f_party_id': 10000, 'f_run_ip': '172.18.0.2:9380'}
[INFO] [2020-10-29 08:12:06,637] [6:140229272925952] - tracking_manager.py[line:329]: save host 10000 job: {'f_job_id': '202010290812019279649', 'f_status': 'failed', 'f_role': 'host', 'f_party_id': 10000, 'f_run_ip': '172.18.0.2:9380'}
[INFO] [2020-10-29 08:12:06,649] [6:140229272925952] - tracking_manager.py[line:329]: save arbiter 10000 job: {'f_job_id': '202010290812019279649', 'f_status': 'failed', 'f_role': 'arbiter', 'f_party_id': 10000, 'f_run_ip': '172.18.0.2:9380'}
[INFO] [2020-10-29 08:12:06,660] [6:140229272925952] - job_controller.py[line:117]: guest 10000 get kill job 202010290812019279649  command
[INFO] [2020-10-29 08:12:06,665] [6:140229272925952] - job_utils.py[line:396]: try to stop job 202010290812019279649 task 202010290812019279649_dataio_0 guest 10000 process pid:2468
[INFO] [2020-10-29 08:12:06,665] [6:140229272925952] - job_utils.py[line:502]: start run subprocess to stop component dataio_0 session
[INFO] [2020-10-29 08:12:06,677] [6:140229272925952] - job_controller.py[line:139]: job 202010290812019279649 component dataio_0 on guest 10000 process 2468 kill success
[INFO] [2020-10-29 08:12:06,689] [6:140540940003072] - job_controller.py[line:158]: job 202010290812019279649 component dataio_0 guest 10000 status success
[INFO] [2020-10-29 08:12:06,701] [6:140540940003072] - job_controller.py[line:158]: job 202010290812019279649 component dataio_0 guest 10000 status success
[INFO] [2020-10-29 08:12:06,704] [6:140229272925952] - job_utils.py[line:396]: try to stop job 202010290812019279649 task 202010290812019279649_dataio_1 guest 10000 process pid:2526
[INFO] [2020-10-29 08:12:06,704] [6:140229272925952] - job_utils.py[line:502]: start run subprocess to stop component dataio_1 session
[INFO] [2020-10-29 08:12:06,714] [6:140229272925952] - job_controller.py[line:139]: job 202010290812019279649 component dataio_1 on guest 10000 process 2526 kill success
[INFO] [2020-10-29 08:12:06,725] [6:140540940003072] - job_controller.py[line:158]: job 202010290812019279649 component dataio_1 guest 10000 status failed
[INFO] [2020-10-29 08:12:06,739] [6:140540940003072] - job_controller.py[line:158]: job 202010290812019279649 component dataio_1 guest 10000 status failed
[INFO] [2020-10-29 08:12:06,745] [6:140540993599232] - task_scheduler.py[line:639]: send guest 10000 kill job 202010290812019279649  command successfully
[INFO] [2020-10-29 08:12:06,749] [6:140229272925952] - job_controller.py[line:117]: host 10000 get kill job 202010290812019279649  command
[INFO] [2020-10-29 08:12:06,755] [6:140229272925952] - job_utils.py[line:396]: try to stop job 202010290812019279649 task 202010290812019279649_dataio_0 host 10000 process pid:2470
[INFO] [2020-10-29 08:12:06,755] [6:140229272925952] - job_utils.py[line:502]: start run subprocess to stop component dataio_0 session
[INFO] [2020-10-29 08:12:06,767] [6:140229272925952] - job_controller.py[line:139]: job 202010290812019279649 component dataio_0 on host 10000 process 2470 kill success
[INFO] [2020-10-29 08:12:06,781] [6:140540940003072] - job_controller.py[line:158]: job 202010290812019279649 component dataio_0 host 10000 status success
[INFO] [2020-10-29 08:12:06,795] [6:140540940003072] - job_controller.py[line:158]: job 202010290812019279649 component dataio_0 host 10000 status success
[INFO] [2020-10-29 08:12:06,801] [6:140229272925952] - job_utils.py[line:396]: try to stop job 202010290812019279649 task 202010290812019279649_dataio_1 host 10000 process pid:2528
[INFO] [2020-10-29 08:12:06,801] [6:140229272925952] - job_utils.py[line:502]: start run subprocess to stop component dataio_1 session
[INFO] [2020-10-29 08:12:06,813] [6:140229272925952] - job_controller.py[line:139]: job 202010290812019279649 component dataio_1 on host 10000 process 2528 kill success
[INFO] [2020-10-29 08:12:06,836] [6:140540940003072] - job_controller.py[line:158]: job 202010290812019279649 component dataio_1 host 10000 status failed
[INFO] [2020-10-29 08:12:06,858] [6:140540940003072] - job_controller.py[line:158]: job 202010290812019279649 component dataio_1 host 10000 status failed
[INFO] [2020-10-29 08:12:06,867] [6:140540993599232] - task_scheduler.py[line:639]: send host 10000 kill job 202010290812019279649  command successfully
[INFO] [2020-10-29 08:12:06,872] [6:140229272925952] - job_controller.py[line:117]: arbiter 10000 get kill job 202010290812019279649  command
[INFO] [2020-10-29 08:12:06,880] [6:140540993599232] - task_scheduler.py[line:639]: send arbiter 10000 kill job 202010290812019279649  command successfully
[INFO] [2020-10-29 08:12:06,885] [6:140229272925952] - job_controller.py[line:238]: job 202010290812019279649 on guest 10000 start to save pipeline
[INFO] [2020-10-29 08:12:06,924] [6:140229272925952] - job_controller.py[line:259]: job 202010290812019279649 on guest 10000 save pipeline successfully
[INFO] [2020-10-29 08:12:06,931] [6:140229272925952] - job_controller.py[line:263]: job 202010290812019279649 on guest 10000 start to clean
[INFO] [2020-10-29 08:12:06,989] [6:140229272925952] - tracking_manager.py[line:452]: clean task 202010290812019279649_dataio_0 on guest 10000
[INFO] [2020-10-29 08:12:06,990] [6:140229272925952] - tracking_manager.py[line:463]: clean table by namespace 202010290812019279649_dataio_0_guest_10000 on guest 10000 done
[INFO] [2020-10-29 08:12:06,990] [6:140229272925952] - tracking_manager.py[line:469]: clean table by namespace 202010290812019279649_dataio_0 on guest 10000 done
[INFO] [2020-10-29 08:12:06,990] [6:140229272925952] - tracking_manager.py[line:463]: clean table by namespace 202010290812019279649_dataio_0_guest_10000 on guest 10000 done
[INFO] [2020-10-29 08:12:06,990] [6:140229272925952] - tracking_manager.py[line:469]: clean table by namespace 202010290812019279649_dataio_0 on guest 10000 done
[INFO] [2020-10-29 08:12:06,990] [6:140229272925952] - tracking_manager.py[line:463]: clean table by namespace 202010290812019279649_dataio_0_guest_10000 on guest 10000 done
[INFO] [2020-10-29 08:12:06,990] [6:140229272925952] - tracking_manager.py[line:469]: clean table by namespace 202010290812019279649_dataio_0 on guest 10000 done
[INFO] [2020-10-29 08:12:06,990] [6:140229272925952] - tracking_manager.py[line:463]: clean table by namespace 202010290812019279649_dataio_0_host_10000 on guest 10000 done
[INFO] [2020-10-29 08:12:06,990] [6:140229272925952] - tracking_manager.py[line:469]: clean table by namespace 202010290812019279649_dataio_0 on guest 10000 done
[INFO] [2020-10-29 08:12:06,990] [6:140229272925952] - tracking_manager.py[line:463]: clean table by namespace 202010290812019279649_dataio_0_host_10000 on guest 10000 done
[INFO] [2020-10-29 08:12:06,990] [6:140229272925952] - tracking_manager.py[line:469]: clean table by namespace 202010290812019279649_dataio_0 on guest 10000 done
[INFO] [2020-10-29 08:12:06,991] [6:140229272925952] - tracking_manager.py[line:463]: clean table by namespace 202010290812019279649_dataio_0_host_10000 on guest 10000 done
[INFO] [2020-10-29 08:12:06,991] [6:140229272925952] - tracking_manager.py[line:469]: clean table by namespace 202010290812019279649_dataio_0 on guest 10000 done
[INFO] [2020-10-29 08:12:06,991] [6:140229272925952] - tracking_manager.py[line:463]: clean table by namespace 202010290812019279649_dataio_0_arbiter_10000 on guest 10000 done
[INFO] [2020-10-29 08:12:06,991] [6:140229272925952] - tracking_manager.py[line:469]: clean table by namespace 202010290812019279649_dataio_0 on guest 10000 done
[INFO] [2020-10-29 08:12:06,991] [6:140229272925952] - tracking_manager.py[line:463]: clean table by namespace 202010290812019279649_dataio_0_arbiter_10000 on guest 10000 done
[INFO] [2020-10-29 08:12:06,991] [6:140229272925952] - tracking_manager.py[line:469]: clean table by namespace 202010290812019279649_dataio_0 on guest 10000 done
[INFO] [2020-10-29 08:12:06,991] [6:140229272925952] - tracking_manager.py[line:463]: clean table by namespace 202010290812019279649_dataio_0_arbiter_10000 on guest 10000 done
[INFO] [2020-10-29 08:12:06,991] [6:140229272925952] - tracking_manager.py[line:469]: clean table by namespace 202010290812019279649_dataio_0 on guest 10000 done
[INFO] [2020-10-29 08:12:06,991] [6:140229272925952] - tracking_manager.py[line:475]: clean task 202010290812019279649_dataio_0 on guest 10000 done
[INFO] [2020-10-29 08:12:06,991] [6:140229272925952] - job_controller.py[line:269]: job 202010290812019279649 component dataio_0 on guest 10000 clean done
[INFO] [2020-10-29 08:12:07,044] [6:140229272925952] - tracking_manager.py[line:452]: clean task 202010290812019279649_dataio_1 on guest 10000
[INFO] [2020-10-29 08:12:07,044] [6:140229272925952] - tracking_manager.py[line:463]: clean table by namespace 202010290812019279649_dataio_1_guest_10000 on guest 10000 done
[INFO] [2020-10-29 08:12:07,044] [6:140229272925952] - tracking_manager.py[line:469]: clean table by namespace 202010290812019279649_dataio_1 on guest 10000 done
[INFO] [2020-10-29 08:12:07,044] [6:140229272925952] - tracking_manager.py[line:463]: clean table by namespace 202010290812019279649_dataio_1_guest_10000 on guest 10000 done
[INFO] [2020-10-29 08:12:07,044] [6:140229272925952] - tracking_manager.py[line:469]: clean table by namespace 202010290812019279649_dataio_1 on guest 10000 done
[INFO] [2020-10-29 08:12:07,044] [6:140229272925952] - tracking_manager.py[line:463]: clean table by namespace 202010290812019279649_dataio_1_guest_10000 on guest 10000 done
[INFO] [2020-10-29 08:12:07,044] [6:140229272925952] - tracking_manager.py[line:469]: clean table by namespace 202010290812019279649_dataio_1 on guest 10000 done
[INFO] [2020-10-29 08:12:07,045] [6:140229272925952] - tracking_manager.py[line:463]: clean table by namespace 202010290812019279649_dataio_1_host_10000 on guest 10000 done
[INFO] [2020-10-29 08:12:07,045] [6:140229272925952] - tracking_manager.py[line:469]: clean table by namespace 202010290812019279649_dataio_1 on guest 10000 done
[INFO] [2020-10-29 08:12:07,045] [6:140229272925952] - tracking_manager.py[line:463]: clean table by namespace 202010290812019279649_dataio_1_host_10000 on guest 10000 done
[INFO] [2020-10-29 08:12:07,045] [6:140229272925952] - tracking_manager.py[line:469]: clean table by namespace 202010290812019279649_dataio_1 on guest 10000 done
[INFO] [2020-10-29 08:12:07,045] [6:140229272925952] - tracking_manager.py[line:463]: clean table by namespace 202010290812019279649_dataio_1_host_10000 on guest 10000 done
[INFO] [2020-10-29 08:12:07,045] [6:140229272925952] - tracking_manager.py[line:469]: clean table by namespace 202010290812019279649_dataio_1 on guest 10000 done
[INFO] [2020-10-29 08:12:07,045] [6:140229272925952] - tracking_manager.py[line:463]: clean table by namespace 202010290812019279649_dataio_1_arbiter_10000 on guest 10000 done
[INFO] [2020-10-29 08:12:07,045] [6:140229272925952] - tracking_manager.py[line:469]: clean table by namespace 202010290812019279649_dataio_1 on guest 10000 done
[INFO] [2020-10-29 08:12:07,045] [6:140229272925952] - tracking_manager.py[line:463]: clean table by namespace 202010290812019279649_dataio_1_arbiter_10000 on guest 10000 done
[INFO] [2020-10-29 08:12:07,045] [6:140229272925952] - tracking_manager.py[line:469]: clean table by namespace 202010290812019279649_dataio_1 on guest 10000 done
[INFO] [2020-10-29 08:12:07,046] [6:140229272925952] - tracking_manager.py[line:463]: clean table by namespace 202010290812019279649_dataio_1_arbiter_10000 on guest 10000 done
[INFO] [2020-10-29 08:12:07,046] [6:140229272925952] - tracking_manager.py[line:469]: clean table by namespace 202010290812019279649_dataio_1 on guest 10000 done
[INFO] [2020-10-29 08:12:07,046] [6:140229272925952] - tracking_manager.py[line:475]: clean task 202010290812019279649_dataio_1 on guest 10000 done
[INFO] [2020-10-29 08:12:07,046] [6:140229272925952] - job_controller.py[line:269]: job 202010290812019279649 component dataio_1 on guest 10000 clean done
[INFO] [2020-10-29 08:12:07,046] [6:140229272925952] - job_controller.py[line:274]: job 202010290812019279649 on guest 10000 clean done
[INFO] [2020-10-29 08:12:07,053] [6:140229272925952] - job_controller.py[line:238]: job 202010290812019279649 on host 10000 start to save pipeline
[INFO] [2020-10-29 08:12:07,090] [6:140229272925952] - job_controller.py[line:259]: job 202010290812019279649 on host 10000 save pipeline successfully
[INFO] [2020-10-29 08:12:07,097] [6:140229272925952] - job_controller.py[line:263]: job 202010290812019279649 on host 10000 start to clean
[INFO] [2020-10-29 08:12:07,215] [6:140229272925952] - tracking_manager.py[line:452]: clean task 202010290812019279649_dataio_0 on host 10000
[INFO] [2020-10-29 08:12:07,215] [6:140229272925952] - tracking_manager.py[line:463]: clean table by namespace 202010290812019279649_dataio_0_guest_10000 on host 10000 done
[INFO] [2020-10-29 08:12:07,216] [6:140229272925952] - tracking_manager.py[line:469]: clean table by namespace 202010290812019279649_dataio_0 on host 10000 done
[INFO] [2020-10-29 08:12:07,216] [6:140229272925952] - tracking_manager.py[line:463]: clean table by namespace 202010290812019279649_dataio_0_guest_10000 on host 10000 done
[INFO] [2020-10-29 08:12:07,216] [6:140229272925952] - tracking_manager.py[line:469]: clean table by namespace 202010290812019279649_dataio_0 on host 10000 done
[INFO] [2020-10-29 08:12:07,216] [6:140229272925952] - tracking_manager.py[line:463]: clean table by namespace 202010290812019279649_dataio_0_guest_10000 on host 10000 done
[INFO] [2020-10-29 08:12:07,216] [6:140229272925952] - tracking_manager.py[line:469]: clean table by namespace 202010290812019279649_dataio_0 on host 10000 done
[INFO] [2020-10-29 08:12:07,216] [6:140229272925952] - tracking_manager.py[line:463]: clean table by namespace 202010290812019279649_dataio_0_host_10000 on host 10000 done
[INFO] [2020-10-29 08:12:07,216] [6:140229272925952] - tracking_manager.py[line:469]: clean table by namespace 202010290812019279649_dataio_0 on host 10000 done
[INFO] [2020-10-29 08:12:07,216] [6:140229272925952] - tracking_manager.py[line:463]: clean table by namespace 202010290812019279649_dataio_0_host_10000 on host 10000 done
[INFO] [2020-10-29 08:12:07,216] [6:140229272925952] - tracking_manager.py[line:469]: clean table by namespace 202010290812019279649_dataio_0 on host 10000 done
[INFO] [2020-10-29 08:12:07,216] [6:140229272925952] - tracking_manager.py[line:463]: clean table by namespace 202010290812019279649_dataio_0_host_10000 on host 10000 done
[INFO] [2020-10-29 08:12:07,216] [6:140229272925952] - tracking_manager.py[line:469]: clean table by namespace 202010290812019279649_dataio_0 on host 10000 done
[INFO] [2020-10-29 08:12:07,216] [6:140229272925952] - tracking_manager.py[line:463]: clean table by namespace 202010290812019279649_dataio_0_arbiter_10000 on host 10000 done
[INFO] [2020-10-29 08:12:07,217] [6:140229272925952] - tracking_manager.py[line:469]: clean table by namespace 202010290812019279649_dataio_0 on host 10000 done
[INFO] [2020-10-29 08:12:07,217] [6:140229272925952] - tracking_manager.py[line:463]: clean table by namespace 202010290812019279649_dataio_0_arbiter_10000 on host 10000 done
[INFO] [2020-10-29 08:12:07,217] [6:140229272925952] - tracking_manager.py[line:469]: clean table by namespace 202010290812019279649_dataio_0 on host 10000 done
[INFO] [2020-10-29 08:12:07,217] [6:140229272925952] - tracking_manager.py[line:463]: clean table by namespace 202010290812019279649_dataio_0_arbiter_10000 on host 10000 done
[INFO] [2020-10-29 08:12:07,217] [6:140229272925952] - tracking_manager.py[line:469]: clean table by namespace 202010290812019279649_dataio_0 on host 10000 done
[INFO] [2020-10-29 08:12:07,217] [6:140229272925952] - tracking_manager.py[line:475]: clean task 202010290812019279649_dataio_0 on host 10000 done
[INFO] [2020-10-29 08:12:07,217] [6:140229272925952] - job_controller.py[line:269]: job 202010290812019279649 component dataio_0 on host 10000 clean done
[INFO] [2020-10-29 08:12:07,262] [6:140229272925952] - tracking_manager.py[line:452]: clean task 202010290812019279649_dataio_1 on host 10000
[INFO] [2020-10-29 08:12:07,262] [6:140229272925952] - tracking_manager.py[line:463]: clean table by namespace 202010290812019279649_dataio_1_guest_10000 on host 10000 done
[INFO] [2020-10-29 08:12:07,262] [6:140229272925952] - tracking_manager.py[line:469]: clean table by namespace 202010290812019279649_dataio_1 on host 10000 done
[INFO] [2020-10-29 08:12:07,262] [6:140229272925952] - tracking_manager.py[line:463]: clean table by namespace 202010290812019279649_dataio_1_guest_10000 on host 10000 done
[INFO] [2020-10-29 08:12:07,262] [6:140229272925952] - tracking_manager.py[line:469]: clean table by namespace 202010290812019279649_dataio_1 on host 10000 done
[INFO] [2020-10-29 08:12:07,262] [6:140229272925952] - tracking_manager.py[line:463]: clean table by namespace 202010290812019279649_dataio_1_guest_10000 on host 10000 done
[INFO] [2020-10-29 08:12:07,262] [6:140229272925952] - tracking_manager.py[line:469]: clean table by namespace 202010290812019279649_dataio_1 on host 10000 done
[INFO] [2020-10-29 08:12:07,262] [6:140229272925952] - tracking_manager.py[line:463]: clean table by namespace 202010290812019279649_dataio_1_host_10000 on host 10000 done
[INFO] [2020-10-29 08:12:07,263] [6:140229272925952] - tracking_manager.py[line:469]: clean table by namespace 202010290812019279649_dataio_1 on host 10000 done
[INFO] [2020-10-29 08:12:07,263] [6:140229272925952] - tracking_manager.py[line:463]: clean table by namespace 202010290812019279649_dataio_1_host_10000 on host 10000 done
[INFO] [2020-10-29 08:12:07,263] [6:140229272925952] - tracking_manager.py[line:469]: clean table by namespace 202010290812019279649_dataio_1 on host 10000 done
[INFO] [2020-10-29 08:12:07,263] [6:140229272925952] - tracking_manager.py[line:463]: clean table by namespace 202010290812019279649_dataio_1_host_10000 on host 10000 done
[INFO] [2020-10-29 08:12:07,263] [6:140229272925952] - tracking_manager.py[line:469]: clean table by namespace 202010290812019279649_dataio_1 on host 10000 done
[INFO] [2020-10-29 08:12:07,263] [6:140229272925952] - tracking_manager.py[line:463]: clean table by namespace 202010290812019279649_dataio_1_arbiter_10000 on host 10000 done
[INFO] [2020-10-29 08:12:07,263] [6:140229272925952] - tracking_manager.py[line:469]: clean table by namespace 202010290812019279649_dataio_1 on host 10000 done
[INFO] [2020-10-29 08:12:07,263] [6:140229272925952] - tracking_manager.py[line:463]: clean table by namespace 202010290812019279649_dataio_1_arbiter_10000 on host 10000 done
[INFO] [2020-10-29 08:12:07,263] [6:140229272925952] - tracking_manager.py[line:469]: clean table by namespace 202010290812019279649_dataio_1 on host 10000 done
[INFO] [2020-10-29 08:12:07,263] [6:140229272925952] - tracking_manager.py[line:463]: clean table by namespace 202010290812019279649_dataio_1_arbiter_10000 on host 10000 done
[INFO] [2020-10-29 08:12:07,263] [6:140229272925952] - tracking_manager.py[line:469]: clean table by namespace 202010290812019279649_dataio_1 on host 10000 done
[INFO] [2020-10-29 08:12:07,263] [6:140229272925952] - tracking_manager.py[line:475]: clean task 202010290812019279649_dataio_1 on host 10000 done
[INFO] [2020-10-29 08:12:07,263] [6:140229272925952] - job_controller.py[line:269]: job 202010290812019279649 component dataio_1 on host 10000 clean done
[INFO] [2020-10-29 08:12:07,263] [6:140229272925952] - job_controller.py[line:274]: job 202010290812019279649 on host 10000 clean done
[INFO] [2020-10-29 08:12:07,281] [2569:140445334603584] - session_utils.py[line:43]: start kill session 202010290812019279649_dataio_1_guest_10000
[INFO] [2020-10-29 08:12:07,282] [2569:140445334603584] - session_utils.py[line:50]: kill session 202010290812019279649_dataio_1_guest_10000 success
[INFO] [2020-10-29 08:12:07,282] [6:140229272925952] - job_controller.py[line:238]: job 202010290812019279649 on arbiter 10000 start to save pipeline
[INFO] [2020-10-29 08:12:07,350] [6:140229272925952] - job_controller.py[line:259]: job 202010290812019279649 on arbiter 10000 save pipeline successfully
[INFO] [2020-10-29 08:12:07,371] [6:140229272925952] - job_controller.py[line:263]: job 202010290812019279649 on arbiter 10000 start to clean
[INFO] [2020-10-29 08:12:07,373] [6:140229272925952] - job_controller.py[line:274]: job 202010290812019279649 on arbiter 10000 clean done
[INFO] [2020-10-29 08:12:07,376] [6:140540993599232] - task_scheduler.py[line:596]: get stop job 202010290812019279649  command
[INFO] [2020-10-29 08:12:07,386] [6:140229272925952] - tracking_manager.py[line:329]: save guest 10000 job: {'f_job_id': '202010290812019279649', 'f_status': 'failed', 'f_role': 'guest', 'f_party_id': 10000, 'f_run_ip': '172.18.0.2:9380'}
[INFO] [2020-10-29 08:12:07,395] [2573:140446088415040] - session_utils.py[line:43]: start kill session 202010290812019279649_dataio_1_host_10000
[INFO] [2020-10-29 08:12:07,396] [2573:140446088415040] - session_utils.py[line:50]: kill session 202010290812019279649_dataio_1_host_10000 success
[INFO] [2020-10-29 08:12:07,410] [6:140229272925952] - tracking_manager.py[line:329]: save host 10000 job: {'f_job_id': '202010290812019279649', 'f_status': 'failed', 'f_role': 'host', 'f_party_id': 10000, 'f_run_ip': '172.18.0.2:9380'}
[INFO] [2020-10-29 08:12:07,426] [6:140540940003072] - tracking_manager.py[line:329]: save arbiter 10000 job: {'f_job_id': '202010290812019279649', 'f_status': 'failed', 'f_role': 'arbiter', 'f_party_id': 10000, 'f_run_ip': '172.18.0.2:9380'}
[INFO] [2020-10-29 08:12:07,471] [6:140540940003072] - job_controller.py[line:117]: guest 10000 get kill job 202010290812019279649  command
[INFO] [2020-10-29 08:12:07,477] [6:140540940003072] - job_utils.py[line:396]: try to stop job 202010290812019279649 task 202010290812019279649_dataio_0 guest 10000 process pid:2468
[INFO] [2020-10-29 08:12:07,478] [6:140540940003072] - job_utils.py[line:502]: start run subprocess to stop component dataio_0 session
[INFO] [2020-10-29 08:12:07,484] [2581:140011020867392] - session_utils.py[line:43]: start stop session 202010290812019279649_dataio_0_guest_10000
[INFO] [2020-10-29 08:12:07,486] [2581:140011020867392] - session_utils.py[line:50]: stop session 202010290812019279649_dataio_0_guest_10000 success
[INFO] [2020-10-29 08:12:07,492] [6:140540940003072] - job_controller.py[line:139]: job 202010290812019279649 component dataio_0 on guest 10000 process 2468 kill success
[INFO] [2020-10-29 08:12:07,519] [6:140229272925952] - job_controller.py[line:158]: job 202010290812019279649 component dataio_0 guest 10000 status success
[INFO] [2020-10-29 08:12:07,575] [6:140229272925952] - job_controller.py[line:158]: job 202010290812019279649 component dataio_0 guest 10000 status success
[INFO] [2020-10-29 08:12:07,578] [6:140540940003072] - job_utils.py[line:396]: try to stop job 202010290812019279649 task 202010290812019279649_dataio_1 guest 10000 process pid:2526
[INFO] [2020-10-29 08:12:07,578] [6:140540940003072] - job_utils.py[line:502]: start run subprocess to stop component dataio_1 session
[INFO] [2020-10-29 08:12:07,594] [6:140540940003072] - job_controller.py[line:139]: job 202010290812019279649 component dataio_1 on guest 10000 process 2526 kill success
[INFO] [2020-10-29 08:12:07,605] [2585:140443663484736] - session_utils.py[line:43]: start kill session 202010290812019279649_dataio_1_guest_10000
[INFO] [2020-10-29 08:12:07,605] [2585:140443663484736] - session_utils.py[line:50]: kill session 202010290812019279649_dataio_1_guest_10000 success
[INFO] [2020-10-29 08:12:07,610] [6:140229272925952] - job_controller.py[line:158]: job 202010290812019279649 component dataio_1 guest 10000 status failed
[INFO] [2020-10-29 08:12:07,623] [6:140229272925952] - job_controller.py[line:158]: job 202010290812019279649 component dataio_1 guest 10000 status failed
[INFO] [2020-10-29 08:12:07,631] [6:140540993599232] - task_scheduler.py[line:639]: send guest 10000 kill job 202010290812019279649  command successfully
[INFO] [2020-10-29 08:12:07,635] [6:140540940003072] - job_controller.py[line:117]: host 10000 get kill job 202010290812019279649  command
[INFO] [2020-10-29 08:12:07,641] [6:140540940003072] - job_utils.py[line:396]: try to stop job 202010290812019279649 task 202010290812019279649_dataio_0 host 10000 process pid:2470
[INFO] [2020-10-29 08:12:07,641] [6:140540940003072] - job_utils.py[line:502]: start run subprocess to stop component dataio_0 session
[INFO] [2020-10-29 08:12:07,651] [2593:140499571885888] - session_utils.py[line:43]: start kill session 202010290812019279649_dataio_1_host_10000
[INFO] [2020-10-29 08:12:07,651] [2593:140499571885888] - session_utils.py[line:50]: kill session 202010290812019279649_dataio_1_host_10000 success
[INFO] [2020-10-29 08:12:07,654] [6:140540940003072] - job_controller.py[line:139]: job 202010290812019279649 component dataio_0 on host 10000 process 2470 kill success
[INFO] [2020-10-29 08:12:07,667] [6:140229272925952] - job_controller.py[line:158]: job 202010290812019279649 component dataio_0 host 10000 status success
[INFO] [2020-10-29 08:12:07,681] [6:140229272925952] - job_controller.py[line:158]: job 202010290812019279649 component dataio_0 host 10000 status success
[INFO] [2020-10-29 08:12:07,684] [6:140540940003072] - job_utils.py[line:396]: try to stop job 202010290812019279649 task 202010290812019279649_dataio_1 host 10000 process pid:2528
[INFO] [2020-10-29 08:12:07,684] [6:140540940003072] - job_utils.py[line:502]: start run subprocess to stop component dataio_1 session
[INFO] [2020-10-29 08:12:07,702] [6:140540940003072] - job_controller.py[line:139]: job 202010290812019279649 component dataio_1 on host 10000 process 2528 kill success
[INFO] [2020-10-29 08:12:07,715] [2590:140103781275456] - session_utils.py[line:43]: start stop session 202010290812019279649_dataio_0_host_10000
[INFO] [2020-10-29 08:12:07,717] [2590:140103781275456] - session_utils.py[line:50]: stop session 202010290812019279649_dataio_0_host_10000 success
[INFO] [2020-10-29 08:12:07,720] [6:140229272925952] - job_controller.py[line:158]: job 202010290812019279649 component dataio_1 host 10000 status failed
[INFO] [2020-10-29 08:12:07,734] [6:140229272925952] - job_controller.py[line:158]: job 202010290812019279649 component dataio_1 host 10000 status failed
[INFO] [2020-10-29 08:12:07,740] [6:140540993599232] - task_scheduler.py[line:639]: send host 10000 kill job 202010290812019279649  command successfully
[INFO] [2020-10-29 08:12:07,744] [6:140540940003072] - job_controller.py[line:117]: arbiter 10000 get kill job 202010290812019279649  command
[INFO] [2020-10-29 08:12:07,755] [6:140540993599232] - task_scheduler.py[line:639]: send arbiter 10000 kill job 202010290812019279649  command successfully
[INFO] [2020-10-29 08:12:07,759] [6:140540940003072] - tracking_manager.py[line:329]: save guest 10000 job: {'f_name': '', 'f_description': '', 'f_tag': 'end_waiting', 'f_initiator_party_id': -1, 'f_is_initiator': -1, 'f_progress': 0, 'f_job_id': '202010290812019279649', 'f_start_time': 1603959122084, 'f_status': 'failed', 'f_update_time': 1603959126881, 'f_role': 'guest', 'f_party_id': 10000, 'f_end_time': 1603959126881, 'f_elapsed': 4797, 'f_run_ip': '172.18.0.2:9380'}
[INFO] [2020-10-29 08:12:07,770] [6:140540940003072] - tracking_manager.py[line:329]: save host 10000 job: {'f_name': '', 'f_description': '', 'f_tag': 'end_waiting', 'f_initiator_party_id': -1, 'f_is_initiator': -1, 'f_progress': 0, 'f_job_id': '202010290812019279649', 'f_start_time': 1603959122084, 'f_status': 'failed', 'f_update_time': 1603959126881, 'f_role': 'host', 'f_party_id': 10000, 'f_end_time': 1603959126881, 'f_elapsed': 4797, 'f_run_ip': '172.18.0.2:9380'}
[INFO] [2020-10-29 08:12:07,779] [6:140540940003072] - tracking_manager.py[line:329]: save arbiter 10000 job: {'f_name': '', 'f_description': '', 'f_tag': 'end_waiting', 'f_initiator_party_id': -1, 'f_is_initiator': -1, 'f_progress': 0, 'f_job_id': '202010290812019279649', 'f_start_time': 1603959122084, 'f_status': 'failed', 'f_update_time': 1603959126881, 'f_role': 'arbiter', 'f_party_id': 10000, 'f_end_time': 1603959126881, 'f_elapsed': 4797, 'f_run_ip': '172.18.0.2:9380'}
[INFO] [2020-10-29 08:12:07,785] [6:140540993599232] - task_scheduler.py[line:210]: job 202010290812019279649 finished, status is failed
[INFO] [2020-10-29 08:12:08,230] [2653:139908222908224] - session_utils.py[line:43]: start stop session 202010290812019279649_dataio_0_guest_10000
[INFO] [2020-10-29 08:12:08,231] [2653:139908222908224] - session_utils.py[line:50]: stop session 202010290812019279649_dataio_0_guest_10000 success
[INFO] [2020-10-29 08:12:08,319] [2656:140688429684544] - session_utils.py[line:43]: start kill session 202010290812019279649_dataio_1_guest_10000
[INFO] [2020-10-29 08:12:08,319] [2656:140688429684544] - session_utils.py[line:50]: kill session 202010290812019279649_dataio_1_guest_10000 success
[INFO] [2020-10-29 08:12:08,355] [2660:140362446833472] - session_utils.py[line:43]: start stop session 202010290812019279649_dataio_0_host_10000
[INFO] [2020-10-29 08:12:08,357] [2660:140362446833472] - session_utils.py[line:50]: stop session 202010290812019279649_dataio_0_host_10000 success
[INFO] [2020-10-29 08:12:08,424] [2663:139870191982400] - session_utils.py[line:43]: start kill session 202010290812019279649_dataio_1_host_10000
[INFO] [2020-10-29 08:12:08,424] [2663:139870191982400] - session_utils.py[line:50]: kill session 202010290812019279649_dataio_1_host_10000 success
