[DEBUG] [2020-10-29 08:05:32,248] [2098:140131801413440] - profile_util.py[line:34]: tracking_manager.py:232 call table, takes 0.0007753372192382812s
[DEBUG] [2020-10-29 08:05:32,249] [2098:140131801413440] - profile_util.py[line:34]: tracking_manager.py:236 call table, takes 0.0004451274871826172s
[DEBUG] [2020-10-29 08:05:32,251] [2098:140131801413440] - profile_util.py[line:34]: session.py:178 call collect, takes 0.0010941028594970703s
[DEBUG] [2020-10-29 08:05:32,252] [2098:140131801413440] - profile_util.py[line:34]: session.py:178 call collect, takes 0.0003924369812011719s
[DEBUG] [2020-10-29 08:05:32,279] [2098:140131801413440] - profile_util.py[line:34]: task_executor.py:212 call save_as, takes 0.02708578109741211s
[DEBUG] [2020-10-29 08:05:47,806] [2098:140131801413440] - profile_util.py[line:34]: component_properties.py:134 call count, takes 0.0006716251373291016s
[DEBUG] [2020-10-29 08:05:47,807] [2098:140131801413440] - profile_util.py[line:34]: abnormal_detection.py:23 call count, takes 0.0005955696105957031s
[DEBUG] [2020-10-29 08:05:47,855] [2098:140131801413440] - profile_util.py[line:34]: classify_label_checker.py:54 call mapPartitions, takes 0.047734975814819336s
[DEBUG] [2020-10-29 08:05:47,859] [2098:140131801413440] - profile_util.py[line:34]: classify_label_checker.py:54 call reduce, takes 0.004235267639160156s
[DEBUG] [2020-10-29 08:05:47,889] [2098:140131801413440] - profile_util.py[line:34]: hetero_lr_guest.py:84 call mapValues, takes 0.021482467651367188s
[DEBUG] [2020-10-29 08:05:47,890] [2098:140131801413440] - profile_util.py[line:34]: hetero_lr_guest.py:85 call count, takes 0.0006151199340820312s
[DEBUG] [2020-10-29 08:05:48,010] [2098:140131801413440] - profile_util.py[line:34]: indices.py:24 call mapValues, takes 0.01598358154296875s
[DEBUG] [2020-10-29 08:05:48,011] [2098:140131801413440] - profile_util.py[line:34]: indices.py:25 call count, takes 0.0008440017700195312s
[DEBUG] [2020-10-29 08:05:48,012] [2098:140131801413440] - profile_util.py[line:34]: indices.py:26 call collect, takes 0.000598907470703125s
[DEBUG] [2020-10-29 08:05:48,021] [2098:140131801413440] - profile_util.py[line:34]: mini_batch.py:92 call parallelize, takes 0.006731986999511719s
[DEBUG] [2020-10-29 08:05:48,040] [2098:140131801413440] - profile_util.py[line:34]: mini_batch.py:93 call join, takes 0.018958330154418945s
[DEBUG] [2020-10-29 08:05:48,046] [2098:140131801413440] - profile_util.py[line:34]: mini_batch.py:92 call parallelize, takes 0.00602412223815918s
[DEBUG] [2020-10-29 08:05:48,063] [2098:140131801413440] - profile_util.py[line:34]: mini_batch.py:93 call join, takes 0.01647496223449707s
[DEBUG] [2020-10-29 08:05:48,079] [2098:140131801413440] - profile_util.py[line:34]: hetero_lr_guest.py:111 call count, takes 0.0006885528564453125s
[DEBUG] [2020-10-29 08:05:48,080] [2098:140131801413440] - profile_util.py[line:34]: hetero_lr_guest.py:115 call count, takes 0.0003952980041503906s
[DEBUG] [2020-10-29 08:05:48,807] [2098:140131801413440] - profile_util.py[line:34]: hetero_lr_gradient_and_loss.py:50 call mapValues, takes 0.018051624298095703s
[DEBUG] [2020-10-29 08:05:49,282] [2098:140131801413440] - profile_util.py[line:34]: encrypt_mode.py:94 call mapValues, takes 0.4739499092102051s
[DEBUG] [2020-10-29 08:05:49,308] [2098:140131801413440] - profile_util.py[line:34]: hetero_lr_gradient_and_loss.py:56 call join, takes 0.02656078338623047s
[DEBUG] [2020-10-29 08:05:49,353] [2098:140131801413440] - profile_util.py[line:34]: hetero_lr_gradient_and_loss.py:57 call join, takes 0.04410696029663086s
[DEBUG] [2020-10-29 08:05:49,389] [2098:140131801413440] - profile_util.py[line:34]: hetero_linear_model_gradient.py:112 call join, takes 0.034387826919555664s
[DEBUG] [2020-10-29 08:05:49,759] [2098:140131801413440] - profile_util.py[line:34]: hetero_linear_model_gradient.py:117 call mapPartitions, takes 0.3693532943725586s
[DEBUG] [2020-10-29 08:05:49,762] [2098:140131801413440] - profile_util.py[line:34]: hetero_linear_model_gradient.py:118 call reduce, takes 0.0032536983489990234s
[DEBUG] [2020-10-29 08:05:49,763] [2098:140131801413440] - profile_util.py[line:34]: hetero_linear_model_gradient.py:120 call count, takes 0.0005273818969726562s
[DEBUG] [2020-10-29 08:05:50,278] [2098:140131801413440] - profile_util.py[line:34]: hetero_lr_gradient_and_loss.py:71 call count, takes 0.0006089210510253906s
[DEBUG] [2020-10-29 08:05:50,315] [2098:140131801413440] - profile_util.py[line:34]: hetero_lr_gradient_and_loss.py:72 call join, takes 0.03688359260559082s
[DEBUG] [2020-10-29 08:05:50,339] [2098:140131801413440] - profile_util.py[line:34]: hetero_lr_gradient_and_loss.py:72 call reduce, takes 0.024083614349365234s
[DEBUG] [2020-10-29 08:05:50,358] [2098:140131801413440] - profile_util.py[line:34]: hetero_lr_gradient_and_loss.py:73 call mapValues, takes 0.01816105842590332s
[DEBUG] [2020-10-29 08:05:50,368] [2098:140131801413440] - profile_util.py[line:34]: hetero_lr_gradient_and_loss.py:73 call reduce, takes 0.009490013122558594s
[DEBUG] [2020-10-29 08:05:50,425] [2098:140131801413440] - profile_util.py[line:34]: hetero_lr_gradient_and_loss.py:89 call join, takes 0.05358719825744629s
[DEBUG] [2020-10-29 08:05:50,447] [2098:140131801413440] - profile_util.py[line:34]: hetero_lr_gradient_and_loss.py:89 call reduce, takes 0.021750688552856445s
[DEBUG] [2020-10-29 08:05:50,452] [2098:140131801413440] - profile_util.py[line:34]: hetero_lr_guest.py:111 call count, takes 0.0006794929504394531s
[DEBUG] [2020-10-29 08:05:50,453] [2098:140131801413440] - profile_util.py[line:34]: hetero_lr_guest.py:115 call count, takes 0.0004222393035888672s
[DEBUG] [2020-10-29 08:05:50,773] [2098:140131801413440] - profile_util.py[line:34]: hetero_lr_gradient_and_loss.py:50 call mapValues, takes 0.015386104583740234s
[DEBUG] [2020-10-29 08:05:51,152] [2098:140131801413440] - profile_util.py[line:34]: encrypt_mode.py:94 call mapValues, takes 0.37932896614074707s
[DEBUG] [2020-10-29 08:05:51,178] [2098:140131801413440] - profile_util.py[line:34]: hetero_lr_gradient_and_loss.py:56 call join, takes 0.02487945556640625s
[DEBUG] [2020-10-29 08:05:51,215] [2098:140131801413440] - profile_util.py[line:34]: hetero_lr_gradient_and_loss.py:57 call join, takes 0.03659462928771973s
[DEBUG] [2020-10-29 08:05:51,235] [2098:140131801413440] - profile_util.py[line:34]: hetero_linear_model_gradient.py:112 call join, takes 0.01976156234741211s
[DEBUG] [2020-10-29 08:05:51,517] [2098:140131801413440] - profile_util.py[line:34]: hetero_linear_model_gradient.py:117 call mapPartitions, takes 0.28084588050842285s
[DEBUG] [2020-10-29 08:05:51,520] [2098:140131801413440] - profile_util.py[line:34]: hetero_linear_model_gradient.py:118 call reduce, takes 0.0035185813903808594s
[DEBUG] [2020-10-29 08:05:51,521] [2098:140131801413440] - profile_util.py[line:34]: hetero_linear_model_gradient.py:120 call count, takes 0.0003211498260498047s
[DEBUG] [2020-10-29 08:05:51,932] [2098:140131801413440] - profile_util.py[line:34]: hetero_lr_gradient_and_loss.py:71 call count, takes 0.0005519390106201172s
[DEBUG] [2020-10-29 08:05:51,957] [2098:140131801413440] - profile_util.py[line:34]: hetero_lr_gradient_and_loss.py:72 call join, takes 0.024680614471435547s
[DEBUG] [2020-10-29 08:05:51,975] [2098:140131801413440] - profile_util.py[line:34]: hetero_lr_gradient_and_loss.py:72 call reduce, takes 0.018241167068481445s
[DEBUG] [2020-10-29 08:05:51,986] [2098:140131801413440] - profile_util.py[line:34]: hetero_lr_gradient_and_loss.py:73 call mapValues, takes 0.010634422302246094s
[DEBUG] [2020-10-29 08:05:51,994] [2098:140131801413440] - profile_util.py[line:34]: hetero_lr_gradient_and_loss.py:73 call reduce, takes 0.007420063018798828s
[DEBUG] [2020-10-29 08:05:52,045] [2098:140131801413440] - profile_util.py[line:34]: hetero_lr_gradient_and_loss.py:89 call join, takes 0.04973936080932617s
[DEBUG] [2020-10-29 08:05:52,061] [2098:140131801413440] - profile_util.py[line:34]: hetero_lr_gradient_and_loss.py:89 call reduce, takes 0.015325546264648438s
[DEBUG] [2020-10-29 08:05:52,169] [2098:140131801413440] - profile_util.py[line:34]: hetero_lr_guest.py:111 call count, takes 0.0004622936248779297s
[DEBUG] [2020-10-29 08:05:52,170] [2098:140131801413440] - profile_util.py[line:34]: hetero_lr_guest.py:115 call count, takes 0.0003714561462402344s
[DEBUG] [2020-10-29 08:05:52,700] [2098:140131801413440] - profile_util.py[line:34]: hetero_lr_gradient_and_loss.py:50 call mapValues, takes 0.01637864112854004s
[DEBUG] [2020-10-29 08:05:53,174] [2098:140131801413440] - profile_util.py[line:34]: encrypt_mode.py:94 call mapValues, takes 0.47382354736328125s
[DEBUG] [2020-10-29 08:05:53,201] [2098:140131801413440] - profile_util.py[line:34]: hetero_lr_gradient_and_loss.py:56 call join, takes 0.026134490966796875s
[DEBUG] [2020-10-29 08:05:53,256] [2098:140131801413440] - profile_util.py[line:34]: hetero_lr_gradient_and_loss.py:57 call join, takes 0.054830074310302734s
[DEBUG] [2020-10-29 08:05:53,285] [2098:140131801413440] - profile_util.py[line:34]: hetero_linear_model_gradient.py:112 call join, takes 0.025787353515625s
[DEBUG] [2020-10-29 08:05:53,629] [2098:140131801413440] - profile_util.py[line:34]: hetero_linear_model_gradient.py:117 call mapPartitions, takes 0.34383416175842285s
[DEBUG] [2020-10-29 08:05:53,633] [2098:140131801413440] - profile_util.py[line:34]: hetero_linear_model_gradient.py:118 call reduce, takes 0.0029664039611816406s
[DEBUG] [2020-10-29 08:05:53,634] [2098:140131801413440] - profile_util.py[line:34]: hetero_linear_model_gradient.py:120 call count, takes 0.0010998249053955078s
[DEBUG] [2020-10-29 08:05:54,149] [2098:140131801413440] - profile_util.py[line:34]: hetero_lr_gradient_and_loss.py:71 call count, takes 0.0005190372467041016s
[DEBUG] [2020-10-29 08:05:54,179] [2098:140131801413440] - profile_util.py[line:34]: hetero_lr_gradient_and_loss.py:72 call join, takes 0.030487775802612305s
[DEBUG] [2020-10-29 08:05:54,196] [2098:140131801413440] - profile_util.py[line:34]: hetero_lr_gradient_and_loss.py:72 call reduce, takes 0.01702141761779785s
[DEBUG] [2020-10-29 08:05:54,212] [2098:140131801413440] - profile_util.py[line:34]: hetero_lr_gradient_and_loss.py:73 call mapValues, takes 0.01482248306274414s
[DEBUG] [2020-10-29 08:05:54,220] [2098:140131801413440] - profile_util.py[line:34]: hetero_lr_gradient_and_loss.py:73 call reduce, takes 0.007778167724609375s
[DEBUG] [2020-10-29 08:05:54,272] [2098:140131801413440] - profile_util.py[line:34]: hetero_lr_gradient_and_loss.py:89 call join, takes 0.04839968681335449s
[DEBUG] [2020-10-29 08:05:54,291] [2098:140131801413440] - profile_util.py[line:34]: hetero_lr_gradient_and_loss.py:89 call reduce, takes 0.01857590675354004s
[DEBUG] [2020-10-29 08:05:54,295] [2098:140131801413440] - profile_util.py[line:34]: hetero_lr_guest.py:111 call count, takes 0.00046944618225097656s
[DEBUG] [2020-10-29 08:05:54,295] [2098:140131801413440] - profile_util.py[line:34]: hetero_lr_guest.py:115 call count, takes 0.0003845691680908203s
[DEBUG] [2020-10-29 08:05:54,624] [2098:140131801413440] - profile_util.py[line:34]: hetero_lr_gradient_and_loss.py:50 call mapValues, takes 0.020560026168823242s
[DEBUG] [2020-10-29 08:05:54,996] [2098:140131801413440] - profile_util.py[line:34]: encrypt_mode.py:94 call mapValues, takes 0.37155675888061523s
[DEBUG] [2020-10-29 08:05:55,019] [2098:140131801413440] - profile_util.py[line:34]: hetero_lr_gradient_and_loss.py:56 call join, takes 0.023410797119140625s
[DEBUG] [2020-10-29 08:05:55,064] [2098:140131801413440] - profile_util.py[line:34]: hetero_lr_gradient_and_loss.py:57 call join, takes 0.04428672790527344s
[DEBUG] [2020-10-29 08:05:55,089] [2098:140131801413440] - profile_util.py[line:34]: hetero_linear_model_gradient.py:112 call join, takes 0.020235538482666016s
[DEBUG] [2020-10-29 08:05:55,394] [2098:140131801413440] - profile_util.py[line:34]: hetero_linear_model_gradient.py:117 call mapPartitions, takes 0.3046698570251465s
[DEBUG] [2020-10-29 08:05:55,397] [2098:140131801413440] - profile_util.py[line:34]: hetero_linear_model_gradient.py:118 call reduce, takes 0.0035524368286132812s
[DEBUG] [2020-10-29 08:05:55,398] [2098:140131801413440] - profile_util.py[line:34]: hetero_linear_model_gradient.py:120 call count, takes 0.0005185604095458984s
[DEBUG] [2020-10-29 08:05:55,709] [2098:140131801413440] - profile_util.py[line:34]: hetero_lr_gradient_and_loss.py:71 call count, takes 0.0005702972412109375s
[DEBUG] [2020-10-29 08:05:55,734] [2098:140131801413440] - profile_util.py[line:34]: hetero_lr_gradient_and_loss.py:72 call join, takes 0.024489641189575195s
[DEBUG] [2020-10-29 08:05:55,753] [2098:140131801413440] - profile_util.py[line:34]: hetero_lr_gradient_and_loss.py:72 call reduce, takes 0.018377304077148438s
[DEBUG] [2020-10-29 08:05:55,765] [2098:140131801413440] - profile_util.py[line:34]: hetero_lr_gradient_and_loss.py:73 call mapValues, takes 0.011944293975830078s
[DEBUG] [2020-10-29 08:05:55,770] [2098:140131801413440] - profile_util.py[line:34]: hetero_lr_gradient_and_loss.py:73 call reduce, takes 0.004838705062866211s
[DEBUG] [2020-10-29 08:05:55,943] [2098:140131801413440] - profile_util.py[line:34]: hetero_lr_gradient_and_loss.py:89 call join, takes 0.06328010559082031s
[DEBUG] [2020-10-29 08:05:55,962] [2098:140131801413440] - profile_util.py[line:34]: hetero_lr_gradient_and_loss.py:89 call reduce, takes 0.018450498580932617s
[DEBUG] [2020-10-29 08:05:56,069] [2098:140131801413440] - profile_util.py[line:34]: hetero_lr_guest.py:111 call count, takes 0.0004723072052001953s
[DEBUG] [2020-10-29 08:05:56,070] [2098:140131801413440] - profile_util.py[line:34]: hetero_lr_guest.py:115 call count, takes 0.00041031837463378906s
[DEBUG] [2020-10-29 08:05:56,700] [2098:140131801413440] - profile_util.py[line:34]: hetero_lr_gradient_and_loss.py:50 call mapValues, takes 0.014111995697021484s
[DEBUG] [2020-10-29 08:05:57,205] [2098:140131801413440] - profile_util.py[line:34]: encrypt_mode.py:94 call mapValues, takes 0.5052380561828613s
[DEBUG] [2020-10-29 08:05:57,232] [2098:140131801413440] - profile_util.py[line:34]: hetero_lr_gradient_and_loss.py:56 call join, takes 0.025778532028198242s
[DEBUG] [2020-10-29 08:05:57,287] [2098:140131801413440] - profile_util.py[line:34]: hetero_lr_gradient_and_loss.py:57 call join, takes 0.05452561378479004s
[DEBUG] [2020-10-29 08:05:57,317] [2098:140131801413440] - profile_util.py[line:34]: hetero_linear_model_gradient.py:112 call join, takes 0.026289939880371094s
[DEBUG] [2020-10-29 08:05:57,699] [2098:140131801413440] - profile_util.py[line:34]: hetero_linear_model_gradient.py:117 call mapPartitions, takes 0.3816239833831787s
[DEBUG] [2020-10-29 08:05:57,703] [2098:140131801413440] - profile_util.py[line:34]: hetero_linear_model_gradient.py:118 call reduce, takes 0.003793954849243164s
[DEBUG] [2020-10-29 08:05:57,704] [2098:140131801413440] - profile_util.py[line:34]: hetero_linear_model_gradient.py:120 call count, takes 0.0005002021789550781s
[DEBUG] [2020-10-29 08:05:58,221] [2098:140131801413440] - profile_util.py[line:34]: hetero_lr_gradient_and_loss.py:71 call count, takes 0.0005314350128173828s
[DEBUG] [2020-10-29 08:05:58,249] [2098:140131801413440] - profile_util.py[line:34]: hetero_lr_gradient_and_loss.py:72 call join, takes 0.028077125549316406s
[DEBUG] [2020-10-29 08:05:58,270] [2098:140131801413440] - profile_util.py[line:34]: hetero_lr_gradient_and_loss.py:72 call reduce, takes 0.020575523376464844s
[DEBUG] [2020-10-29 08:05:58,285] [2098:140131801413440] - profile_util.py[line:34]: hetero_lr_gradient_and_loss.py:73 call mapValues, takes 0.014017820358276367s
[DEBUG] [2020-10-29 08:05:58,290] [2098:140131801413440] - profile_util.py[line:34]: hetero_lr_gradient_and_loss.py:73 call reduce, takes 0.0056607723236083984s
[DEBUG] [2020-10-29 08:05:58,451] [2098:140131801413440] - profile_util.py[line:34]: hetero_lr_gradient_and_loss.py:89 call join, takes 0.05554842948913574s
[DEBUG] [2020-10-29 08:05:58,473] [2098:140131801413440] - profile_util.py[line:34]: hetero_lr_gradient_and_loss.py:89 call reduce, takes 0.021273136138916016s
[DEBUG] [2020-10-29 08:05:58,477] [2098:140131801413440] - profile_util.py[line:34]: hetero_lr_guest.py:111 call count, takes 0.0004723072052001953s
[DEBUG] [2020-10-29 08:05:58,477] [2098:140131801413440] - profile_util.py[line:34]: hetero_lr_guest.py:115 call count, takes 0.0003921985626220703s
[DEBUG] [2020-10-29 08:05:58,801] [2098:140131801413440] - profile_util.py[line:34]: hetero_lr_gradient_and_loss.py:50 call mapValues, takes 0.015620231628417969s
[DEBUG] [2020-10-29 08:05:59,190] [2098:140131801413440] - profile_util.py[line:34]: encrypt_mode.py:94 call mapValues, takes 0.3883647918701172s
[DEBUG] [2020-10-29 08:05:59,211] [2098:140131801413440] - profile_util.py[line:34]: hetero_lr_gradient_and_loss.py:56 call join, takes 0.021268129348754883s
[DEBUG] [2020-10-29 08:05:59,251] [2098:140131801413440] - profile_util.py[line:34]: hetero_lr_gradient_and_loss.py:57 call join, takes 0.03944563865661621s
[DEBUG] [2020-10-29 08:05:59,278] [2098:140131801413440] - profile_util.py[line:34]: hetero_linear_model_gradient.py:112 call join, takes 0.021754741668701172s
[DEBUG] [2020-10-29 08:05:59,533] [2098:140131801413440] - profile_util.py[line:34]: hetero_linear_model_gradient.py:117 call mapPartitions, takes 0.2546684741973877s
[DEBUG] [2020-10-29 08:05:59,536] [2098:140131801413440] - profile_util.py[line:34]: hetero_linear_model_gradient.py:118 call reduce, takes 0.0030934810638427734s
[DEBUG] [2020-10-29 08:05:59,537] [2098:140131801413440] - profile_util.py[line:34]: hetero_linear_model_gradient.py:120 call count, takes 0.0005016326904296875s
[DEBUG] [2020-10-29 08:05:59,950] [2098:140131801413440] - profile_util.py[line:34]: hetero_lr_gradient_and_loss.py:71 call count, takes 0.0006532669067382812s
[DEBUG] [2020-10-29 08:05:59,973] [2098:140131801413440] - profile_util.py[line:34]: hetero_lr_gradient_and_loss.py:72 call join, takes 0.022196054458618164s
[DEBUG] [2020-10-29 08:05:59,990] [2098:140131801413440] - profile_util.py[line:34]: hetero_lr_gradient_and_loss.py:72 call reduce, takes 0.01767873764038086s
[DEBUG] [2020-10-29 08:06:00,010] [2098:140131801413440] - profile_util.py[line:34]: hetero_lr_gradient_and_loss.py:73 call mapValues, takes 0.019586801528930664s
[DEBUG] [2020-10-29 08:06:00,016] [2098:140131801413440] - profile_util.py[line:34]: hetero_lr_gradient_and_loss.py:73 call reduce, takes 0.005326509475708008s
[DEBUG] [2020-10-29 08:06:00,165] [2098:140131801413440] - profile_util.py[line:34]: hetero_lr_gradient_and_loss.py:89 call join, takes 0.043836116790771484s
[DEBUG] [2020-10-29 08:06:00,181] [2098:140131801413440] - profile_util.py[line:34]: hetero_lr_gradient_and_loss.py:89 call reduce, takes 0.015562057495117188s
[DEBUG] [2020-10-29 08:06:00,291] [2098:140131801413440] - profile_util.py[line:34]: io_check.py:29 call count, takes 0.0009839534759521484s
[DEBUG] [2020-10-29 08:06:00,322] [2098:140131801413440] - profile_util.py[line:34]: base_logistic_regression.py:53 call mapValues, takes 0.030048608779907227s
[DEBUG] [2020-10-29 08:06:00,447] [2098:140131801413440] - profile_util.py[line:34]: hetero_lr_guest.py:184 call join, takes 0.021459102630615234s
[DEBUG] [2020-10-29 08:06:00,463] [2098:140131801413440] - profile_util.py[line:34]: hetero_lr_guest.py:185 call mapValues, takes 0.0166933536529541s
[DEBUG] [2020-10-29 08:06:00,473] [2098:140131801413440] - profile_util.py[line:34]: hetero_lr_guest.py:187 call mapValues, takes 0.009607791900634766s
[DEBUG] [2020-10-29 08:06:00,487] [2098:140131801413440] - profile_util.py[line:34]: hetero_lr_guest.py:189 call mapValues, takes 0.013005733489990234s
[DEBUG] [2020-10-29 08:06:00,514] [2098:140131801413440] - profile_util.py[line:34]: hetero_lr_guest.py:190 call join, takes 0.02734994888305664s
[DEBUG] [2020-10-29 08:06:00,539] [2098:140131801413440] - profile_util.py[line:34]: hetero_lr_guest.py:191 call join, takes 0.024204730987548828s
[DEBUG] [2020-10-29 08:06:00,541] [2098:140131801413440] - profile_util.py[line:34]: io_check.py:35 call count, takes 0.0019876956939697266s
[DEBUG] [2020-10-29 08:06:00,567] [2098:140131801413440] - profile_util.py[line:34]: component_properties.py:262 call mapValues, takes 0.02522110939025879s
[DEBUG] [2020-10-29 08:06:00,594] [2098:140131801413440] - profile_util.py[line:34]: tracking_manager.py:201 call save_as, takes 0.026185274124145508s
[DEBUG] [2020-10-29 08:06:00,597] [2098:140131801413440] - profile_util.py[line:34]: session.py:178 call collect, takes 0.0015151500701904297s
[DEBUG] [2020-10-29 08:06:00,647] [2098:140131801413440] - profile_util.py[line:34]: tracking_manager.py:221 call count, takes 0.0007226467132568359s
