[DEBUG] [2020-10-29 08:05:47,801] [2098:140131801413440] - encrypt_param.py[line:71]: Finish encrypt parameter check!
[DEBUG] [2020-10-29 08:05:47,801] [2098:140131801413440] - predict_param.py[line:46]: Finish predict parameter check!
[DEBUG] [2020-10-29 08:05:47,802] [2098:140131801413440] - component_properties.py[line:67]: {'HeteroLogisticParam': {'penalty': 'L2', 'tol': 1e-05, 'alpha': 0.01, 'optimizer': 'rmsprop', 'batch_size': 320, 'learning_rate': 0.15, 'init_param': {'init_method': 'random_uniform', 'init_const': 1, 'fit_intercept': True, 'random_seed': None}, 'max_iter': 3, 'early_stop': 'diff', 'encrypt_param': {'method': 'Paillier', 'key_length': 1024}, 'predict_param': {'threshold': 0.5}, 'cv_param': {'n_splits': 5, 'mode': 'hetero', 'role': 'guest', 'shuffle': True, 'random_seed': 1, 'need_cv': False}, 'decay': 1, 'decay_sqrt': True, 'multi_class': 'ovr', 'validation_freqs': None, 'stepwise_param': {'score_name': 'AIC', 'mode': 'hetero', 'role': 'guest', 'direction': 'both', 'max_step': 10, 'nvmin': 2, 'nvmax': None, 'need_stepwise': False}, 'early_stopping_rounds': None, 'metrics': ['auc', 'ks'], 'use_first_metric_only': False, 'encrypted_mode_calculator_param': {'mode': 'strict', 're_encrypted_rate': 1}, 'sqn_param': {'update_interval_L': 3, 'memory_M': 5, 'sample_size': 5000, 'random_seed': None}}, 'initiator': {'role': 'guest', 'party_id': 9999}, 'job_parameters': {'work_mode': 0, 'processors_per_node': 1, 'align_task_input_data_partition': True, 'model_id': 'arbiter-10000#guest-9999#host-10000#model', 'model_version': '202010290805128735466'}, 'role': {'guest': [9999], 'host': [10000], 'arbiter': [10000]}, 'local': {'role': 'guest', 'party_id': 9999}, 'CodePath': 'federatedml/linear_model/logistic_regression/hetero_logistic_regression/hetero_lr_guest.py/HeteroLRGuest', 'module': 'HeteroLR'}
[DEBUG] [2020-10-29 08:05:47,802] [2098:140131801413440] - component_properties.py[line:74]: need_run: True, need_cv: False
[DEBUG] [2020-10-29 08:05:47,802] [2098:140131801413440] - optimizer.py[line:273]: in optimizer_factory, optimizer_type: rmsprop, learning_rate: 0.15, alpha: 0.01, penalty: L2,decay: 1, decay_sqrt: True
[INFO] [2020-10-29 08:05:47,802] [2098:140131801413440] - one_vs_rest.py[line:287]: Create one_vs_rest object, role: guest, mode: hetero
[DEBUG] [2020-10-29 08:05:47,802] [2098:140131801413440] - base_transfer_variable.py[line:63]: create variable with name=OneVsRestTransferVariable.aggregate_classes, src=('guest',), dst=('host', 'arbiter')
[DEBUG] [2020-10-29 08:05:47,802] [2098:140131801413440] - base_transfer_variable.py[line:63]: create variable with name=OneVsRestTransferVariable.host_classes, src=('host',), dst=('guest',)
[DEBUG] [2020-10-29 08:05:47,802] [2098:140131801413440] - base_transfer_variable.py[line:63]: create variable with name=HeteroLRTransferVariable.batch_data_index, src=('guest',), dst=('host',)
[DEBUG] [2020-10-29 08:05:47,803] [2098:140131801413440] - base_transfer_variable.py[line:63]: create variable with name=HeteroLRTransferVariable.batch_info, src=('guest',), dst=('host', 'arbiter')
[DEBUG] [2020-10-29 08:05:47,803] [2098:140131801413440] - base_transfer_variable.py[line:63]: create variable with name=HeteroLRTransferVariable.converge_flag, src=('arbiter',), dst=('host', 'guest')
[DEBUG] [2020-10-29 08:05:47,803] [2098:140131801413440] - base_transfer_variable.py[line:63]: create variable with name=HeteroLRTransferVariable.fore_gradient, src=('guest',), dst=('host',)
[DEBUG] [2020-10-29 08:05:47,803] [2098:140131801413440] - base_transfer_variable.py[line:63]: create variable with name=HeteroLRTransferVariable.forward_hess, src=('guest',), dst=('host',)
[DEBUG] [2020-10-29 08:05:47,803] [2098:140131801413440] - base_transfer_variable.py[line:63]: create variable with name=HeteroLRTransferVariable.guest_gradient, src=('guest',), dst=('arbiter',)
[DEBUG] [2020-10-29 08:05:47,803] [2098:140131801413440] - base_transfer_variable.py[line:63]: create variable with name=HeteroLRTransferVariable.guest_hess_vector, src=('guest',), dst=('arbiter',)
[DEBUG] [2020-10-29 08:05:47,803] [2098:140131801413440] - base_transfer_variable.py[line:63]: create variable with name=HeteroLRTransferVariable.guest_optim_gradient, src=('arbiter',), dst=('guest',)
[DEBUG] [2020-10-29 08:05:47,803] [2098:140131801413440] - base_transfer_variable.py[line:63]: create variable with name=HeteroLRTransferVariable.host_forward_dict, src=('host',), dst=('guest',)
[DEBUG] [2020-10-29 08:05:47,803] [2098:140131801413440] - base_transfer_variable.py[line:63]: create variable with name=HeteroLRTransferVariable.host_gradient, src=('host',), dst=('arbiter',)
[DEBUG] [2020-10-29 08:05:47,804] [2098:140131801413440] - base_transfer_variable.py[line:63]: create variable with name=HeteroLRTransferVariable.host_hess_vector, src=('host',), dst=('arbiter',)
[DEBUG] [2020-10-29 08:05:47,804] [2098:140131801413440] - base_transfer_variable.py[line:63]: create variable with name=HeteroLRTransferVariable.host_loss_regular, src=('host',), dst=('guest',)
[DEBUG] [2020-10-29 08:05:47,804] [2098:140131801413440] - base_transfer_variable.py[line:63]: create variable with name=HeteroLRTransferVariable.host_optim_gradient, src=('arbiter',), dst=('host',)
[DEBUG] [2020-10-29 08:05:47,804] [2098:140131801413440] - base_transfer_variable.py[line:63]: create variable with name=HeteroLRTransferVariable.host_prob, src=('host',), dst=('guest',)
[DEBUG] [2020-10-29 08:05:47,804] [2098:140131801413440] - base_transfer_variable.py[line:63]: create variable with name=HeteroLRTransferVariable.host_sqn_forwards, src=('host',), dst=('guest',)
[DEBUG] [2020-10-29 08:05:47,804] [2098:140131801413440] - base_transfer_variable.py[line:63]: create variable with name=HeteroLRTransferVariable.loss, src=('guest',), dst=('arbiter',)
[DEBUG] [2020-10-29 08:05:47,804] [2098:140131801413440] - base_transfer_variable.py[line:63]: create variable with name=HeteroLRTransferVariable.loss_intermediate, src=('host',), dst=('guest',)
[DEBUG] [2020-10-29 08:05:47,805] [2098:140131801413440] - base_transfer_variable.py[line:63]: create variable with name=HeteroLRTransferVariable.paillier_pubkey, src=('arbiter',), dst=('host', 'guest')
[DEBUG] [2020-10-29 08:05:47,805] [2098:140131801413440] - base_transfer_variable.py[line:63]: create variable with name=HeteroLRTransferVariable.sqn_sample_index, src=('guest',), dst=('host',)
[DEBUG] [2020-10-29 08:05:47,805] [2098:140131801413440] - component_properties.py[line:118]: has_train_data: True, has_eval_data: False, has_normal_data: False
[DEBUG] [2020-10-29 08:05:47,806] [2098:140131801413440] - model_base.py[line:152]: set flowid to transfer_variable, flowid: fit
[INFO] [2020-10-29 08:05:47,806] [2098:140131801413440] - hetero_lr_guest.py[line:65]: Enter hetero_lr_guest fit
[DEBUG] [2020-10-29 08:05:47,864] [2098:140131801413440] - federation_standalone.py[line:90]: [REMOTE] Sent 202010290805128735466_hetero_lr_0-OneVsRestTransferVariable.aggregate_classes-fit-guest-9999-host-10000
[DEBUG] [2020-10-29 08:05:47,867] [2098:140131801413440] - federation_standalone.py[line:90]: [REMOTE] Sent 202010290805128735466_hetero_lr_0-OneVsRestTransferVariable.aggregate_classes-fit-guest-9999-arbiter-10000
[INFO] [2020-10-29 08:05:47,867] [2098:140131801413440] - hetero_lr_guest.py[line:80]: Enter hetero_lr_guest fit
[DEBUG] [2020-10-29 08:05:47,868] [2098:140131801413440] - base_transfer_variable.py[line:63]: create variable with name=ValidationStrategyVariable.validation_status, src=('guest',), dst=('host', 'arbiter')
[DEBUG] [2020-10-29 08:05:47,868] [2098:140131801413440] - validation_strategy.py[line:86]: end to init validation_strategy, freqs is None
[DEBUG] [2020-10-29 08:05:47,890] [2098:140131801413440] - hetero_lr_guest.py[line:85]: MODEL_STEP After load data, data count: 569
[DEBUG] [2020-10-29 08:05:47,891] [2098:140131801413440] - federation_standalone.py[line:105]: [GET] Party(role=guest, party_id=9999) getting HeteroLRTransferVariable.paillier_pubkey.fit from [Party(role=arbiter, party_id=10000)]
[DEBUG] [2020-10-29 08:05:47,992] [2098:140131801413440] - federation_standalone.py[line:40]: [GET] Got 202010290805128735466_hetero_lr_0-HeteroLRTransferVariable.paillier_pubkey-fit-arbiter-10000-guest-9999 type Object
[DEBUG] [2020-10-29 08:05:47,993] [2098:140131801413440] - federation_standalone.py[line:117]: [GET] Party(role=guest, party_id=9999) getting 202010290805128735466_hetero_lr_0-HeteroLRTransferVariable.paillier_pubkey-fit-arbiter-10000-guest-9999 from [Party(role=arbiter, party_id=10000)]
[INFO] [2020-10-29 08:05:47,994] [2098:140131801413440] - hetero_lr_guest.py[line:88]: Generate mini-batch from input data
[DEBUG] [2020-10-29 08:05:48,066] [2098:140131801413440] - federation_standalone.py[line:90]: [REMOTE] Sent 202010290805128735466_hetero_lr_0-HeteroLRTransferVariable.batch_info-fit-guest-9999-host-10000
[DEBUG] [2020-10-29 08:05:48,069] [2098:140131801413440] - federation_standalone.py[line:90]: [REMOTE] Sent 202010290805128735466_hetero_lr_0-HeteroLRTransferVariable.batch_info-fit-guest-9999-arbiter-10000
[DEBUG] [2020-10-29 08:05:48,070] [2098:140131801413440] - mini_batch.py[line:53]: Currently, len of all_batch_data: 2
[DEBUG] [2020-10-29 08:05:48,071] [2098:140131801413440] - federation_standalone.py[line:90]: [REMOTE] Sent 202010290805128735466_hetero_lr_0-HeteroLRTransferVariable.batch_data_index-fit.0-guest-9999-host-10000
[DEBUG] [2020-10-29 08:05:48,073] [2098:140131801413440] - federation_standalone.py[line:90]: [REMOTE] Sent 202010290805128735466_hetero_lr_0-HeteroLRTransferVariable.batch_data_index-fit.1-guest-9999-host-10000
[INFO] [2020-10-29 08:05:48,073] [2098:140131801413440] - hetero_lr_guest.py[line:97]: Start initialize model.
[INFO] [2020-10-29 08:05:48,073] [2098:140131801413440] - hetero_lr_guest.py[line:98]: fit_intercept:True
[DEBUG] [2020-10-29 08:05:48,078] [2098:140131801413440] - initialize.py[line:96]: Inited model is :[0.85605318 0.25917443 0.94622619 0.92348572 0.36028437 0.72358282
 0.35892147 0.06042309 0.55164088 0.43866532 0.95809346]
[INFO] [2020-10-29 08:05:48,078] [2098:140131801413440] - hetero_lr_guest.py[line:104]: iter:0
[DEBUG] [2020-10-29 08:05:48,078] [2098:140131801413440] - mini_batch.py[line:53]: Currently, len of all_batch_data: 2
[DEBUG] [2020-10-29 08:05:48,079] [2098:140131801413440] - hetero_lr_guest.py[line:111]: MODEL_STEP In Batch 0, batch data count: 320
[DEBUG] [2020-10-29 08:05:48,080] [2098:140131801413440] - hetero_lr_guest.py[line:115]: iter: 0, before compute gradient, data count: 320
[DEBUG] [2020-10-29 08:05:48,080] [2098:140131801413440] - federation_standalone.py[line:105]: [GET] Party(role=guest, party_id=9999) getting HeteroLRTransferVariable.host_forward_dict.fit.0.0 from [Party(role=host, party_id=10000)]
[DEBUG] [2020-10-29 08:05:48,788] [2098:140131801413440] - federation_standalone.py[line:40]: [GET] Got 202010290805128735466_hetero_lr_0-HeteroLRTransferVariable.host_forward_dict-fit.0.0-host-10000-guest-9999 type Table
[DEBUG] [2020-10-29 08:05:48,789] [2098:140131801413440] - federation_standalone.py[line:117]: [GET] Party(role=guest, party_id=9999) getting ('IN_MEMORY', '8dbd0a96-19bd-11eb-9a46-0242ac120002', '202010290805128735466_hetero_lr_0_host_10000', 1) from [Party(role=host, party_id=10000)]
[DEBUG] [2020-10-29 08:05:49,354] [2098:140131801413440] - federation_standalone.py[line:90]: [REMOTE] Sent 202010290805128735466_hetero_lr_0-HeteroLRTransferVariable.fore_gradient-fit.0.0-guest-9999-host-10000
[DEBUG] [2020-10-29 08:05:49,771] [2098:140131801413440] - federation_standalone.py[line:90]: [REMOTE] Sent 202010290805128735466_hetero_lr_0-HeteroLRTransferVariable.guest_gradient-fit.0.0-guest-9999-arbiter-10000
[DEBUG] [2020-10-29 08:05:49,771] [2098:140131801413440] - federation_standalone.py[line:105]: [GET] Party(role=guest, party_id=9999) getting HeteroLRTransferVariable.guest_optim_gradient.fit.0.0 from [Party(role=arbiter, party_id=10000)]
[DEBUG] [2020-10-29 08:05:50,276] [2098:140131801413440] - federation_standalone.py[line:40]: [GET] Got 202010290805128735466_hetero_lr_0-HeteroLRTransferVariable.guest_optim_gradient-fit.0.0-arbiter-10000-guest-9999 type Object
[DEBUG] [2020-10-29 08:05:50,276] [2098:140131801413440] - federation_standalone.py[line:117]: [GET] Party(role=guest, party_id=9999) getting 202010290805128735466_hetero_lr_0-HeteroLRTransferVariable.guest_optim_gradient-fit.0.0-arbiter-10000-guest-9999 from [Party(role=arbiter, party_id=10000)]
[DEBUG] [2020-10-29 08:05:50,368] [2098:140131801413440] - federation_standalone.py[line:105]: [GET] Party(role=guest, party_id=9999) getting HeteroLRTransferVariable.loss_intermediate.fit.0.0 from [Party(role=host, party_id=10000)]
[DEBUG] [2020-10-29 08:05:50,369] [2098:140131801413440] - federation_standalone.py[line:40]: [GET] Got 202010290805128735466_hetero_lr_0-HeteroLRTransferVariable.loss_intermediate-fit.0.0-host-10000-guest-9999 type Object
[DEBUG] [2020-10-29 08:05:50,369] [2098:140131801413440] - federation_standalone.py[line:117]: [GET] Party(role=guest, party_id=9999) getting 202010290805128735466_hetero_lr_0-HeteroLRTransferVariable.loss_intermediate-fit.0.0-host-10000-guest-9999 from [Party(role=host, party_id=10000)]
[DEBUG] [2020-10-29 08:05:50,370] [2098:140131801413440] - federation_standalone.py[line:105]: [GET] Party(role=guest, party_id=9999) getting HeteroLRTransferVariable.host_loss_regular.fit.0.0 from [Party(role=host, party_id=10000)]
[DEBUG] [2020-10-29 08:05:50,370] [2098:140131801413440] - federation_standalone.py[line:40]: [GET] Got 202010290805128735466_hetero_lr_0-HeteroLRTransferVariable.host_loss_regular-fit.0.0-host-10000-guest-9999 type Object
[DEBUG] [2020-10-29 08:05:50,371] [2098:140131801413440] - federation_standalone.py[line:117]: [GET] Party(role=guest, party_id=9999) getting 202010290805128735466_hetero_lr_0-HeteroLRTransferVariable.host_loss_regular-fit.0.0-host-10000-guest-9999 from [Party(role=host, party_id=10000)]
[DEBUG] [2020-10-29 08:05:50,448] [2098:140131801413440] - hetero_lr_gradient_and_loss.py[line:96]: In compute_loss, loss list are: [<federatedml.secureprotol.fate_paillier.PaillierEncryptedNumber object at 0x7f72e8c21e48>]
[DEBUG] [2020-10-29 08:05:50,451] [2098:140131801413440] - federation_standalone.py[line:90]: [REMOTE] Sent 202010290805128735466_hetero_lr_0-HeteroLRTransferVariable.loss-fit.0.0-guest-9999-arbiter-10000
[DEBUG] [2020-10-29 08:05:50,452] [2098:140131801413440] - hetero_lr_guest.py[line:111]: MODEL_STEP In Batch 1, batch data count: 249
[DEBUG] [2020-10-29 08:05:50,453] [2098:140131801413440] - hetero_lr_guest.py[line:115]: iter: 0, before compute gradient, data count: 249
[DEBUG] [2020-10-29 08:05:50,453] [2098:140131801413440] - federation_standalone.py[line:105]: [GET] Party(role=guest, party_id=9999) getting HeteroLRTransferVariable.host_forward_dict.fit.0.1 from [Party(role=host, party_id=10000)]
[DEBUG] [2020-10-29 08:05:50,757] [2098:140131801413440] - federation_standalone.py[line:40]: [GET] Got 202010290805128735466_hetero_lr_0-HeteroLRTransferVariable.host_forward_dict-fit.0.1-host-10000-guest-9999 type Table
[DEBUG] [2020-10-29 08:05:50,757] [2098:140131801413440] - federation_standalone.py[line:117]: [GET] Party(role=guest, party_id=9999) getting ('IN_MEMORY', '8efd8bc4-19bd-11eb-9a46-0242ac120002', '202010290805128735466_hetero_lr_0_host_10000', 1) from [Party(role=host, party_id=10000)]
[DEBUG] [2020-10-29 08:05:51,215] [2098:140131801413440] - federation_standalone.py[line:90]: [REMOTE] Sent 202010290805128735466_hetero_lr_0-HeteroLRTransferVariable.fore_gradient-fit.0.1-guest-9999-host-10000
[DEBUG] [2020-10-29 08:05:51,525] [2098:140131801413440] - federation_standalone.py[line:90]: [REMOTE] Sent 202010290805128735466_hetero_lr_0-HeteroLRTransferVariable.guest_gradient-fit.0.1-guest-9999-arbiter-10000
[DEBUG] [2020-10-29 08:05:51,525] [2098:140131801413440] - federation_standalone.py[line:105]: [GET] Party(role=guest, party_id=9999) getting HeteroLRTransferVariable.guest_optim_gradient.fit.0.1 from [Party(role=arbiter, party_id=10000)]
[DEBUG] [2020-10-29 08:05:51,930] [2098:140131801413440] - federation_standalone.py[line:40]: [GET] Got 202010290805128735466_hetero_lr_0-HeteroLRTransferVariable.guest_optim_gradient-fit.0.1-arbiter-10000-guest-9999 type Object
[DEBUG] [2020-10-29 08:05:51,931] [2098:140131801413440] - federation_standalone.py[line:117]: [GET] Party(role=guest, party_id=9999) getting 202010290805128735466_hetero_lr_0-HeteroLRTransferVariable.guest_optim_gradient-fit.0.1-arbiter-10000-guest-9999 from [Party(role=arbiter, party_id=10000)]
[DEBUG] [2020-10-29 08:05:51,994] [2098:140131801413440] - federation_standalone.py[line:105]: [GET] Party(role=guest, party_id=9999) getting HeteroLRTransferVariable.loss_intermediate.fit.0.1 from [Party(role=host, party_id=10000)]
[DEBUG] [2020-10-29 08:05:51,994] [2098:140131801413440] - federation_standalone.py[line:40]: [GET] Got 202010290805128735466_hetero_lr_0-HeteroLRTransferVariable.loss_intermediate-fit.0.1-host-10000-guest-9999 type Object
[DEBUG] [2020-10-29 08:05:51,995] [2098:140131801413440] - federation_standalone.py[line:117]: [GET] Party(role=guest, party_id=9999) getting 202010290805128735466_hetero_lr_0-HeteroLRTransferVariable.loss_intermediate-fit.0.1-host-10000-guest-9999 from [Party(role=host, party_id=10000)]
[DEBUG] [2020-10-29 08:05:51,995] [2098:140131801413440] - federation_standalone.py[line:105]: [GET] Party(role=guest, party_id=9999) getting HeteroLRTransferVariable.host_loss_regular.fit.0.1 from [Party(role=host, party_id=10000)]
[DEBUG] [2020-10-29 08:05:51,995] [2098:140131801413440] - federation_standalone.py[line:40]: [GET] Got 202010290805128735466_hetero_lr_0-HeteroLRTransferVariable.host_loss_regular-fit.0.1-host-10000-guest-9999 type Object
[DEBUG] [2020-10-29 08:05:51,995] [2098:140131801413440] - federation_standalone.py[line:117]: [GET] Party(role=guest, party_id=9999) getting 202010290805128735466_hetero_lr_0-HeteroLRTransferVariable.host_loss_regular-fit.0.1-host-10000-guest-9999 from [Party(role=host, party_id=10000)]
[DEBUG] [2020-10-29 08:05:52,062] [2098:140131801413440] - hetero_lr_gradient_and_loss.py[line:96]: In compute_loss, loss list are: [<federatedml.secureprotol.fate_paillier.PaillierEncryptedNumber object at 0x7f72e8c45630>]
[DEBUG] [2020-10-29 08:05:52,064] [2098:140131801413440] - federation_standalone.py[line:90]: [REMOTE] Sent 202010290805128735466_hetero_lr_0-HeteroLRTransferVariable.loss-fit.0.1-guest-9999-arbiter-10000
[DEBUG] [2020-10-29 08:05:52,064] [2098:140131801413440] - federation_standalone.py[line:105]: [GET] Party(role=guest, party_id=9999) getting HeteroLRTransferVariable.converge_flag.fit.0 from [Party(role=arbiter, party_id=10000)]
[DEBUG] [2020-10-29 08:05:52,166] [2098:140131801413440] - federation_standalone.py[line:40]: [GET] Got 202010290805128735466_hetero_lr_0-HeteroLRTransferVariable.converge_flag-fit.0-arbiter-10000-guest-9999 type Object
[DEBUG] [2020-10-29 08:05:52,167] [2098:140131801413440] - federation_standalone.py[line:117]: [GET] Party(role=guest, party_id=9999) getting 202010290805128735466_hetero_lr_0-HeteroLRTransferVariable.converge_flag-fit.0-arbiter-10000-guest-9999 from [Party(role=arbiter, party_id=10000)]
[INFO] [2020-10-29 08:05:52,168] [2098:140131801413440] - hetero_lr_guest.py[line:137]: iter: 0,  is_converged: False
[DEBUG] [2020-10-29 08:05:52,168] [2098:140131801413440] - hetero_lr_guest.py[line:140]: LR guest running validation
[DEBUG] [2020-10-29 08:05:52,168] [2098:140131801413440] - validation_strategy.py[line:100]: validation_freqs is None
[DEBUG] [2020-10-29 08:05:52,168] [2098:140131801413440] - validation_strategy.py[line:228]: begin to check validate status, need_run_validation is False
[DEBUG] [2020-10-29 08:05:52,168] [2098:140131801413440] - validation_strategy.py[line:100]: validation_freqs is None
[INFO] [2020-10-29 08:05:52,168] [2098:140131801413440] - hetero_lr_guest.py[line:104]: iter:1
[DEBUG] [2020-10-29 08:05:52,168] [2098:140131801413440] - mini_batch.py[line:53]: Currently, len of all_batch_data: 2
[DEBUG] [2020-10-29 08:05:52,169] [2098:140131801413440] - hetero_lr_guest.py[line:111]: MODEL_STEP In Batch 0, batch data count: 320
[DEBUG] [2020-10-29 08:05:52,170] [2098:140131801413440] - hetero_lr_guest.py[line:115]: iter: 1, before compute gradient, data count: 320
[DEBUG] [2020-10-29 08:05:52,170] [2098:140131801413440] - clean.py[line:66]: [CLEAN] HeteroLRTransferVariable.host_forward_dict cleaning rubbishes tagged by fit.0.0
[DEBUG] [2020-10-29 08:05:52,170] [2098:140131801413440] - clean.py[line:69]: [CLEAN] try destroy table storage_type: IN_MEMORY, namespace: 202010290805128735466_hetero_lr_0_host_10000, name: 8dbd0a96-19bd-11eb-9a46-0242ac120002, partitions: 1, in_place_computing: False
[DEBUG] [2020-10-29 08:05:52,178] [2098:140131801413440] - federation_standalone.py[line:105]: [GET] Party(role=guest, party_id=9999) getting HeteroLRTransferVariable.host_forward_dict.fit.1.0 from [Party(role=host, party_id=10000)]
[DEBUG] [2020-10-29 08:05:52,682] [2098:140131801413440] - federation_standalone.py[line:40]: [GET] Got 202010290805128735466_hetero_lr_0-HeteroLRTransferVariable.host_forward_dict-fit.1.0-host-10000-guest-9999 type Table
[DEBUG] [2020-10-29 08:05:52,683] [2098:140131801413440] - federation_standalone.py[line:117]: [GET] Party(role=guest, party_id=9999) getting ('IN_MEMORY', '9015ffaa-19bd-11eb-9a46-0242ac120002', '202010290805128735466_hetero_lr_0_host_10000', 1) from [Party(role=host, party_id=10000)]
[DEBUG] [2020-10-29 08:05:53,257] [2098:140131801413440] - federation_standalone.py[line:90]: [REMOTE] Sent 202010290805128735466_hetero_lr_0-HeteroLRTransferVariable.fore_gradient-fit.1.0-guest-9999-host-10000
[DEBUG] [2020-10-29 08:05:53,257] [2098:140131801413440] - clean.py[line:66]: [CLEAN] HeteroLRTransferVariable.fore_gradient cleaning rubbishes tagged by fit.0.0
[DEBUG] [2020-10-29 08:05:53,257] [2098:140131801413440] - clean.py[line:69]: [CLEAN] try destroy table storage_type: IN_MEMORY, namespace: 202010290805128735466_hetero_lr_0_guest_9999, name: 8e5ff792-19bd-11eb-9af3-0242ac120002, partitions: 1, in_place_computing: False
[DEBUG] [2020-10-29 08:05:53,259] [2098:140131801413440] - clean.py[line:77]: [CLEAN] try delete object with key=202010290805128735466_hetero_lr_0-HeteroLRTransferVariable.fore_gradient-fit.0.0-guest-9999-host-10000 from table=storage_type: LMDB, namespace: 202010290805128735466_hetero_lr_0, name: __status__, partitions: 10, in_place_computing: False
[DEBUG] [2020-10-29 08:05:53,638] [2098:140131801413440] - federation_standalone.py[line:90]: [REMOTE] Sent 202010290805128735466_hetero_lr_0-HeteroLRTransferVariable.guest_gradient-fit.1.0-guest-9999-arbiter-10000
[DEBUG] [2020-10-29 08:05:53,638] [2098:140131801413440] - clean.py[line:66]: [CLEAN] HeteroLRTransferVariable.guest_gradient cleaning rubbishes tagged by fit.0.0
[DEBUG] [2020-10-29 08:05:53,638] [2098:140131801413440] - clean.py[line:77]: [CLEAN] try delete object with key=202010290805128735466_hetero_lr_0-HeteroLRTransferVariable.guest_gradient-fit.0.0-guest-9999-arbiter-10000 from table=storage_type: LMDB, namespace: 202010290805128735466_hetero_lr_0, name: __federation__, partitions: 10, in_place_computing: False
[DEBUG] [2020-10-29 08:05:53,639] [2098:140131801413440] - clean.py[line:77]: [CLEAN] try delete object with key=202010290805128735466_hetero_lr_0-HeteroLRTransferVariable.guest_gradient-fit.0.0-guest-9999-arbiter-10000 from table=storage_type: LMDB, namespace: 202010290805128735466_hetero_lr_0, name: __status__, partitions: 10, in_place_computing: False
[DEBUG] [2020-10-29 08:05:53,640] [2098:140131801413440] - clean.py[line:66]: [CLEAN] HeteroLRTransferVariable.guest_optim_gradient cleaning rubbishes tagged by fit.0.0
[DEBUG] [2020-10-29 08:05:53,640] [2098:140131801413440] - clean.py[line:77]: [CLEAN] try delete object with key=202010290805128735466_hetero_lr_0-HeteroLRTransferVariable.guest_optim_gradient-fit.0.0-arbiter-10000-guest-9999 from table=storage_type: LMDB, namespace: 202010290805128735466_hetero_lr_0, name: __federation__, partitions: 10, in_place_computing: False
[DEBUG] [2020-10-29 08:05:53,640] [2098:140131801413440] - clean.py[line:77]: [CLEAN] try delete object with key=202010290805128735466_hetero_lr_0-HeteroLRTransferVariable.guest_optim_gradient-fit.0.0-arbiter-10000-guest-9999 from table=storage_type: LMDB, namespace: 202010290805128735466_hetero_lr_0, name: __status__, partitions: 10, in_place_computing: False
[DEBUG] [2020-10-29 08:05:53,642] [2098:140131801413440] - federation_standalone.py[line:105]: [GET] Party(role=guest, party_id=9999) getting HeteroLRTransferVariable.guest_optim_gradient.fit.1.0 from [Party(role=arbiter, party_id=10000)]
[DEBUG] [2020-10-29 08:05:54,147] [2098:140131801413440] - federation_standalone.py[line:40]: [GET] Got 202010290805128735466_hetero_lr_0-HeteroLRTransferVariable.guest_optim_gradient-fit.1.0-arbiter-10000-guest-9999 type Object
[DEBUG] [2020-10-29 08:05:54,148] [2098:140131801413440] - federation_standalone.py[line:117]: [GET] Party(role=guest, party_id=9999) getting 202010290805128735466_hetero_lr_0-HeteroLRTransferVariable.guest_optim_gradient-fit.1.0-arbiter-10000-guest-9999 from [Party(role=arbiter, party_id=10000)]
[DEBUG] [2020-10-29 08:05:54,220] [2098:140131801413440] - clean.py[line:66]: [CLEAN] HeteroLRTransferVariable.loss_intermediate cleaning rubbishes tagged by fit.0.0
[DEBUG] [2020-10-29 08:05:54,220] [2098:140131801413440] - clean.py[line:77]: [CLEAN] try delete object with key=202010290805128735466_hetero_lr_0-HeteroLRTransferVariable.loss_intermediate-fit.0.0-host-10000-guest-9999 from table=storage_type: LMDB, namespace: 202010290805128735466_hetero_lr_0, name: __federation__, partitions: 10, in_place_computing: False
[DEBUG] [2020-10-29 08:05:54,220] [2098:140131801413440] - clean.py[line:77]: [CLEAN] try delete object with key=202010290805128735466_hetero_lr_0-HeteroLRTransferVariable.loss_intermediate-fit.0.0-host-10000-guest-9999 from table=storage_type: LMDB, namespace: 202010290805128735466_hetero_lr_0, name: __status__, partitions: 10, in_place_computing: False
[DEBUG] [2020-10-29 08:05:54,221] [2098:140131801413440] - federation_standalone.py[line:105]: [GET] Party(role=guest, party_id=9999) getting HeteroLRTransferVariable.loss_intermediate.fit.1.0 from [Party(role=host, party_id=10000)]
[DEBUG] [2020-10-29 08:05:54,221] [2098:140131801413440] - federation_standalone.py[line:40]: [GET] Got 202010290805128735466_hetero_lr_0-HeteroLRTransferVariable.loss_intermediate-fit.1.0-host-10000-guest-9999 type Object
[DEBUG] [2020-10-29 08:05:54,221] [2098:140131801413440] - federation_standalone.py[line:117]: [GET] Party(role=guest, party_id=9999) getting 202010290805128735466_hetero_lr_0-HeteroLRTransferVariable.loss_intermediate-fit.1.0-host-10000-guest-9999 from [Party(role=host, party_id=10000)]
[DEBUG] [2020-10-29 08:05:54,222] [2098:140131801413440] - clean.py[line:66]: [CLEAN] HeteroLRTransferVariable.host_loss_regular cleaning rubbishes tagged by fit.0.0
[DEBUG] [2020-10-29 08:05:54,222] [2098:140131801413440] - clean.py[line:77]: [CLEAN] try delete object with key=202010290805128735466_hetero_lr_0-HeteroLRTransferVariable.host_loss_regular-fit.0.0-host-10000-guest-9999 from table=storage_type: LMDB, namespace: 202010290805128735466_hetero_lr_0, name: __federation__, partitions: 10, in_place_computing: False
[DEBUG] [2020-10-29 08:05:54,222] [2098:140131801413440] - clean.py[line:77]: [CLEAN] try delete object with key=202010290805128735466_hetero_lr_0-HeteroLRTransferVariable.host_loss_regular-fit.0.0-host-10000-guest-9999 from table=storage_type: LMDB, namespace: 202010290805128735466_hetero_lr_0, name: __status__, partitions: 10, in_place_computing: False
[DEBUG] [2020-10-29 08:05:54,223] [2098:140131801413440] - federation_standalone.py[line:105]: [GET] Party(role=guest, party_id=9999) getting HeteroLRTransferVariable.host_loss_regular.fit.1.0 from [Party(role=host, party_id=10000)]
[DEBUG] [2020-10-29 08:05:54,223] [2098:140131801413440] - federation_standalone.py[line:40]: [GET] Got 202010290805128735466_hetero_lr_0-HeteroLRTransferVariable.host_loss_regular-fit.1.0-host-10000-guest-9999 type Object
[DEBUG] [2020-10-29 08:05:54,223] [2098:140131801413440] - federation_standalone.py[line:117]: [GET] Party(role=guest, party_id=9999) getting 202010290805128735466_hetero_lr_0-HeteroLRTransferVariable.host_loss_regular-fit.1.0-host-10000-guest-9999 from [Party(role=host, party_id=10000)]
[DEBUG] [2020-10-29 08:05:54,292] [2098:140131801413440] - hetero_lr_gradient_and_loss.py[line:96]: In compute_loss, loss list are: [<federatedml.secureprotol.fate_paillier.PaillierEncryptedNumber object at 0x7f4ce979fbe0>]
[DEBUG] [2020-10-29 08:05:54,294] [2098:140131801413440] - federation_standalone.py[line:90]: [REMOTE] Sent 202010290805128735466_hetero_lr_0-HeteroLRTransferVariable.loss-fit.1.0-guest-9999-arbiter-10000
[DEBUG] [2020-10-29 08:05:54,294] [2098:140131801413440] - clean.py[line:66]: [CLEAN] HeteroLRTransferVariable.loss cleaning rubbishes tagged by fit.0.0
[DEBUG] [2020-10-29 08:05:54,294] [2098:140131801413440] - clean.py[line:77]: [CLEAN] try delete object with key=202010290805128735466_hetero_lr_0-HeteroLRTransferVariable.loss-fit.0.0-guest-9999-arbiter-10000 from table=storage_type: LMDB, namespace: 202010290805128735466_hetero_lr_0, name: __federation__, partitions: 10, in_place_computing: False
[DEBUG] [2020-10-29 08:05:54,294] [2098:140131801413440] - clean.py[line:77]: [CLEAN] try delete object with key=202010290805128735466_hetero_lr_0-HeteroLRTransferVariable.loss-fit.0.0-guest-9999-arbiter-10000 from table=storage_type: LMDB, namespace: 202010290805128735466_hetero_lr_0, name: __status__, partitions: 10, in_place_computing: False
[DEBUG] [2020-10-29 08:05:54,295] [2098:140131801413440] - hetero_lr_guest.py[line:111]: MODEL_STEP In Batch 1, batch data count: 249
[DEBUG] [2020-10-29 08:05:54,296] [2098:140131801413440] - hetero_lr_guest.py[line:115]: iter: 1, before compute gradient, data count: 249
[DEBUG] [2020-10-29 08:05:54,296] [2098:140131801413440] - clean.py[line:66]: [CLEAN] HeteroLRTransferVariable.host_forward_dict cleaning rubbishes tagged by fit.0.1
[DEBUG] [2020-10-29 08:05:54,296] [2098:140131801413440] - clean.py[line:69]: [CLEAN] try destroy table storage_type: IN_MEMORY, namespace: 202010290805128735466_hetero_lr_0_host_10000, name: 8efd8bc4-19bd-11eb-9a46-0242ac120002, partitions: 1, in_place_computing: False
[DEBUG] [2020-10-29 08:05:54,299] [2098:140131801413440] - federation_standalone.py[line:105]: [GET] Party(role=guest, party_id=9999) getting HeteroLRTransferVariable.host_forward_dict.fit.1.1 from [Party(role=host, party_id=10000)]
[DEBUG] [2020-10-29 08:05:54,603] [2098:140131801413440] - federation_standalone.py[line:40]: [GET] Got 202010290805128735466_hetero_lr_0-HeteroLRTransferVariable.host_forward_dict-fit.1.1-host-10000-guest-9999 type Table
[DEBUG] [2020-10-29 08:05:54,603] [2098:140131801413440] - federation_standalone.py[line:117]: [GET] Party(role=guest, party_id=9999) getting ('IN_MEMORY', '91405f24-19bd-11eb-9a46-0242ac120002', '202010290805128735466_hetero_lr_0_host_10000', 1) from [Party(role=host, party_id=10000)]
[DEBUG] [2020-10-29 08:05:55,065] [2098:140131801413440] - federation_standalone.py[line:90]: [REMOTE] Sent 202010290805128735466_hetero_lr_0-HeteroLRTransferVariable.fore_gradient-fit.1.1-guest-9999-host-10000
[DEBUG] [2020-10-29 08:05:55,066] [2098:140131801413440] - clean.py[line:66]: [CLEAN] HeteroLRTransferVariable.fore_gradient cleaning rubbishes tagged by fit.0.1
[DEBUG] [2020-10-29 08:05:55,066] [2098:140131801413440] - clean.py[line:69]: [CLEAN] try destroy table storage_type: IN_MEMORY, namespace: 202010290805128735466_hetero_lr_0_guest_9999, name: 8f7d2992-19bd-11eb-9af3-0242ac120002, partitions: 1, in_place_computing: False
[DEBUG] [2020-10-29 08:05:55,068] [2098:140131801413440] - clean.py[line:77]: [CLEAN] try delete object with key=202010290805128735466_hetero_lr_0-HeteroLRTransferVariable.fore_gradient-fit.0.1-guest-9999-host-10000 from table=storage_type: LMDB, namespace: 202010290805128735466_hetero_lr_0, name: __status__, partitions: 10, in_place_computing: False
[DEBUG] [2020-10-29 08:05:55,402] [2098:140131801413440] - federation_standalone.py[line:90]: [REMOTE] Sent 202010290805128735466_hetero_lr_0-HeteroLRTransferVariable.guest_gradient-fit.1.1-guest-9999-arbiter-10000
[DEBUG] [2020-10-29 08:05:55,402] [2098:140131801413440] - clean.py[line:66]: [CLEAN] HeteroLRTransferVariable.guest_gradient cleaning rubbishes tagged by fit.0.1
[DEBUG] [2020-10-29 08:05:55,402] [2098:140131801413440] - clean.py[line:77]: [CLEAN] try delete object with key=202010290805128735466_hetero_lr_0-HeteroLRTransferVariable.guest_gradient-fit.0.1-guest-9999-arbiter-10000 from table=storage_type: LMDB, namespace: 202010290805128735466_hetero_lr_0, name: __federation__, partitions: 10, in_place_computing: False
[DEBUG] [2020-10-29 08:05:55,403] [2098:140131801413440] - clean.py[line:77]: [CLEAN] try delete object with key=202010290805128735466_hetero_lr_0-HeteroLRTransferVariable.guest_gradient-fit.0.1-guest-9999-arbiter-10000 from table=storage_type: LMDB, namespace: 202010290805128735466_hetero_lr_0, name: __status__, partitions: 10, in_place_computing: False
[DEBUG] [2020-10-29 08:05:55,403] [2098:140131801413440] - clean.py[line:66]: [CLEAN] HeteroLRTransferVariable.guest_optim_gradient cleaning rubbishes tagged by fit.0.1
[DEBUG] [2020-10-29 08:05:55,403] [2098:140131801413440] - clean.py[line:77]: [CLEAN] try delete object with key=202010290805128735466_hetero_lr_0-HeteroLRTransferVariable.guest_optim_gradient-fit.0.1-arbiter-10000-guest-9999 from table=storage_type: LMDB, namespace: 202010290805128735466_hetero_lr_0, name: __federation__, partitions: 10, in_place_computing: False
[DEBUG] [2020-10-29 08:05:55,404] [2098:140131801413440] - clean.py[line:77]: [CLEAN] try delete object with key=202010290805128735466_hetero_lr_0-HeteroLRTransferVariable.guest_optim_gradient-fit.0.1-arbiter-10000-guest-9999 from table=storage_type: LMDB, namespace: 202010290805128735466_hetero_lr_0, name: __status__, partitions: 10, in_place_computing: False
[DEBUG] [2020-10-29 08:05:55,406] [2098:140131801413440] - federation_standalone.py[line:105]: [GET] Party(role=guest, party_id=9999) getting HeteroLRTransferVariable.guest_optim_gradient.fit.1.1 from [Party(role=arbiter, party_id=10000)]
[DEBUG] [2020-10-29 08:05:55,708] [2098:140131801413440] - federation_standalone.py[line:40]: [GET] Got 202010290805128735466_hetero_lr_0-HeteroLRTransferVariable.guest_optim_gradient-fit.1.1-arbiter-10000-guest-9999 type Object
[DEBUG] [2020-10-29 08:05:55,709] [2098:140131801413440] - federation_standalone.py[line:117]: [GET] Party(role=guest, party_id=9999) getting 202010290805128735466_hetero_lr_0-HeteroLRTransferVariable.guest_optim_gradient-fit.1.1-arbiter-10000-guest-9999 from [Party(role=arbiter, party_id=10000)]
[DEBUG] [2020-10-29 08:05:55,771] [2098:140131801413440] - clean.py[line:66]: [CLEAN] HeteroLRTransferVariable.loss_intermediate cleaning rubbishes tagged by fit.0.1
[DEBUG] [2020-10-29 08:05:55,771] [2098:140131801413440] - clean.py[line:77]: [CLEAN] try delete object with key=202010290805128735466_hetero_lr_0-HeteroLRTransferVariable.loss_intermediate-fit.0.1-host-10000-guest-9999 from table=storage_type: LMDB, namespace: 202010290805128735466_hetero_lr_0, name: __federation__, partitions: 10, in_place_computing: False
[DEBUG] [2020-10-29 08:05:55,772] [2098:140131801413440] - clean.py[line:77]: [CLEAN] try delete object with key=202010290805128735466_hetero_lr_0-HeteroLRTransferVariable.loss_intermediate-fit.0.1-host-10000-guest-9999 from table=storage_type: LMDB, namespace: 202010290805128735466_hetero_lr_0, name: __status__, partitions: 10, in_place_computing: False
[DEBUG] [2020-10-29 08:05:55,773] [2098:140131801413440] - federation_standalone.py[line:105]: [GET] Party(role=guest, party_id=9999) getting HeteroLRTransferVariable.loss_intermediate.fit.1.1 from [Party(role=host, party_id=10000)]
[DEBUG] [2020-10-29 08:05:55,875] [2098:140131801413440] - federation_standalone.py[line:40]: [GET] Got 202010290805128735466_hetero_lr_0-HeteroLRTransferVariable.loss_intermediate-fit.1.1-host-10000-guest-9999 type Object
[DEBUG] [2020-10-29 08:05:55,876] [2098:140131801413440] - federation_standalone.py[line:117]: [GET] Party(role=guest, party_id=9999) getting 202010290805128735466_hetero_lr_0-HeteroLRTransferVariable.loss_intermediate-fit.1.1-host-10000-guest-9999 from [Party(role=host, party_id=10000)]
[DEBUG] [2020-10-29 08:05:55,876] [2098:140131801413440] - clean.py[line:66]: [CLEAN] HeteroLRTransferVariable.host_loss_regular cleaning rubbishes tagged by fit.0.1
[DEBUG] [2020-10-29 08:05:55,877] [2098:140131801413440] - clean.py[line:77]: [CLEAN] try delete object with key=202010290805128735466_hetero_lr_0-HeteroLRTransferVariable.host_loss_regular-fit.0.1-host-10000-guest-9999 from table=storage_type: LMDB, namespace: 202010290805128735466_hetero_lr_0, name: __federation__, partitions: 10, in_place_computing: False
[DEBUG] [2020-10-29 08:05:55,877] [2098:140131801413440] - clean.py[line:77]: [CLEAN] try delete object with key=202010290805128735466_hetero_lr_0-HeteroLRTransferVariable.host_loss_regular-fit.0.1-host-10000-guest-9999 from table=storage_type: LMDB, namespace: 202010290805128735466_hetero_lr_0, name: __status__, partitions: 10, in_place_computing: False
[DEBUG] [2020-10-29 08:05:55,878] [2098:140131801413440] - federation_standalone.py[line:105]: [GET] Party(role=guest, party_id=9999) getting HeteroLRTransferVariable.host_loss_regular.fit.1.1 from [Party(role=host, party_id=10000)]
[DEBUG] [2020-10-29 08:05:55,879] [2098:140131801413440] - federation_standalone.py[line:40]: [GET] Got 202010290805128735466_hetero_lr_0-HeteroLRTransferVariable.host_loss_regular-fit.1.1-host-10000-guest-9999 type Object
[DEBUG] [2020-10-29 08:05:55,879] [2098:140131801413440] - federation_standalone.py[line:117]: [GET] Party(role=guest, party_id=9999) getting 202010290805128735466_hetero_lr_0-HeteroLRTransferVariable.host_loss_regular-fit.1.1-host-10000-guest-9999 from [Party(role=host, party_id=10000)]
[DEBUG] [2020-10-29 08:05:55,963] [2098:140131801413440] - hetero_lr_gradient_and_loss.py[line:96]: In compute_loss, loss list are: [<federatedml.secureprotol.fate_paillier.PaillierEncryptedNumber object at 0x7f72e8c37128>]
[DEBUG] [2020-10-29 08:05:55,965] [2098:140131801413440] - federation_standalone.py[line:90]: [REMOTE] Sent 202010290805128735466_hetero_lr_0-HeteroLRTransferVariable.loss-fit.1.1-guest-9999-arbiter-10000
[DEBUG] [2020-10-29 08:05:55,965] [2098:140131801413440] - clean.py[line:66]: [CLEAN] HeteroLRTransferVariable.loss cleaning rubbishes tagged by fit.0.1
[DEBUG] [2020-10-29 08:05:55,966] [2098:140131801413440] - clean.py[line:77]: [CLEAN] try delete object with key=202010290805128735466_hetero_lr_0-HeteroLRTransferVariable.loss-fit.0.1-guest-9999-arbiter-10000 from table=storage_type: LMDB, namespace: 202010290805128735466_hetero_lr_0, name: __federation__, partitions: 10, in_place_computing: False
[DEBUG] [2020-10-29 08:05:55,966] [2098:140131801413440] - clean.py[line:77]: [CLEAN] try delete object with key=202010290805128735466_hetero_lr_0-HeteroLRTransferVariable.loss-fit.0.1-guest-9999-arbiter-10000 from table=storage_type: LMDB, namespace: 202010290805128735466_hetero_lr_0, name: __status__, partitions: 10, in_place_computing: False
[DEBUG] [2020-10-29 08:05:55,966] [2098:140131801413440] - federation_standalone.py[line:105]: [GET] Party(role=guest, party_id=9999) getting HeteroLRTransferVariable.converge_flag.fit.1 from [Party(role=arbiter, party_id=10000)]
[DEBUG] [2020-10-29 08:05:56,067] [2098:140131801413440] - federation_standalone.py[line:40]: [GET] Got 202010290805128735466_hetero_lr_0-HeteroLRTransferVariable.converge_flag-fit.1-arbiter-10000-guest-9999 type Object
[DEBUG] [2020-10-29 08:05:56,068] [2098:140131801413440] - federation_standalone.py[line:117]: [GET] Party(role=guest, party_id=9999) getting 202010290805128735466_hetero_lr_0-HeteroLRTransferVariable.converge_flag-fit.1-arbiter-10000-guest-9999 from [Party(role=arbiter, party_id=10000)]
[INFO] [2020-10-29 08:05:56,068] [2098:140131801413440] - hetero_lr_guest.py[line:137]: iter: 1,  is_converged: False
[DEBUG] [2020-10-29 08:05:56,068] [2098:140131801413440] - hetero_lr_guest.py[line:140]: LR guest running validation
[DEBUG] [2020-10-29 08:05:56,068] [2098:140131801413440] - validation_strategy.py[line:100]: validation_freqs is None
[DEBUG] [2020-10-29 08:05:56,069] [2098:140131801413440] - validation_strategy.py[line:228]: begin to check validate status, need_run_validation is False
[DEBUG] [2020-10-29 08:05:56,069] [2098:140131801413440] - validation_strategy.py[line:100]: validation_freqs is None
[INFO] [2020-10-29 08:05:56,069] [2098:140131801413440] - hetero_lr_guest.py[line:104]: iter:2
[DEBUG] [2020-10-29 08:05:56,069] [2098:140131801413440] - mini_batch.py[line:53]: Currently, len of all_batch_data: 2
[DEBUG] [2020-10-29 08:05:56,070] [2098:140131801413440] - hetero_lr_guest.py[line:111]: MODEL_STEP In Batch 0, batch data count: 320
[DEBUG] [2020-10-29 08:05:56,070] [2098:140131801413440] - hetero_lr_guest.py[line:115]: iter: 2, before compute gradient, data count: 320
[DEBUG] [2020-10-29 08:05:56,070] [2098:140131801413440] - clean.py[line:66]: [CLEAN] HeteroLRTransferVariable.host_forward_dict cleaning rubbishes tagged by fit.1.0
[DEBUG] [2020-10-29 08:05:56,071] [2098:140131801413440] - clean.py[line:69]: [CLEAN] try destroy table storage_type: IN_MEMORY, namespace: 202010290805128735466_hetero_lr_0_host_10000, name: 9015ffaa-19bd-11eb-9a46-0242ac120002, partitions: 1, in_place_computing: False
[DEBUG] [2020-10-29 08:05:56,077] [2098:140131801413440] - federation_standalone.py[line:105]: [GET] Party(role=guest, party_id=9999) getting HeteroLRTransferVariable.host_forward_dict.fit.2.0 from [Party(role=host, party_id=10000)]
[DEBUG] [2020-10-29 08:05:56,685] [2098:140131801413440] - federation_standalone.py[line:40]: [GET] Got 202010290805128735466_hetero_lr_0-HeteroLRTransferVariable.host_forward_dict-fit.2.0-host-10000-guest-9999 type Table
[DEBUG] [2020-10-29 08:05:56,685] [2098:140131801413440] - federation_standalone.py[line:117]: [GET] Party(role=guest, party_id=9999) getting ('IN_MEMORY', '9274ec0c-19bd-11eb-9a46-0242ac120002', '202010290805128735466_hetero_lr_0_host_10000', 1) from [Party(role=host, party_id=10000)]
[DEBUG] [2020-10-29 08:05:57,288] [2098:140131801413440] - federation_standalone.py[line:90]: [REMOTE] Sent 202010290805128735466_hetero_lr_0-HeteroLRTransferVariable.fore_gradient-fit.2.0-guest-9999-host-10000
[DEBUG] [2020-10-29 08:05:57,288] [2098:140131801413440] - clean.py[line:66]: [CLEAN] HeteroLRTransferVariable.fore_gradient cleaning rubbishes tagged by fit.1.0
[DEBUG] [2020-10-29 08:05:57,288] [2098:140131801413440] - clean.py[line:69]: [CLEAN] try destroy table storage_type: IN_MEMORY, namespace: 202010290805128735466_hetero_lr_0_guest_9999, name: 90b1e316-19bd-11eb-9af3-0242ac120002, partitions: 1, in_place_computing: False
[DEBUG] [2020-10-29 08:05:57,290] [2098:140131801413440] - clean.py[line:77]: [CLEAN] try delete object with key=202010290805128735466_hetero_lr_0-HeteroLRTransferVariable.fore_gradient-fit.1.0-guest-9999-host-10000 from table=storage_type: LMDB, namespace: 202010290805128735466_hetero_lr_0, name: __status__, partitions: 10, in_place_computing: False
[DEBUG] [2020-10-29 08:05:57,707] [2098:140131801413440] - federation_standalone.py[line:90]: [REMOTE] Sent 202010290805128735466_hetero_lr_0-HeteroLRTransferVariable.guest_gradient-fit.2.0-guest-9999-arbiter-10000
[DEBUG] [2020-10-29 08:05:57,707] [2098:140131801413440] - clean.py[line:66]: [CLEAN] HeteroLRTransferVariable.guest_gradient cleaning rubbishes tagged by fit.1.0
[DEBUG] [2020-10-29 08:05:57,707] [2098:140131801413440] - clean.py[line:77]: [CLEAN] try delete object with key=202010290805128735466_hetero_lr_0-HeteroLRTransferVariable.guest_gradient-fit.1.0-guest-9999-arbiter-10000 from table=storage_type: LMDB, namespace: 202010290805128735466_hetero_lr_0, name: __federation__, partitions: 10, in_place_computing: False
[DEBUG] [2020-10-29 08:05:57,708] [2098:140131801413440] - clean.py[line:77]: [CLEAN] try delete object with key=202010290805128735466_hetero_lr_0-HeteroLRTransferVariable.guest_gradient-fit.1.0-guest-9999-arbiter-10000 from table=storage_type: LMDB, namespace: 202010290805128735466_hetero_lr_0, name: __status__, partitions: 10, in_place_computing: False
[DEBUG] [2020-10-29 08:05:57,709] [2098:140131801413440] - clean.py[line:66]: [CLEAN] HeteroLRTransferVariable.guest_optim_gradient cleaning rubbishes tagged by fit.1.0
[DEBUG] [2020-10-29 08:05:57,709] [2098:140131801413440] - clean.py[line:77]: [CLEAN] try delete object with key=202010290805128735466_hetero_lr_0-HeteroLRTransferVariable.guest_optim_gradient-fit.1.0-arbiter-10000-guest-9999 from table=storage_type: LMDB, namespace: 202010290805128735466_hetero_lr_0, name: __federation__, partitions: 10, in_place_computing: False
[DEBUG] [2020-10-29 08:05:57,711] [2098:140131801413440] - clean.py[line:77]: [CLEAN] try delete object with key=202010290805128735466_hetero_lr_0-HeteroLRTransferVariable.guest_optim_gradient-fit.1.0-arbiter-10000-guest-9999 from table=storage_type: LMDB, namespace: 202010290805128735466_hetero_lr_0, name: __status__, partitions: 10, in_place_computing: False
[DEBUG] [2020-10-29 08:05:57,713] [2098:140131801413440] - federation_standalone.py[line:105]: [GET] Party(role=guest, party_id=9999) getting HeteroLRTransferVariable.guest_optim_gradient.fit.2.0 from [Party(role=arbiter, party_id=10000)]
[DEBUG] [2020-10-29 08:05:58,220] [2098:140131801413440] - federation_standalone.py[line:40]: [GET] Got 202010290805128735466_hetero_lr_0-HeteroLRTransferVariable.guest_optim_gradient-fit.2.0-arbiter-10000-guest-9999 type Object
[DEBUG] [2020-10-29 08:05:58,220] [2098:140131801413440] - federation_standalone.py[line:117]: [GET] Party(role=guest, party_id=9999) getting 202010290805128735466_hetero_lr_0-HeteroLRTransferVariable.guest_optim_gradient-fit.2.0-arbiter-10000-guest-9999 from [Party(role=arbiter, party_id=10000)]
[DEBUG] [2020-10-29 08:05:58,291] [2098:140131801413440] - clean.py[line:66]: [CLEAN] HeteroLRTransferVariable.loss_intermediate cleaning rubbishes tagged by fit.1.0
[DEBUG] [2020-10-29 08:05:58,291] [2098:140131801413440] - clean.py[line:77]: [CLEAN] try delete object with key=202010290805128735466_hetero_lr_0-HeteroLRTransferVariable.loss_intermediate-fit.1.0-host-10000-guest-9999 from table=storage_type: LMDB, namespace: 202010290805128735466_hetero_lr_0, name: __federation__, partitions: 10, in_place_computing: False
[DEBUG] [2020-10-29 08:05:58,292] [2098:140131801413440] - clean.py[line:77]: [CLEAN] try delete object with key=202010290805128735466_hetero_lr_0-HeteroLRTransferVariable.loss_intermediate-fit.1.0-host-10000-guest-9999 from table=storage_type: LMDB, namespace: 202010290805128735466_hetero_lr_0, name: __status__, partitions: 10, in_place_computing: False
[DEBUG] [2020-10-29 08:05:58,292] [2098:140131801413440] - federation_standalone.py[line:105]: [GET] Party(role=guest, party_id=9999) getting HeteroLRTransferVariable.loss_intermediate.fit.2.0 from [Party(role=host, party_id=10000)]
[DEBUG] [2020-10-29 08:05:58,394] [2098:140131801413440] - federation_standalone.py[line:40]: [GET] Got 202010290805128735466_hetero_lr_0-HeteroLRTransferVariable.loss_intermediate-fit.2.0-host-10000-guest-9999 type Object
[DEBUG] [2020-10-29 08:05:58,394] [2098:140131801413440] - federation_standalone.py[line:117]: [GET] Party(role=guest, party_id=9999) getting 202010290805128735466_hetero_lr_0-HeteroLRTransferVariable.loss_intermediate-fit.2.0-host-10000-guest-9999 from [Party(role=host, party_id=10000)]
[DEBUG] [2020-10-29 08:05:58,395] [2098:140131801413440] - clean.py[line:66]: [CLEAN] HeteroLRTransferVariable.host_loss_regular cleaning rubbishes tagged by fit.1.0
[DEBUG] [2020-10-29 08:05:58,395] [2098:140131801413440] - clean.py[line:77]: [CLEAN] try delete object with key=202010290805128735466_hetero_lr_0-HeteroLRTransferVariable.host_loss_regular-fit.1.0-host-10000-guest-9999 from table=storage_type: LMDB, namespace: 202010290805128735466_hetero_lr_0, name: __federation__, partitions: 10, in_place_computing: False
[DEBUG] [2020-10-29 08:05:58,395] [2098:140131801413440] - clean.py[line:77]: [CLEAN] try delete object with key=202010290805128735466_hetero_lr_0-HeteroLRTransferVariable.host_loss_regular-fit.1.0-host-10000-guest-9999 from table=storage_type: LMDB, namespace: 202010290805128735466_hetero_lr_0, name: __status__, partitions: 10, in_place_computing: False
[DEBUG] [2020-10-29 08:05:58,395] [2098:140131801413440] - federation_standalone.py[line:105]: [GET] Party(role=guest, party_id=9999) getting HeteroLRTransferVariable.host_loss_regular.fit.2.0 from [Party(role=host, party_id=10000)]
[DEBUG] [2020-10-29 08:05:58,395] [2098:140131801413440] - federation_standalone.py[line:40]: [GET] Got 202010290805128735466_hetero_lr_0-HeteroLRTransferVariable.host_loss_regular-fit.2.0-host-10000-guest-9999 type Object
[DEBUG] [2020-10-29 08:05:58,396] [2098:140131801413440] - federation_standalone.py[line:117]: [GET] Party(role=guest, party_id=9999) getting 202010290805128735466_hetero_lr_0-HeteroLRTransferVariable.host_loss_regular-fit.2.0-host-10000-guest-9999 from [Party(role=host, party_id=10000)]
[DEBUG] [2020-10-29 08:05:58,474] [2098:140131801413440] - hetero_lr_gradient_and_loss.py[line:96]: In compute_loss, loss list are: [<federatedml.secureprotol.fate_paillier.PaillierEncryptedNumber object at 0x7f72e8c458d0>]
[DEBUG] [2020-10-29 08:05:58,475] [2098:140131801413440] - federation_standalone.py[line:90]: [REMOTE] Sent 202010290805128735466_hetero_lr_0-HeteroLRTransferVariable.loss-fit.2.0-guest-9999-arbiter-10000
[DEBUG] [2020-10-29 08:05:58,476] [2098:140131801413440] - clean.py[line:66]: [CLEAN] HeteroLRTransferVariable.loss cleaning rubbishes tagged by fit.1.0
[DEBUG] [2020-10-29 08:05:58,476] [2098:140131801413440] - clean.py[line:77]: [CLEAN] try delete object with key=202010290805128735466_hetero_lr_0-HeteroLRTransferVariable.loss-fit.1.0-guest-9999-arbiter-10000 from table=storage_type: LMDB, namespace: 202010290805128735466_hetero_lr_0, name: __federation__, partitions: 10, in_place_computing: False
[DEBUG] [2020-10-29 08:05:58,476] [2098:140131801413440] - clean.py[line:77]: [CLEAN] try delete object with key=202010290805128735466_hetero_lr_0-HeteroLRTransferVariable.loss-fit.1.0-guest-9999-arbiter-10000 from table=storage_type: LMDB, namespace: 202010290805128735466_hetero_lr_0, name: __status__, partitions: 10, in_place_computing: False
[DEBUG] [2020-10-29 08:05:58,477] [2098:140131801413440] - hetero_lr_guest.py[line:111]: MODEL_STEP In Batch 1, batch data count: 249
[DEBUG] [2020-10-29 08:05:58,477] [2098:140131801413440] - hetero_lr_guest.py[line:115]: iter: 2, before compute gradient, data count: 249
[DEBUG] [2020-10-29 08:05:58,478] [2098:140131801413440] - clean.py[line:66]: [CLEAN] HeteroLRTransferVariable.host_forward_dict cleaning rubbishes tagged by fit.1.1
[DEBUG] [2020-10-29 08:05:58,478] [2098:140131801413440] - clean.py[line:69]: [CLEAN] try destroy table storage_type: IN_MEMORY, namespace: 202010290805128735466_hetero_lr_0_host_10000, name: 91405f24-19bd-11eb-9a46-0242ac120002, partitions: 1, in_place_computing: False
[DEBUG] [2020-10-29 08:05:58,481] [2098:140131801413440] - federation_standalone.py[line:105]: [GET] Party(role=guest, party_id=9999) getting HeteroLRTransferVariable.host_forward_dict.fit.2.1 from [Party(role=host, party_id=10000)]
[DEBUG] [2020-10-29 08:05:58,785] [2098:140131801413440] - federation_standalone.py[line:40]: [GET] Got 202010290805128735466_hetero_lr_0-HeteroLRTransferVariable.host_forward_dict-fit.2.1-host-10000-guest-9999 type Table
[DEBUG] [2020-10-29 08:05:58,785] [2098:140131801413440] - federation_standalone.py[line:117]: [GET] Party(role=guest, party_id=9999) getting ('IN_MEMORY', '93c402f0-19bd-11eb-9a46-0242ac120002', '202010290805128735466_hetero_lr_0_host_10000', 1) from [Party(role=host, party_id=10000)]
[DEBUG] [2020-10-29 08:05:59,253] [2098:140131801413440] - federation_standalone.py[line:90]: [REMOTE] Sent 202010290805128735466_hetero_lr_0-HeteroLRTransferVariable.fore_gradient-fit.2.1-guest-9999-host-10000
[DEBUG] [2020-10-29 08:05:59,253] [2098:140131801413440] - clean.py[line:66]: [CLEAN] HeteroLRTransferVariable.fore_gradient cleaning rubbishes tagged by fit.1.1
[DEBUG] [2020-10-29 08:05:59,253] [2098:140131801413440] - clean.py[line:69]: [CLEAN] try destroy table storage_type: IN_MEMORY, namespace: 202010290805128735466_hetero_lr_0_guest_9999, name: 91c75d26-19bd-11eb-9af3-0242ac120002, partitions: 1, in_place_computing: False
[DEBUG] [2020-10-29 08:05:59,256] [2098:140131801413440] - clean.py[line:77]: [CLEAN] try delete object with key=202010290805128735466_hetero_lr_0-HeteroLRTransferVariable.fore_gradient-fit.1.1-guest-9999-host-10000 from table=storage_type: LMDB, namespace: 202010290805128735466_hetero_lr_0, name: __status__, partitions: 10, in_place_computing: False
[DEBUG] [2020-10-29 08:05:59,542] [2098:140131801413440] - federation_standalone.py[line:90]: [REMOTE] Sent 202010290805128735466_hetero_lr_0-HeteroLRTransferVariable.guest_gradient-fit.2.1-guest-9999-arbiter-10000
[DEBUG] [2020-10-29 08:05:59,542] [2098:140131801413440] - clean.py[line:66]: [CLEAN] HeteroLRTransferVariable.guest_gradient cleaning rubbishes tagged by fit.1.1
[DEBUG] [2020-10-29 08:05:59,542] [2098:140131801413440] - clean.py[line:77]: [CLEAN] try delete object with key=202010290805128735466_hetero_lr_0-HeteroLRTransferVariable.guest_gradient-fit.1.1-guest-9999-arbiter-10000 from table=storage_type: LMDB, namespace: 202010290805128735466_hetero_lr_0, name: __federation__, partitions: 10, in_place_computing: False
[DEBUG] [2020-10-29 08:05:59,543] [2098:140131801413440] - clean.py[line:77]: [CLEAN] try delete object with key=202010290805128735466_hetero_lr_0-HeteroLRTransferVariable.guest_gradient-fit.1.1-guest-9999-arbiter-10000 from table=storage_type: LMDB, namespace: 202010290805128735466_hetero_lr_0, name: __status__, partitions: 10, in_place_computing: False
[DEBUG] [2020-10-29 08:05:59,543] [2098:140131801413440] - clean.py[line:66]: [CLEAN] HeteroLRTransferVariable.guest_optim_gradient cleaning rubbishes tagged by fit.1.1
[DEBUG] [2020-10-29 08:05:59,543] [2098:140131801413440] - clean.py[line:77]: [CLEAN] try delete object with key=202010290805128735466_hetero_lr_0-HeteroLRTransferVariable.guest_optim_gradient-fit.1.1-arbiter-10000-guest-9999 from table=storage_type: LMDB, namespace: 202010290805128735466_hetero_lr_0, name: __federation__, partitions: 10, in_place_computing: False
[DEBUG] [2020-10-29 08:05:59,544] [2098:140131801413440] - clean.py[line:77]: [CLEAN] try delete object with key=202010290805128735466_hetero_lr_0-HeteroLRTransferVariable.guest_optim_gradient-fit.1.1-arbiter-10000-guest-9999 from table=storage_type: LMDB, namespace: 202010290805128735466_hetero_lr_0, name: __status__, partitions: 10, in_place_computing: False
[DEBUG] [2020-10-29 08:05:59,545] [2098:140131801413440] - federation_standalone.py[line:105]: [GET] Party(role=guest, party_id=9999) getting HeteroLRTransferVariable.guest_optim_gradient.fit.2.1 from [Party(role=arbiter, party_id=10000)]
[DEBUG] [2020-10-29 08:05:59,949] [2098:140131801413440] - federation_standalone.py[line:40]: [GET] Got 202010290805128735466_hetero_lr_0-HeteroLRTransferVariable.guest_optim_gradient-fit.2.1-arbiter-10000-guest-9999 type Object
[DEBUG] [2020-10-29 08:05:59,949] [2098:140131801413440] - federation_standalone.py[line:117]: [GET] Party(role=guest, party_id=9999) getting 202010290805128735466_hetero_lr_0-HeteroLRTransferVariable.guest_optim_gradient-fit.2.1-arbiter-10000-guest-9999 from [Party(role=arbiter, party_id=10000)]
[DEBUG] [2020-10-29 08:06:00,016] [2098:140131801413440] - clean.py[line:66]: [CLEAN] HeteroLRTransferVariable.loss_intermediate cleaning rubbishes tagged by fit.1.1
[DEBUG] [2020-10-29 08:06:00,016] [2098:140131801413440] - clean.py[line:77]: [CLEAN] try delete object with key=202010290805128735466_hetero_lr_0-HeteroLRTransferVariable.loss_intermediate-fit.1.1-host-10000-guest-9999 from table=storage_type: LMDB, namespace: 202010290805128735466_hetero_lr_0, name: __federation__, partitions: 10, in_place_computing: False
[DEBUG] [2020-10-29 08:06:00,017] [2098:140131801413440] - clean.py[line:77]: [CLEAN] try delete object with key=202010290805128735466_hetero_lr_0-HeteroLRTransferVariable.loss_intermediate-fit.1.1-host-10000-guest-9999 from table=storage_type: LMDB, namespace: 202010290805128735466_hetero_lr_0, name: __status__, partitions: 10, in_place_computing: False
[DEBUG] [2020-10-29 08:06:00,018] [2098:140131801413440] - federation_standalone.py[line:105]: [GET] Party(role=guest, party_id=9999) getting HeteroLRTransferVariable.loss_intermediate.fit.2.1 from [Party(role=host, party_id=10000)]
[DEBUG] [2020-10-29 08:06:00,119] [2098:140131801413440] - federation_standalone.py[line:40]: [GET] Got 202010290805128735466_hetero_lr_0-HeteroLRTransferVariable.loss_intermediate-fit.2.1-host-10000-guest-9999 type Object
[DEBUG] [2020-10-29 08:06:00,120] [2098:140131801413440] - federation_standalone.py[line:117]: [GET] Party(role=guest, party_id=9999) getting 202010290805128735466_hetero_lr_0-HeteroLRTransferVariable.loss_intermediate-fit.2.1-host-10000-guest-9999 from [Party(role=host, party_id=10000)]
[DEBUG] [2020-10-29 08:06:00,120] [2098:140131801413440] - clean.py[line:66]: [CLEAN] HeteroLRTransferVariable.host_loss_regular cleaning rubbishes tagged by fit.1.1
[DEBUG] [2020-10-29 08:06:00,120] [2098:140131801413440] - clean.py[line:77]: [CLEAN] try delete object with key=202010290805128735466_hetero_lr_0-HeteroLRTransferVariable.host_loss_regular-fit.1.1-host-10000-guest-9999 from table=storage_type: LMDB, namespace: 202010290805128735466_hetero_lr_0, name: __federation__, partitions: 10, in_place_computing: False
[DEBUG] [2020-10-29 08:06:00,120] [2098:140131801413440] - clean.py[line:77]: [CLEAN] try delete object with key=202010290805128735466_hetero_lr_0-HeteroLRTransferVariable.host_loss_regular-fit.1.1-host-10000-guest-9999 from table=storage_type: LMDB, namespace: 202010290805128735466_hetero_lr_0, name: __status__, partitions: 10, in_place_computing: False
[DEBUG] [2020-10-29 08:06:00,121] [2098:140131801413440] - federation_standalone.py[line:105]: [GET] Party(role=guest, party_id=9999) getting HeteroLRTransferVariable.host_loss_regular.fit.2.1 from [Party(role=host, party_id=10000)]
[DEBUG] [2020-10-29 08:06:00,121] [2098:140131801413440] - federation_standalone.py[line:40]: [GET] Got 202010290805128735466_hetero_lr_0-HeteroLRTransferVariable.host_loss_regular-fit.2.1-host-10000-guest-9999 type Object
[DEBUG] [2020-10-29 08:06:00,121] [2098:140131801413440] - federation_standalone.py[line:117]: [GET] Party(role=guest, party_id=9999) getting 202010290805128735466_hetero_lr_0-HeteroLRTransferVariable.host_loss_regular-fit.2.1-host-10000-guest-9999 from [Party(role=host, party_id=10000)]
[DEBUG] [2020-10-29 08:06:00,182] [2098:140131801413440] - hetero_lr_gradient_and_loss.py[line:96]: In compute_loss, loss list are: [<federatedml.secureprotol.fate_paillier.PaillierEncryptedNumber object at 0x7f72e8c21eb8>]
[DEBUG] [2020-10-29 08:06:00,184] [2098:140131801413440] - federation_standalone.py[line:90]: [REMOTE] Sent 202010290805128735466_hetero_lr_0-HeteroLRTransferVariable.loss-fit.2.1-guest-9999-arbiter-10000
[DEBUG] [2020-10-29 08:06:00,184] [2098:140131801413440] - clean.py[line:66]: [CLEAN] HeteroLRTransferVariable.loss cleaning rubbishes tagged by fit.1.1
[DEBUG] [2020-10-29 08:06:00,184] [2098:140131801413440] - clean.py[line:77]: [CLEAN] try delete object with key=202010290805128735466_hetero_lr_0-HeteroLRTransferVariable.loss-fit.1.1-guest-9999-arbiter-10000 from table=storage_type: LMDB, namespace: 202010290805128735466_hetero_lr_0, name: __federation__, partitions: 10, in_place_computing: False
[DEBUG] [2020-10-29 08:06:00,184] [2098:140131801413440] - clean.py[line:77]: [CLEAN] try delete object with key=202010290805128735466_hetero_lr_0-HeteroLRTransferVariable.loss-fit.1.1-guest-9999-arbiter-10000 from table=storage_type: LMDB, namespace: 202010290805128735466_hetero_lr_0, name: __status__, partitions: 10, in_place_computing: False
[DEBUG] [2020-10-29 08:06:00,185] [2098:140131801413440] - clean.py[line:66]: [CLEAN] HeteroLRTransferVariable.converge_flag cleaning rubbishes tagged by fit.0
[DEBUG] [2020-10-29 08:06:00,185] [2098:140131801413440] - clean.py[line:77]: [CLEAN] try delete object with key=202010290805128735466_hetero_lr_0-HeteroLRTransferVariable.converge_flag-fit.0-arbiter-10000-guest-9999 from table=storage_type: LMDB, namespace: 202010290805128735466_hetero_lr_0, name: __federation__, partitions: 10, in_place_computing: False
[DEBUG] [2020-10-29 08:06:00,186] [2098:140131801413440] - clean.py[line:77]: [CLEAN] try delete object with key=202010290805128735466_hetero_lr_0-HeteroLRTransferVariable.converge_flag-fit.0-arbiter-10000-guest-9999 from table=storage_type: LMDB, namespace: 202010290805128735466_hetero_lr_0, name: __status__, partitions: 10, in_place_computing: False
[DEBUG] [2020-10-29 08:06:00,188] [2098:140131801413440] - federation_standalone.py[line:105]: [GET] Party(role=guest, party_id=9999) getting HeteroLRTransferVariable.converge_flag.fit.2 from [Party(role=arbiter, party_id=10000)]
[DEBUG] [2020-10-29 08:06:00,289] [2098:140131801413440] - federation_standalone.py[line:40]: [GET] Got 202010290805128735466_hetero_lr_0-HeteroLRTransferVariable.converge_flag-fit.2-arbiter-10000-guest-9999 type Object
[DEBUG] [2020-10-29 08:06:00,289] [2098:140131801413440] - federation_standalone.py[line:117]: [GET] Party(role=guest, party_id=9999) getting 202010290805128735466_hetero_lr_0-HeteroLRTransferVariable.converge_flag-fit.2-arbiter-10000-guest-9999 from [Party(role=arbiter, party_id=10000)]
[INFO] [2020-10-29 08:06:00,289] [2098:140131801413440] - hetero_lr_guest.py[line:137]: iter: 2,  is_converged: False
[DEBUG] [2020-10-29 08:06:00,289] [2098:140131801413440] - hetero_lr_guest.py[line:140]: LR guest running validation
[DEBUG] [2020-10-29 08:06:00,290] [2098:140131801413440] - validation_strategy.py[line:100]: validation_freqs is None
[DEBUG] [2020-10-29 08:06:00,290] [2098:140131801413440] - validation_strategy.py[line:228]: begin to check validate status, need_run_validation is False
[DEBUG] [2020-10-29 08:06:00,290] [2098:140131801413440] - validation_strategy.py[line:100]: validation_freqs is None
[DEBUG] [2020-10-29 08:06:00,290] [2098:140131801413440] - model_base.py[line:152]: set flowid to transfer_variable, flowid: validate
[INFO] [2020-10-29 08:06:00,291] [2098:140131801413440] - hetero_lr_guest.py[line:171]: Start predict is a one_vs_rest task: False
[DEBUG] [2020-10-29 08:06:00,322] [2098:140131801413440] - federation_standalone.py[line:105]: [GET] Party(role=guest, party_id=9999) getting HeteroLRTransferVariable.host_prob.validate from [Party(role=host, party_id=10000)]
[DEBUG] [2020-10-29 08:06:00,424] [2098:140131801413440] - federation_standalone.py[line:40]: [GET] Got 202010290805128735466_hetero_lr_0-HeteroLRTransferVariable.host_prob-validate-host-10000-guest-9999 type Table
[DEBUG] [2020-10-29 08:06:00,425] [2098:140131801413440] - federation_standalone.py[line:117]: [GET] Party(role=guest, party_id=9999) getting ('IN_MEMORY', '94f72d78-19bd-11eb-9a46-0242ac120002', '202010290805128735466_hetero_lr_0_host_10000', 1) from [Party(role=host, party_id=10000)]
[INFO] [2020-10-29 08:06:00,425] [2098:140131801413440] - hetero_lr_guest.py[line:180]: Get probability from Host
[DEBUG] [2020-10-29 08:06:00,542] [2098:140131801413440] - io_check.py[line:36]: num row of input: 569 -> num row of output: 569
[DEBUG] [2020-10-29 08:06:00,542] [2098:140131801413440] - model_base.py[line:87]: func: <function ComponentProperties.union_data at 0x7f4cf24199d8>
[DEBUG] [2020-10-29 08:06:00,567] [2098:140131801413440] - model_base.py[line:87]: func: <bound method ModelBase.set_predict_data_schema of <federatedml.linear_model.logistic_regression.hetero_logistic_regression.hetero_lr_guest.HeteroLRGuest object at 0x7f6de0169048>>
[DEBUG] [2020-10-29 08:06:00,568] [2098:140131801413440] - model_base.py[line:99]: saved_result is : [<arch.api.impl.based_1x.table.DTable object at 0x7f72e8c459e8>], data_output: <arch.api.impl.based_1x.table.DTable object at 0x7f72e8c459e8>
[DEBUG] [2020-10-29 08:06:00,654] [2098:140131801413440] - base_logistic_regression.py[line:77]: In get_param, header: ['x0', 'x1', 'x2', 'x3', 'x4', 'x5', 'x6', 'x7', 'x8', 'x9']
