[INFO] [2020-10-29 08:04:50,130] [1428:140340862109504] - task_executor.py[line:121]: run 202010290804483462984 dataio_0 202010290804483462984_dataio_0 guest 9999 task
[INFO] [2020-10-29 08:04:50,130] [1428:140340862109504] - task_executor.py[line:122]: {'DataIOParam': {'input_format': 'dense', 'delimitor': ',', 'data_type': 'float64', 'exclusive_data_type': None, 'tag_with_value': False, 'tag_value_delimitor': ':', 'missing_fill': False, 'default_value': 0, 'missing_fill_method': None, 'missing_impute': None, 'outlier_replace': False, 'outlier_replace_method': None, 'outlier_impute': None, 'outlier_replace_value': 0, 'with_label': True, 'label_name': 'y', 'label_type': 'int', 'output_format': 'dense'}, 'initiator': {'role': 'guest', 'party_id': 9999}, 'job_parameters': {'work_mode': 0, 'processors_per_node': 1, 'align_task_input_data_partition': True, 'model_id': 'arbiter-10000#guest-9999#host-10000#model', 'model_version': '202010290804483462984'}, 'role': {'guest': [9999], 'host': [10000], 'arbiter': [10000]}, 'local': {'role': 'guest', 'party_id': 9999}, 'CodePath': 'federatedml/util/data_io.py/DataIO', 'module': 'DataIO'}
[INFO] [2020-10-29 08:04:50,131] [1428:140340862109504] - task_executor.py[line:123]: {'data': {'data': ['args.train_data']}}
[INFO] [2020-10-29 08:04:50,132] [1428:140340862109504] - task_executor.py[line:202]: start save as task 202010290804483462984_dataio_0 input data table fate_flow_test_breast_hetero breast_hetero_guest
[INFO] [2020-10-29 08:04:50,145] [1428:140340862109504] - task_executor.py[line:218]: save as task 202010290804483462984_dataio_0 input data table to 202010290804483462984_dataio_0_guest_9999 breast_hetero_guest done
[INFO] [2020-10-29 08:04:50,274] [1428:140340862109504] - data_io.py[line:141]: start to read dense data and change data to instance
[INFO] [2020-10-29 08:04:50,432] [1428:140340862109504] - pipelined_model.py[line:72]: Save dataio_0 dataio DataIOMeta buffer
[INFO] [2020-10-29 08:04:50,433] [1428:140340862109504] - pipelined_model.py[line:72]: Save dataio_0 dataio DataIOParam buffer
[INFO] [2020-10-29 08:04:50,437] [1428:140340862109504] - pipelined_model.py[line:77]: Save dataio_0 dataio successfully
[INFO] [2020-10-29 08:04:50,460] [1428:140340862109504] - task_executor.py[line:160]: task 202010290804483462984_dataio_0 guest 9999 start time: 2020-10-29 08:04:49
[INFO] [2020-10-29 08:04:50,460] [1428:140340862109504] - task_executor.py[line:161]: task 202010290804483462984_dataio_0 guest 9999 end time: 2020-10-29 08:04:50
[INFO] [2020-10-29 08:04:50,460] [1428:140340862109504] - task_executor.py[line:162]: task 202010290804483462984_dataio_0 guest 9999 takes 0.522s
[INFO] [2020-10-29 08:04:50,460] [1428:140340862109504] - task_executor.py[line:164]: finish 202010290804483462984 dataio_0 202010290804483462984_dataio_0 guest 9999 success task
[INFO] [2020-10-29 08:04:52,443] [1490:139678130571072] - task_executor.py[line:121]: run 202010290804483462984 hetero_feature_binning_0 202010290804483462984_hetero_feature_binning_0 guest 9999 task
[INFO] [2020-10-29 08:04:52,443] [1490:139678130571072] - task_executor.py[line:122]: {'FeatureBinningParam': {'method': 'quantile', 'compress_thres': 10000, 'head_size': 10000, 'error': 0.001, 'adjustment_factor': 0.5, 'bin_num': 10, 'bin_indexes': -1, 'bin_names': None, 'category_indexes': None, 'category_names': None, 'local_only': False, 'transform_param': {'transform_cols': -1, 'transform_names': None, 'transform_type': 'bin_num'}, 'optimal_binning_param': {'init_bucket_method': 'quantile', 'metric_method': 'iv', 'max_bin': None, 'mixture': True, 'max_bin_pct': 1.0, 'min_bin_pct': 0.05, 'init_bin_nums': 1000, 'adjustment_factor': None}, 'need_run': True}, 'initiator': {'role': 'guest', 'party_id': 9999}, 'job_parameters': {'work_mode': 0, 'processors_per_node': 1, 'align_task_input_data_partition': True, 'model_id': 'arbiter-10000#guest-9999#host-10000#model', 'model_version': '202010290804483462984'}, 'role': {'guest': [9999], 'host': [10000], 'arbiter': [10000]}, 'local': {'role': 'guest', 'party_id': 9999}, 'CodePath': 'federatedml/feature/hetero_feature_binning/hetero_binning_guest.py/HeteroFeatureBinningGuest', 'module': 'HeteroFeatureBinning'}
[INFO] [2020-10-29 08:04:52,444] [1490:139678130571072] - task_executor.py[line:123]: {'data': {'data': ['dataio_0.train']}}
[INFO] [2020-10-29 08:04:52,447] [1490:139678130571072] - task_executor.py[line:202]: start save as task 202010290804483462984_hetero_feature_binning_0 input data table output_data_202010290804483462984_dataio_0 6b36d54c-19bd-11eb-86e6-0242ac120002
[INFO] [2020-10-29 08:04:52,481] [1490:139678130571072] - task_executor.py[line:218]: save as task 202010290804483462984_hetero_feature_binning_0 input data table to 202010290804483462984_hetero_feature_binning_0_guest_9999 6b36d54c-19bd-11eb-86e6-0242ac120002 done
[INFO] [2020-10-29 08:04:54,091] [1490:139678130571072] - hetero_binning_guest.py[line:39]: Start feature binning fit and transform
[INFO] [2020-10-29 08:04:55,940] [1490:139678130571072] - hetero_binning_guest.py[line:70]: Sent encrypted_label_table to host
