[INFO] [2020-10-29 08:05:32,265] [2100:140262250624832] - task_executor.py[line:121]: run 202010290805128735466 hetero_lr_0 202010290805128735466_hetero_lr_0 host 10000 task
[INFO] [2020-10-29 08:05:32,265] [2100:140262250624832] - task_executor.py[line:122]: {'HeteroLogisticParam': {'penalty': 'L2', 'tol': 1e-05, 'alpha': 0.01, 'optimizer': 'rmsprop', 'batch_size': 320, 'learning_rate': 0.15, 'init_param': {'init_method': 'random_uniform', 'init_const': 1, 'fit_intercept': True, 'random_seed': None}, 'max_iter': 3, 'early_stop': 'diff', 'encrypt_param': {'method': 'Paillier', 'key_length': 1024}, 'predict_param': {'threshold': 0.5}, 'cv_param': {'n_splits': 5, 'mode': 'hetero', 'role': 'guest', 'shuffle': True, 'random_seed': 1, 'need_cv': False}, 'decay': 1, 'decay_sqrt': True, 'multi_class': 'ovr', 'validation_freqs': None, 'stepwise_param': {'score_name': 'AIC', 'mode': 'hetero', 'role': 'guest', 'direction': 'both', 'max_step': 10, 'nvmin': 2, 'nvmax': None, 'need_stepwise': False}, 'early_stopping_rounds': None, 'metrics': ['auc', 'ks'], 'use_first_metric_only': False, 'encrypted_mode_calculator_param': {'mode': 'strict', 're_encrypted_rate': 1}, 'sqn_param': {'update_interval_L': 3, 'memory_M': 5, 'sample_size': 5000, 'random_seed': None}}, 'initiator': {'role': 'guest', 'party_id': 9999}, 'job_parameters': {'work_mode': 0, 'processors_per_node': 1, 'align_task_input_data_partition': True, 'model_id': 'arbiter-10000#guest-9999#host-10000#model', 'model_version': '202010290805128735466'}, 'role': {'guest': [9999], 'host': [10000], 'arbiter': [10000]}, 'local': {'role': 'host', 'party_id': 10000}, 'CodePath': 'federatedml/linear_model/logistic_regression/hetero_logistic_regression/hetero_lr_host.py/HeteroLRHost', 'module': 'HeteroLR'}
[INFO] [2020-10-29 08:05:32,266] [2100:140262250624832] - task_executor.py[line:123]: {'data': {'train_data': ['hetero_feature_selection_0.train']}}
[INFO] [2020-10-29 08:05:32,270] [2100:140262250624832] - task_executor.py[line:202]: start save as task 202010290805128735466_hetero_lr_0 input data table output_data_202010290805128735466_hetero_feature_selection_0 82df3d06-19bd-11eb-90f0-0242ac120002
[INFO] [2020-10-29 08:05:32,296] [2100:140262250624832] - task_executor.py[line:218]: save as task 202010290805128735466_hetero_lr_0 input data table to 202010290805128735466_hetero_lr_0_host_10000 82df3d06-19bd-11eb-90f0-0242ac120002 done
[INFO] [2020-10-29 08:05:47,295] [2100:140262250624832] - one_vs_rest.py[line:287]: Create one_vs_rest object, role: host, mode: hetero
[INFO] [2020-10-29 08:05:47,301] [2100:140262250624832] - hetero_lr_host.py[line:81]: Enter hetero_lr host
[INFO] [2020-10-29 08:05:48,207] [2100:140262250624832] - hetero_lr_host.py[line:111]: Start initialize model.
[INFO] [2020-10-29 08:05:48,214] [2100:140262250624832] - hetero_lr_host.py[line:120]: iter:0
[INFO] [2020-10-29 08:05:48,215] [2100:140262250624832] - batch_generator.py[line:75]: batch_num: 0, batch_data_inst size:320
[INFO] [2020-10-29 08:05:50,325] [2100:140262250624832] - batch_generator.py[line:75]: batch_num: 1, batch_data_inst size:249
[INFO] [2020-10-29 08:05:52,152] [2100:140262250624832] - hetero_lr_host.py[line:145]: Get is_converged flag from arbiter:False
[INFO] [2020-10-29 08:05:52,153] [2100:140262250624832] - hetero_lr_host.py[line:154]: iter: 1, is_converged: False
[INFO] [2020-10-29 08:05:52,153] [2100:140262250624832] - hetero_lr_host.py[line:120]: iter:1
[INFO] [2020-10-29 08:05:52,155] [2100:140262250624832] - batch_generator.py[line:75]: batch_num: 0, batch_data_inst size:320
[INFO] [2020-10-29 08:05:54,120] [2100:140262250624832] - batch_generator.py[line:75]: batch_num: 1, batch_data_inst size:249
[INFO] [2020-10-29 08:05:56,124] [2100:140262250624832] - hetero_lr_host.py[line:145]: Get is_converged flag from arbiter:False
[INFO] [2020-10-29 08:05:56,126] [2100:140262250624832] - hetero_lr_host.py[line:154]: iter: 2, is_converged: False
[INFO] [2020-10-29 08:05:56,126] [2100:140262250624832] - hetero_lr_host.py[line:120]: iter:2
[INFO] [2020-10-29 08:05:56,128] [2100:140262250624832] - batch_generator.py[line:75]: batch_num: 0, batch_data_inst size:320
[INFO] [2020-10-29 08:05:58,337] [2100:140262250624832] - batch_generator.py[line:75]: batch_num: 1, batch_data_inst size:249
[INFO] [2020-10-29 08:06:00,363] [2100:140262250624832] - hetero_lr_host.py[line:145]: Get is_converged flag from arbiter:False
[INFO] [2020-10-29 08:06:00,364] [2100:140262250624832] - hetero_lr_host.py[line:154]: iter: 3, is_converged: False
[INFO] [2020-10-29 08:06:00,365] [2100:140262250624832] - hetero_lr_host.py[line:164]: Start predict ...
[INFO] [2020-10-29 08:06:00,403] [2100:140262250624832] - hetero_lr_host.py[line:173]: Remote probability to Guest
[INFO] [2020-10-29 08:06:00,446] [2100:140262250624832] - pipelined_model.py[line:72]: Save hetero_lr_0 hetero_lr HeteroLogisticRegressionMeta buffer
[INFO] [2020-10-29 08:06:00,447] [2100:140262250624832] - pipelined_model.py[line:72]: Save hetero_lr_0 hetero_lr HeteroLogisticRegressionParam buffer
[INFO] [2020-10-29 08:06:00,464] [2100:140262250624832] - pipelined_model.py[line:77]: Save hetero_lr_0 hetero_lr successfully
[INFO] [2020-10-29 08:06:00,497] [2100:140262250624832] - task_executor.py[line:160]: task 202010290805128735466_hetero_lr_0 host 10000 start time: 2020-10-29 08:05:32
[INFO] [2020-10-29 08:06:00,497] [2100:140262250624832] - task_executor.py[line:161]: task 202010290805128735466_hetero_lr_0 host 10000 end time: 2020-10-29 08:06:00
[INFO] [2020-10-29 08:06:00,497] [2100:140262250624832] - task_executor.py[line:162]: task 202010290805128735466_hetero_lr_0 host 10000 takes 28.468s
[INFO] [2020-10-29 08:06:00,498] [2100:140262250624832] - task_executor.py[line:164]: finish 202010290805128735466 hetero_lr_0 202010290805128735466_hetero_lr_0 host 10000 success task
