[DEBUG] [2020-10-29 08:05:32,267] [2100:140262250624832] - profile_util.py[line:34]: tracking_manager.py:232 call table, takes 0.0012602806091308594s
[DEBUG] [2020-10-29 08:05:32,268] [2100:140262250624832] - profile_util.py[line:34]: tracking_manager.py:236 call table, takes 0.0006976127624511719s
[DEBUG] [2020-10-29 08:05:32,270] [2100:140262250624832] - profile_util.py[line:34]: session.py:178 call collect, takes 0.0009927749633789062s
[DEBUG] [2020-10-29 08:05:32,271] [2100:140262250624832] - profile_util.py[line:34]: session.py:178 call collect, takes 0.0006012916564941406s
[DEBUG] [2020-10-29 08:05:32,293] [2100:140262250624832] - profile_util.py[line:34]: task_executor.py:212 call save_as, takes 0.02155780792236328s
[DEBUG] [2020-10-29 08:05:47,300] [2100:140262250624832] - profile_util.py[line:34]: component_properties.py:134 call count, takes 0.0009112358093261719s
[DEBUG] [2020-10-29 08:05:47,914] [2100:140262250624832] - profile_util.py[line:34]: abnormal_detection.py:23 call count, takes 0.0016362667083740234s
[DEBUG] [2020-10-29 08:05:47,916] [2100:140262250624832] - profile_util.py[line:34]: hetero_lr_host.py:98 call count, takes 0.0009763240814208984s
[DEBUG] [2020-10-29 08:05:48,186] [2100:140262250624832] - profile_util.py[line:34]: batch_generator.py:68 call join, takes 0.05902385711669922s
[DEBUG] [2020-10-29 08:05:48,206] [2100:140262250624832] - profile_util.py[line:34]: batch_generator.py:68 call join, takes 0.017723798751831055s
[DEBUG] [2020-10-29 08:05:48,215] [2100:140262250624832] - profile_util.py[line:34]: batch_generator.py:75 call count, takes 0.00084686279296875s
[DEBUG] [2020-10-29 08:05:48,216] [2100:140262250624832] - profile_util.py[line:34]: hetero_lr_host.py:127 call count, takes 0.0006148815155029297s
[DEBUG] [2020-10-29 08:05:48,240] [2100:140262250624832] - profile_util.py[line:34]: hetero_lr_gradient_and_loss.py:132 call mapValues, takes 0.023976564407348633s
[DEBUG] [2020-10-29 08:05:48,721] [2100:140262250624832] - profile_util.py[line:34]: encrypt_mode.py:94 call mapValues, takes 0.4802258014678955s
[DEBUG] [2020-10-29 08:05:49,463] [2100:140262250624832] - profile_util.py[line:34]: hetero_linear_model_gradient.py:112 call join, takes 0.03130626678466797s
[DEBUG] [2020-10-29 08:05:50,163] [2100:140262250624832] - profile_util.py[line:34]: hetero_linear_model_gradient.py:117 call mapPartitions, takes 0.6995019912719727s
[DEBUG] [2020-10-29 08:05:50,168] [2100:140262250624832] - profile_util.py[line:34]: hetero_linear_model_gradient.py:118 call reduce, takes 0.004556894302368164s
[DEBUG] [2020-10-29 08:05:50,168] [2100:140262250624832] - profile_util.py[line:34]: hetero_linear_model_gradient.py:120 call count, takes 0.0005183219909667969s
[DEBUG] [2020-10-29 08:05:50,302] [2100:140262250624832] - profile_util.py[line:34]: hetero_lr_gradient_and_loss.py:146 call mapValues, takes 0.023351669311523438s
[DEBUG] [2020-10-29 08:05:50,313] [2100:140262250624832] - profile_util.py[line:34]: hetero_lr_gradient_and_loss.py:146 call reduce, takes 0.010520219802856445s
[DEBUG] [2020-10-29 08:05:50,325] [2100:140262250624832] - profile_util.py[line:34]: batch_generator.py:75 call count, takes 0.0007278919219970703s
[DEBUG] [2020-10-29 08:05:50,325] [2100:140262250624832] - profile_util.py[line:34]: hetero_lr_host.py:127 call count, takes 0.00038933753967285156s
[DEBUG] [2020-10-29 08:05:50,341] [2100:140262250624832] - profile_util.py[line:34]: hetero_lr_gradient_and_loss.py:132 call mapValues, takes 0.015202045440673828s
[DEBUG] [2020-10-29 08:05:50,719] [2100:140262250624832] - profile_util.py[line:34]: encrypt_mode.py:94 call mapValues, takes 0.3776893615722656s
[DEBUG] [2020-10-29 08:05:51,248] [2100:140262250624832] - profile_util.py[line:34]: hetero_linear_model_gradient.py:112 call join, takes 0.020198345184326172s
[DEBUG] [2020-10-29 08:05:51,793] [2100:140262250624832] - profile_util.py[line:34]: hetero_linear_model_gradient.py:117 call mapPartitions, takes 0.5443487167358398s
[DEBUG] [2020-10-29 08:05:51,796] [2100:140262250624832] - profile_util.py[line:34]: hetero_linear_model_gradient.py:118 call reduce, takes 0.003491640090942383s
[DEBUG] [2020-10-29 08:05:51,797] [2100:140262250624832] - profile_util.py[line:34]: hetero_linear_model_gradient.py:120 call count, takes 0.0005109310150146484s
[DEBUG] [2020-10-29 08:05:51,920] [2100:140262250624832] - profile_util.py[line:34]: hetero_lr_gradient_and_loss.py:146 call mapValues, takes 0.015308618545532227s
[DEBUG] [2020-10-29 08:05:51,933] [2100:140262250624832] - profile_util.py[line:34]: hetero_lr_gradient_and_loss.py:146 call reduce, takes 0.012752056121826172s
[DEBUG] [2020-10-29 08:05:52,155] [2100:140262250624832] - profile_util.py[line:34]: batch_generator.py:75 call count, takes 0.0008270740509033203s
[DEBUG] [2020-10-29 08:05:52,155] [2100:140262250624832] - profile_util.py[line:34]: hetero_lr_host.py:127 call count, takes 0.0003979206085205078s
[DEBUG] [2020-10-29 08:05:52,179] [2100:140262250624832] - profile_util.py[line:34]: hetero_lr_gradient_and_loss.py:132 call mapValues, takes 0.023092269897460938s
[DEBUG] [2020-10-29 08:05:52,659] [2100:140262250624832] - profile_util.py[line:34]: encrypt_mode.py:94 call mapValues, takes 0.4800760746002197s
[DEBUG] [2020-10-29 08:05:53,299] [2100:140262250624832] - profile_util.py[line:34]: hetero_linear_model_gradient.py:112 call join, takes 0.024871349334716797s
[DEBUG] [2020-10-29 08:05:53,964] [2100:140262250624832] - profile_util.py[line:34]: hetero_linear_model_gradient.py:117 call mapPartitions, takes 0.6638953685760498s
[DEBUG] [2020-10-29 08:05:53,968] [2100:140262250624832] - profile_util.py[line:34]: hetero_linear_model_gradient.py:118 call reduce, takes 0.003763437271118164s
[DEBUG] [2020-10-29 08:05:53,968] [2100:140262250624832] - profile_util.py[line:34]: hetero_linear_model_gradient.py:120 call count, takes 0.0005278587341308594s
[DEBUG] [2020-10-29 08:05:54,094] [2100:140262250624832] - profile_util.py[line:34]: hetero_lr_gradient_and_loss.py:146 call mapValues, takes 0.014460563659667969s
[DEBUG] [2020-10-29 08:05:54,105] [2100:140262250624832] - profile_util.py[line:34]: hetero_lr_gradient_and_loss.py:146 call reduce, takes 0.011069297790527344s
[DEBUG] [2020-10-29 08:05:54,119] [2100:140262250624832] - profile_util.py[line:34]: batch_generator.py:75 call count, takes 0.0007126331329345703s
[DEBUG] [2020-10-29 08:05:54,120] [2100:140262250624832] - profile_util.py[line:34]: hetero_lr_host.py:127 call count, takes 0.0004146099090576172s
[DEBUG] [2020-10-29 08:05:54,134] [2100:140262250624832] - profile_util.py[line:34]: hetero_lr_gradient_and_loss.py:132 call mapValues, takes 0.014064788818359375s
[DEBUG] [2020-10-29 08:05:54,501] [2100:140262250624832] - profile_util.py[line:34]: encrypt_mode.py:94 call mapValues, takes 0.365964412689209s
[DEBUG] [2020-10-29 08:05:55,140] [2100:140262250624832] - profile_util.py[line:34]: hetero_linear_model_gradient.py:112 call join, takes 0.020464181900024414s
[DEBUG] [2020-10-29 08:05:55,671] [2100:140262250624832] - profile_util.py[line:34]: hetero_linear_model_gradient.py:117 call mapPartitions, takes 0.5309398174285889s
[DEBUG] [2020-10-29 08:05:55,675] [2100:140262250624832] - profile_util.py[line:34]: hetero_linear_model_gradient.py:118 call reduce, takes 0.003487110137939453s
[DEBUG] [2020-10-29 08:05:55,675] [2100:140262250624832] - profile_util.py[line:34]: hetero_linear_model_gradient.py:120 call count, takes 0.00052642822265625s
[DEBUG] [2020-10-29 08:05:55,800] [2100:140262250624832] - profile_util.py[line:34]: hetero_lr_gradient_and_loss.py:146 call mapValues, takes 0.013065338134765625s
[DEBUG] [2020-10-29 08:05:55,809] [2100:140262250624832] - profile_util.py[line:34]: hetero_lr_gradient_and_loss.py:146 call reduce, takes 0.008477210998535156s
[DEBUG] [2020-10-29 08:05:56,128] [2100:140262250624832] - profile_util.py[line:34]: batch_generator.py:75 call count, takes 0.001544952392578125s
[DEBUG] [2020-10-29 08:05:56,129] [2100:140262250624832] - profile_util.py[line:34]: hetero_lr_host.py:127 call count, takes 0.0005216598510742188s
[DEBUG] [2020-10-29 08:05:56,156] [2100:140262250624832] - profile_util.py[line:34]: hetero_lr_gradient_and_loss.py:132 call mapValues, takes 0.02671504020690918s
[DEBUG] [2020-10-29 08:05:56,638] [2100:140262250624832] - profile_util.py[line:34]: encrypt_mode.py:94 call mapValues, takes 0.48140740394592285s
[DEBUG] [2020-10-29 08:05:57,381] [2100:140262250624832] - profile_util.py[line:34]: hetero_linear_model_gradient.py:112 call join, takes 0.025822877883911133s
[DEBUG] [2020-10-29 08:05:58,085] [2100:140262250624832] - profile_util.py[line:34]: hetero_linear_model_gradient.py:117 call mapPartitions, takes 0.7030849456787109s
[DEBUG] [2020-10-29 08:05:58,088] [2100:140262250624832] - profile_util.py[line:34]: hetero_linear_model_gradient.py:118 call reduce, takes 0.003153562545776367s
[DEBUG] [2020-10-29 08:05:58,089] [2100:140262250624832] - profile_util.py[line:34]: hetero_linear_model_gradient.py:120 call count, takes 0.0004868507385253906s
[DEBUG] [2020-10-29 08:05:58,317] [2100:140262250624832] - profile_util.py[line:34]: hetero_lr_gradient_and_loss.py:146 call mapValues, takes 0.015300750732421875s
[DEBUG] [2020-10-29 08:05:58,325] [2100:140262250624832] - profile_util.py[line:34]: hetero_lr_gradient_and_loss.py:146 call reduce, takes 0.007953643798828125s
[DEBUG] [2020-10-29 08:05:58,337] [2100:140262250624832] - profile_util.py[line:34]: batch_generator.py:75 call count, takes 0.0005931854248046875s
[DEBUG] [2020-10-29 08:05:58,337] [2100:140262250624832] - profile_util.py[line:34]: hetero_lr_host.py:127 call count, takes 0.00037741661071777344s
[DEBUG] [2020-10-29 08:05:58,353] [2100:140262250624832] - profile_util.py[line:34]: hetero_lr_gradient_and_loss.py:132 call mapValues, takes 0.015109777450561523s
[DEBUG] [2020-10-29 08:05:58,721] [2100:140262250624832] - profile_util.py[line:34]: encrypt_mode.py:94 call mapValues, takes 0.368319034576416s
[DEBUG] [2020-10-29 08:05:59,358] [2100:140262250624832] - profile_util.py[line:34]: hetero_linear_model_gradient.py:112 call join, takes 0.02074575424194336s
[DEBUG] [2020-10-29 08:05:59,916] [2100:140262250624832] - profile_util.py[line:34]: hetero_linear_model_gradient.py:117 call mapPartitions, takes 0.5579485893249512s
[DEBUG] [2020-10-29 08:05:59,919] [2100:140262250624832] - profile_util.py[line:34]: hetero_linear_model_gradient.py:118 call reduce, takes 0.0030546188354492188s
[DEBUG] [2020-10-29 08:05:59,920] [2100:140262250624832] - profile_util.py[line:34]: hetero_linear_model_gradient.py:120 call count, takes 0.0005350112915039062s
[DEBUG] [2020-10-29 08:06:00,042] [2100:140262250624832] - profile_util.py[line:34]: hetero_lr_gradient_and_loss.py:146 call mapValues, takes 0.012691736221313477s
[DEBUG] [2020-10-29 08:06:00,048] [2100:140262250624832] - profile_util.py[line:34]: hetero_lr_gradient_and_loss.py:146 call reduce, takes 0.004809379577636719s
[DEBUG] [2020-10-29 08:06:00,401] [2100:140262250624832] - profile_util.py[line:34]: base_logistic_regression.py:53 call mapValues, takes 0.03540396690368652s
