[DEBUG] [2020-10-29 08:05:47,294] [2100:140262250624832] - encrypt_param.py[line:71]: Finish encrypt parameter check!
[DEBUG] [2020-10-29 08:05:47,294] [2100:140262250624832] - predict_param.py[line:46]: Finish predict parameter check!
[DEBUG] [2020-10-29 08:05:47,295] [2100:140262250624832] - component_properties.py[line:67]: {'HeteroLogisticParam': {'penalty': 'L2', 'tol': 1e-05, 'alpha': 0.01, 'optimizer': 'rmsprop', 'batch_size': 320, 'learning_rate': 0.15, 'init_param': {'init_method': 'random_uniform', 'init_const': 1, 'fit_intercept': True, 'random_seed': None}, 'max_iter': 3, 'early_stop': 'diff', 'encrypt_param': {'method': 'Paillier', 'key_length': 1024}, 'predict_param': {'threshold': 0.5}, 'cv_param': {'n_splits': 5, 'mode': 'hetero', 'role': 'guest', 'shuffle': True, 'random_seed': 1, 'need_cv': False}, 'decay': 1, 'decay_sqrt': True, 'multi_class': 'ovr', 'validation_freqs': None, 'stepwise_param': {'score_name': 'AIC', 'mode': 'hetero', 'role': 'guest', 'direction': 'both', 'max_step': 10, 'nvmin': 2, 'nvmax': None, 'need_stepwise': False}, 'early_stopping_rounds': None, 'metrics': ['auc', 'ks'], 'use_first_metric_only': False, 'encrypted_mode_calculator_param': {'mode': 'strict', 're_encrypted_rate': 1}, 'sqn_param': {'update_interval_L': 3, 'memory_M': 5, 'sample_size': 5000, 'random_seed': None}}, 'initiator': {'role': 'guest', 'party_id': 9999}, 'job_parameters': {'work_mode': 0, 'processors_per_node': 1, 'align_task_input_data_partition': True, 'model_id': 'arbiter-10000#guest-9999#host-10000#model', 'model_version': '202010290805128735466'}, 'role': {'guest': [9999], 'host': [10000], 'arbiter': [10000]}, 'local': {'role': 'host', 'party_id': 10000}, 'CodePath': 'federatedml/linear_model/logistic_regression/hetero_logistic_regression/hetero_lr_host.py/HeteroLRHost', 'module': 'HeteroLR'}
[DEBUG] [2020-10-29 08:05:47,295] [2100:140262250624832] - component_properties.py[line:74]: need_run: True, need_cv: False
[DEBUG] [2020-10-29 08:05:47,295] [2100:140262250624832] - optimizer.py[line:273]: in optimizer_factory, optimizer_type: rmsprop, learning_rate: 0.15, alpha: 0.01, penalty: L2,decay: 1, decay_sqrt: True
[INFO] [2020-10-29 08:05:47,295] [2100:140262250624832] - one_vs_rest.py[line:287]: Create one_vs_rest object, role: host, mode: hetero
[DEBUG] [2020-10-29 08:05:47,296] [2100:140262250624832] - base_transfer_variable.py[line:63]: create variable with name=OneVsRestTransferVariable.aggregate_classes, src=('guest',), dst=('host', 'arbiter')
[DEBUG] [2020-10-29 08:05:47,296] [2100:140262250624832] - base_transfer_variable.py[line:63]: create variable with name=OneVsRestTransferVariable.host_classes, src=('host',), dst=('guest',)
[DEBUG] [2020-10-29 08:05:47,296] [2100:140262250624832] - base_transfer_variable.py[line:63]: create variable with name=HeteroLRTransferVariable.batch_data_index, src=('guest',), dst=('host',)
[DEBUG] [2020-10-29 08:05:47,296] [2100:140262250624832] - base_transfer_variable.py[line:63]: create variable with name=HeteroLRTransferVariable.batch_info, src=('guest',), dst=('host', 'arbiter')
[DEBUG] [2020-10-29 08:05:47,296] [2100:140262250624832] - base_transfer_variable.py[line:63]: create variable with name=HeteroLRTransferVariable.converge_flag, src=('arbiter',), dst=('host', 'guest')
[DEBUG] [2020-10-29 08:05:47,297] [2100:140262250624832] - base_transfer_variable.py[line:63]: create variable with name=HeteroLRTransferVariable.fore_gradient, src=('guest',), dst=('host',)
[DEBUG] [2020-10-29 08:05:47,297] [2100:140262250624832] - base_transfer_variable.py[line:63]: create variable with name=HeteroLRTransferVariable.forward_hess, src=('guest',), dst=('host',)
[DEBUG] [2020-10-29 08:05:47,297] [2100:140262250624832] - base_transfer_variable.py[line:63]: create variable with name=HeteroLRTransferVariable.guest_gradient, src=('guest',), dst=('arbiter',)
[DEBUG] [2020-10-29 08:05:47,297] [2100:140262250624832] - base_transfer_variable.py[line:63]: create variable with name=HeteroLRTransferVariable.guest_hess_vector, src=('guest',), dst=('arbiter',)
[DEBUG] [2020-10-29 08:05:47,297] [2100:140262250624832] - base_transfer_variable.py[line:63]: create variable with name=HeteroLRTransferVariable.guest_optim_gradient, src=('arbiter',), dst=('guest',)
[DEBUG] [2020-10-29 08:05:47,297] [2100:140262250624832] - base_transfer_variable.py[line:63]: create variable with name=HeteroLRTransferVariable.host_forward_dict, src=('host',), dst=('guest',)
[DEBUG] [2020-10-29 08:05:47,297] [2100:140262250624832] - base_transfer_variable.py[line:63]: create variable with name=HeteroLRTransferVariable.host_gradient, src=('host',), dst=('arbiter',)
[DEBUG] [2020-10-29 08:05:47,298] [2100:140262250624832] - base_transfer_variable.py[line:63]: create variable with name=HeteroLRTransferVariable.host_hess_vector, src=('host',), dst=('arbiter',)
[DEBUG] [2020-10-29 08:05:47,298] [2100:140262250624832] - base_transfer_variable.py[line:63]: create variable with name=HeteroLRTransferVariable.host_loss_regular, src=('host',), dst=('guest',)
[DEBUG] [2020-10-29 08:05:47,298] [2100:140262250624832] - base_transfer_variable.py[line:63]: create variable with name=HeteroLRTransferVariable.host_optim_gradient, src=('arbiter',), dst=('host',)
[DEBUG] [2020-10-29 08:05:47,298] [2100:140262250624832] - base_transfer_variable.py[line:63]: create variable with name=HeteroLRTransferVariable.host_prob, src=('host',), dst=('guest',)
[DEBUG] [2020-10-29 08:05:47,298] [2100:140262250624832] - base_transfer_variable.py[line:63]: create variable with name=HeteroLRTransferVariable.host_sqn_forwards, src=('host',), dst=('guest',)
[DEBUG] [2020-10-29 08:05:47,298] [2100:140262250624832] - base_transfer_variable.py[line:63]: create variable with name=HeteroLRTransferVariable.loss, src=('guest',), dst=('arbiter',)
[DEBUG] [2020-10-29 08:05:47,299] [2100:140262250624832] - base_transfer_variable.py[line:63]: create variable with name=HeteroLRTransferVariable.loss_intermediate, src=('host',), dst=('guest',)
[DEBUG] [2020-10-29 08:05:47,299] [2100:140262250624832] - base_transfer_variable.py[line:63]: create variable with name=HeteroLRTransferVariable.paillier_pubkey, src=('arbiter',), dst=('host', 'guest')
[DEBUG] [2020-10-29 08:05:47,299] [2100:140262250624832] - base_transfer_variable.py[line:63]: create variable with name=HeteroLRTransferVariable.sqn_sample_index, src=('guest',), dst=('host',)
[DEBUG] [2020-10-29 08:05:47,299] [2100:140262250624832] - component_properties.py[line:118]: has_train_data: True, has_eval_data: False, has_normal_data: False
[DEBUG] [2020-10-29 08:05:47,301] [2100:140262250624832] - model_base.py[line:152]: set flowid to transfer_variable, flowid: fit
[INFO] [2020-10-29 08:05:47,301] [2100:140262250624832] - hetero_lr_host.py[line:81]: Enter hetero_lr host
[DEBUG] [2020-10-29 08:05:47,301] [2100:140262250624832] - one_vs_rest.py[line:277]: Start to get aggregate classes
[DEBUG] [2020-10-29 08:05:47,303] [2100:140262250624832] - federation_standalone.py[line:105]: [GET] Party(role=host, party_id=10000) getting OneVsRestTransferVariable.aggregate_classes.fit from [Party(role=guest, party_id=9999)]
[DEBUG] [2020-10-29 08:05:47,910] [2100:140262250624832] - federation_standalone.py[line:40]: [GET] Got 202010290805128735466_hetero_lr_0-OneVsRestTransferVariable.aggregate_classes-fit-guest-9999-host-10000 type Object
[DEBUG] [2020-10-29 08:05:47,911] [2100:140262250624832] - federation_standalone.py[line:117]: [GET] Party(role=host, party_id=10000) getting 202010290805128735466_hetero_lr_0-OneVsRestTransferVariable.aggregate_classes-fit-guest-9999-host-10000 from [Party(role=guest, party_id=9999)]
[DEBUG] [2020-10-29 08:05:47,914] [2100:140262250624832] - base_transfer_variable.py[line:63]: create variable with name=ValidationStrategyVariable.validation_status, src=('guest',), dst=('host', 'arbiter')
[DEBUG] [2020-10-29 08:05:47,914] [2100:140262250624832] - validation_strategy.py[line:86]: end to init validation_strategy, freqs is None
[DEBUG] [2020-10-29 08:05:47,916] [2100:140262250624832] - hetero_lr_host.py[line:98]: MODEL_STEP Start fin_binary, data count: 569
[DEBUG] [2020-10-29 08:05:47,917] [2100:140262250624832] - federation_standalone.py[line:105]: [GET] Party(role=host, party_id=10000) getting HeteroLRTransferVariable.paillier_pubkey.fit from [Party(role=arbiter, party_id=10000)]
[DEBUG] [2020-10-29 08:05:48,018] [2100:140262250624832] - federation_standalone.py[line:40]: [GET] Got 202010290805128735466_hetero_lr_0-HeteroLRTransferVariable.paillier_pubkey-fit-arbiter-10000-host-10000 type Object
[DEBUG] [2020-10-29 08:05:48,020] [2100:140262250624832] - federation_standalone.py[line:117]: [GET] Party(role=host, party_id=10000) getting 202010290805128735466_hetero_lr_0-HeteroLRTransferVariable.paillier_pubkey-fit-arbiter-10000-host-10000 from [Party(role=arbiter, party_id=10000)]
[DEBUG] [2020-10-29 08:05:48,020] [2100:140262250624832] - batch_info_sync.py[line:51]: In sync_batch_info, suffix is :()
[DEBUG] [2020-10-29 08:05:48,020] [2100:140262250624832] - federation_standalone.py[line:105]: [GET] Party(role=host, party_id=10000) getting HeteroLRTransferVariable.batch_info.fit from [Party(role=guest, party_id=9999)]
[DEBUG] [2020-10-29 08:05:48,122] [2100:140262250624832] - federation_standalone.py[line:40]: [GET] Got 202010290805128735466_hetero_lr_0-HeteroLRTransferVariable.batch_info-fit-guest-9999-host-10000 type Object
[DEBUG] [2020-10-29 08:05:48,123] [2100:140262250624832] - federation_standalone.py[line:117]: [GET] Party(role=host, party_id=10000) getting 202010290805128735466_hetero_lr_0-HeteroLRTransferVariable.batch_info-fit-guest-9999-host-10000 from [Party(role=guest, party_id=9999)]
[DEBUG] [2020-10-29 08:05:48,124] [2100:140262250624832] - federation_standalone.py[line:105]: [GET] Party(role=host, party_id=10000) getting HeteroLRTransferVariable.batch_data_index.fit.0 from [Party(role=guest, party_id=9999)]
[DEBUG] [2020-10-29 08:05:48,125] [2100:140262250624832] - federation_standalone.py[line:40]: [GET] Got 202010290805128735466_hetero_lr_0-HeteroLRTransferVariable.batch_data_index-fit.0-guest-9999-host-10000 type Table
[DEBUG] [2020-10-29 08:05:48,126] [2100:140262250624832] - federation_standalone.py[line:117]: [GET] Party(role=host, party_id=10000) getting ('IN_MEMORY', '8d9a4d26-19bd-11eb-9af3-0242ac120002', '202010290805128735466_hetero_lr_0_guest_9999', 1) from [Party(role=guest, party_id=9999)]
[DEBUG] [2020-10-29 08:05:48,187] [2100:140262250624832] - federation_standalone.py[line:105]: [GET] Party(role=host, party_id=10000) getting HeteroLRTransferVariable.batch_data_index.fit.1 from [Party(role=guest, party_id=9999)]
[DEBUG] [2020-10-29 08:05:48,188] [2100:140262250624832] - federation_standalone.py[line:40]: [GET] Got 202010290805128735466_hetero_lr_0-HeteroLRTransferVariable.batch_data_index-fit.1-guest-9999-host-10000 type Table
[DEBUG] [2020-10-29 08:05:48,188] [2100:140262250624832] - federation_standalone.py[line:117]: [GET] Party(role=host, party_id=10000) getting ('IN_MEMORY', '8d9e54e8-19bd-11eb-9af3-0242ac120002', '202010290805128735466_hetero_lr_0_guest_9999', 1) from [Party(role=guest, party_id=9999)]
[INFO] [2020-10-29 08:05:48,207] [2100:140262250624832] - hetero_lr_host.py[line:111]: Start initialize model.
[DEBUG] [2020-10-29 08:05:48,213] [2100:140262250624832] - initialize.py[line:96]: Inited model is :[0.14914355 0.60544388 0.16042579 0.11488682 0.24984832 0.71245113
 0.74404492 0.10296098 0.93031273 0.57634887 0.27468631 0.81482948
 0.11425707 0.8977428  0.51774789 0.15743502 0.78943525 0.34896191
 0.45099967 0.64790516]
[INFO] [2020-10-29 08:05:48,214] [2100:140262250624832] - hetero_lr_host.py[line:120]: iter:0
[INFO] [2020-10-29 08:05:48,215] [2100:140262250624832] - batch_generator.py[line:75]: batch_num: 0, batch_data_inst size:320
[DEBUG] [2020-10-29 08:05:48,216] [2100:140262250624832] - hetero_lr_host.py[line:127]: MODEL_STEP In Batch 0, batch data count: 320
[DEBUG] [2020-10-29 08:05:48,723] [2100:140262250624832] - federation_standalone.py[line:90]: [REMOTE] Sent 202010290805128735466_hetero_lr_0-HeteroLRTransferVariable.host_forward_dict-fit.0.0-host-10000-guest-9999
[DEBUG] [2020-10-29 08:05:48,723] [2100:140262250624832] - federation_standalone.py[line:105]: [GET] Party(role=host, party_id=10000) getting HeteroLRTransferVariable.fore_gradient.fit.0.0 from [Party(role=guest, party_id=9999)]
[DEBUG] [2020-10-29 08:05:49,431] [2100:140262250624832] - federation_standalone.py[line:40]: [GET] Got 202010290805128735466_hetero_lr_0-HeteroLRTransferVariable.fore_gradient-fit.0.0-guest-9999-host-10000 type Table
[DEBUG] [2020-10-29 08:05:49,431] [2100:140262250624832] - federation_standalone.py[line:117]: [GET] Party(role=host, party_id=10000) getting ('IN_MEMORY', '8e5ff792-19bd-11eb-9af3-0242ac120002', '202010290805128735466_hetero_lr_0_guest_9999', 1) from [Party(role=guest, party_id=9999)]
[DEBUG] [2020-10-29 08:05:50,175] [2100:140262250624832] - federation_standalone.py[line:90]: [REMOTE] Sent 202010290805128735466_hetero_lr_0-HeteroLRTransferVariable.host_gradient-fit.0.0-host-10000-arbiter-10000
[DEBUG] [2020-10-29 08:05:50,175] [2100:140262250624832] - federation_standalone.py[line:105]: [GET] Party(role=host, party_id=10000) getting HeteroLRTransferVariable.host_optim_gradient.fit.0.0 from [Party(role=arbiter, party_id=10000)]
[DEBUG] [2020-10-29 08:05:50,277] [2100:140262250624832] - federation_standalone.py[line:40]: [GET] Got 202010290805128735466_hetero_lr_0-HeteroLRTransferVariable.host_optim_gradient-fit.0.0-arbiter-10000-host-10000 type Object
[DEBUG] [2020-10-29 08:05:50,278] [2100:140262250624832] - federation_standalone.py[line:117]: [GET] Party(role=host, party_id=10000) getting 202010290805128735466_hetero_lr_0-HeteroLRTransferVariable.host_optim_gradient-fit.0.0-arbiter-10000-host-10000 from [Party(role=arbiter, party_id=10000)]
[DEBUG] [2020-10-29 08:05:50,318] [2100:140262250624832] - federation_standalone.py[line:90]: [REMOTE] Sent 202010290805128735466_hetero_lr_0-HeteroLRTransferVariable.loss_intermediate-fit.0.0-host-10000-guest-9999
[DEBUG] [2020-10-29 08:05:50,324] [2100:140262250624832] - federation_standalone.py[line:90]: [REMOTE] Sent 202010290805128735466_hetero_lr_0-HeteroLRTransferVariable.host_loss_regular-fit.0.0-host-10000-guest-9999
[INFO] [2020-10-29 08:05:50,325] [2100:140262250624832] - batch_generator.py[line:75]: batch_num: 1, batch_data_inst size:249
[DEBUG] [2020-10-29 08:05:50,326] [2100:140262250624832] - hetero_lr_host.py[line:127]: MODEL_STEP In Batch 1, batch data count: 249
[DEBUG] [2020-10-29 08:05:50,721] [2100:140262250624832] - federation_standalone.py[line:90]: [REMOTE] Sent 202010290805128735466_hetero_lr_0-HeteroLRTransferVariable.host_forward_dict-fit.0.1-host-10000-guest-9999
[DEBUG] [2020-10-29 08:05:50,721] [2100:140262250624832] - federation_standalone.py[line:105]: [GET] Party(role=host, party_id=10000) getting HeteroLRTransferVariable.fore_gradient.fit.0.1 from [Party(role=guest, party_id=9999)]
[DEBUG] [2020-10-29 08:05:51,227] [2100:140262250624832] - federation_standalone.py[line:40]: [GET] Got 202010290805128735466_hetero_lr_0-HeteroLRTransferVariable.fore_gradient-fit.0.1-guest-9999-host-10000 type Table
[DEBUG] [2020-10-29 08:05:51,228] [2100:140262250624832] - federation_standalone.py[line:117]: [GET] Party(role=host, party_id=10000) getting ('IN_MEMORY', '8f7d2992-19bd-11eb-9af3-0242ac120002', '202010290805128735466_hetero_lr_0_guest_9999', 1) from [Party(role=guest, party_id=9999)]
[DEBUG] [2020-10-29 08:05:51,803] [2100:140262250624832] - federation_standalone.py[line:90]: [REMOTE] Sent 202010290805128735466_hetero_lr_0-HeteroLRTransferVariable.host_gradient-fit.0.1-host-10000-arbiter-10000
[DEBUG] [2020-10-29 08:05:51,803] [2100:140262250624832] - federation_standalone.py[line:105]: [GET] Party(role=host, party_id=10000) getting HeteroLRTransferVariable.host_optim_gradient.fit.0.1 from [Party(role=arbiter, party_id=10000)]
[DEBUG] [2020-10-29 08:05:51,904] [2100:140262250624832] - federation_standalone.py[line:40]: [GET] Got 202010290805128735466_hetero_lr_0-HeteroLRTransferVariable.host_optim_gradient-fit.0.1-arbiter-10000-host-10000 type Object
[DEBUG] [2020-10-29 08:05:51,904] [2100:140262250624832] - federation_standalone.py[line:117]: [GET] Party(role=host, party_id=10000) getting 202010290805128735466_hetero_lr_0-HeteroLRTransferVariable.host_optim_gradient-fit.0.1-arbiter-10000-host-10000 from [Party(role=arbiter, party_id=10000)]
[DEBUG] [2020-10-29 08:05:51,936] [2100:140262250624832] - federation_standalone.py[line:90]: [REMOTE] Sent 202010290805128735466_hetero_lr_0-HeteroLRTransferVariable.loss_intermediate-fit.0.1-host-10000-guest-9999
[DEBUG] [2020-10-29 08:05:51,942] [2100:140262250624832] - federation_standalone.py[line:90]: [REMOTE] Sent 202010290805128735466_hetero_lr_0-HeteroLRTransferVariable.host_loss_regular-fit.0.1-host-10000-guest-9999
[DEBUG] [2020-10-29 08:05:51,942] [2100:140262250624832] - federation_standalone.py[line:105]: [GET] Party(role=host, party_id=10000) getting HeteroLRTransferVariable.converge_flag.fit.0 from [Party(role=arbiter, party_id=10000)]
[DEBUG] [2020-10-29 08:05:52,150] [2100:140262250624832] - federation_standalone.py[line:40]: [GET] Got 202010290805128735466_hetero_lr_0-HeteroLRTransferVariable.converge_flag-fit.0-arbiter-10000-host-10000 type Object
[DEBUG] [2020-10-29 08:05:52,151] [2100:140262250624832] - federation_standalone.py[line:117]: [GET] Party(role=host, party_id=10000) getting 202010290805128735466_hetero_lr_0-HeteroLRTransferVariable.converge_flag-fit.0-arbiter-10000-host-10000 from [Party(role=arbiter, party_id=10000)]
[INFO] [2020-10-29 08:05:52,152] [2100:140262250624832] - hetero_lr_host.py[line:145]: Get is_converged flag from arbiter:False
[DEBUG] [2020-10-29 08:05:52,152] [2100:140262250624832] - hetero_lr_host.py[line:148]: LR host running validation
[DEBUG] [2020-10-29 08:05:52,152] [2100:140262250624832] - validation_strategy.py[line:100]: validation_freqs is None
[DEBUG] [2020-10-29 08:05:52,152] [2100:140262250624832] - validation_strategy.py[line:228]: begin to check validate status, need_run_validation is False
[DEBUG] [2020-10-29 08:05:52,153] [2100:140262250624832] - validation_strategy.py[line:100]: validation_freqs is None
[INFO] [2020-10-29 08:05:52,153] [2100:140262250624832] - hetero_lr_host.py[line:154]: iter: 1, is_converged: False
[INFO] [2020-10-29 08:05:52,153] [2100:140262250624832] - hetero_lr_host.py[line:120]: iter:1
[INFO] [2020-10-29 08:05:52,155] [2100:140262250624832] - batch_generator.py[line:75]: batch_num: 0, batch_data_inst size:320
[DEBUG] [2020-10-29 08:05:52,155] [2100:140262250624832] - hetero_lr_host.py[line:127]: MODEL_STEP In Batch 0, batch data count: 320
[DEBUG] [2020-10-29 08:05:52,661] [2100:140262250624832] - federation_standalone.py[line:90]: [REMOTE] Sent 202010290805128735466_hetero_lr_0-HeteroLRTransferVariable.host_forward_dict-fit.1.0-host-10000-guest-9999
[DEBUG] [2020-10-29 08:05:52,661] [2100:140262250624832] - clean.py[line:66]: [CLEAN] HeteroLRTransferVariable.host_forward_dict cleaning rubbishes tagged by fit.0.0
[DEBUG] [2020-10-29 08:05:52,661] [2100:140262250624832] - clean.py[line:69]: [CLEAN] try destroy table storage_type: IN_MEMORY, namespace: 202010290805128735466_hetero_lr_0_host_10000, name: 8dbd0a96-19bd-11eb-9a46-0242ac120002, partitions: 1, in_place_computing: False
[DEBUG] [2020-10-29 08:05:52,663] [2100:140262250624832] - clean.py[line:77]: [CLEAN] try delete object with key=202010290805128735466_hetero_lr_0-HeteroLRTransferVariable.host_forward_dict-fit.0.0-host-10000-guest-9999 from table=storage_type: LMDB, namespace: 202010290805128735466_hetero_lr_0, name: __status__, partitions: 10, in_place_computing: False
[DEBUG] [2020-10-29 08:05:52,664] [2100:140262250624832] - clean.py[line:66]: [CLEAN] HeteroLRTransferVariable.fore_gradient cleaning rubbishes tagged by fit.0.0
[DEBUG] [2020-10-29 08:05:52,664] [2100:140262250624832] - clean.py[line:69]: [CLEAN] try destroy table storage_type: IN_MEMORY, namespace: 202010290805128735466_hetero_lr_0_guest_9999, name: 8e5ff792-19bd-11eb-9af3-0242ac120002, partitions: 1, in_place_computing: False
[DEBUG] [2020-10-29 08:05:52,667] [2100:140262250624832] - federation_standalone.py[line:105]: [GET] Party(role=host, party_id=10000) getting HeteroLRTransferVariable.fore_gradient.fit.1.0 from [Party(role=guest, party_id=9999)]
[DEBUG] [2020-10-29 08:05:53,273] [2100:140262250624832] - federation_standalone.py[line:40]: [GET] Got 202010290805128735466_hetero_lr_0-HeteroLRTransferVariable.fore_gradient-fit.1.0-guest-9999-host-10000 type Table
[DEBUG] [2020-10-29 08:05:53,274] [2100:140262250624832] - federation_standalone.py[line:117]: [GET] Party(role=host, party_id=10000) getting ('IN_MEMORY', '90b1e316-19bd-11eb-9af3-0242ac120002', '202010290805128735466_hetero_lr_0_guest_9999', 1) from [Party(role=guest, party_id=9999)]
[DEBUG] [2020-10-29 08:05:53,974] [2100:140262250624832] - federation_standalone.py[line:90]: [REMOTE] Sent 202010290805128735466_hetero_lr_0-HeteroLRTransferVariable.host_gradient-fit.1.0-host-10000-arbiter-10000
[DEBUG] [2020-10-29 08:05:53,975] [2100:140262250624832] - clean.py[line:66]: [CLEAN] HeteroLRTransferVariable.host_gradient cleaning rubbishes tagged by fit.0.0
[DEBUG] [2020-10-29 08:05:53,975] [2100:140262250624832] - clean.py[line:77]: [CLEAN] try delete object with key=202010290805128735466_hetero_lr_0-HeteroLRTransferVariable.host_gradient-fit.0.0-host-10000-arbiter-10000 from table=storage_type: LMDB, namespace: 202010290805128735466_hetero_lr_0, name: __federation__, partitions: 10, in_place_computing: False
[DEBUG] [2020-10-29 08:05:53,975] [2100:140262250624832] - clean.py[line:77]: [CLEAN] try delete object with key=202010290805128735466_hetero_lr_0-HeteroLRTransferVariable.host_gradient-fit.0.0-host-10000-arbiter-10000 from table=storage_type: LMDB, namespace: 202010290805128735466_hetero_lr_0, name: __status__, partitions: 10, in_place_computing: False
[DEBUG] [2020-10-29 08:05:53,975] [2100:140262250624832] - clean.py[line:66]: [CLEAN] HeteroLRTransferVariable.host_optim_gradient cleaning rubbishes tagged by fit.0.0
[DEBUG] [2020-10-29 08:05:53,975] [2100:140262250624832] - clean.py[line:77]: [CLEAN] try delete object with key=202010290805128735466_hetero_lr_0-HeteroLRTransferVariable.host_optim_gradient-fit.0.0-arbiter-10000-host-10000 from table=storage_type: LMDB, namespace: 202010290805128735466_hetero_lr_0, name: __federation__, partitions: 10, in_place_computing: False
[DEBUG] [2020-10-29 08:05:53,976] [2100:140262250624832] - clean.py[line:77]: [CLEAN] try delete object with key=202010290805128735466_hetero_lr_0-HeteroLRTransferVariable.host_optim_gradient-fit.0.0-arbiter-10000-host-10000 from table=storage_type: LMDB, namespace: 202010290805128735466_hetero_lr_0, name: __status__, partitions: 10, in_place_computing: False
[DEBUG] [2020-10-29 08:05:53,977] [2100:140262250624832] - federation_standalone.py[line:105]: [GET] Party(role=host, party_id=10000) getting HeteroLRTransferVariable.host_optim_gradient.fit.1.0 from [Party(role=arbiter, party_id=10000)]
[DEBUG] [2020-10-29 08:05:54,078] [2100:140262250624832] - federation_standalone.py[line:40]: [GET] Got 202010290805128735466_hetero_lr_0-HeteroLRTransferVariable.host_optim_gradient-fit.1.0-arbiter-10000-host-10000 type Object
[DEBUG] [2020-10-29 08:05:54,079] [2100:140262250624832] - federation_standalone.py[line:117]: [GET] Party(role=host, party_id=10000) getting 202010290805128735466_hetero_lr_0-HeteroLRTransferVariable.host_optim_gradient-fit.1.0-arbiter-10000-host-10000 from [Party(role=arbiter, party_id=10000)]
[DEBUG] [2020-10-29 08:05:54,110] [2100:140262250624832] - federation_standalone.py[line:90]: [REMOTE] Sent 202010290805128735466_hetero_lr_0-HeteroLRTransferVariable.loss_intermediate-fit.1.0-host-10000-guest-9999
[DEBUG] [2020-10-29 08:05:54,110] [2100:140262250624832] - clean.py[line:66]: [CLEAN] HeteroLRTransferVariable.loss_intermediate cleaning rubbishes tagged by fit.0.0
[DEBUG] [2020-10-29 08:05:54,110] [2100:140262250624832] - clean.py[line:77]: [CLEAN] try delete object with key=202010290805128735466_hetero_lr_0-HeteroLRTransferVariable.loss_intermediate-fit.0.0-host-10000-guest-9999 from table=storage_type: LMDB, namespace: 202010290805128735466_hetero_lr_0, name: __federation__, partitions: 10, in_place_computing: False
[DEBUG] [2020-10-29 08:05:54,111] [2100:140262250624832] - clean.py[line:77]: [CLEAN] try delete object with key=202010290805128735466_hetero_lr_0-HeteroLRTransferVariable.loss_intermediate-fit.0.0-host-10000-guest-9999 from table=storage_type: LMDB, namespace: 202010290805128735466_hetero_lr_0, name: __status__, partitions: 10, in_place_computing: False
[DEBUG] [2020-10-29 08:05:54,116] [2100:140262250624832] - federation_standalone.py[line:90]: [REMOTE] Sent 202010290805128735466_hetero_lr_0-HeteroLRTransferVariable.host_loss_regular-fit.1.0-host-10000-guest-9999
[DEBUG] [2020-10-29 08:05:54,116] [2100:140262250624832] - clean.py[line:66]: [CLEAN] HeteroLRTransferVariable.host_loss_regular cleaning rubbishes tagged by fit.0.0
[DEBUG] [2020-10-29 08:05:54,116] [2100:140262250624832] - clean.py[line:77]: [CLEAN] try delete object with key=202010290805128735466_hetero_lr_0-HeteroLRTransferVariable.host_loss_regular-fit.0.0-host-10000-guest-9999 from table=storage_type: LMDB, namespace: 202010290805128735466_hetero_lr_0, name: __federation__, partitions: 10, in_place_computing: False
[DEBUG] [2020-10-29 08:05:54,117] [2100:140262250624832] - clean.py[line:77]: [CLEAN] try delete object with key=202010290805128735466_hetero_lr_0-HeteroLRTransferVariable.host_loss_regular-fit.0.0-host-10000-guest-9999 from table=storage_type: LMDB, namespace: 202010290805128735466_hetero_lr_0, name: __status__, partitions: 10, in_place_computing: False
[INFO] [2020-10-29 08:05:54,120] [2100:140262250624832] - batch_generator.py[line:75]: batch_num: 1, batch_data_inst size:249
[DEBUG] [2020-10-29 08:05:54,120] [2100:140262250624832] - hetero_lr_host.py[line:127]: MODEL_STEP In Batch 1, batch data count: 249
[DEBUG] [2020-10-29 08:05:54,502] [2100:140262250624832] - federation_standalone.py[line:90]: [REMOTE] Sent 202010290805128735466_hetero_lr_0-HeteroLRTransferVariable.host_forward_dict-fit.1.1-host-10000-guest-9999
[DEBUG] [2020-10-29 08:05:54,502] [2100:140262250624832] - clean.py[line:66]: [CLEAN] HeteroLRTransferVariable.host_forward_dict cleaning rubbishes tagged by fit.0.1
[DEBUG] [2020-10-29 08:05:54,503] [2100:140262250624832] - clean.py[line:69]: [CLEAN] try destroy table storage_type: IN_MEMORY, namespace: 202010290805128735466_hetero_lr_0_host_10000, name: 8efd8bc4-19bd-11eb-9a46-0242ac120002, partitions: 1, in_place_computing: False
[DEBUG] [2020-10-29 08:05:54,505] [2100:140262250624832] - clean.py[line:77]: [CLEAN] try delete object with key=202010290805128735466_hetero_lr_0-HeteroLRTransferVariable.host_forward_dict-fit.0.1-host-10000-guest-9999 from table=storage_type: LMDB, namespace: 202010290805128735466_hetero_lr_0, name: __status__, partitions: 10, in_place_computing: False
[DEBUG] [2020-10-29 08:05:54,506] [2100:140262250624832] - clean.py[line:66]: [CLEAN] HeteroLRTransferVariable.fore_gradient cleaning rubbishes tagged by fit.0.1
[DEBUG] [2020-10-29 08:05:54,506] [2100:140262250624832] - clean.py[line:69]: [CLEAN] try destroy table storage_type: IN_MEMORY, namespace: 202010290805128735466_hetero_lr_0_guest_9999, name: 8f7d2992-19bd-11eb-9af3-0242ac120002, partitions: 1, in_place_computing: False
[DEBUG] [2020-10-29 08:05:54,511] [2100:140262250624832] - federation_standalone.py[line:105]: [GET] Party(role=host, party_id=10000) getting HeteroLRTransferVariable.fore_gradient.fit.1.1 from [Party(role=guest, party_id=9999)]
[DEBUG] [2020-10-29 08:05:55,118] [2100:140262250624832] - federation_standalone.py[line:40]: [GET] Got 202010290805128735466_hetero_lr_0-HeteroLRTransferVariable.fore_gradient-fit.1.1-guest-9999-host-10000 type Table
[DEBUG] [2020-10-29 08:05:55,119] [2100:140262250624832] - federation_standalone.py[line:117]: [GET] Party(role=host, party_id=10000) getting ('IN_MEMORY', '91c75d26-19bd-11eb-9af3-0242ac120002', '202010290805128735466_hetero_lr_0_guest_9999', 1) from [Party(role=guest, party_id=9999)]
[DEBUG] [2020-10-29 08:05:55,681] [2100:140262250624832] - federation_standalone.py[line:90]: [REMOTE] Sent 202010290805128735466_hetero_lr_0-HeteroLRTransferVariable.host_gradient-fit.1.1-host-10000-arbiter-10000
[DEBUG] [2020-10-29 08:05:55,682] [2100:140262250624832] - clean.py[line:66]: [CLEAN] HeteroLRTransferVariable.host_gradient cleaning rubbishes tagged by fit.0.1
[DEBUG] [2020-10-29 08:05:55,682] [2100:140262250624832] - clean.py[line:77]: [CLEAN] try delete object with key=202010290805128735466_hetero_lr_0-HeteroLRTransferVariable.host_gradient-fit.0.1-host-10000-arbiter-10000 from table=storage_type: LMDB, namespace: 202010290805128735466_hetero_lr_0, name: __federation__, partitions: 10, in_place_computing: False
[DEBUG] [2020-10-29 08:05:55,682] [2100:140262250624832] - clean.py[line:77]: [CLEAN] try delete object with key=202010290805128735466_hetero_lr_0-HeteroLRTransferVariable.host_gradient-fit.0.1-host-10000-arbiter-10000 from table=storage_type: LMDB, namespace: 202010290805128735466_hetero_lr_0, name: __status__, partitions: 10, in_place_computing: False
[DEBUG] [2020-10-29 08:05:55,682] [2100:140262250624832] - clean.py[line:66]: [CLEAN] HeteroLRTransferVariable.host_optim_gradient cleaning rubbishes tagged by fit.0.1
[DEBUG] [2020-10-29 08:05:55,682] [2100:140262250624832] - clean.py[line:77]: [CLEAN] try delete object with key=202010290805128735466_hetero_lr_0-HeteroLRTransferVariable.host_optim_gradient-fit.0.1-arbiter-10000-host-10000 from table=storage_type: LMDB, namespace: 202010290805128735466_hetero_lr_0, name: __federation__, partitions: 10, in_place_computing: False
[DEBUG] [2020-10-29 08:05:55,683] [2100:140262250624832] - clean.py[line:77]: [CLEAN] try delete object with key=202010290805128735466_hetero_lr_0-HeteroLRTransferVariable.host_optim_gradient-fit.0.1-arbiter-10000-host-10000 from table=storage_type: LMDB, namespace: 202010290805128735466_hetero_lr_0, name: __status__, partitions: 10, in_place_computing: False
[DEBUG] [2020-10-29 08:05:55,684] [2100:140262250624832] - federation_standalone.py[line:105]: [GET] Party(role=host, party_id=10000) getting HeteroLRTransferVariable.host_optim_gradient.fit.1.1 from [Party(role=arbiter, party_id=10000)]
[DEBUG] [2020-10-29 08:05:55,786] [2100:140262250624832] - federation_standalone.py[line:40]: [GET] Got 202010290805128735466_hetero_lr_0-HeteroLRTransferVariable.host_optim_gradient-fit.1.1-arbiter-10000-host-10000 type Object
[DEBUG] [2020-10-29 08:05:55,786] [2100:140262250624832] - federation_standalone.py[line:117]: [GET] Party(role=host, party_id=10000) getting 202010290805128735466_hetero_lr_0-HeteroLRTransferVariable.host_optim_gradient-fit.1.1-arbiter-10000-host-10000 from [Party(role=arbiter, party_id=10000)]
[DEBUG] [2020-10-29 08:05:55,813] [2100:140262250624832] - federation_standalone.py[line:90]: [REMOTE] Sent 202010290805128735466_hetero_lr_0-HeteroLRTransferVariable.loss_intermediate-fit.1.1-host-10000-guest-9999
[DEBUG] [2020-10-29 08:05:55,813] [2100:140262250624832] - clean.py[line:66]: [CLEAN] HeteroLRTransferVariable.loss_intermediate cleaning rubbishes tagged by fit.0.1
[DEBUG] [2020-10-29 08:05:55,813] [2100:140262250624832] - clean.py[line:77]: [CLEAN] try delete object with key=202010290805128735466_hetero_lr_0-HeteroLRTransferVariable.loss_intermediate-fit.0.1-host-10000-guest-9999 from table=storage_type: LMDB, namespace: 202010290805128735466_hetero_lr_0, name: __federation__, partitions: 10, in_place_computing: False
[DEBUG] [2020-10-29 08:05:55,814] [2100:140262250624832] - clean.py[line:77]: [CLEAN] try delete object with key=202010290805128735466_hetero_lr_0-HeteroLRTransferVariable.loss_intermediate-fit.0.1-host-10000-guest-9999 from table=storage_type: LMDB, namespace: 202010290805128735466_hetero_lr_0, name: __status__, partitions: 10, in_place_computing: False
[DEBUG] [2020-10-29 08:05:55,817] [2100:140262250624832] - federation_standalone.py[line:90]: [REMOTE] Sent 202010290805128735466_hetero_lr_0-HeteroLRTransferVariable.host_loss_regular-fit.1.1-host-10000-guest-9999
[DEBUG] [2020-10-29 08:05:55,817] [2100:140262250624832] - clean.py[line:66]: [CLEAN] HeteroLRTransferVariable.host_loss_regular cleaning rubbishes tagged by fit.0.1
[DEBUG] [2020-10-29 08:05:55,817] [2100:140262250624832] - clean.py[line:77]: [CLEAN] try delete object with key=202010290805128735466_hetero_lr_0-HeteroLRTransferVariable.host_loss_regular-fit.0.1-host-10000-guest-9999 from table=storage_type: LMDB, namespace: 202010290805128735466_hetero_lr_0, name: __federation__, partitions: 10, in_place_computing: False
[DEBUG] [2020-10-29 08:05:55,818] [2100:140262250624832] - clean.py[line:77]: [CLEAN] try delete object with key=202010290805128735466_hetero_lr_0-HeteroLRTransferVariable.host_loss_regular-fit.0.1-host-10000-guest-9999 from table=storage_type: LMDB, namespace: 202010290805128735466_hetero_lr_0, name: __status__, partitions: 10, in_place_computing: False
[DEBUG] [2020-10-29 08:05:55,819] [2100:140262250624832] - federation_standalone.py[line:105]: [GET] Party(role=host, party_id=10000) getting HeteroLRTransferVariable.converge_flag.fit.1 from [Party(role=arbiter, party_id=10000)]
[DEBUG] [2020-10-29 08:05:56,122] [2100:140262250624832] - federation_standalone.py[line:40]: [GET] Got 202010290805128735466_hetero_lr_0-HeteroLRTransferVariable.converge_flag-fit.1-arbiter-10000-host-10000 type Object
[DEBUG] [2020-10-29 08:05:56,123] [2100:140262250624832] - federation_standalone.py[line:117]: [GET] Party(role=host, party_id=10000) getting 202010290805128735466_hetero_lr_0-HeteroLRTransferVariable.converge_flag-fit.1-arbiter-10000-host-10000 from [Party(role=arbiter, party_id=10000)]
[INFO] [2020-10-29 08:05:56,124] [2100:140262250624832] - hetero_lr_host.py[line:145]: Get is_converged flag from arbiter:False
[DEBUG] [2020-10-29 08:05:56,124] [2100:140262250624832] - hetero_lr_host.py[line:148]: LR host running validation
[DEBUG] [2020-10-29 08:05:56,125] [2100:140262250624832] - validation_strategy.py[line:100]: validation_freqs is None
[DEBUG] [2020-10-29 08:05:56,125] [2100:140262250624832] - validation_strategy.py[line:228]: begin to check validate status, need_run_validation is False
[DEBUG] [2020-10-29 08:05:56,125] [2100:140262250624832] - validation_strategy.py[line:100]: validation_freqs is None
[INFO] [2020-10-29 08:05:56,126] [2100:140262250624832] - hetero_lr_host.py[line:154]: iter: 2, is_converged: False
[INFO] [2020-10-29 08:05:56,126] [2100:140262250624832] - hetero_lr_host.py[line:120]: iter:2
[INFO] [2020-10-29 08:05:56,128] [2100:140262250624832] - batch_generator.py[line:75]: batch_num: 0, batch_data_inst size:320
[DEBUG] [2020-10-29 08:05:56,129] [2100:140262250624832] - hetero_lr_host.py[line:127]: MODEL_STEP In Batch 0, batch data count: 320
[DEBUG] [2020-10-29 08:05:56,640] [2100:140262250624832] - federation_standalone.py[line:90]: [REMOTE] Sent 202010290805128735466_hetero_lr_0-HeteroLRTransferVariable.host_forward_dict-fit.2.0-host-10000-guest-9999
[DEBUG] [2020-10-29 08:05:56,640] [2100:140262250624832] - clean.py[line:66]: [CLEAN] HeteroLRTransferVariable.host_forward_dict cleaning rubbishes tagged by fit.1.0
[DEBUG] [2020-10-29 08:05:56,640] [2100:140262250624832] - clean.py[line:69]: [CLEAN] try destroy table storage_type: IN_MEMORY, namespace: 202010290805128735466_hetero_lr_0_host_10000, name: 9015ffaa-19bd-11eb-9a46-0242ac120002, partitions: 1, in_place_computing: False
[DEBUG] [2020-10-29 08:05:56,642] [2100:140262250624832] - clean.py[line:77]: [CLEAN] try delete object with key=202010290805128735466_hetero_lr_0-HeteroLRTransferVariable.host_forward_dict-fit.1.0-host-10000-guest-9999 from table=storage_type: LMDB, namespace: 202010290805128735466_hetero_lr_0, name: __status__, partitions: 10, in_place_computing: False
[DEBUG] [2020-10-29 08:05:56,643] [2100:140262250624832] - clean.py[line:66]: [CLEAN] HeteroLRTransferVariable.fore_gradient cleaning rubbishes tagged by fit.1.0
[DEBUG] [2020-10-29 08:05:56,643] [2100:140262250624832] - clean.py[line:69]: [CLEAN] try destroy table storage_type: IN_MEMORY, namespace: 202010290805128735466_hetero_lr_0_guest_9999, name: 90b1e316-19bd-11eb-9af3-0242ac120002, partitions: 1, in_place_computing: False
[DEBUG] [2020-10-29 08:05:56,646] [2100:140262250624832] - federation_standalone.py[line:105]: [GET] Party(role=host, party_id=10000) getting HeteroLRTransferVariable.fore_gradient.fit.2.0 from [Party(role=guest, party_id=9999)]
[DEBUG] [2020-10-29 08:05:57,354] [2100:140262250624832] - federation_standalone.py[line:40]: [GET] Got 202010290805128735466_hetero_lr_0-HeteroLRTransferVariable.fore_gradient-fit.2.0-guest-9999-host-10000 type Table
[DEBUG] [2020-10-29 08:05:57,355] [2100:140262250624832] - federation_standalone.py[line:117]: [GET] Party(role=host, party_id=10000) getting ('IN_MEMORY', '9318f3e2-19bd-11eb-9af3-0242ac120002', '202010290805128735466_hetero_lr_0_guest_9999', 1) from [Party(role=guest, party_id=9999)]
[DEBUG] [2020-10-29 08:05:58,094] [2100:140262250624832] - federation_standalone.py[line:90]: [REMOTE] Sent 202010290805128735466_hetero_lr_0-HeteroLRTransferVariable.host_gradient-fit.2.0-host-10000-arbiter-10000
[DEBUG] [2020-10-29 08:05:58,094] [2100:140262250624832] - clean.py[line:66]: [CLEAN] HeteroLRTransferVariable.host_gradient cleaning rubbishes tagged by fit.1.0
[DEBUG] [2020-10-29 08:05:58,094] [2100:140262250624832] - clean.py[line:77]: [CLEAN] try delete object with key=202010290805128735466_hetero_lr_0-HeteroLRTransferVariable.host_gradient-fit.1.0-host-10000-arbiter-10000 from table=storage_type: LMDB, namespace: 202010290805128735466_hetero_lr_0, name: __federation__, partitions: 10, in_place_computing: False
[DEBUG] [2020-10-29 08:05:58,095] [2100:140262250624832] - clean.py[line:77]: [CLEAN] try delete object with key=202010290805128735466_hetero_lr_0-HeteroLRTransferVariable.host_gradient-fit.1.0-host-10000-arbiter-10000 from table=storage_type: LMDB, namespace: 202010290805128735466_hetero_lr_0, name: __status__, partitions: 10, in_place_computing: False
[DEBUG] [2020-10-29 08:05:58,095] [2100:140262250624832] - clean.py[line:66]: [CLEAN] HeteroLRTransferVariable.host_optim_gradient cleaning rubbishes tagged by fit.1.0
[DEBUG] [2020-10-29 08:05:58,095] [2100:140262250624832] - clean.py[line:77]: [CLEAN] try delete object with key=202010290805128735466_hetero_lr_0-HeteroLRTransferVariable.host_optim_gradient-fit.1.0-arbiter-10000-host-10000 from table=storage_type: LMDB, namespace: 202010290805128735466_hetero_lr_0, name: __federation__, partitions: 10, in_place_computing: False
[DEBUG] [2020-10-29 08:05:58,096] [2100:140262250624832] - clean.py[line:77]: [CLEAN] try delete object with key=202010290805128735466_hetero_lr_0-HeteroLRTransferVariable.host_optim_gradient-fit.1.0-arbiter-10000-host-10000 from table=storage_type: LMDB, namespace: 202010290805128735466_hetero_lr_0, name: __status__, partitions: 10, in_place_computing: False
[DEBUG] [2020-10-29 08:05:58,097] [2100:140262250624832] - federation_standalone.py[line:105]: [GET] Party(role=host, party_id=10000) getting HeteroLRTransferVariable.host_optim_gradient.fit.2.0 from [Party(role=arbiter, party_id=10000)]
[DEBUG] [2020-10-29 08:05:58,300] [2100:140262250624832] - federation_standalone.py[line:40]: [GET] Got 202010290805128735466_hetero_lr_0-HeteroLRTransferVariable.host_optim_gradient-fit.2.0-arbiter-10000-host-10000 type Object
[DEBUG] [2020-10-29 08:05:58,300] [2100:140262250624832] - federation_standalone.py[line:117]: [GET] Party(role=host, party_id=10000) getting 202010290805128735466_hetero_lr_0-HeteroLRTransferVariable.host_optim_gradient-fit.2.0-arbiter-10000-host-10000 from [Party(role=arbiter, party_id=10000)]
[DEBUG] [2020-10-29 08:05:58,328] [2100:140262250624832] - federation_standalone.py[line:90]: [REMOTE] Sent 202010290805128735466_hetero_lr_0-HeteroLRTransferVariable.loss_intermediate-fit.2.0-host-10000-guest-9999
[DEBUG] [2020-10-29 08:05:58,329] [2100:140262250624832] - clean.py[line:66]: [CLEAN] HeteroLRTransferVariable.loss_intermediate cleaning rubbishes tagged by fit.1.0
[DEBUG] [2020-10-29 08:05:58,329] [2100:140262250624832] - clean.py[line:77]: [CLEAN] try delete object with key=202010290805128735466_hetero_lr_0-HeteroLRTransferVariable.loss_intermediate-fit.1.0-host-10000-guest-9999 from table=storage_type: LMDB, namespace: 202010290805128735466_hetero_lr_0, name: __federation__, partitions: 10, in_place_computing: False
[DEBUG] [2020-10-29 08:05:58,329] [2100:140262250624832] - clean.py[line:77]: [CLEAN] try delete object with key=202010290805128735466_hetero_lr_0-HeteroLRTransferVariable.loss_intermediate-fit.1.0-host-10000-guest-9999 from table=storage_type: LMDB, namespace: 202010290805128735466_hetero_lr_0, name: __status__, partitions: 10, in_place_computing: False
[DEBUG] [2020-10-29 08:05:58,334] [2100:140262250624832] - federation_standalone.py[line:90]: [REMOTE] Sent 202010290805128735466_hetero_lr_0-HeteroLRTransferVariable.host_loss_regular-fit.2.0-host-10000-guest-9999
[DEBUG] [2020-10-29 08:05:58,334] [2100:140262250624832] - clean.py[line:66]: [CLEAN] HeteroLRTransferVariable.host_loss_regular cleaning rubbishes tagged by fit.1.0
[DEBUG] [2020-10-29 08:05:58,335] [2100:140262250624832] - clean.py[line:77]: [CLEAN] try delete object with key=202010290805128735466_hetero_lr_0-HeteroLRTransferVariable.host_loss_regular-fit.1.0-host-10000-guest-9999 from table=storage_type: LMDB, namespace: 202010290805128735466_hetero_lr_0, name: __federation__, partitions: 10, in_place_computing: False
[DEBUG] [2020-10-29 08:05:58,335] [2100:140262250624832] - clean.py[line:77]: [CLEAN] try delete object with key=202010290805128735466_hetero_lr_0-HeteroLRTransferVariable.host_loss_regular-fit.1.0-host-10000-guest-9999 from table=storage_type: LMDB, namespace: 202010290805128735466_hetero_lr_0, name: __status__, partitions: 10, in_place_computing: False
[INFO] [2020-10-29 08:05:58,337] [2100:140262250624832] - batch_generator.py[line:75]: batch_num: 1, batch_data_inst size:249
[DEBUG] [2020-10-29 08:05:58,337] [2100:140262250624832] - hetero_lr_host.py[line:127]: MODEL_STEP In Batch 1, batch data count: 249
[DEBUG] [2020-10-29 08:05:58,722] [2100:140262250624832] - federation_standalone.py[line:90]: [REMOTE] Sent 202010290805128735466_hetero_lr_0-HeteroLRTransferVariable.host_forward_dict-fit.2.1-host-10000-guest-9999
[DEBUG] [2020-10-29 08:05:58,723] [2100:140262250624832] - clean.py[line:66]: [CLEAN] HeteroLRTransferVariable.host_forward_dict cleaning rubbishes tagged by fit.1.1
[DEBUG] [2020-10-29 08:05:58,723] [2100:140262250624832] - clean.py[line:69]: [CLEAN] try destroy table storage_type: IN_MEMORY, namespace: 202010290805128735466_hetero_lr_0_host_10000, name: 91405f24-19bd-11eb-9a46-0242ac120002, partitions: 1, in_place_computing: False
[DEBUG] [2020-10-29 08:05:58,725] [2100:140262250624832] - clean.py[line:77]: [CLEAN] try delete object with key=202010290805128735466_hetero_lr_0-HeteroLRTransferVariable.host_forward_dict-fit.1.1-host-10000-guest-9999 from table=storage_type: LMDB, namespace: 202010290805128735466_hetero_lr_0, name: __status__, partitions: 10, in_place_computing: False
[DEBUG] [2020-10-29 08:05:58,726] [2100:140262250624832] - clean.py[line:66]: [CLEAN] HeteroLRTransferVariable.fore_gradient cleaning rubbishes tagged by fit.1.1
[DEBUG] [2020-10-29 08:05:58,726] [2100:140262250624832] - clean.py[line:69]: [CLEAN] try destroy table storage_type: IN_MEMORY, namespace: 202010290805128735466_hetero_lr_0_guest_9999, name: 91c75d26-19bd-11eb-9af3-0242ac120002, partitions: 1, in_place_computing: False
[DEBUG] [2020-10-29 08:05:58,729] [2100:140262250624832] - federation_standalone.py[line:105]: [GET] Party(role=host, party_id=10000) getting HeteroLRTransferVariable.fore_gradient.fit.2.1 from [Party(role=guest, party_id=9999)]
[DEBUG] [2020-10-29 08:05:59,336] [2100:140262250624832] - federation_standalone.py[line:40]: [GET] Got 202010290805128735466_hetero_lr_0-HeteroLRTransferVariable.fore_gradient-fit.2.1-guest-9999-host-10000 type Table
[DEBUG] [2020-10-29 08:05:59,337] [2100:140262250624832] - federation_standalone.py[line:117]: [GET] Party(role=host, party_id=10000) getting ('IN_MEMORY', '9447029a-19bd-11eb-9af3-0242ac120002', '202010290805128735466_hetero_lr_0_guest_9999', 1) from [Party(role=guest, party_id=9999)]
[DEBUG] [2020-10-29 08:05:59,925] [2100:140262250624832] - federation_standalone.py[line:90]: [REMOTE] Sent 202010290805128735466_hetero_lr_0-HeteroLRTransferVariable.host_gradient-fit.2.1-host-10000-arbiter-10000
[DEBUG] [2020-10-29 08:05:59,925] [2100:140262250624832] - clean.py[line:66]: [CLEAN] HeteroLRTransferVariable.host_gradient cleaning rubbishes tagged by fit.1.1
[DEBUG] [2020-10-29 08:05:59,925] [2100:140262250624832] - clean.py[line:77]: [CLEAN] try delete object with key=202010290805128735466_hetero_lr_0-HeteroLRTransferVariable.host_gradient-fit.1.1-host-10000-arbiter-10000 from table=storage_type: LMDB, namespace: 202010290805128735466_hetero_lr_0, name: __federation__, partitions: 10, in_place_computing: False
[DEBUG] [2020-10-29 08:05:59,926] [2100:140262250624832] - clean.py[line:77]: [CLEAN] try delete object with key=202010290805128735466_hetero_lr_0-HeteroLRTransferVariable.host_gradient-fit.1.1-host-10000-arbiter-10000 from table=storage_type: LMDB, namespace: 202010290805128735466_hetero_lr_0, name: __status__, partitions: 10, in_place_computing: False
[DEBUG] [2020-10-29 08:05:59,926] [2100:140262250624832] - clean.py[line:66]: [CLEAN] HeteroLRTransferVariable.host_optim_gradient cleaning rubbishes tagged by fit.1.1
[DEBUG] [2020-10-29 08:05:59,926] [2100:140262250624832] - clean.py[line:77]: [CLEAN] try delete object with key=202010290805128735466_hetero_lr_0-HeteroLRTransferVariable.host_optim_gradient-fit.1.1-arbiter-10000-host-10000 from table=storage_type: LMDB, namespace: 202010290805128735466_hetero_lr_0, name: __federation__, partitions: 10, in_place_computing: False
[DEBUG] [2020-10-29 08:05:59,927] [2100:140262250624832] - clean.py[line:77]: [CLEAN] try delete object with key=202010290805128735466_hetero_lr_0-HeteroLRTransferVariable.host_optim_gradient-fit.1.1-arbiter-10000-host-10000 from table=storage_type: LMDB, namespace: 202010290805128735466_hetero_lr_0, name: __status__, partitions: 10, in_place_computing: False
[DEBUG] [2020-10-29 08:05:59,928] [2100:140262250624832] - federation_standalone.py[line:105]: [GET] Party(role=host, party_id=10000) getting HeteroLRTransferVariable.host_optim_gradient.fit.2.1 from [Party(role=arbiter, party_id=10000)]
[DEBUG] [2020-10-29 08:06:00,029] [2100:140262250624832] - federation_standalone.py[line:40]: [GET] Got 202010290805128735466_hetero_lr_0-HeteroLRTransferVariable.host_optim_gradient-fit.2.1-arbiter-10000-host-10000 type Object
[DEBUG] [2020-10-29 08:06:00,030] [2100:140262250624832] - federation_standalone.py[line:117]: [GET] Party(role=host, party_id=10000) getting 202010290805128735466_hetero_lr_0-HeteroLRTransferVariable.host_optim_gradient-fit.2.1-arbiter-10000-host-10000 from [Party(role=arbiter, party_id=10000)]
[DEBUG] [2020-10-29 08:06:00,051] [2100:140262250624832] - federation_standalone.py[line:90]: [REMOTE] Sent 202010290805128735466_hetero_lr_0-HeteroLRTransferVariable.loss_intermediate-fit.2.1-host-10000-guest-9999
[DEBUG] [2020-10-29 08:06:00,052] [2100:140262250624832] - clean.py[line:66]: [CLEAN] HeteroLRTransferVariable.loss_intermediate cleaning rubbishes tagged by fit.1.1
[DEBUG] [2020-10-29 08:06:00,052] [2100:140262250624832] - clean.py[line:77]: [CLEAN] try delete object with key=202010290805128735466_hetero_lr_0-HeteroLRTransferVariable.loss_intermediate-fit.1.1-host-10000-guest-9999 from table=storage_type: LMDB, namespace: 202010290805128735466_hetero_lr_0, name: __federation__, partitions: 10, in_place_computing: False
[DEBUG] [2020-10-29 08:06:00,052] [2100:140262250624832] - clean.py[line:77]: [CLEAN] try delete object with key=202010290805128735466_hetero_lr_0-HeteroLRTransferVariable.loss_intermediate-fit.1.1-host-10000-guest-9999 from table=storage_type: LMDB, namespace: 202010290805128735466_hetero_lr_0, name: __status__, partitions: 10, in_place_computing: False
[DEBUG] [2020-10-29 08:06:00,055] [2100:140262250624832] - federation_standalone.py[line:90]: [REMOTE] Sent 202010290805128735466_hetero_lr_0-HeteroLRTransferVariable.host_loss_regular-fit.2.1-host-10000-guest-9999
[DEBUG] [2020-10-29 08:06:00,056] [2100:140262250624832] - clean.py[line:66]: [CLEAN] HeteroLRTransferVariable.host_loss_regular cleaning rubbishes tagged by fit.1.1
[DEBUG] [2020-10-29 08:06:00,056] [2100:140262250624832] - clean.py[line:77]: [CLEAN] try delete object with key=202010290805128735466_hetero_lr_0-HeteroLRTransferVariable.host_loss_regular-fit.1.1-host-10000-guest-9999 from table=storage_type: LMDB, namespace: 202010290805128735466_hetero_lr_0, name: __federation__, partitions: 10, in_place_computing: False
[DEBUG] [2020-10-29 08:06:00,057] [2100:140262250624832] - clean.py[line:77]: [CLEAN] try delete object with key=202010290805128735466_hetero_lr_0-HeteroLRTransferVariable.host_loss_regular-fit.1.1-host-10000-guest-9999 from table=storage_type: LMDB, namespace: 202010290805128735466_hetero_lr_0, name: __status__, partitions: 10, in_place_computing: False
[DEBUG] [2020-10-29 08:06:00,057] [2100:140262250624832] - clean.py[line:66]: [CLEAN] HeteroLRTransferVariable.converge_flag cleaning rubbishes tagged by fit.0
[DEBUG] [2020-10-29 08:06:00,057] [2100:140262250624832] - clean.py[line:77]: [CLEAN] try delete object with key=202010290805128735466_hetero_lr_0-HeteroLRTransferVariable.converge_flag-fit.0-arbiter-10000-host-10000 from table=storage_type: LMDB, namespace: 202010290805128735466_hetero_lr_0, name: __federation__, partitions: 10, in_place_computing: False
[DEBUG] [2020-10-29 08:06:00,058] [2100:140262250624832] - clean.py[line:77]: [CLEAN] try delete object with key=202010290805128735466_hetero_lr_0-HeteroLRTransferVariable.converge_flag-fit.0-arbiter-10000-host-10000 from table=storage_type: LMDB, namespace: 202010290805128735466_hetero_lr_0, name: __status__, partitions: 10, in_place_computing: False
[DEBUG] [2020-10-29 08:06:00,059] [2100:140262250624832] - federation_standalone.py[line:105]: [GET] Party(role=host, party_id=10000) getting HeteroLRTransferVariable.converge_flag.fit.2 from [Party(role=arbiter, party_id=10000)]
[DEBUG] [2020-10-29 08:06:00,361] [2100:140262250624832] - federation_standalone.py[line:40]: [GET] Got 202010290805128735466_hetero_lr_0-HeteroLRTransferVariable.converge_flag-fit.2-arbiter-10000-host-10000 type Object
[DEBUG] [2020-10-29 08:06:00,363] [2100:140262250624832] - federation_standalone.py[line:117]: [GET] Party(role=host, party_id=10000) getting 202010290805128735466_hetero_lr_0-HeteroLRTransferVariable.converge_flag-fit.2-arbiter-10000-host-10000 from [Party(role=arbiter, party_id=10000)]
[INFO] [2020-10-29 08:06:00,363] [2100:140262250624832] - hetero_lr_host.py[line:145]: Get is_converged flag from arbiter:False
[DEBUG] [2020-10-29 08:06:00,363] [2100:140262250624832] - hetero_lr_host.py[line:148]: LR host running validation
[DEBUG] [2020-10-29 08:06:00,364] [2100:140262250624832] - validation_strategy.py[line:100]: validation_freqs is None
[DEBUG] [2020-10-29 08:06:00,364] [2100:140262250624832] - validation_strategy.py[line:228]: begin to check validate status, need_run_validation is False
[DEBUG] [2020-10-29 08:06:00,364] [2100:140262250624832] - validation_strategy.py[line:100]: validation_freqs is None
[INFO] [2020-10-29 08:06:00,364] [2100:140262250624832] - hetero_lr_host.py[line:154]: iter: 3, is_converged: False
[DEBUG] [2020-10-29 08:06:00,365] [2100:140262250624832] - model_base.py[line:152]: set flowid to transfer_variable, flowid: validate
[INFO] [2020-10-29 08:06:00,365] [2100:140262250624832] - hetero_lr_host.py[line:164]: Start predict ...
[DEBUG] [2020-10-29 08:06:00,402] [2100:140262250624832] - federation_standalone.py[line:90]: [REMOTE] Sent 202010290805128735466_hetero_lr_0-HeteroLRTransferVariable.host_prob-validate-host-10000-guest-9999
[INFO] [2020-10-29 08:06:00,403] [2100:140262250624832] - hetero_lr_host.py[line:173]: Remote probability to Guest
[DEBUG] [2020-10-29 08:06:00,403] [2100:140262250624832] - model_base.py[line:87]: func: <function ComponentProperties.union_data at 0x7f6b51a22c80>
[DEBUG] [2020-10-29 08:06:00,404] [2100:140262250624832] - model_base.py[line:87]: func: <bound method ModelBase.set_predict_data_schema of <federatedml.linear_model.logistic_regression.hetero_logistic_regression.hetero_lr_host.HeteroLRHost object at 0x7f8c3f77b048>>
[DEBUG] [2020-10-29 08:06:00,404] [2100:140262250624832] - model_base.py[line:99]: saved_result is : [None], data_output: None
[DEBUG] [2020-10-29 08:06:00,445] [2100:140262250624832] - base_logistic_regression.py[line:77]: In get_param, header: ['x0', 'x1', 'x2', 'x3', 'x4', 'x5', 'x6', 'x7', 'x8', 'x9', 'x10', 'x11', 'x12', 'x13', 'x14', 'x15', 'x16', 'x17', 'x18', 'x19']
