[INFO] [2020-10-29 08:05:14,341] [1863:140046620854080] - task_executor.py[line:121]: run 202010290805128735466 dataio_0 202010290805128735466_dataio_0 host 10000 task
[INFO] [2020-10-29 08:05:14,341] [1863:140046620854080] - task_executor.py[line:122]: {'DataIOParam': {'input_format': 'dense', 'delimitor': ',', 'data_type': 'float64', 'exclusive_data_type': None, 'tag_with_value': False, 'tag_value_delimitor': ':', 'missing_fill': False, 'default_value': 0, 'missing_fill_method': None, 'missing_impute': None, 'outlier_replace': False, 'outlier_replace_method': None, 'outlier_impute': None, 'outlier_replace_value': 0, 'with_label': False, 'label_name': 'y', 'label_type': 'int', 'output_format': 'dense'}, 'initiator': {'role': 'guest', 'party_id': 9999}, 'job_parameters': {'work_mode': 0, 'processors_per_node': 1, 'align_task_input_data_partition': True, 'model_id': 'arbiter-10000#guest-9999#host-10000#model', 'model_version': '202010290805128735466'}, 'role': {'guest': [9999], 'host': [10000], 'arbiter': [10000]}, 'local': {'role': 'host', 'party_id': 10000}, 'CodePath': 'federatedml/util/data_io.py/DataIO', 'module': 'DataIO'}
[INFO] [2020-10-29 08:05:14,342] [1863:140046620854080] - task_executor.py[line:123]: {'data': {'data': ['args.train_data']}}
[INFO] [2020-10-29 08:05:14,343] [1863:140046620854080] - task_executor.py[line:202]: start save as task 202010290805128735466_dataio_0 input data table fate_flow_test_breast_hetero breast_hetero_host
[INFO] [2020-10-29 08:05:14,360] [1863:140046620854080] - task_executor.py[line:218]: save as task 202010290805128735466_dataio_0 input data table to 202010290805128735466_dataio_0_host_10000 breast_hetero_host done
[INFO] [2020-10-29 08:05:14,493] [1863:140046620854080] - data_io.py[line:141]: start to read dense data and change data to instance
[INFO] [2020-10-29 08:05:14,625] [1863:140046620854080] - pipelined_model.py[line:72]: Save dataio_0 dataio DataIOMeta buffer
[INFO] [2020-10-29 08:05:14,625] [1863:140046620854080] - pipelined_model.py[line:72]: Save dataio_0 dataio DataIOParam buffer
[INFO] [2020-10-29 08:05:14,630] [1863:140046620854080] - pipelined_model.py[line:77]: Save dataio_0 dataio successfully
[INFO] [2020-10-29 08:05:14,670] [1863:140046620854080] - task_executor.py[line:160]: task 202010290805128735466_dataio_0 host 10000 start time: 2020-10-29 08:05:14
[INFO] [2020-10-29 08:05:14,670] [1863:140046620854080] - task_executor.py[line:161]: task 202010290805128735466_dataio_0 host 10000 end time: 2020-10-29 08:05:14
[INFO] [2020-10-29 08:05:14,671] [1863:140046620854080] - task_executor.py[line:162]: task 202010290805128735466_dataio_0 host 10000 takes 0.523s
[INFO] [2020-10-29 08:05:14,671] [1863:140046620854080] - task_executor.py[line:164]: finish 202010290805128735466 dataio_0 202010290805128735466_dataio_0 host 10000 success task
[INFO] [2020-10-29 08:05:16,716] [1925:139825858766656] - task_executor.py[line:121]: run 202010290805128735466 hetero_feature_binning_0 202010290805128735466_hetero_feature_binning_0 host 10000 task
[INFO] [2020-10-29 08:05:16,717] [1925:139825858766656] - task_executor.py[line:122]: {'FeatureBinningParam': {'method': 'quantile', 'compress_thres': 10000, 'head_size': 10000, 'error': 0.001, 'adjustment_factor': 0.5, 'bin_num': 10, 'bin_indexes': -1, 'bin_names': None, 'category_indexes': None, 'category_names': None, 'local_only': False, 'transform_param': {'transform_cols': -1, 'transform_names': None, 'transform_type': 'bin_num'}, 'optimal_binning_param': {'init_bucket_method': 'quantile', 'metric_method': 'iv', 'max_bin': None, 'mixture': True, 'max_bin_pct': 1.0, 'min_bin_pct': 0.05, 'init_bin_nums': 1000, 'adjustment_factor': None}, 'need_run': True}, 'initiator': {'role': 'guest', 'party_id': 9999}, 'job_parameters': {'work_mode': 0, 'processors_per_node': 1, 'align_task_input_data_partition': True, 'model_id': 'arbiter-10000#guest-9999#host-10000#model', 'model_version': '202010290805128735466'}, 'role': {'guest': [9999], 'host': [10000], 'arbiter': [10000]}, 'local': {'role': 'host', 'party_id': 10000}, 'CodePath': 'federatedml/feature/hetero_feature_binning/hetero_binning_host.py/HeteroFeatureBinningHost', 'module': 'HeteroFeatureBinning'}
[INFO] [2020-10-29 08:05:16,717] [1925:139825858766656] - task_executor.py[line:123]: {'data': {'data': ['dataio_0.train']}}
[INFO] [2020-10-29 08:05:16,721] [1925:139825858766656] - task_executor.py[line:202]: start save as task 202010290805128735466_hetero_feature_binning_0 input data table output_data_202010290805128735466_dataio_0 79a4e72c-19bd-11eb-ae8c-0242ac120002
[INFO] [2020-10-29 08:05:16,760] [1925:139825858766656] - task_executor.py[line:218]: save as task 202010290805128735466_hetero_feature_binning_0 input data table to 202010290805128735466_hetero_feature_binning_0_host_10000 79a4e72c-19bd-11eb-ae8c-0242ac120002 done
[INFO] [2020-10-29 08:05:20,396] [1925:139825858766656] - hetero_binning_host.py[line:62]: Get encrypted_label_table from guest
[INFO] [2020-10-29 08:05:23,829] [1925:139825858766656] - pipelined_model.py[line:72]: Save hetero_feature_binning_0 hetero_feature_binning FeatureBinningMeta buffer
[INFO] [2020-10-29 08:05:23,830] [1925:139825858766656] - pipelined_model.py[line:72]: Save hetero_feature_binning_0 hetero_feature_binning FeatureBinningParam buffer
[INFO] [2020-10-29 08:05:23,838] [1925:139825858766656] - pipelined_model.py[line:77]: Save hetero_feature_binning_0 hetero_feature_binning successfully
[INFO] [2020-10-29 08:05:23,870] [1925:139825858766656] - task_executor.py[line:160]: task 202010290805128735466_hetero_feature_binning_0 host 10000 start time: 2020-10-29 08:05:16
[INFO] [2020-10-29 08:05:23,870] [1925:139825858766656] - task_executor.py[line:161]: task 202010290805128735466_hetero_feature_binning_0 host 10000 end time: 2020-10-29 08:05:23
[INFO] [2020-10-29 08:05:23,870] [1925:139825858766656] - task_executor.py[line:162]: task 202010290805128735466_hetero_feature_binning_0 host 10000 takes 7.363s
[INFO] [2020-10-29 08:05:23,870] [1925:139825858766656] - task_executor.py[line:164]: finish 202010290805128735466 hetero_feature_binning_0 202010290805128735466_hetero_feature_binning_0 host 10000 success task
[INFO] [2020-10-29 08:05:25,626] [2017:139673151907648] - task_executor.py[line:121]: run 202010290805128735466 hetero_feature_selection_0 202010290805128735466_hetero_feature_selection_0 host 10000 task
[INFO] [2020-10-29 08:05:25,626] [2017:139673151907648] - task_executor.py[line:122]: {'FeatureSelectionParam': {'select_col_indexes': -1, 'select_names': [], 'filter_methods': ['unique_value'], 'unique_param': {'eps': 1e-05}, 'iv_value_param': {'value_threshold': 0.0, 'host_thresholds': None, 'local_only': False}, 'iv_percentile_param': {'percentile_threshold': 1.0, 'local_only': False}, 'iv_top_k_param': {'k': 10, 'local_only': False}, 'variance_coe_param': {'value_threshold': 1.0}, 'outlier_param': {'percentile': 1.0, 'upper_threshold': 1.0}, 'manually_param': {'filter_out_indexes': None, 'filter_out_names': None, 'left_col_indexes': None, 'left_col_names': None}, 'percentage_value_param': {'upper_pct': 1.0}, 'need_run': True}, 'initiator': {'role': 'guest', 'party_id': 9999}, 'job_parameters': {'work_mode': 0, 'processors_per_node': 1, 'align_task_input_data_partition': True, 'model_id': 'arbiter-10000#guest-9999#host-10000#model', 'model_version': '202010290805128735466'}, 'role': {'guest': [9999], 'host': [10000], 'arbiter': [10000]}, 'local': {'role': 'host', 'party_id': 10000}, 'CodePath': 'federatedml/feature/hetero_feature_selection/feature_selection_host.py/HeteroFeatureSelectionHost', 'module': 'HeteroFeatureSelection'}
[INFO] [2020-10-29 08:05:25,627] [2017:139673151907648] - task_executor.py[line:123]: {'data': {'data': ['hetero_feature_binning_0.train']}, 'isometric_model': ['hetero_feature_binning_0.hetero_feature_binning']}
[INFO] [2020-10-29 08:05:25,632] [2017:139673151907648] - task_executor.py[line:202]: start save as task 202010290805128735466_hetero_feature_selection_0 input data table output_data_202010290805128735466_hetero_feature_binning_0 7f161910-19bd-11eb-bbdd-0242ac120002
[INFO] [2020-10-29 08:05:25,665] [2017:139673151907648] - task_executor.py[line:218]: save as task 202010290805128735466_hetero_feature_selection_0 input data table to 202010290805128735466_hetero_feature_selection_0_host_10000 7f161910-19bd-11eb-bbdd-0242ac120002 done
[INFO] [2020-10-29 08:05:25,695] [2017:139673151907648] - pipelined_model.py[line:177]: parse FeatureBinningMeta proto object normal
[INFO] [2020-10-29 08:05:25,696] [2017:139673151907648] - pipelined_model.py[line:177]: parse FeatureBinningParam proto object normal
[INFO] [2020-10-29 08:05:29,934] [2017:139673151907648] - base_feature_selection.py[line:266]: Start Hetero Selection Fit and transform.
[INFO] [2020-10-29 08:05:30,042] [2017:139673151907648] - base_feature_selection.py[line:277]: Finish Hetero Selection Fit and transform.
[INFO] [2020-10-29 08:05:30,099] [2017:139673151907648] - pipelined_model.py[line:72]: Save hetero_feature_selection_0 selected FeatureSelectionMeta buffer
[INFO] [2020-10-29 08:05:30,099] [2017:139673151907648] - pipelined_model.py[line:72]: Save hetero_feature_selection_0 selected FeatureSelectionParam buffer
[INFO] [2020-10-29 08:05:30,112] [2017:139673151907648] - pipelined_model.py[line:77]: Save hetero_feature_selection_0 selected successfully
[INFO] [2020-10-29 08:05:30,142] [2017:139673151907648] - task_executor.py[line:160]: task 202010290805128735466_hetero_feature_selection_0 host 10000 start time: 2020-10-29 08:05:25
[INFO] [2020-10-29 08:05:30,142] [2017:139673151907648] - task_executor.py[line:161]: task 202010290805128735466_hetero_feature_selection_0 host 10000 end time: 2020-10-29 08:05:30
[INFO] [2020-10-29 08:05:30,142] [2017:139673151907648] - task_executor.py[line:162]: task 202010290805128735466_hetero_feature_selection_0 host 10000 takes 4.74s
[INFO] [2020-10-29 08:05:30,143] [2017:139673151907648] - task_executor.py[line:164]: finish 202010290805128735466 hetero_feature_selection_0 202010290805128735466_hetero_feature_selection_0 host 10000 success task
[INFO] [2020-10-29 08:05:32,265] [2100:140262250624832] - task_executor.py[line:121]: run 202010290805128735466 hetero_lr_0 202010290805128735466_hetero_lr_0 host 10000 task
[INFO] [2020-10-29 08:05:32,265] [2100:140262250624832] - task_executor.py[line:122]: {'HeteroLogisticParam': {'penalty': 'L2', 'tol': 1e-05, 'alpha': 0.01, 'optimizer': 'rmsprop', 'batch_size': 320, 'learning_rate': 0.15, 'init_param': {'init_method': 'random_uniform', 'init_const': 1, 'fit_intercept': True, 'random_seed': None}, 'max_iter': 3, 'early_stop': 'diff', 'encrypt_param': {'method': 'Paillier', 'key_length': 1024}, 'predict_param': {'threshold': 0.5}, 'cv_param': {'n_splits': 5, 'mode': 'hetero', 'role': 'guest', 'shuffle': True, 'random_seed': 1, 'need_cv': False}, 'decay': 1, 'decay_sqrt': True, 'multi_class': 'ovr', 'validation_freqs': None, 'stepwise_param': {'score_name': 'AIC', 'mode': 'hetero', 'role': 'guest', 'direction': 'both', 'max_step': 10, 'nvmin': 2, 'nvmax': None, 'need_stepwise': False}, 'early_stopping_rounds': None, 'metrics': ['auc', 'ks'], 'use_first_metric_only': False, 'encrypted_mode_calculator_param': {'mode': 'strict', 're_encrypted_rate': 1}, 'sqn_param': {'update_interval_L': 3, 'memory_M': 5, 'sample_size': 5000, 'random_seed': None}}, 'initiator': {'role': 'guest', 'party_id': 9999}, 'job_parameters': {'work_mode': 0, 'processors_per_node': 1, 'align_task_input_data_partition': True, 'model_id': 'arbiter-10000#guest-9999#host-10000#model', 'model_version': '202010290805128735466'}, 'role': {'guest': [9999], 'host': [10000], 'arbiter': [10000]}, 'local': {'role': 'host', 'party_id': 10000}, 'CodePath': 'federatedml/linear_model/logistic_regression/hetero_logistic_regression/hetero_lr_host.py/HeteroLRHost', 'module': 'HeteroLR'}
[INFO] [2020-10-29 08:05:32,266] [2100:140262250624832] - task_executor.py[line:123]: {'data': {'train_data': ['hetero_feature_selection_0.train']}}
[INFO] [2020-10-29 08:05:32,270] [2100:140262250624832] - task_executor.py[line:202]: start save as task 202010290805128735466_hetero_lr_0 input data table output_data_202010290805128735466_hetero_feature_selection_0 82df3d06-19bd-11eb-90f0-0242ac120002
[INFO] [2020-10-29 08:05:32,296] [2100:140262250624832] - task_executor.py[line:218]: save as task 202010290805128735466_hetero_lr_0 input data table to 202010290805128735466_hetero_lr_0_host_10000 82df3d06-19bd-11eb-90f0-0242ac120002 done
[INFO] [2020-10-29 08:05:47,295] [2100:140262250624832] - one_vs_rest.py[line:287]: Create one_vs_rest object, role: host, mode: hetero
[INFO] [2020-10-29 08:05:47,301] [2100:140262250624832] - hetero_lr_host.py[line:81]: Enter hetero_lr host
[INFO] [2020-10-29 08:05:48,207] [2100:140262250624832] - hetero_lr_host.py[line:111]: Start initialize model.
[INFO] [2020-10-29 08:05:48,214] [2100:140262250624832] - hetero_lr_host.py[line:120]: iter:0
[INFO] [2020-10-29 08:05:48,215] [2100:140262250624832] - batch_generator.py[line:75]: batch_num: 0, batch_data_inst size:320
[INFO] [2020-10-29 08:05:50,325] [2100:140262250624832] - batch_generator.py[line:75]: batch_num: 1, batch_data_inst size:249
[INFO] [2020-10-29 08:05:52,152] [2100:140262250624832] - hetero_lr_host.py[line:145]: Get is_converged flag from arbiter:False
[INFO] [2020-10-29 08:05:52,153] [2100:140262250624832] - hetero_lr_host.py[line:154]: iter: 1, is_converged: False
[INFO] [2020-10-29 08:05:52,153] [2100:140262250624832] - hetero_lr_host.py[line:120]: iter:1
[INFO] [2020-10-29 08:05:52,155] [2100:140262250624832] - batch_generator.py[line:75]: batch_num: 0, batch_data_inst size:320
[INFO] [2020-10-29 08:05:54,120] [2100:140262250624832] - batch_generator.py[line:75]: batch_num: 1, batch_data_inst size:249
[INFO] [2020-10-29 08:05:56,124] [2100:140262250624832] - hetero_lr_host.py[line:145]: Get is_converged flag from arbiter:False
[INFO] [2020-10-29 08:05:56,126] [2100:140262250624832] - hetero_lr_host.py[line:154]: iter: 2, is_converged: False
[INFO] [2020-10-29 08:05:56,126] [2100:140262250624832] - hetero_lr_host.py[line:120]: iter:2
[INFO] [2020-10-29 08:05:56,128] [2100:140262250624832] - batch_generator.py[line:75]: batch_num: 0, batch_data_inst size:320
[INFO] [2020-10-29 08:05:58,337] [2100:140262250624832] - batch_generator.py[line:75]: batch_num: 1, batch_data_inst size:249
[INFO] [2020-10-29 08:06:00,363] [2100:140262250624832] - hetero_lr_host.py[line:145]: Get is_converged flag from arbiter:False
[INFO] [2020-10-29 08:06:00,364] [2100:140262250624832] - hetero_lr_host.py[line:154]: iter: 3, is_converged: False
[INFO] [2020-10-29 08:06:00,365] [2100:140262250624832] - hetero_lr_host.py[line:164]: Start predict ...
[INFO] [2020-10-29 08:06:00,403] [2100:140262250624832] - hetero_lr_host.py[line:173]: Remote probability to Guest
[INFO] [2020-10-29 08:06:00,446] [2100:140262250624832] - pipelined_model.py[line:72]: Save hetero_lr_0 hetero_lr HeteroLogisticRegressionMeta buffer
[INFO] [2020-10-29 08:06:00,447] [2100:140262250624832] - pipelined_model.py[line:72]: Save hetero_lr_0 hetero_lr HeteroLogisticRegressionParam buffer
[INFO] [2020-10-29 08:06:00,464] [2100:140262250624832] - pipelined_model.py[line:77]: Save hetero_lr_0 hetero_lr successfully
[INFO] [2020-10-29 08:06:00,497] [2100:140262250624832] - task_executor.py[line:160]: task 202010290805128735466_hetero_lr_0 host 10000 start time: 2020-10-29 08:05:32
[INFO] [2020-10-29 08:06:00,497] [2100:140262250624832] - task_executor.py[line:161]: task 202010290805128735466_hetero_lr_0 host 10000 end time: 2020-10-29 08:06:00
[INFO] [2020-10-29 08:06:00,497] [2100:140262250624832] - task_executor.py[line:162]: task 202010290805128735466_hetero_lr_0 host 10000 takes 28.468s
[INFO] [2020-10-29 08:06:00,498] [2100:140262250624832] - task_executor.py[line:164]: finish 202010290805128735466 hetero_lr_0 202010290805128735466_hetero_lr_0 host 10000 success task
[INFO] [2020-10-29 08:06:02,538] [2233:140187704457024] - task_executor.py[line:121]: run 202010290805128735466 evaluation_0 202010290805128735466_evaluation_0 host 10000 task
[INFO] [2020-10-29 08:06:02,538] [2233:140187704457024] - task_executor.py[line:122]: {'EvaluateParam': {'eval_type': 'binary', 'pos_label': 1, 'need_run': True, 'metrics': None, 'default_metrics': {'binary': ['auc', 'ks', 'lift', 'gain', 'accuracy', 'precision', 'recall', 'roc', 'confusion_mat', 'psi', 'f1_score', 'quantile_pr'], 'multi': ['accuracy', 'precision', 'recall'], 'regression': ['explained_variance', 'mean_absolute_error', 'mean_squared_error', 'median_absolute_error', 'r2_score', 'root_mean_squared_error']}, 'allowed_metrics': {'binary': ['auc', 'ks', 'lift', 'gain', 'accuracy', 'precision', 'recall', 'roc', 'confusion_mat', 'psi', 'f1_score', 'quantile_pr'], 'multi': ['accuracy', 'precision', 'recall'], 'regression': ['explained_variance', 'mean_absolute_error', 'mean_squared_error', 'median_absolute_error', 'r2_score', 'root_mean_squared_error']}}, 'initiator': {'role': 'guest', 'party_id': 9999}, 'job_parameters': {'work_mode': 0, 'processors_per_node': 1, 'align_task_input_data_partition': True, 'model_id': 'arbiter-10000#guest-9999#host-10000#model', 'model_version': '202010290805128735466'}, 'role': {'guest': [9999], 'host': [10000], 'arbiter': [10000]}, 'local': {'role': 'host', 'party_id': 10000}, 'CodePath': 'federatedml/evaluation/evaluation.py/Evaluation', 'module': 'Evaluation'}
[INFO] [2020-10-29 08:06:02,538] [2233:140187704457024] - task_executor.py[line:123]: {'data': {'data': ['hetero_lr_0.train']}}
[INFO] [2020-10-29 08:06:02,540] [2233:140187704457024] - task_executor.py[line:220]: pass save as task 202010290805128735466_evaluation_0 input data table, because the table is none
[WARNING] [2020-10-29 08:06:03,486] [2233:140187704457024] - evaluation_param.py[line:127]: use default metric ['auc', 'ks', 'lift', 'gain', 'accuracy', 'precision', 'recall', 'roc', 'confusion_mat', 'psi', 'f1_score', 'quantile_pr'] for eval type binary
[INFO] [2020-10-29 08:06:03,487] [2233:140187704457024] - evaluation_param.py[line:131]: Finish evaluation parameter check!
[INFO] [2020-10-29 08:06:03,533] [2233:140187704457024] - task_executor.py[line:160]: task 202010290805128735466_evaluation_0 host 10000 start time: 2020-10-29 08:06:02
[INFO] [2020-10-29 08:06:03,534] [2233:140187704457024] - task_executor.py[line:161]: task 202010290805128735466_evaluation_0 host 10000 end time: 2020-10-29 08:06:03
[INFO] [2020-10-29 08:06:03,534] [2233:140187704457024] - task_executor.py[line:162]: task 202010290805128735466_evaluation_0 host 10000 takes 1.21s
[INFO] [2020-10-29 08:06:03,534] [2233:140187704457024] - task_executor.py[line:164]: finish 202010290805128735466 evaluation_0 202010290805128735466_evaluation_0 host 10000 success task
