[INFO] [2020-10-29 08:05:16,716] [1925:139825858766656] - task_executor.py[line:121]: run 202010290805128735466 hetero_feature_binning_0 202010290805128735466_hetero_feature_binning_0 host 10000 task
[INFO] [2020-10-29 08:05:16,717] [1925:139825858766656] - task_executor.py[line:122]: {'FeatureBinningParam': {'method': 'quantile', 'compress_thres': 10000, 'head_size': 10000, 'error': 0.001, 'adjustment_factor': 0.5, 'bin_num': 10, 'bin_indexes': -1, 'bin_names': None, 'category_indexes': None, 'category_names': None, 'local_only': False, 'transform_param': {'transform_cols': -1, 'transform_names': None, 'transform_type': 'bin_num'}, 'optimal_binning_param': {'init_bucket_method': 'quantile', 'metric_method': 'iv', 'max_bin': None, 'mixture': True, 'max_bin_pct': 1.0, 'min_bin_pct': 0.05, 'init_bin_nums': 1000, 'adjustment_factor': None}, 'need_run': True}, 'initiator': {'role': 'guest', 'party_id': 9999}, 'job_parameters': {'work_mode': 0, 'processors_per_node': 1, 'align_task_input_data_partition': True, 'model_id': 'arbiter-10000#guest-9999#host-10000#model', 'model_version': '202010290805128735466'}, 'role': {'guest': [9999], 'host': [10000], 'arbiter': [10000]}, 'local': {'role': 'host', 'party_id': 10000}, 'CodePath': 'federatedml/feature/hetero_feature_binning/hetero_binning_host.py/HeteroFeatureBinningHost', 'module': 'HeteroFeatureBinning'}
[INFO] [2020-10-29 08:05:16,717] [1925:139825858766656] - task_executor.py[line:123]: {'data': {'data': ['dataio_0.train']}}
[DEBUG] [2020-10-29 08:05:16,718] [1925:139825858766656] - profile_util.py[line:34]: tracking_manager.py:232 call table, takes 0.0009877681732177734s
[DEBUG] [2020-10-29 08:05:16,719] [1925:139825858766656] - profile_util.py[line:34]: tracking_manager.py:236 call table, takes 0.0006401538848876953s
[DEBUG] [2020-10-29 08:05:16,721] [1925:139825858766656] - profile_util.py[line:34]: session.py:178 call collect, takes 0.0009999275207519531s
[INFO] [2020-10-29 08:05:16,721] [1925:139825858766656] - task_executor.py[line:202]: start save as task 202010290805128735466_hetero_feature_binning_0 input data table output_data_202010290805128735466_dataio_0 79a4e72c-19bd-11eb-ae8c-0242ac120002
[DEBUG] [2020-10-29 08:05:16,722] [1925:139825858766656] - profile_util.py[line:34]: session.py:178 call collect, takes 0.0004513263702392578s
[DEBUG] [2020-10-29 08:05:16,757] [1925:139825858766656] - profile_util.py[line:34]: task_executor.py:212 call save_as, takes 0.035234928131103516s
[INFO] [2020-10-29 08:05:16,760] [1925:139825858766656] - task_executor.py[line:218]: save as task 202010290805128735466_hetero_feature_binning_0 input data table to 202010290805128735466_hetero_feature_binning_0_host_10000 79a4e72c-19bd-11eb-ae8c-0242ac120002 done
[DEBUG] [2020-10-29 08:05:17,821] [1925:139825858766656] - base_transfer_variable.py[line:63]: create variable with name=HeteroFeatureBinningTransferVariable.bucket_idx, src=('guest',), dst=('host',)
[DEBUG] [2020-10-29 08:05:17,821] [1925:139825858766656] - base_transfer_variable.py[line:63]: create variable with name=HeteroFeatureBinningTransferVariable.encrypted_bin_sum, src=('host',), dst=('guest',)
[DEBUG] [2020-10-29 08:05:17,821] [1925:139825858766656] - base_transfer_variable.py[line:63]: create variable with name=HeteroFeatureBinningTransferVariable.encrypted_label, src=('guest',), dst=('host',)
[DEBUG] [2020-10-29 08:05:17,821] [1925:139825858766656] - base_transfer_variable.py[line:63]: create variable with name=HeteroFeatureBinningTransferVariable.paillier_pubkey, src=('guest',), dst=('host',)
[DEBUG] [2020-10-29 08:05:17,822] [1925:139825858766656] - component_properties.py[line:67]: {'FeatureBinningParam': {'method': 'quantile', 'compress_thres': 10000, 'head_size': 10000, 'error': 0.001, 'adjustment_factor': 0.5, 'bin_num': 10, 'bin_indexes': -1, 'bin_names': None, 'category_indexes': None, 'category_names': None, 'local_only': False, 'transform_param': {'transform_cols': -1, 'transform_names': None, 'transform_type': 'bin_num'}, 'optimal_binning_param': {'init_bucket_method': 'quantile', 'metric_method': 'iv', 'max_bin': None, 'mixture': True, 'max_bin_pct': 1.0, 'min_bin_pct': 0.05, 'init_bin_nums': 1000, 'adjustment_factor': None}, 'need_run': True}, 'initiator': {'role': 'guest', 'party_id': 9999}, 'job_parameters': {'work_mode': 0, 'processors_per_node': 1, 'align_task_input_data_partition': True, 'model_id': 'arbiter-10000#guest-9999#host-10000#model', 'model_version': '202010290805128735466'}, 'role': {'guest': [9999], 'host': [10000], 'arbiter': [10000]}, 'local': {'role': 'host', 'party_id': 10000}, 'CodePath': 'federatedml/feature/hetero_feature_binning/hetero_binning_host.py/HeteroFeatureBinningHost', 'module': 'HeteroFeatureBinning'}
[DEBUG] [2020-10-29 08:05:17,822] [1925:139825858766656] - component_properties.py[line:74]: need_run: True, need_cv: False
[DEBUG] [2020-10-29 08:05:17,822] [1925:139825858766656] - base_feature_binning.py[line:77]: in _init_model, role: host, local_partyid: <federatedml.util.component_properties.ComponentProperties object at 0x7f26a47e2b00>
[DEBUG] [2020-10-29 08:05:17,822] [1925:139825858766656] - component_properties.py[line:118]: has_train_data: False, has_eval_data: False, has_normal_data: True
[DEBUG] [2020-10-29 08:05:17,823] [1925:139825858766656] - profile_util.py[line:34]: component_properties.py:155 call count, takes 0.0006277561187744141s
[DEBUG] [2020-10-29 08:05:17,823] [1925:139825858766656] - model_base.py[line:210]: In extract_data, data input: {'dataio_0.data': <arch.api.impl.based_1x.table.DTable object at 0x7f26a47e25f8>}
[DEBUG] [2020-10-29 08:05:17,823] [1925:139825858766656] - model_base.py[line:152]: set flowid to transfer_variable, flowid: fit
[DEBUG] [2020-10-29 08:05:17,823] [1925:139825858766656] - model_base.py[line:87]: func: <bound method HeteroFeatureBinningHost.fit of <federatedml.feature.hetero_feature_binning.hetero_binning_host.HeteroFeatureBinningHost object at 0x7f26a47bdfd0>>
[DEBUG] [2020-10-29 08:05:17,824] [1925:139825858766656] - profile_util.py[line:34]: abnormal_detection.py:23 call count, takes 0.0006115436553955078s
[DEBUG] [2020-10-29 08:05:17,824] [1925:139825858766656] - base_feature_binning.py[line:85]: _setup_bin_inner_param, get header: ['x0', 'x1', 'x2', 'x3', 'x4', 'x5', 'x6', 'x7', 'x8', 'x9', 'x10', 'x11', 'x12', 'x13', 'x14', 'x15', 'x16', 'x17', 'x18', 'x19']
[DEBUG] [2020-10-29 08:05:17,824] [1925:139825858766656] - base_feature_binning.py[line:105]: After _setup_bin_inner_param, header: ['x0', 'x1', 'x2', 'x3', 'x4', 'x5', 'x6', 'x7', 'x8', 'x9', 'x10', 'x11', 'x12', 'x13', 'x14', 'x15', 'x16', 'x17', 'x18', 'x19']
[DEBUG] [2020-10-29 08:05:18,009] [1925:139825858766656] - profile_util.py[line:34]: quantile_binning.py:132 call mapPartitions2, takes 0.184523344039917s
[DEBUG] [2020-10-29 08:05:18,072] [1925:139825858766656] - profile_util.py[line:34]: quantile_binning.py:133 call reduce, takes 0.06245136260986328s
[DEBUG] [2020-10-29 08:05:18,172] [1925:139825858766656] - profile_util.py[line:34]: base_binning.py:162 call mapValues, takes 0.048699140548706055s
[DEBUG] [2020-10-29 08:05:18,173] [1925:139825858766656] - profile_util.py[line:34]: hetero_binning_host.py:57 call count, takes 0.0006442070007324219s
[DEBUG] [2020-10-29 08:05:18,173] [1925:139825858766656] - hetero_binning_host.py[line:57]: data_bin_table, count: 569
[DEBUG] [2020-10-29 08:05:18,174] [1925:139825858766656] - federation_standalone.py[line:105]: [GET] Party(role=host, party_id=10000) getting HeteroFeatureBinningTransferVariable.encrypted_label.fit from [Party(role=guest, party_id=9999)]
[DEBUG] [2020-10-29 08:05:20,393] [1925:139825858766656] - federation_standalone.py[line:40]: [GET] Got 202010290805128735466_hetero_feature_binning_0-HeteroFeatureBinningTransferVariable.encrypted_label-fit-guest-9999-host-10000 type Table
[DEBUG] [2020-10-29 08:05:20,395] [1925:139825858766656] - federation_standalone.py[line:117]: [GET] Party(role=host, party_id=10000) getting ('IN_MEMORY', '7c248a3e-19bd-11eb-bb6f-0242ac120002', '202010290805128735466_hetero_feature_binning_0_guest_9999', 1) from [Party(role=guest, party_id=9999)]
[INFO] [2020-10-29 08:05:20,396] [1925:139825858766656] - hetero_binning_host.py[line:62]: Get encrypted_label_table from guest
[DEBUG] [2020-10-29 08:05:21,140] [1925:139825858766656] - profile_util.py[line:34]: hetero_binning_host.py:91 call join, takes 0.7436583042144775s
[DEBUG] [2020-10-29 08:05:22,240] [1925:139825858766656] - profile_util.py[line:34]: hetero_binning_host.py:95 call mapPartitions, takes 1.0991780757904053s
[DEBUG] [2020-10-29 08:05:23,647] [1925:139825858766656] - profile_util.py[line:34]: hetero_binning_host.py:96 call reduce, takes 1.4067456722259521s
[DEBUG] [2020-10-29 08:05:23,647] [1925:139825858766656] - hetero_binning_host.py[line:85]: Send bin_info.category_names: [], bin_info.bin_method: quantile
[DEBUG] [2020-10-29 08:05:23,652] [1925:139825858766656] - federation_standalone.py[line:90]: [REMOTE] Sent 202010290805128735466_hetero_feature_binning_0-HeteroFeatureBinningTransferVariable.encrypted_bin_sum-fit-host-10000-guest-9999
[DEBUG] [2020-10-29 08:05:23,653] [1925:139825858766656] - profile_util.py[line:34]: io_check.py:29 call count, takes 0.0005142688751220703s
[DEBUG] [2020-10-29 08:05:23,768] [1925:139825858766656] - profile_util.py[line:34]: base_binning.py:211 call mapValues, takes 0.11416912078857422s
[DEBUG] [2020-10-29 08:05:23,768] [1925:139825858766656] - base_feature_binning.py[line:200]: After Binning, when setting schema, schema is : {'header': ['x0', 'x1', 'x2', 'x3', 'x4', 'x5', 'x6', 'x7', 'x8', 'x9', 'x10', 'x11', 'x12', 'x13', 'x14', 'x15', 'x16', 'x17', 'x18', 'x19'], 'sid_name': 'id', 'label_name': 'y'}
[DEBUG] [2020-10-29 08:05:23,769] [1925:139825858766656] - profile_util.py[line:34]: io_check.py:35 call count, takes 0.0005774497985839844s
[DEBUG] [2020-10-29 08:05:23,769] [1925:139825858766656] - io_check.py[line:36]: num row of input: 569 -> num row of output: 569
[DEBUG] [2020-10-29 08:05:23,769] [1925:139825858766656] - base_feature_binning.py[line:200]: After Binning, when setting schema, schema is : {'header': ['x0', 'x1', 'x2', 'x3', 'x4', 'x5', 'x6', 'x7', 'x8', 'x9', 'x10', 'x11', 'x12', 'x13', 'x14', 'x15', 'x16', 'x17', 'x18', 'x19'], 'sid_name': 'id', 'label_name': 'y'}
[DEBUG] [2020-10-29 08:05:23,769] [1925:139825858766656] - model_base.py[line:99]: saved_result is : [<arch.api.impl.based_1x.table.DTable object at 0x7f089805c588>], data_output: <arch.api.impl.based_1x.table.DTable object at 0x7f089805c588>
[DEBUG] [2020-10-29 08:05:23,800] [1925:139825858766656] - profile_util.py[line:34]: tracking_manager.py:201 call save_as, takes 0.03018331527709961s
[DEBUG] [2020-10-29 08:05:23,802] [1925:139825858766656] - profile_util.py[line:34]: session.py:178 call collect, takes 0.000904083251953125s
[DEBUG] [2020-10-29 08:05:23,820] [1925:139825858766656] - profile_util.py[line:34]: tracking_manager.py:221 call count, takes 0.0009186267852783203s
[DEBUG] [2020-10-29 08:05:23,827] [1925:139825858766656] - bin_result.py[line:158]: In generated_pb, role: host, party_id: 10000
[INFO] [2020-10-29 08:05:23,829] [1925:139825858766656] - pipelined_model.py[line:72]: Save hetero_feature_binning_0 hetero_feature_binning FeatureBinningMeta buffer
[INFO] [2020-10-29 08:05:23,830] [1925:139825858766656] - pipelined_model.py[line:72]: Save hetero_feature_binning_0 hetero_feature_binning FeatureBinningParam buffer
[INFO] [2020-10-29 08:05:23,838] [1925:139825858766656] - pipelined_model.py[line:77]: Save hetero_feature_binning_0 hetero_feature_binning successfully
[INFO] [2020-10-29 08:05:23,870] [1925:139825858766656] - task_executor.py[line:160]: task 202010290805128735466_hetero_feature_binning_0 host 10000 start time: 2020-10-29 08:05:16
[INFO] [2020-10-29 08:05:23,870] [1925:139825858766656] - task_executor.py[line:161]: task 202010290805128735466_hetero_feature_binning_0 host 10000 end time: 2020-10-29 08:05:23
[INFO] [2020-10-29 08:05:23,870] [1925:139825858766656] - task_executor.py[line:162]: task 202010290805128735466_hetero_feature_binning_0 host 10000 takes 7.363s
[INFO] [2020-10-29 08:05:23,870] [1925:139825858766656] - task_executor.py[line:164]: finish 202010290805128735466 hetero_feature_binning_0 202010290805128735466_hetero_feature_binning_0 host 10000 success task
