[DEBUG] [2020-10-29 08:05:16,718] [1925:139825858766656] - profile_util.py[line:34]: tracking_manager.py:232 call table, takes 0.0009877681732177734s
[DEBUG] [2020-10-29 08:05:16,719] [1925:139825858766656] - profile_util.py[line:34]: tracking_manager.py:236 call table, takes 0.0006401538848876953s
[DEBUG] [2020-10-29 08:05:16,721] [1925:139825858766656] - profile_util.py[line:34]: session.py:178 call collect, takes 0.0009999275207519531s
[DEBUG] [2020-10-29 08:05:16,722] [1925:139825858766656] - profile_util.py[line:34]: session.py:178 call collect, takes 0.0004513263702392578s
[DEBUG] [2020-10-29 08:05:16,757] [1925:139825858766656] - profile_util.py[line:34]: task_executor.py:212 call save_as, takes 0.035234928131103516s
[DEBUG] [2020-10-29 08:05:17,823] [1925:139825858766656] - profile_util.py[line:34]: component_properties.py:155 call count, takes 0.0006277561187744141s
[DEBUG] [2020-10-29 08:05:17,824] [1925:139825858766656] - profile_util.py[line:34]: abnormal_detection.py:23 call count, takes 0.0006115436553955078s
[DEBUG] [2020-10-29 08:05:18,009] [1925:139825858766656] - profile_util.py[line:34]: quantile_binning.py:132 call mapPartitions2, takes 0.184523344039917s
[DEBUG] [2020-10-29 08:05:18,072] [1925:139825858766656] - profile_util.py[line:34]: quantile_binning.py:133 call reduce, takes 0.06245136260986328s
[DEBUG] [2020-10-29 08:05:18,172] [1925:139825858766656] - profile_util.py[line:34]: base_binning.py:162 call mapValues, takes 0.048699140548706055s
[DEBUG] [2020-10-29 08:05:18,173] [1925:139825858766656] - profile_util.py[line:34]: hetero_binning_host.py:57 call count, takes 0.0006442070007324219s
[DEBUG] [2020-10-29 08:05:21,140] [1925:139825858766656] - profile_util.py[line:34]: hetero_binning_host.py:91 call join, takes 0.7436583042144775s
[DEBUG] [2020-10-29 08:05:22,240] [1925:139825858766656] - profile_util.py[line:34]: hetero_binning_host.py:95 call mapPartitions, takes 1.0991780757904053s
[DEBUG] [2020-10-29 08:05:23,647] [1925:139825858766656] - profile_util.py[line:34]: hetero_binning_host.py:96 call reduce, takes 1.4067456722259521s
[DEBUG] [2020-10-29 08:05:23,653] [1925:139825858766656] - profile_util.py[line:34]: io_check.py:29 call count, takes 0.0005142688751220703s
[DEBUG] [2020-10-29 08:05:23,768] [1925:139825858766656] - profile_util.py[line:34]: base_binning.py:211 call mapValues, takes 0.11416912078857422s
[DEBUG] [2020-10-29 08:05:23,769] [1925:139825858766656] - profile_util.py[line:34]: io_check.py:35 call count, takes 0.0005774497985839844s
[DEBUG] [2020-10-29 08:05:23,800] [1925:139825858766656] - profile_util.py[line:34]: tracking_manager.py:201 call save_as, takes 0.03018331527709961s
[DEBUG] [2020-10-29 08:05:23,802] [1925:139825858766656] - profile_util.py[line:34]: session.py:178 call collect, takes 0.000904083251953125s
[DEBUG] [2020-10-29 08:05:23,820] [1925:139825858766656] - profile_util.py[line:34]: tracking_manager.py:221 call count, takes 0.0009186267852783203s
