[DEBUG] [2020-10-29 08:05:17,821] [1925:139825858766656] - base_transfer_variable.py[line:63]: create variable with name=HeteroFeatureBinningTransferVariable.bucket_idx, src=('guest',), dst=('host',)
[DEBUG] [2020-10-29 08:05:17,821] [1925:139825858766656] - base_transfer_variable.py[line:63]: create variable with name=HeteroFeatureBinningTransferVariable.encrypted_bin_sum, src=('host',), dst=('guest',)
[DEBUG] [2020-10-29 08:05:17,821] [1925:139825858766656] - base_transfer_variable.py[line:63]: create variable with name=HeteroFeatureBinningTransferVariable.encrypted_label, src=('guest',), dst=('host',)
[DEBUG] [2020-10-29 08:05:17,821] [1925:139825858766656] - base_transfer_variable.py[line:63]: create variable with name=HeteroFeatureBinningTransferVariable.paillier_pubkey, src=('guest',), dst=('host',)
[DEBUG] [2020-10-29 08:05:17,822] [1925:139825858766656] - component_properties.py[line:67]: {'FeatureBinningParam': {'method': 'quantile', 'compress_thres': 10000, 'head_size': 10000, 'error': 0.001, 'adjustment_factor': 0.5, 'bin_num': 10, 'bin_indexes': -1, 'bin_names': None, 'category_indexes': None, 'category_names': None, 'local_only': False, 'transform_param': {'transform_cols': -1, 'transform_names': None, 'transform_type': 'bin_num'}, 'optimal_binning_param': {'init_bucket_method': 'quantile', 'metric_method': 'iv', 'max_bin': None, 'mixture': True, 'max_bin_pct': 1.0, 'min_bin_pct': 0.05, 'init_bin_nums': 1000, 'adjustment_factor': None}, 'need_run': True}, 'initiator': {'role': 'guest', 'party_id': 9999}, 'job_parameters': {'work_mode': 0, 'processors_per_node': 1, 'align_task_input_data_partition': True, 'model_id': 'arbiter-10000#guest-9999#host-10000#model', 'model_version': '202010290805128735466'}, 'role': {'guest': [9999], 'host': [10000], 'arbiter': [10000]}, 'local': {'role': 'host', 'party_id': 10000}, 'CodePath': 'federatedml/feature/hetero_feature_binning/hetero_binning_host.py/HeteroFeatureBinningHost', 'module': 'HeteroFeatureBinning'}
[DEBUG] [2020-10-29 08:05:17,822] [1925:139825858766656] - component_properties.py[line:74]: need_run: True, need_cv: False
[DEBUG] [2020-10-29 08:05:17,822] [1925:139825858766656] - base_feature_binning.py[line:77]: in _init_model, role: host, local_partyid: <federatedml.util.component_properties.ComponentProperties object at 0x7f26a47e2b00>
[DEBUG] [2020-10-29 08:05:17,822] [1925:139825858766656] - component_properties.py[line:118]: has_train_data: False, has_eval_data: False, has_normal_data: True
[DEBUG] [2020-10-29 08:05:17,823] [1925:139825858766656] - model_base.py[line:210]: In extract_data, data input: {'dataio_0.data': <arch.api.impl.based_1x.table.DTable object at 0x7f26a47e25f8>}
[DEBUG] [2020-10-29 08:05:17,823] [1925:139825858766656] - model_base.py[line:152]: set flowid to transfer_variable, flowid: fit
[DEBUG] [2020-10-29 08:05:17,823] [1925:139825858766656] - model_base.py[line:87]: func: <bound method HeteroFeatureBinningHost.fit of <federatedml.feature.hetero_feature_binning.hetero_binning_host.HeteroFeatureBinningHost object at 0x7f26a47bdfd0>>
[DEBUG] [2020-10-29 08:05:17,824] [1925:139825858766656] - base_feature_binning.py[line:85]: _setup_bin_inner_param, get header: ['x0', 'x1', 'x2', 'x3', 'x4', 'x5', 'x6', 'x7', 'x8', 'x9', 'x10', 'x11', 'x12', 'x13', 'x14', 'x15', 'x16', 'x17', 'x18', 'x19']
[DEBUG] [2020-10-29 08:05:17,824] [1925:139825858766656] - base_feature_binning.py[line:105]: After _setup_bin_inner_param, header: ['x0', 'x1', 'x2', 'x3', 'x4', 'x5', 'x6', 'x7', 'x8', 'x9', 'x10', 'x11', 'x12', 'x13', 'x14', 'x15', 'x16', 'x17', 'x18', 'x19']
[DEBUG] [2020-10-29 08:05:18,173] [1925:139825858766656] - hetero_binning_host.py[line:57]: data_bin_table, count: 569
[DEBUG] [2020-10-29 08:05:18,174] [1925:139825858766656] - federation_standalone.py[line:105]: [GET] Party(role=host, party_id=10000) getting HeteroFeatureBinningTransferVariable.encrypted_label.fit from [Party(role=guest, party_id=9999)]
[DEBUG] [2020-10-29 08:05:20,393] [1925:139825858766656] - federation_standalone.py[line:40]: [GET] Got 202010290805128735466_hetero_feature_binning_0-HeteroFeatureBinningTransferVariable.encrypted_label-fit-guest-9999-host-10000 type Table
[DEBUG] [2020-10-29 08:05:20,395] [1925:139825858766656] - federation_standalone.py[line:117]: [GET] Party(role=host, party_id=10000) getting ('IN_MEMORY', '7c248a3e-19bd-11eb-bb6f-0242ac120002', '202010290805128735466_hetero_feature_binning_0_guest_9999', 1) from [Party(role=guest, party_id=9999)]
[INFO] [2020-10-29 08:05:20,396] [1925:139825858766656] - hetero_binning_host.py[line:62]: Get encrypted_label_table from guest
[DEBUG] [2020-10-29 08:05:23,647] [1925:139825858766656] - hetero_binning_host.py[line:85]: Send bin_info.category_names: [], bin_info.bin_method: quantile
[DEBUG] [2020-10-29 08:05:23,652] [1925:139825858766656] - federation_standalone.py[line:90]: [REMOTE] Sent 202010290805128735466_hetero_feature_binning_0-HeteroFeatureBinningTransferVariable.encrypted_bin_sum-fit-host-10000-guest-9999
[DEBUG] [2020-10-29 08:05:23,768] [1925:139825858766656] - base_feature_binning.py[line:200]: After Binning, when setting schema, schema is : {'header': ['x0', 'x1', 'x2', 'x3', 'x4', 'x5', 'x6', 'x7', 'x8', 'x9', 'x10', 'x11', 'x12', 'x13', 'x14', 'x15', 'x16', 'x17', 'x18', 'x19'], 'sid_name': 'id', 'label_name': 'y'}
[DEBUG] [2020-10-29 08:05:23,769] [1925:139825858766656] - io_check.py[line:36]: num row of input: 569 -> num row of output: 569
[DEBUG] [2020-10-29 08:05:23,769] [1925:139825858766656] - base_feature_binning.py[line:200]: After Binning, when setting schema, schema is : {'header': ['x0', 'x1', 'x2', 'x3', 'x4', 'x5', 'x6', 'x7', 'x8', 'x9', 'x10', 'x11', 'x12', 'x13', 'x14', 'x15', 'x16', 'x17', 'x18', 'x19'], 'sid_name': 'id', 'label_name': 'y'}
[DEBUG] [2020-10-29 08:05:23,769] [1925:139825858766656] - model_base.py[line:99]: saved_result is : [<arch.api.impl.based_1x.table.DTable object at 0x7f089805c588>], data_output: <arch.api.impl.based_1x.table.DTable object at 0x7f089805c588>
[DEBUG] [2020-10-29 08:05:23,827] [1925:139825858766656] - bin_result.py[line:158]: In generated_pb, role: host, party_id: 10000
