[INFO] [2020-10-29 08:05:14,246] [1861:139779035903808] - task_executor.py[line:121]: run 202010290805128735466 dataio_0 202010290805128735466_dataio_0 guest 9999 task
[INFO] [2020-10-29 08:05:14,246] [1861:139779035903808] - task_executor.py[line:122]: {'DataIOParam': {'input_format': 'dense', 'delimitor': ',', 'data_type': 'float64', 'exclusive_data_type': None, 'tag_with_value': False, 'tag_value_delimitor': ':', 'missing_fill': False, 'default_value': 0, 'missing_fill_method': None, 'missing_impute': None, 'outlier_replace': False, 'outlier_replace_method': None, 'outlier_impute': None, 'outlier_replace_value': 0, 'with_label': True, 'label_name': 'y', 'label_type': 'int', 'output_format': 'dense'}, 'initiator': {'role': 'guest', 'party_id': 9999}, 'job_parameters': {'work_mode': 0, 'processors_per_node': 1, 'align_task_input_data_partition': True, 'model_id': 'arbiter-10000#guest-9999#host-10000#model', 'model_version': '202010290805128735466'}, 'role': {'guest': [9999], 'host': [10000], 'arbiter': [10000]}, 'local': {'role': 'guest', 'party_id': 9999}, 'CodePath': 'federatedml/util/data_io.py/DataIO', 'module': 'DataIO'}
[INFO] [2020-10-29 08:05:14,246] [1861:139779035903808] - task_executor.py[line:123]: {'data': {'data': ['args.train_data']}}
[INFO] [2020-10-29 08:05:14,248] [1861:139779035903808] - task_executor.py[line:202]: start save as task 202010290805128735466_dataio_0 input data table fate_flow_test_breast_hetero breast_hetero_guest
[INFO] [2020-10-29 08:05:14,262] [1861:139779035903808] - task_executor.py[line:218]: save as task 202010290805128735466_dataio_0 input data table to 202010290805128735466_dataio_0_guest_9999 breast_hetero_guest done
[INFO] [2020-10-29 08:05:14,516] [1861:139779035903808] - data_io.py[line:141]: start to read dense data and change data to instance
[INFO] [2020-10-29 08:05:14,660] [1861:139779035903808] - pipelined_model.py[line:72]: Save dataio_0 dataio DataIOMeta buffer
[INFO] [2020-10-29 08:05:14,660] [1861:139779035903808] - pipelined_model.py[line:72]: Save dataio_0 dataio DataIOParam buffer
[INFO] [2020-10-29 08:05:14,665] [1861:139779035903808] - pipelined_model.py[line:77]: Save dataio_0 dataio successfully
[INFO] [2020-10-29 08:05:14,689] [1861:139779035903808] - task_executor.py[line:160]: task 202010290805128735466_dataio_0 guest 9999 start time: 2020-10-29 08:05:14
[INFO] [2020-10-29 08:05:14,689] [1861:139779035903808] - task_executor.py[line:161]: task 202010290805128735466_dataio_0 guest 9999 end time: 2020-10-29 08:05:14
[INFO] [2020-10-29 08:05:14,689] [1861:139779035903808] - task_executor.py[line:162]: task 202010290805128735466_dataio_0 guest 9999 takes 0.641s
[INFO] [2020-10-29 08:05:14,690] [1861:139779035903808] - task_executor.py[line:164]: finish 202010290805128735466 dataio_0 202010290805128735466_dataio_0 guest 9999 success task
[INFO] [2020-10-29 08:05:16,698] [1923:140665787344704] - task_executor.py[line:121]: run 202010290805128735466 hetero_feature_binning_0 202010290805128735466_hetero_feature_binning_0 guest 9999 task
[INFO] [2020-10-29 08:05:16,698] [1923:140665787344704] - task_executor.py[line:122]: {'FeatureBinningParam': {'method': 'quantile', 'compress_thres': 10000, 'head_size': 10000, 'error': 0.001, 'adjustment_factor': 0.5, 'bin_num': 10, 'bin_indexes': -1, 'bin_names': None, 'category_indexes': None, 'category_names': None, 'local_only': False, 'transform_param': {'transform_cols': -1, 'transform_names': None, 'transform_type': 'bin_num'}, 'optimal_binning_param': {'init_bucket_method': 'quantile', 'metric_method': 'iv', 'max_bin': None, 'mixture': True, 'max_bin_pct': 1.0, 'min_bin_pct': 0.05, 'init_bin_nums': 1000, 'adjustment_factor': None}, 'need_run': True}, 'initiator': {'role': 'guest', 'party_id': 9999}, 'job_parameters': {'work_mode': 0, 'processors_per_node': 1, 'align_task_input_data_partition': True, 'model_id': 'arbiter-10000#guest-9999#host-10000#model', 'model_version': '202010290805128735466'}, 'role': {'guest': [9999], 'host': [10000], 'arbiter': [10000]}, 'local': {'role': 'guest', 'party_id': 9999}, 'CodePath': 'federatedml/feature/hetero_feature_binning/hetero_binning_guest.py/HeteroFeatureBinningGuest', 'module': 'HeteroFeatureBinning'}
[INFO] [2020-10-29 08:05:16,699] [1923:140665787344704] - task_executor.py[line:123]: {'data': {'data': ['dataio_0.train']}}
[INFO] [2020-10-29 08:05:16,702] [1923:140665787344704] - task_executor.py[line:202]: start save as task 202010290805128735466_hetero_feature_binning_0 input data table output_data_202010290805128735466_dataio_0 79a99010-19bd-11eb-9bab-0242ac120002
[INFO] [2020-10-29 08:05:16,735] [1923:140665787344704] - task_executor.py[line:218]: save as task 202010290805128735466_hetero_feature_binning_0 input data table to 202010290805128735466_hetero_feature_binning_0_guest_9999 79a99010-19bd-11eb-9bab-0242ac120002 done
[INFO] [2020-10-29 08:05:18,481] [1923:140665787344704] - hetero_binning_guest.py[line:39]: Start feature binning fit and transform
[INFO] [2020-10-29 08:05:20,323] [1923:140665787344704] - hetero_binning_guest.py[line:70]: Sent encrypted_label_table to host
[INFO] [2020-10-29 08:05:23,737] [1923:140665787344704] - hetero_binning_guest.py[line:77]: Get encrypted_bin_sum from host
[INFO] [2020-10-29 08:05:23,944] [1923:140665787344704] - hetero_binning_guest.py[line:112]: Finish feature binning fit and transform
[INFO] [2020-10-29 08:05:24,008] [1923:140665787344704] - pipelined_model.py[line:72]: Save hetero_feature_binning_0 hetero_feature_binning FeatureBinningMeta buffer
[INFO] [2020-10-29 08:05:24,009] [1923:140665787344704] - pipelined_model.py[line:72]: Save hetero_feature_binning_0 hetero_feature_binning FeatureBinningParam buffer
[INFO] [2020-10-29 08:05:24,018] [1923:140665787344704] - pipelined_model.py[line:77]: Save hetero_feature_binning_0 hetero_feature_binning successfully
[INFO] [2020-10-29 08:05:24,043] [1923:140665787344704] - task_executor.py[line:160]: task 202010290805128735466_hetero_feature_binning_0 guest 9999 start time: 2020-10-29 08:05:16
[INFO] [2020-10-29 08:05:24,043] [1923:140665787344704] - task_executor.py[line:161]: task 202010290805128735466_hetero_feature_binning_0 guest 9999 end time: 2020-10-29 08:05:24
[INFO] [2020-10-29 08:05:24,043] [1923:140665787344704] - task_executor.py[line:162]: task 202010290805128735466_hetero_feature_binning_0 guest 9999 takes 7.559s
[INFO] [2020-10-29 08:05:24,043] [1923:140665787344704] - task_executor.py[line:164]: finish 202010290805128735466 hetero_feature_binning_0 202010290805128735466_hetero_feature_binning_0 guest 9999 success task
[INFO] [2020-10-29 08:05:25,758] [2015:140144857028416] - task_executor.py[line:121]: run 202010290805128735466 hetero_feature_selection_0 202010290805128735466_hetero_feature_selection_0 guest 9999 task
[INFO] [2020-10-29 08:05:25,758] [2015:140144857028416] - task_executor.py[line:122]: {'FeatureSelectionParam': {'select_col_indexes': -1, 'select_names': [], 'filter_methods': ['unique_value'], 'unique_param': {'eps': 1e-05}, 'iv_value_param': {'value_threshold': 0.0, 'host_thresholds': None, 'local_only': False}, 'iv_percentile_param': {'percentile_threshold': 1.0, 'local_only': False}, 'iv_top_k_param': {'k': 10, 'local_only': False}, 'variance_coe_param': {'value_threshold': 1.0}, 'outlier_param': {'percentile': 1.0, 'upper_threshold': 1.0}, 'manually_param': {'filter_out_indexes': None, 'filter_out_names': None, 'left_col_indexes': None, 'left_col_names': None}, 'percentage_value_param': {'upper_pct': 1.0}, 'need_run': True}, 'initiator': {'role': 'guest', 'party_id': 9999}, 'job_parameters': {'work_mode': 0, 'processors_per_node': 1, 'align_task_input_data_partition': True, 'model_id': 'arbiter-10000#guest-9999#host-10000#model', 'model_version': '202010290805128735466'}, 'role': {'guest': [9999], 'host': [10000], 'arbiter': [10000]}, 'local': {'role': 'guest', 'party_id': 9999}, 'CodePath': 'federatedml/feature/hetero_feature_selection/feature_selection_guest.py/HeteroFeatureSelectionGuest', 'module': 'HeteroFeatureSelection'}
[INFO] [2020-10-29 08:05:25,759] [2015:140144857028416] - task_executor.py[line:123]: {'data': {'data': ['hetero_feature_binning_0.train']}, 'isometric_model': ['hetero_feature_binning_0.hetero_feature_binning']}
[INFO] [2020-10-29 08:05:25,763] [2015:140144857028416] - task_executor.py[line:202]: start save as task 202010290805128735466_hetero_feature_selection_0 input data table output_data_202010290805128735466_hetero_feature_binning_0 7f3b6daa-19bd-11eb-bb6f-0242ac120002
[INFO] [2020-10-29 08:05:25,797] [2015:140144857028416] - task_executor.py[line:218]: save as task 202010290805128735466_hetero_feature_selection_0 input data table to 202010290805128735466_hetero_feature_selection_0_guest_9999 7f3b6daa-19bd-11eb-bb6f-0242ac120002 done
[INFO] [2020-10-29 08:05:25,809] [2015:140144857028416] - pipelined_model.py[line:177]: parse FeatureBinningMeta proto object normal
[INFO] [2020-10-29 08:05:25,810] [2015:140144857028416] - pipelined_model.py[line:177]: parse FeatureBinningParam proto object normal
[INFO] [2020-10-29 08:05:29,433] [2015:140144857028416] - base_feature_selection.py[line:266]: Start Hetero Selection Fit and transform.
[INFO] [2020-10-29 08:05:29,532] [2015:140144857028416] - base_feature_selection.py[line:277]: Finish Hetero Selection Fit and transform.
[INFO] [2020-10-29 08:05:29,592] [2015:140144857028416] - pipelined_model.py[line:72]: Save hetero_feature_selection_0 selected FeatureSelectionMeta buffer
[INFO] [2020-10-29 08:05:29,592] [2015:140144857028416] - pipelined_model.py[line:72]: Save hetero_feature_selection_0 selected FeatureSelectionParam buffer
[INFO] [2020-10-29 08:05:29,599] [2015:140144857028416] - pipelined_model.py[line:77]: Save hetero_feature_selection_0 selected successfully
[INFO] [2020-10-29 08:05:29,621] [2015:140144857028416] - task_executor.py[line:160]: task 202010290805128735466_hetero_feature_selection_0 guest 9999 start time: 2020-10-29 08:05:25
[INFO] [2020-10-29 08:05:29,622] [2015:140144857028416] - task_executor.py[line:161]: task 202010290805128735466_hetero_feature_selection_0 guest 9999 end time: 2020-10-29 08:05:29
[INFO] [2020-10-29 08:05:29,622] [2015:140144857028416] - task_executor.py[line:162]: task 202010290805128735466_hetero_feature_selection_0 guest 9999 takes 4.133s
[INFO] [2020-10-29 08:05:29,622] [2015:140144857028416] - task_executor.py[line:164]: finish 202010290805128735466 hetero_feature_selection_0 202010290805128735466_hetero_feature_selection_0 guest 9999 success task
[INFO] [2020-10-29 08:05:32,247] [2098:140131801413440] - task_executor.py[line:121]: run 202010290805128735466 hetero_lr_0 202010290805128735466_hetero_lr_0 guest 9999 task
[INFO] [2020-10-29 08:05:32,247] [2098:140131801413440] - task_executor.py[line:122]: {'HeteroLogisticParam': {'penalty': 'L2', 'tol': 1e-05, 'alpha': 0.01, 'optimizer': 'rmsprop', 'batch_size': 320, 'learning_rate': 0.15, 'init_param': {'init_method': 'random_uniform', 'init_const': 1, 'fit_intercept': True, 'random_seed': None}, 'max_iter': 3, 'early_stop': 'diff', 'encrypt_param': {'method': 'Paillier', 'key_length': 1024}, 'predict_param': {'threshold': 0.5}, 'cv_param': {'n_splits': 5, 'mode': 'hetero', 'role': 'guest', 'shuffle': True, 'random_seed': 1, 'need_cv': False}, 'decay': 1, 'decay_sqrt': True, 'multi_class': 'ovr', 'validation_freqs': None, 'stepwise_param': {'score_name': 'AIC', 'mode': 'hetero', 'role': 'guest', 'direction': 'both', 'max_step': 10, 'nvmin': 2, 'nvmax': None, 'need_stepwise': False}, 'early_stopping_rounds': None, 'metrics': ['auc', 'ks'], 'use_first_metric_only': False, 'encrypted_mode_calculator_param': {'mode': 'strict', 're_encrypted_rate': 1}, 'sqn_param': {'update_interval_L': 3, 'memory_M': 5, 'sample_size': 5000, 'random_seed': None}}, 'initiator': {'role': 'guest', 'party_id': 9999}, 'job_parameters': {'work_mode': 0, 'processors_per_node': 1, 'align_task_input_data_partition': True, 'model_id': 'arbiter-10000#guest-9999#host-10000#model', 'model_version': '202010290805128735466'}, 'role': {'guest': [9999], 'host': [10000], 'arbiter': [10000]}, 'local': {'role': 'guest', 'party_id': 9999}, 'CodePath': 'federatedml/linear_model/logistic_regression/hetero_logistic_regression/hetero_lr_guest.py/HeteroLRGuest', 'module': 'HeteroLR'}
[INFO] [2020-10-29 08:05:32,247] [2098:140131801413440] - task_executor.py[line:123]: {'data': {'train_data': ['hetero_feature_selection_0.train']}}
[INFO] [2020-10-29 08:05:32,251] [2098:140131801413440] - task_executor.py[line:202]: start save as task 202010290805128735466_hetero_lr_0 input data table output_data_202010290805128735466_hetero_feature_selection_0 82916450-19bd-11eb-b252-0242ac120002
[INFO] [2020-10-29 08:05:32,282] [2098:140131801413440] - task_executor.py[line:218]: save as task 202010290805128735466_hetero_lr_0 input data table to 202010290805128735466_hetero_lr_0_guest_9999 82916450-19bd-11eb-b252-0242ac120002 done
[INFO] [2020-10-29 08:05:47,802] [2098:140131801413440] - one_vs_rest.py[line:287]: Create one_vs_rest object, role: guest, mode: hetero
[INFO] [2020-10-29 08:05:47,806] [2098:140131801413440] - hetero_lr_guest.py[line:65]: Enter hetero_lr_guest fit
[INFO] [2020-10-29 08:05:47,867] [2098:140131801413440] - hetero_lr_guest.py[line:80]: Enter hetero_lr_guest fit
[INFO] [2020-10-29 08:05:47,994] [2098:140131801413440] - hetero_lr_guest.py[line:88]: Generate mini-batch from input data
[INFO] [2020-10-29 08:05:48,073] [2098:140131801413440] - hetero_lr_guest.py[line:97]: Start initialize model.
[INFO] [2020-10-29 08:05:48,073] [2098:140131801413440] - hetero_lr_guest.py[line:98]: fit_intercept:True
[INFO] [2020-10-29 08:05:48,078] [2098:140131801413440] - hetero_lr_guest.py[line:104]: iter:0
[INFO] [2020-10-29 08:05:52,168] [2098:140131801413440] - hetero_lr_guest.py[line:137]: iter: 0,  is_converged: False
[INFO] [2020-10-29 08:05:52,168] [2098:140131801413440] - hetero_lr_guest.py[line:104]: iter:1
[INFO] [2020-10-29 08:05:56,068] [2098:140131801413440] - hetero_lr_guest.py[line:137]: iter: 1,  is_converged: False
[INFO] [2020-10-29 08:05:56,069] [2098:140131801413440] - hetero_lr_guest.py[line:104]: iter:2
[INFO] [2020-10-29 08:06:00,289] [2098:140131801413440] - hetero_lr_guest.py[line:137]: iter: 2,  is_converged: False
[INFO] [2020-10-29 08:06:00,291] [2098:140131801413440] - hetero_lr_guest.py[line:171]: Start predict is a one_vs_rest task: False
[INFO] [2020-10-29 08:06:00,425] [2098:140131801413440] - hetero_lr_guest.py[line:180]: Get probability from Host
[INFO] [2020-10-29 08:06:00,655] [2098:140131801413440] - pipelined_model.py[line:72]: Save hetero_lr_0 hetero_lr HeteroLogisticRegressionMeta buffer
[INFO] [2020-10-29 08:06:00,655] [2098:140131801413440] - pipelined_model.py[line:72]: Save hetero_lr_0 hetero_lr HeteroLogisticRegressionParam buffer
[INFO] [2020-10-29 08:06:00,677] [2098:140131801413440] - pipelined_model.py[line:77]: Save hetero_lr_0 hetero_lr successfully
[INFO] [2020-10-29 08:06:00,701] [2098:140131801413440] - task_executor.py[line:160]: task 202010290805128735466_hetero_lr_0 guest 9999 start time: 2020-10-29 08:05:31
[INFO] [2020-10-29 08:06:00,701] [2098:140131801413440] - task_executor.py[line:161]: task 202010290805128735466_hetero_lr_0 guest 9999 end time: 2020-10-29 08:06:00
[INFO] [2020-10-29 08:06:00,702] [2098:140131801413440] - task_executor.py[line:162]: task 202010290805128735466_hetero_lr_0 guest 9999 takes 28.7s
[INFO] [2020-10-29 08:06:00,702] [2098:140131801413440] - task_executor.py[line:164]: finish 202010290805128735466 hetero_lr_0 202010290805128735466_hetero_lr_0 guest 9999 success task
[INFO] [2020-10-29 08:06:02,544] [2231:139783621506880] - task_executor.py[line:121]: run 202010290805128735466 evaluation_0 202010290805128735466_evaluation_0 guest 9999 task
[INFO] [2020-10-29 08:06:02,545] [2231:139783621506880] - task_executor.py[line:122]: {'EvaluateParam': {'eval_type': 'binary', 'pos_label': 1, 'need_run': True, 'metrics': None, 'default_metrics': {'binary': ['auc', 'ks', 'lift', 'gain', 'accuracy', 'precision', 'recall', 'roc', 'confusion_mat', 'psi', 'f1_score', 'quantile_pr'], 'multi': ['accuracy', 'precision', 'recall'], 'regression': ['explained_variance', 'mean_absolute_error', 'mean_squared_error', 'median_absolute_error', 'r2_score', 'root_mean_squared_error']}, 'allowed_metrics': {'binary': ['auc', 'ks', 'lift', 'gain', 'accuracy', 'precision', 'recall', 'roc', 'confusion_mat', 'psi', 'f1_score', 'quantile_pr'], 'multi': ['accuracy', 'precision', 'recall'], 'regression': ['explained_variance', 'mean_absolute_error', 'mean_squared_error', 'median_absolute_error', 'r2_score', 'root_mean_squared_error']}}, 'initiator': {'role': 'guest', 'party_id': 9999}, 'job_parameters': {'work_mode': 0, 'processors_per_node': 1, 'align_task_input_data_partition': True, 'model_id': 'arbiter-10000#guest-9999#host-10000#model', 'model_version': '202010290805128735466'}, 'role': {'guest': [9999], 'host': [10000], 'arbiter': [10000]}, 'local': {'role': 'guest', 'party_id': 9999}, 'CodePath': 'federatedml/evaluation/evaluation.py/Evaluation', 'module': 'Evaluation'}
[INFO] [2020-10-29 08:06:02,545] [2231:139783621506880] - task_executor.py[line:123]: {'data': {'data': ['hetero_lr_0.train']}}
[INFO] [2020-10-29 08:06:02,549] [2231:139783621506880] - task_executor.py[line:202]: start save as task 202010290805128735466_evaluation_0 input data table output_data_202010290805128735466_hetero_lr_0 95121110-19bd-11eb-9af3-0242ac120002
[INFO] [2020-10-29 08:06:02,580] [2231:139783621506880] - task_executor.py[line:218]: save as task 202010290805128735466_evaluation_0 input data table to 202010290805128735466_evaluation_0_guest_9999 95121110-19bd-11eb-9af3-0242ac120002 done
[WARNING] [2020-10-29 08:06:03,458] [2231:139783621506880] - evaluation_param.py[line:127]: use default metric ['auc', 'ks', 'lift', 'gain', 'accuracy', 'precision', 'recall', 'roc', 'confusion_mat', 'psi', 'f1_score', 'quantile_pr'] for eval type binary
[INFO] [2020-10-29 08:06:03,458] [2231:139783621506880] - evaluation_param.py[line:131]: Finish evaluation parameter check!
[INFO] [2020-10-29 08:06:04,046] [2231:139783621506880] - task_executor.py[line:160]: task 202010290805128735466_evaluation_0 guest 9999 start time: 2020-10-29 08:06:02
[INFO] [2020-10-29 08:06:04,046] [2231:139783621506880] - task_executor.py[line:161]: task 202010290805128735466_evaluation_0 guest 9999 end time: 2020-10-29 08:06:04
[INFO] [2020-10-29 08:06:04,046] [2231:139783621506880] - task_executor.py[line:162]: task 202010290805128735466_evaluation_0 guest 9999 takes 1.738s
[INFO] [2020-10-29 08:06:04,047] [2231:139783621506880] - task_executor.py[line:164]: finish 202010290805128735466 evaluation_0 202010290805128735466_evaluation_0 guest 9999 success task
