[INFO] [2020-10-29 08:05:16,698] [1923:140665787344704] - task_executor.py[line:121]: run 202010290805128735466 hetero_feature_binning_0 202010290805128735466_hetero_feature_binning_0 guest 9999 task
[INFO] [2020-10-29 08:05:16,698] [1923:140665787344704] - task_executor.py[line:122]: {'FeatureBinningParam': {'method': 'quantile', 'compress_thres': 10000, 'head_size': 10000, 'error': 0.001, 'adjustment_factor': 0.5, 'bin_num': 10, 'bin_indexes': -1, 'bin_names': None, 'category_indexes': None, 'category_names': None, 'local_only': False, 'transform_param': {'transform_cols': -1, 'transform_names': None, 'transform_type': 'bin_num'}, 'optimal_binning_param': {'init_bucket_method': 'quantile', 'metric_method': 'iv', 'max_bin': None, 'mixture': True, 'max_bin_pct': 1.0, 'min_bin_pct': 0.05, 'init_bin_nums': 1000, 'adjustment_factor': None}, 'need_run': True}, 'initiator': {'role': 'guest', 'party_id': 9999}, 'job_parameters': {'work_mode': 0, 'processors_per_node': 1, 'align_task_input_data_partition': True, 'model_id': 'arbiter-10000#guest-9999#host-10000#model', 'model_version': '202010290805128735466'}, 'role': {'guest': [9999], 'host': [10000], 'arbiter': [10000]}, 'local': {'role': 'guest', 'party_id': 9999}, 'CodePath': 'federatedml/feature/hetero_feature_binning/hetero_binning_guest.py/HeteroFeatureBinningGuest', 'module': 'HeteroFeatureBinning'}
[INFO] [2020-10-29 08:05:16,699] [1923:140665787344704] - task_executor.py[line:123]: {'data': {'data': ['dataio_0.train']}}
[DEBUG] [2020-10-29 08:05:16,700] [1923:140665787344704] - profile_util.py[line:34]: tracking_manager.py:232 call table, takes 0.0009598731994628906s
[DEBUG] [2020-10-29 08:05:16,701] [1923:140665787344704] - profile_util.py[line:34]: tracking_manager.py:236 call table, takes 0.0006847381591796875s
[DEBUG] [2020-10-29 08:05:16,702] [1923:140665787344704] - profile_util.py[line:34]: session.py:178 call collect, takes 0.0009200572967529297s
[INFO] [2020-10-29 08:05:16,702] [1923:140665787344704] - task_executor.py[line:202]: start save as task 202010290805128735466_hetero_feature_binning_0 input data table output_data_202010290805128735466_dataio_0 79a99010-19bd-11eb-9bab-0242ac120002
[DEBUG] [2020-10-29 08:05:16,703] [1923:140665787344704] - profile_util.py[line:34]: session.py:178 call collect, takes 0.00039577484130859375s
[DEBUG] [2020-10-29 08:05:16,732] [1923:140665787344704] - profile_util.py[line:34]: task_executor.py:212 call save_as, takes 0.02899646759033203s
[INFO] [2020-10-29 08:05:16,735] [1923:140665787344704] - task_executor.py[line:218]: save as task 202010290805128735466_hetero_feature_binning_0 input data table to 202010290805128735466_hetero_feature_binning_0_guest_9999 79a99010-19bd-11eb-9bab-0242ac120002 done
[DEBUG] [2020-10-29 08:05:18,478] [1923:140665787344704] - base_transfer_variable.py[line:63]: create variable with name=HeteroFeatureBinningTransferVariable.bucket_idx, src=('guest',), dst=('host',)
[DEBUG] [2020-10-29 08:05:18,479] [1923:140665787344704] - base_transfer_variable.py[line:63]: create variable with name=HeteroFeatureBinningTransferVariable.encrypted_bin_sum, src=('host',), dst=('guest',)
[DEBUG] [2020-10-29 08:05:18,479] [1923:140665787344704] - base_transfer_variable.py[line:63]: create variable with name=HeteroFeatureBinningTransferVariable.encrypted_label, src=('guest',), dst=('host',)
[DEBUG] [2020-10-29 08:05:18,479] [1923:140665787344704] - base_transfer_variable.py[line:63]: create variable with name=HeteroFeatureBinningTransferVariable.paillier_pubkey, src=('guest',), dst=('host',)
[DEBUG] [2020-10-29 08:05:18,479] [1923:140665787344704] - component_properties.py[line:67]: {'FeatureBinningParam': {'method': 'quantile', 'compress_thres': 10000, 'head_size': 10000, 'error': 0.001, 'adjustment_factor': 0.5, 'bin_num': 10, 'bin_indexes': -1, 'bin_names': None, 'category_indexes': None, 'category_names': None, 'local_only': False, 'transform_param': {'transform_cols': -1, 'transform_names': None, 'transform_type': 'bin_num'}, 'optimal_binning_param': {'init_bucket_method': 'quantile', 'metric_method': 'iv', 'max_bin': None, 'mixture': True, 'max_bin_pct': 1.0, 'min_bin_pct': 0.05, 'init_bin_nums': 1000, 'adjustment_factor': None}, 'need_run': True}, 'initiator': {'role': 'guest', 'party_id': 9999}, 'job_parameters': {'work_mode': 0, 'processors_per_node': 1, 'align_task_input_data_partition': True, 'model_id': 'arbiter-10000#guest-9999#host-10000#model', 'model_version': '202010290805128735466'}, 'role': {'guest': [9999], 'host': [10000], 'arbiter': [10000]}, 'local': {'role': 'guest', 'party_id': 9999}, 'CodePath': 'federatedml/feature/hetero_feature_binning/hetero_binning_guest.py/HeteroFeatureBinningGuest', 'module': 'HeteroFeatureBinning'}
[DEBUG] [2020-10-29 08:05:18,480] [1923:140665787344704] - component_properties.py[line:74]: need_run: True, need_cv: False
[DEBUG] [2020-10-29 08:05:18,480] [1923:140665787344704] - base_feature_binning.py[line:77]: in _init_model, role: guest, local_partyid: <federatedml.util.component_properties.ComponentProperties object at 0x7fea342326a0>
[DEBUG] [2020-10-29 08:05:18,480] [1923:140665787344704] - component_properties.py[line:118]: has_train_data: False, has_eval_data: False, has_normal_data: True
[DEBUG] [2020-10-29 08:05:18,481] [1923:140665787344704] - profile_util.py[line:34]: component_properties.py:155 call count, takes 0.0008313655853271484s
[DEBUG] [2020-10-29 08:05:18,481] [1923:140665787344704] - model_base.py[line:210]: In extract_data, data input: {'dataio_0.data': <arch.api.impl.based_1x.table.DTable object at 0x7fea34232160>}
[DEBUG] [2020-10-29 08:05:18,481] [1923:140665787344704] - model_base.py[line:152]: set flowid to transfer_variable, flowid: fit
[DEBUG] [2020-10-29 08:05:18,481] [1923:140665787344704] - model_base.py[line:87]: func: <bound method HeteroFeatureBinningGuest.fit of <federatedml.feature.hetero_feature_binning.hetero_binning_guest.HeteroFeatureBinningGuest object at 0x7fea3420dfd0>>
[INFO] [2020-10-29 08:05:18,481] [1923:140665787344704] - hetero_binning_guest.py[line:39]: Start feature binning fit and transform
[DEBUG] [2020-10-29 08:05:18,482] [1923:140665787344704] - profile_util.py[line:34]: abnormal_detection.py:23 call count, takes 0.00061798095703125s
[DEBUG] [2020-10-29 08:05:18,482] [1923:140665787344704] - base_feature_binning.py[line:85]: _setup_bin_inner_param, get header: ['x0', 'x1', 'x2', 'x3', 'x4', 'x5', 'x6', 'x7', 'x8', 'x9']
[DEBUG] [2020-10-29 08:05:18,483] [1923:140665787344704] - base_feature_binning.py[line:105]: After _setup_bin_inner_param, header: ['x0', 'x1', 'x2', 'x3', 'x4', 'x5', 'x6', 'x7', 'x8', 'x9']
[DEBUG] [2020-10-29 08:05:18,600] [1923:140665787344704] - profile_util.py[line:34]: quantile_binning.py:132 call mapPartitions2, takes 0.11710000038146973s
[DEBUG] [2020-10-29 08:05:18,610] [1923:140665787344704] - profile_util.py[line:34]: quantile_binning.py:133 call reduce, takes 0.00934743881225586s
[DEBUG] [2020-10-29 08:05:18,650] [1923:140665787344704] - profile_util.py[line:34]: data_overview.py:129 call mapPartitions, takes 0.01384735107421875s
[DEBUG] [2020-10-29 08:05:18,654] [1923:140665787344704] - profile_util.py[line:34]: data_overview.py:130 call reduce, takes 0.0036597251892089844s
[DEBUG] [2020-10-29 08:05:18,679] [1923:140665787344704] - profile_util.py[line:34]: hetero_binning_guest.py:51 call mapValues, takes 0.025493144989013672s
[DEBUG] [2020-10-29 08:05:18,680] [1923:140665787344704] - base_feature_binning.py[line:200]: After Binning, when setting schema, schema is : {'header': ['x0', 'x1', 'x2', 'x3', 'x4', 'x5', 'x6', 'x7', 'x8', 'x9'], 'sid_name': 'id', 'label_name': 'y'}
[DEBUG] [2020-10-29 08:05:18,693] [1923:140665787344704] - profile_util.py[line:34]: hetero_binning_guest.py:53 call mapValues, takes 0.012983083724975586s
[DEBUG] [2020-10-29 08:05:20,321] [1923:140665787344704] - profile_util.py[line:34]: hetero_binning_guest.py:65 call mapValues, takes 1.6008405685424805s
[DEBUG] [2020-10-29 08:05:20,322] [1923:140665787344704] - federation_standalone.py[line:90]: [REMOTE] Sent 202010290805128735466_hetero_feature_binning_0-HeteroFeatureBinningTransferVariable.encrypted_label-fit-guest-9999-host-10000
[INFO] [2020-10-29 08:05:20,323] [1923:140665787344704] - hetero_binning_guest.py[line:70]: Sent encrypted_label_table to host
[DEBUG] [2020-10-29 08:05:20,358] [1923:140665787344704] - profile_util.py[line:34]: base_binning.py:162 call mapValues, takes 0.03501081466674805s
[DEBUG] [2020-10-29 08:05:20,366] [1923:140665787344704] - profile_util.py[line:34]: base_binning.py:329 call mapValues, takes 0.007494449615478516s
[DEBUG] [2020-10-29 08:05:20,376] [1923:140665787344704] - profile_util.py[line:34]: base_binning.py:330 call join, takes 0.00979757308959961s
[DEBUG] [2020-10-29 08:05:20,393] [1923:140665787344704] - profile_util.py[line:34]: base_binning.py:335 call mapPartitions, takes 0.016815185546875s
[DEBUG] [2020-10-29 08:05:20,397] [1923:140665787344704] - profile_util.py[line:34]: base_binning.py:336 call reduce, takes 0.0035066604614257812s
[DEBUG] [2020-10-29 08:05:20,398] [1923:140665787344704] - federation_standalone.py[line:105]: [GET] Party(role=guest, party_id=9999) getting HeteroFeatureBinningTransferVariable.encrypted_bin_sum.fit from [Party(role=host, party_id=10000)]
[DEBUG] [2020-10-29 08:05:23,730] [1923:140665787344704] - federation_standalone.py[line:40]: [GET] Got 202010290805128735466_hetero_feature_binning_0-HeteroFeatureBinningTransferVariable.encrypted_bin_sum-fit-host-10000-guest-9999 type Object
[DEBUG] [2020-10-29 08:05:23,731] [1923:140665787344704] - federation_standalone.py[line:117]: [GET] Party(role=guest, party_id=9999) getting 202010290805128735466_hetero_feature_binning_0-HeteroFeatureBinningTransferVariable.encrypted_bin_sum-fit-host-10000-guest-9999 from [Party(role=host, party_id=10000)]
[INFO] [2020-10-29 08:05:23,737] [1923:140665787344704] - hetero_binning_guest.py[line:77]: Get encrypted_bin_sum from host
[DEBUG] [2020-10-29 08:05:23,895] [1923:140665787344704] - hetero_binning_guest.py[line:84]: Received host 0 result, length of buckets: 20
[DEBUG] [2020-10-29 08:05:23,895] [1923:140665787344704] - hetero_binning_guest.py[line:85]: category_name: [], host_bin_methods: quantile
[DEBUG] [2020-10-29 08:05:23,896] [1923:140665787344704] - base_feature_binning.py[line:200]: After Binning, when setting schema, schema is : {'header': ['x0', 'x1', 'x2', 'x3', 'x4', 'x5', 'x6', 'x7', 'x8', 'x9'], 'sid_name': 'id', 'label_name': 'y'}
[DEBUG] [2020-10-29 08:05:23,897] [1923:140665787344704] - profile_util.py[line:34]: io_check.py:29 call count, takes 0.0006210803985595703s
[DEBUG] [2020-10-29 08:05:23,943] [1923:140665787344704] - profile_util.py[line:34]: base_binning.py:211 call mapValues, takes 0.04536938667297363s
[DEBUG] [2020-10-29 08:05:23,943] [1923:140665787344704] - base_feature_binning.py[line:200]: After Binning, when setting schema, schema is : {'header': ['x0', 'x1', 'x2', 'x3', 'x4', 'x5', 'x6', 'x7', 'x8', 'x9'], 'sid_name': 'id', 'label_name': 'y'}
[DEBUG] [2020-10-29 08:05:23,944] [1923:140665787344704] - profile_util.py[line:34]: io_check.py:35 call count, takes 0.0006592273712158203s
[DEBUG] [2020-10-29 08:05:23,944] [1923:140665787344704] - io_check.py[line:36]: num row of input: 569 -> num row of output: 569
[INFO] [2020-10-29 08:05:23,944] [1923:140665787344704] - hetero_binning_guest.py[line:112]: Finish feature binning fit and transform
[DEBUG] [2020-10-29 08:05:23,944] [1923:140665787344704] - model_base.py[line:99]: saved_result is : [<arch.api.impl.based_1x.table.DTable object at 0x7fcbe1b834e0>], data_output: <arch.api.impl.based_1x.table.DTable object at 0x7fcbe1b834e0>
[DEBUG] [2020-10-29 08:05:23,977] [1923:140665787344704] - profile_util.py[line:34]: tracking_manager.py:201 call save_as, takes 0.032555341720581055s
[DEBUG] [2020-10-29 08:05:23,980] [1923:140665787344704] - profile_util.py[line:34]: session.py:178 call collect, takes 0.0011112689971923828s
[DEBUG] [2020-10-29 08:05:23,998] [1923:140665787344704] - profile_util.py[line:34]: tracking_manager.py:221 call count, takes 0.0005972385406494141s
[DEBUG] [2020-10-29 08:05:24,006] [1923:140665787344704] - bin_result.py[line:158]: In generated_pb, role: guest, party_id: 9999
[DEBUG] [2020-10-29 08:05:24,007] [1923:140665787344704] - bin_result.py[line:158]: In generated_pb, role: host, party_id: 10000
[INFO] [2020-10-29 08:05:24,008] [1923:140665787344704] - pipelined_model.py[line:72]: Save hetero_feature_binning_0 hetero_feature_binning FeatureBinningMeta buffer
[INFO] [2020-10-29 08:05:24,009] [1923:140665787344704] - pipelined_model.py[line:72]: Save hetero_feature_binning_0 hetero_feature_binning FeatureBinningParam buffer
[INFO] [2020-10-29 08:05:24,018] [1923:140665787344704] - pipelined_model.py[line:77]: Save hetero_feature_binning_0 hetero_feature_binning successfully
[INFO] [2020-10-29 08:05:24,043] [1923:140665787344704] - task_executor.py[line:160]: task 202010290805128735466_hetero_feature_binning_0 guest 9999 start time: 2020-10-29 08:05:16
[INFO] [2020-10-29 08:05:24,043] [1923:140665787344704] - task_executor.py[line:161]: task 202010290805128735466_hetero_feature_binning_0 guest 9999 end time: 2020-10-29 08:05:24
[INFO] [2020-10-29 08:05:24,043] [1923:140665787344704] - task_executor.py[line:162]: task 202010290805128735466_hetero_feature_binning_0 guest 9999 takes 7.559s
[INFO] [2020-10-29 08:05:24,043] [1923:140665787344704] - task_executor.py[line:164]: finish 202010290805128735466 hetero_feature_binning_0 202010290805128735466_hetero_feature_binning_0 guest 9999 success task
