[DEBUG] [2020-10-29 08:05:16,700] [1923:140665787344704] - profile_util.py[line:34]: tracking_manager.py:232 call table, takes 0.0009598731994628906s
[DEBUG] [2020-10-29 08:05:16,701] [1923:140665787344704] - profile_util.py[line:34]: tracking_manager.py:236 call table, takes 0.0006847381591796875s
[DEBUG] [2020-10-29 08:05:16,702] [1923:140665787344704] - profile_util.py[line:34]: session.py:178 call collect, takes 0.0009200572967529297s
[DEBUG] [2020-10-29 08:05:16,703] [1923:140665787344704] - profile_util.py[line:34]: session.py:178 call collect, takes 0.00039577484130859375s
[DEBUG] [2020-10-29 08:05:16,732] [1923:140665787344704] - profile_util.py[line:34]: task_executor.py:212 call save_as, takes 0.02899646759033203s
[DEBUG] [2020-10-29 08:05:18,481] [1923:140665787344704] - profile_util.py[line:34]: component_properties.py:155 call count, takes 0.0008313655853271484s
[DEBUG] [2020-10-29 08:05:18,482] [1923:140665787344704] - profile_util.py[line:34]: abnormal_detection.py:23 call count, takes 0.00061798095703125s
[DEBUG] [2020-10-29 08:05:18,600] [1923:140665787344704] - profile_util.py[line:34]: quantile_binning.py:132 call mapPartitions2, takes 0.11710000038146973s
[DEBUG] [2020-10-29 08:05:18,610] [1923:140665787344704] - profile_util.py[line:34]: quantile_binning.py:133 call reduce, takes 0.00934743881225586s
[DEBUG] [2020-10-29 08:05:18,650] [1923:140665787344704] - profile_util.py[line:34]: data_overview.py:129 call mapPartitions, takes 0.01384735107421875s
[DEBUG] [2020-10-29 08:05:18,654] [1923:140665787344704] - profile_util.py[line:34]: data_overview.py:130 call reduce, takes 0.0036597251892089844s
[DEBUG] [2020-10-29 08:05:18,679] [1923:140665787344704] - profile_util.py[line:34]: hetero_binning_guest.py:51 call mapValues, takes 0.025493144989013672s
[DEBUG] [2020-10-29 08:05:18,693] [1923:140665787344704] - profile_util.py[line:34]: hetero_binning_guest.py:53 call mapValues, takes 0.012983083724975586s
[DEBUG] [2020-10-29 08:05:20,321] [1923:140665787344704] - profile_util.py[line:34]: hetero_binning_guest.py:65 call mapValues, takes 1.6008405685424805s
[DEBUG] [2020-10-29 08:05:20,358] [1923:140665787344704] - profile_util.py[line:34]: base_binning.py:162 call mapValues, takes 0.03501081466674805s
[DEBUG] [2020-10-29 08:05:20,366] [1923:140665787344704] - profile_util.py[line:34]: base_binning.py:329 call mapValues, takes 0.007494449615478516s
[DEBUG] [2020-10-29 08:05:20,376] [1923:140665787344704] - profile_util.py[line:34]: base_binning.py:330 call join, takes 0.00979757308959961s
[DEBUG] [2020-10-29 08:05:20,393] [1923:140665787344704] - profile_util.py[line:34]: base_binning.py:335 call mapPartitions, takes 0.016815185546875s
[DEBUG] [2020-10-29 08:05:20,397] [1923:140665787344704] - profile_util.py[line:34]: base_binning.py:336 call reduce, takes 0.0035066604614257812s
[DEBUG] [2020-10-29 08:05:23,897] [1923:140665787344704] - profile_util.py[line:34]: io_check.py:29 call count, takes 0.0006210803985595703s
[DEBUG] [2020-10-29 08:05:23,943] [1923:140665787344704] - profile_util.py[line:34]: base_binning.py:211 call mapValues, takes 0.04536938667297363s
[DEBUG] [2020-10-29 08:05:23,944] [1923:140665787344704] - profile_util.py[line:34]: io_check.py:35 call count, takes 0.0006592273712158203s
[DEBUG] [2020-10-29 08:05:23,977] [1923:140665787344704] - profile_util.py[line:34]: tracking_manager.py:201 call save_as, takes 0.032555341720581055s
[DEBUG] [2020-10-29 08:05:23,980] [1923:140665787344704] - profile_util.py[line:34]: session.py:178 call collect, takes 0.0011112689971923828s
[DEBUG] [2020-10-29 08:05:23,998] [1923:140665787344704] - profile_util.py[line:34]: tracking_manager.py:221 call count, takes 0.0005972385406494141s
