[DEBUG] [2020-10-29 08:05:18,478] [1923:140665787344704] - base_transfer_variable.py[line:63]: create variable with name=HeteroFeatureBinningTransferVariable.bucket_idx, src=('guest',), dst=('host',)
[DEBUG] [2020-10-29 08:05:18,479] [1923:140665787344704] - base_transfer_variable.py[line:63]: create variable with name=HeteroFeatureBinningTransferVariable.encrypted_bin_sum, src=('host',), dst=('guest',)
[DEBUG] [2020-10-29 08:05:18,479] [1923:140665787344704] - base_transfer_variable.py[line:63]: create variable with name=HeteroFeatureBinningTransferVariable.encrypted_label, src=('guest',), dst=('host',)
[DEBUG] [2020-10-29 08:05:18,479] [1923:140665787344704] - base_transfer_variable.py[line:63]: create variable with name=HeteroFeatureBinningTransferVariable.paillier_pubkey, src=('guest',), dst=('host',)
[DEBUG] [2020-10-29 08:05:18,479] [1923:140665787344704] - component_properties.py[line:67]: {'FeatureBinningParam': {'method': 'quantile', 'compress_thres': 10000, 'head_size': 10000, 'error': 0.001, 'adjustment_factor': 0.5, 'bin_num': 10, 'bin_indexes': -1, 'bin_names': None, 'category_indexes': None, 'category_names': None, 'local_only': False, 'transform_param': {'transform_cols': -1, 'transform_names': None, 'transform_type': 'bin_num'}, 'optimal_binning_param': {'init_bucket_method': 'quantile', 'metric_method': 'iv', 'max_bin': None, 'mixture': True, 'max_bin_pct': 1.0, 'min_bin_pct': 0.05, 'init_bin_nums': 1000, 'adjustment_factor': None}, 'need_run': True}, 'initiator': {'role': 'guest', 'party_id': 9999}, 'job_parameters': {'work_mode': 0, 'processors_per_node': 1, 'align_task_input_data_partition': True, 'model_id': 'arbiter-10000#guest-9999#host-10000#model', 'model_version': '202010290805128735466'}, 'role': {'guest': [9999], 'host': [10000], 'arbiter': [10000]}, 'local': {'role': 'guest', 'party_id': 9999}, 'CodePath': 'federatedml/feature/hetero_feature_binning/hetero_binning_guest.py/HeteroFeatureBinningGuest', 'module': 'HeteroFeatureBinning'}
[DEBUG] [2020-10-29 08:05:18,480] [1923:140665787344704] - component_properties.py[line:74]: need_run: True, need_cv: False
[DEBUG] [2020-10-29 08:05:18,480] [1923:140665787344704] - base_feature_binning.py[line:77]: in _init_model, role: guest, local_partyid: <federatedml.util.component_properties.ComponentProperties object at 0x7fea342326a0>
[DEBUG] [2020-10-29 08:05:18,480] [1923:140665787344704] - component_properties.py[line:118]: has_train_data: False, has_eval_data: False, has_normal_data: True
[DEBUG] [2020-10-29 08:05:18,481] [1923:140665787344704] - model_base.py[line:210]: In extract_data, data input: {'dataio_0.data': <arch.api.impl.based_1x.table.DTable object at 0x7fea34232160>}
[DEBUG] [2020-10-29 08:05:18,481] [1923:140665787344704] - model_base.py[line:152]: set flowid to transfer_variable, flowid: fit
[DEBUG] [2020-10-29 08:05:18,481] [1923:140665787344704] - model_base.py[line:87]: func: <bound method HeteroFeatureBinningGuest.fit of <federatedml.feature.hetero_feature_binning.hetero_binning_guest.HeteroFeatureBinningGuest object at 0x7fea3420dfd0>>
[INFO] [2020-10-29 08:05:18,481] [1923:140665787344704] - hetero_binning_guest.py[line:39]: Start feature binning fit and transform
[DEBUG] [2020-10-29 08:05:18,482] [1923:140665787344704] - base_feature_binning.py[line:85]: _setup_bin_inner_param, get header: ['x0', 'x1', 'x2', 'x3', 'x4', 'x5', 'x6', 'x7', 'x8', 'x9']
[DEBUG] [2020-10-29 08:05:18,483] [1923:140665787344704] - base_feature_binning.py[line:105]: After _setup_bin_inner_param, header: ['x0', 'x1', 'x2', 'x3', 'x4', 'x5', 'x6', 'x7', 'x8', 'x9']
[DEBUG] [2020-10-29 08:05:18,680] [1923:140665787344704] - base_feature_binning.py[line:200]: After Binning, when setting schema, schema is : {'header': ['x0', 'x1', 'x2', 'x3', 'x4', 'x5', 'x6', 'x7', 'x8', 'x9'], 'sid_name': 'id', 'label_name': 'y'}
[DEBUG] [2020-10-29 08:05:20,322] [1923:140665787344704] - federation_standalone.py[line:90]: [REMOTE] Sent 202010290805128735466_hetero_feature_binning_0-HeteroFeatureBinningTransferVariable.encrypted_label-fit-guest-9999-host-10000
[INFO] [2020-10-29 08:05:20,323] [1923:140665787344704] - hetero_binning_guest.py[line:70]: Sent encrypted_label_table to host
[DEBUG] [2020-10-29 08:05:20,398] [1923:140665787344704] - federation_standalone.py[line:105]: [GET] Party(role=guest, party_id=9999) getting HeteroFeatureBinningTransferVariable.encrypted_bin_sum.fit from [Party(role=host, party_id=10000)]
[DEBUG] [2020-10-29 08:05:23,730] [1923:140665787344704] - federation_standalone.py[line:40]: [GET] Got 202010290805128735466_hetero_feature_binning_0-HeteroFeatureBinningTransferVariable.encrypted_bin_sum-fit-host-10000-guest-9999 type Object
[DEBUG] [2020-10-29 08:05:23,731] [1923:140665787344704] - federation_standalone.py[line:117]: [GET] Party(role=guest, party_id=9999) getting 202010290805128735466_hetero_feature_binning_0-HeteroFeatureBinningTransferVariable.encrypted_bin_sum-fit-host-10000-guest-9999 from [Party(role=host, party_id=10000)]
[INFO] [2020-10-29 08:05:23,737] [1923:140665787344704] - hetero_binning_guest.py[line:77]: Get encrypted_bin_sum from host
[DEBUG] [2020-10-29 08:05:23,895] [1923:140665787344704] - hetero_binning_guest.py[line:84]: Received host 0 result, length of buckets: 20
[DEBUG] [2020-10-29 08:05:23,895] [1923:140665787344704] - hetero_binning_guest.py[line:85]: category_name: [], host_bin_methods: quantile
[DEBUG] [2020-10-29 08:05:23,896] [1923:140665787344704] - base_feature_binning.py[line:200]: After Binning, when setting schema, schema is : {'header': ['x0', 'x1', 'x2', 'x3', 'x4', 'x5', 'x6', 'x7', 'x8', 'x9'], 'sid_name': 'id', 'label_name': 'y'}
[DEBUG] [2020-10-29 08:05:23,943] [1923:140665787344704] - base_feature_binning.py[line:200]: After Binning, when setting schema, schema is : {'header': ['x0', 'x1', 'x2', 'x3', 'x4', 'x5', 'x6', 'x7', 'x8', 'x9'], 'sid_name': 'id', 'label_name': 'y'}
[DEBUG] [2020-10-29 08:05:23,944] [1923:140665787344704] - io_check.py[line:36]: num row of input: 569 -> num row of output: 569
[INFO] [2020-10-29 08:05:23,944] [1923:140665787344704] - hetero_binning_guest.py[line:112]: Finish feature binning fit and transform
[DEBUG] [2020-10-29 08:05:23,944] [1923:140665787344704] - model_base.py[line:99]: saved_result is : [<arch.api.impl.based_1x.table.DTable object at 0x7fcbe1b834e0>], data_output: <arch.api.impl.based_1x.table.DTable object at 0x7fcbe1b834e0>
[DEBUG] [2020-10-29 08:05:24,006] [1923:140665787344704] - bin_result.py[line:158]: In generated_pb, role: guest, party_id: 9999
[DEBUG] [2020-10-29 08:05:24,007] [1923:140665787344704] - bin_result.py[line:158]: In generated_pb, role: host, party_id: 10000
